#
# There is insufficient memory for the Java Runtime Environment to continue.
# Native memory allocation (mmap) failed to map 387973120 bytes. Error detail: G1 virtual space
# Possible reasons:
#   The system is out of physical RAM or swap space
#   This process is running with CompressedOops enabled, and the Java Heap may be blocking the growth of the native heap
# Possible solutions:
#   Reduce memory load on the system
#   Increase physical memory or swap space
#   Check if swap backing store is full
#   Decrease Java heap size (-Xmx/-Xms)
#   Decrease number of Java threads
#   Decrease Java thread stack sizes (-Xss)
#   Set larger code cache with -XX:ReservedCodeCacheSize=
#   JVM is running with Zero Based Compressed Oops mode in which the Java heap is
#     placed in the first 32GB address space. The Java Heap base address is the
#     maximum limit for the native heap growth. Please use -XX:HeapBaseMinAddress
#     to set the Java Heap base and to place the Java Heap above 32GB virtual address.
# This output file may be truncated or incomplete.
#
#  Out of Memory Error (os_windows.cpp:3686), pid=6728, tid=16120
#
# JRE version: OpenJDK Runtime Environment Temurin-21.0.7+6 (21.0.7+6) (build 21.0.7+6-LTS)
# Java VM: OpenJDK 64-Bit Server VM Temurin-21.0.7+6 (21.0.7+6-LTS, mixed mode, sharing, tiered, compressed oops, compressed class ptrs, g1 gc, windows-amd64)
# No core dump will be written. Minidumps are not enabled by default on client versions of Windows
#

---------------  S U M M A R Y ------------

Command Line: --add-opens=java.base/java.lang=ALL-UNNAMED --add-opens=java.base/java.lang.invoke=ALL-UNNAMED --add-opens=java.base/java.util=ALL-UNNAMED --add-opens=java.prefs/java.util.prefs=ALL-UNNAMED --add-exports=jdk.compiler/com.sun.tools.javac.api=ALL-UNNAMED --add-exports=jdk.compiler/com.sun.tools.javac.util=ALL-UNNAMED --add-opens=java.base/java.util=ALL-UNNAMED --add-opens=java.prefs/java.util.prefs=ALL-UNNAMED --add-opens=java.base/java.nio.charset=ALL-UNNAMED --add-opens=java.base/java.net=ALL-UNNAMED --add-opens=java.base/java.util.concurrent=ALL-UNNAMED --add-opens=java.base/java.util.concurrent.atomic=ALL-UNNAMED --add-opens=java.xml/javax.xml.namespace=ALL-UNNAMED --add-opens=java.base/java.time=ALL-UNNAMED -XX:MaxMetaspaceSize=512m -Xmx4096m -Dfile.encoding=UTF-8 -Duser.country=US -Duser.language=en -Duser.variant -javaagent:C:\Users\Manohar Badri\.gradle\wrapper\dists\gradle-9.4.1-bin\arn2x92ynaizyzdaamcbpbhtj\gradle-9.4.1\lib\agents\gradle-instrumentation-agent-9.4.1.jar org.gradle.launcher.daemon.bootstrap.GradleDaemon 9.4.1

Host: 13th Gen Intel(R) Core(TM) i5-1335U, 12 cores, 15G,  Windows 11 , 64 bit Build 26100 (10.0.26100.8521)
Time: Mon Jun 15 21:28:25 2026 India Standard Time elapsed time: 32.257142 seconds (0d 0h 0m 32s)

---------------  T H R E A D  ---------------

Current thread (0x00000253cb695c40):  VMThread "VM Thread"          [id=16120, stack(0x000000afb1000000,0x000000afb1100000) (1024K)]

Stack: [0x000000afb1000000,0x000000afb1100000]
Native frames: (J=compiled Java code, j=interpreted, Vv=VM code, C=native code)
V  [jvm.dll+0x6ce119]
V  [jvm.dll+0x8a84a1]
V  [jvm.dll+0x8aa9ce]
V  [jvm.dll+0x8ab0b3]
V  [jvm.dll+0x27f8a6]
V  [jvm.dll+0x6ca945]
V  [jvm.dll+0x6bebea]
V  [jvm.dll+0x355eca]
V  [jvm.dll+0x35da96]
V  [jvm.dll+0x3af72e]
V  [jvm.dll+0x3af9d8]
V  [jvm.dll+0x32a05c]
V  [jvm.dll+0x32a0e7]
V  [jvm.dll+0x36deac]
V  [jvm.dll+0x36c6f8]
V  [jvm.dll+0x329821]
V  [jvm.dll+0x36c128]
V  [jvm.dll+0x8b0dcf]
V  [jvm.dll+0x8b2154]
V  [jvm.dll+0x8b2690]
V  [jvm.dll+0x8b2933]
V  [jvm.dll+0x851f6b]
V  [jvm.dll+0x6cc7dd]
C  [ucrtbase.dll+0x2cd30]
C  [KERNEL32.DLL+0x2e957]
C  [ntdll.dll+0x87c1c]

VM_Operation (0x000000afb5dfd6e0): G1TryInitiateConcMark, mode: safepoint, requested by thread 0x00000253eeb7d140


---------------  P R O C E S S  ---------------

Threads class SMR info:
_java_thread_list=0x00000253f88e2570, length=67, elements={
0x00000253aa1fa6d0, 0x00000253cb6b9820, 0x00000253cb6bc380, 0x00000253cb6c07a0,
0x00000253cb6c11f0, 0x00000253cb6c3c50, 0x00000253cb6c5520, 0x00000253eb006cb0,
0x00000253eb007740, 0x00000253cb6c5bb0, 0x00000253cb6c6240, 0x00000253cb6c68d0,
0x00000253cb6c75f0, 0x00000253cb6c8310, 0x00000253cb6c6f60, 0x00000253cb6c7c80,
0x00000253ed960590, 0x00000253ed960c20, 0x00000253ed961fd0, 0x00000253ed9612b0,
0x00000253ed961940, 0x00000253ed962660, 0x00000253ed962cf0, 0x00000253ed963380,
0x00000253ed966170, 0x00000253ed965450, 0x00000253ed966800, 0x00000253ed963a10,
0x00000253ed965ae0, 0x00000253ed966e90, 0x00000253ed967520, 0x00000253ed9640a0,
0x00000253eb20cc70, 0x00000253eb20d990, 0x00000253eb2100f0, 0x00000253eb210e10,
0x00000253eb20ed40, 0x00000253eb20f3d0, 0x00000253eb20fa60, 0x00000253eb2114a0,
0x00000253eb211b30, 0x00000253eb20e6b0, 0x00000253eb214290, 0x00000253eb213c00,
0x00000253eece62c0, 0x00000253eece9740, 0x00000253f13f5230, 0x00000253f13f86b0,
0x00000253f13f5f50, 0x00000253f13f7300, 0x00000253f13f6c70, 0x00000253f13f7990,
0x00000253f13f8d40, 0x00000253f13f58c0, 0x00000253f13f8020, 0x00000253f13fa0f0,
0x00000253f13f9a60, 0x00000253f13fbb30, 0x00000253f13fa780, 0x00000253eece9dd0,
0x00000253eecec530, 0x00000253eececbc0, 0x00000253eeceaaf0, 0x00000253f26182e0,
0x00000253eeb7de60, 0x00000253f16ca430, 0x00000253eeb7d140
}

Java Threads: ( => current thread )
  0x00000253aa1fa6d0 JavaThread "main"                              [_thread_blocked, id=14964, stack(0x000000afb0900000,0x000000afb0a00000) (1024K)]
  0x00000253cb6b9820 JavaThread "Reference Handler"          daemon [_thread_blocked, id=4768, stack(0x000000afb1100000,0x000000afb1200000) (1024K)]
  0x00000253cb6bc380 JavaThread "Finalizer"                  daemon [_thread_blocked, id=9140, stack(0x000000afb1200000,0x000000afb1300000) (1024K)]
  0x00000253cb6c07a0 JavaThread "Signal Dispatcher"          daemon [_thread_blocked, id=19704, stack(0x000000afb1300000,0x000000afb1400000) (1024K)]
  0x00000253cb6c11f0 JavaThread "Attach Listener"            daemon [_thread_blocked, id=6952, stack(0x000000afb1400000,0x000000afb1500000) (1024K)]
  0x00000253cb6c3c50 JavaThread "Service Thread"             daemon [_thread_blocked, id=19500, stack(0x000000afb1500000,0x000000afb1600000) (1024K)]
  0x00000253cb6c5520 JavaThread "Monitor Deflation Thread"   daemon [_thread_blocked, id=14932, stack(0x000000afb1600000,0x000000afb1700000) (1024K)]
  0x00000253eb006cb0 JavaThread "C2 CompilerThread0"         daemon [_thread_blocked, id=1252, stack(0x000000afb1700000,0x000000afb1800000) (1024K)]
  0x00000253eb007740 JavaThread "C1 CompilerThread0"         daemon [_thread_blocked, id=9704, stack(0x000000afb1800000,0x000000afb1900000) (1024K)]
  0x00000253cb6c5bb0 JavaThread "Common-Cleaner"             daemon [_thread_blocked, id=20328, stack(0x000000afb1900000,0x000000afb1a00000) (1024K)]
  0x00000253cb6c6240 JavaThread "Notification Thread"        daemon [_thread_blocked, id=11092, stack(0x000000afb1a00000,0x000000afb1b00000) (1024K)]
  0x00000253cb6c68d0 JavaThread "Daemon health stats"               [_thread_blocked, id=3336, stack(0x000000afb2200000,0x000000afb2300000) (1024K)]
  0x00000253cb6c75f0 JavaThread "Incoming local TCP Connector on port 63618"        [_thread_in_native, id=7012, stack(0x000000afb2300000,0x000000afb2400000) (1024K)]
  0x00000253cb6c8310 JavaThread "Daemon periodic checks"            [_thread_blocked, id=18768, stack(0x000000afb2400000,0x000000afb2500000) (1024K)]
  0x00000253cb6c6f60 JavaThread "Daemon"                            [_thread_blocked, id=19596, stack(0x000000afb2500000,0x000000afb2600000) (1024K)]
  0x00000253cb6c7c80 JavaThread "Handler for socket connection from /127.0.0.1:63618 to /127.0.0.1:63619"        [_thread_in_native, id=6592, stack(0x000000afb2600000,0x000000afb2700000) (1024K)]
  0x00000253ed960590 JavaThread "Cancel handler"                    [_thread_blocked, id=9128, stack(0x000000afb2700000,0x000000afb2800000) (1024K)]
  0x00000253ed960c20 JavaThread "Daemon worker"                     [_thread_blocked, id=13452, stack(0x000000afb2800000,0x000000afb2900000) (1024K)]
  0x00000253ed961fd0 JavaThread "Asynchronous log dispatcher for DefaultDaemonConnection: socket connection from /127.0.0.1:63618 to /127.0.0.1:63619"        [_thread_blocked, id=3328, stack(0x000000afb2900000,0x000000afb2a00000) (1024K)]
  0x00000253ed9612b0 JavaThread "Stdin handler"                     [_thread_blocked, id=11528, stack(0x000000afb2a00000,0x000000afb2b00000) (1024K)]
  0x00000253ed961940 JavaThread "Daemon client event forwarder"        [_thread_blocked, id=4800, stack(0x000000afb2b00000,0x000000afb2c00000) (1024K)]
  0x00000253ed962660 JavaThread "Cache worker for journal cache (C:\Users\Manohar Badri\.gradle\caches\journal-1)"        [_thread_blocked, id=19560, stack(0x000000afb2c00000,0x000000afb2d00000) (1024K)]
  0x00000253ed962cf0 JavaThread "File lock request listener"        [_thread_in_native, id=18660, stack(0x000000afb2d00000,0x000000afb2e00000) (1024K)]
  0x00000253ed963380 JavaThread "Cache worker for file hash cache (C:\Users\Manohar Badri\.gradle\caches\9.4.1\fileHashes)"        [_thread_blocked, id=13388, stack(0x000000afb2e00000,0x000000afb2f00000) (1024K)]
  0x00000253ed966170 JavaThread "Cache worker for file hash cache (C:\Users\Manohar Badri\AndroidStudioProjects\AgriNova\.gradle\9.4.1\fileHashes)"        [_thread_blocked, id=12620, stack(0x000000afb1c00000,0x000000afb1d00000) (1024K)]
  0x00000253ed965450 JavaThread "Cache worker for Build Output Cleanup Cache (C:\Users\Manohar Badri\AndroidStudioProjects\AgriNova\.gradle\buildOutputCleanup)"        [_thread_blocked, id=14696, stack(0x000000afb3500000,0x000000afb3600000) (1024K)]
  0x00000253ed966800 JavaThread "File watcher server"        daemon [_thread_blocked, id=12100, stack(0x000000afb3600000,0x000000afb3700000) (1024K)]
  0x00000253ed963a10 JavaThread "File watcher consumer"      daemon [_thread_blocked, id=9400, stack(0x000000afb3700000,0x000000afb3800000) (1024K)]
  0x00000253ed965ae0 JavaThread "Cache worker for file content cache (C:\Users\Manohar Badri\.gradle\caches\9.4.1\fileContent)"        [_thread_blocked, id=12760, stack(0x000000afb3800000,0x000000afb3900000) (1024K)]
  0x00000253ed966e90 JavaThread "Cache worker for checksums cache (C:\Users\Manohar Badri\AndroidStudioProjects\AgriNova\.gradle\9.4.1\checksums)"        [_thread_blocked, id=784, stack(0x000000afb3900000,0x000000afb3a00000) (1024K)]
  0x00000253ed967520 JavaThread "Cache worker for cache directory md-supplier (C:\Users\Manohar Badri\.gradle\caches\9.4.1\md-supplier)"        [_thread_blocked, id=3348, stack(0x000000afb3a00000,0x000000afb3b00000) (1024K)]
  0x00000253ed9640a0 JavaThread "Cache worker for cache directory md-rule (C:\Users\Manohar Badri\.gradle\caches\9.4.1\md-rule)"        [_thread_blocked, id=3784, stack(0x000000afb3b00000,0x000000afb3c00000) (1024K)]
  0x00000253eb20cc70 JavaThread "Build operations"                  [_thread_blocked, id=2624, stack(0x000000afb3c00000,0x000000afb3d00000) (1024K)]
  0x00000253eb20d990 JavaThread "Build operations Thread 2"         [_thread_blocked, id=18520, stack(0x000000afb3d00000,0x000000afb3e00000) (1024K)]
  0x00000253eb2100f0 JavaThread "Build operations Thread 3"         [_thread_blocked, id=13488, stack(0x000000afb3e00000,0x000000afb3f00000) (1024K)]
  0x00000253eb210e10 JavaThread "Build operations Thread 4"         [_thread_blocked, id=4580, stack(0x000000afb3f00000,0x000000afb4000000) (1024K)]
  0x00000253eb20ed40 JavaThread "Build operations Thread 5"         [_thread_blocked, id=13380, stack(0x000000afb4000000,0x000000afb4100000) (1024K)]
  0x00000253eb20f3d0 JavaThread "Build operations Thread 6"         [_thread_blocked, id=11688, stack(0x000000afb4100000,0x000000afb4200000) (1024K)]
  0x00000253eb20fa60 JavaThread "Build operations Thread 7"         [_thread_blocked, id=18268, stack(0x000000afb4200000,0x000000afb4300000) (1024K)]
  0x00000253eb2114a0 JavaThread "Build operations Thread 8"         [_thread_blocked, id=2888, stack(0x000000afb4300000,0x000000afb4400000) (1024K)]
  0x00000253eb211b30 JavaThread "Build operations Thread 9"         [_thread_blocked, id=5288, stack(0x000000afb4400000,0x000000afb4500000) (1024K)]
  0x00000253eb20e6b0 JavaThread "Build operations Thread 10"        [_thread_blocked, id=8828, stack(0x000000afb4500000,0x000000afb4600000) (1024K)]
  0x00000253eb214290 JavaThread "Build operations Thread 11"        [_thread_blocked, id=8180, stack(0x000000afb4600000,0x000000afb4700000) (1024K)]
  0x00000253eb213c00 JavaThread "Build operations Thread 12"        [_thread_blocked, id=3160, stack(0x000000afb4700000,0x000000afb4800000) (1024K)]
  0x00000253eece62c0 JavaThread "Memory manager"                    [_thread_blocked, id=17472, stack(0x000000afb4800000,0x000000afb4900000) (1024K)]
  0x00000253eece9740 JavaThread "build event listener"              [_thread_blocked, id=13020, stack(0x000000afb4900000,0x000000afb4a00000) (1024K)]
  0x00000253f13f5230 JavaThread "included builds"                   [_thread_blocked, id=17528, stack(0x000000afb4b00000,0x000000afb4c00000) (1024K)]
  0x00000253f13f86b0 JavaThread "Execution worker"                  [_thread_blocked, id=19880, stack(0x000000afb4c00000,0x000000afb4d00000) (1024K)]
  0x00000253f13f5f50 JavaThread "Execution worker Thread 2"         [_thread_blocked, id=16112, stack(0x000000afb4d00000,0x000000afb4e00000) (1024K)]
  0x00000253f13f7300 JavaThread "Execution worker Thread 3"         [_thread_blocked, id=2508, stack(0x000000afb4e00000,0x000000afb4f00000) (1024K)]
  0x00000253f13f6c70 JavaThread "Execution worker Thread 4"         [_thread_blocked, id=16436, stack(0x000000afb4f00000,0x000000afb5000000) (1024K)]
  0x00000253f13f7990 JavaThread "Execution worker Thread 5"         [_thread_blocked, id=14020, stack(0x000000afb5000000,0x000000afb5100000) (1024K)]
  0x00000253f13f8d40 JavaThread "Execution worker Thread 6"         [_thread_blocked, id=2672, stack(0x000000afb5100000,0x000000afb5200000) (1024K)]
  0x00000253f13f58c0 JavaThread "Execution worker Thread 7"         [_thread_blocked, id=18552, stack(0x000000afb5200000,0x000000afb5300000) (1024K)]
  0x00000253f13f8020 JavaThread "Execution worker Thread 8"         [_thread_blocked, id=19080, stack(0x000000afb5300000,0x000000afb5400000) (1024K)]
  0x00000253f13fa0f0 JavaThread "Execution worker Thread 9"         [_thread_blocked, id=7520, stack(0x000000afb5400000,0x000000afb5500000) (1024K)]
  0x00000253f13f9a60 JavaThread "Execution worker Thread 10"        [_thread_blocked, id=19888, stack(0x000000afb5500000,0x000000afb5600000) (1024K)]
  0x00000253f13fbb30 JavaThread "Execution worker Thread 11"        [_thread_blocked, id=16264, stack(0x000000afb5600000,0x000000afb5700000) (1024K)]
  0x00000253f13fa780 JavaThread "Cache worker for execution history cache (C:\Users\Manohar Badri\AndroidStudioProjects\AgriNova\.gradle\9.4.1\executionHistory)"        [_thread_blocked, id=11860, stack(0x000000afb5700000,0x000000afb5800000) (1024K)]
  0x00000253eece9dd0 JavaThread "Exec process"                      [_thread_blocked, id=11132, stack(0x000000afb5800000,0x000000afb5900000) (1024K)]
  0x00000253eecec530 JavaThread "Exec process Thread 2"             [_thread_blocked, id=10020, stack(0x000000afb5900000,0x000000afb5a00000) (1024K)]
  0x00000253eececbc0 JavaThread "Exec process Thread 3"             [_thread_blocked, id=5828, stack(0x000000afb5a00000,0x000000afb5b00000) (1024K)]
  0x00000253eeceaaf0 JavaThread "Cache worker for Java compile cache (C:\Users\Manohar Badri\.gradle\caches\9.4.1\javaCompile)"        [_thread_blocked, id=10724, stack(0x000000afb1b00000,0x000000afb1c00000) (1024K)]
  0x00000253f26182e0 JavaThread "C2 CompilerThread1"         daemon [_thread_blocked, id=14452, stack(0x000000afb4a00000,0x000000afb4b00000) (1024K)]
  0x00000253eeb7de60 JavaThread "Problems report writer"            [_thread_blocked, id=5304, stack(0x000000afb5c00000,0x000000afb5d00000) (1024K)]
  0x00000253f16ca430 JavaThread "C2 CompilerThread2"         daemon [_thread_blocked, id=2096, stack(0x000000afb5b00000,0x000000afb5c00000) (1024K)]
  0x00000253eeb7d140 JavaThread "WorkerExecutor Queue"              [_thread_blocked, id=18128, stack(0x000000afb5d00000,0x000000afb5e00000) (1024K)]
Total: 67

Other Threads:
=>0x00000253cb695c40 VMThread "VM Thread"                           [id=16120, stack(0x000000afb1000000,0x000000afb1100000) (1024K)]
  0x00000253cb67ca30 WatcherThread "VM Periodic Task Thread"        [id=11972, stack(0x000000afb0f00000,0x000000afb1000000) (1024K)]
  0x00000253ac6d6e30 WorkerThread "GC Thread#0"                     [id=11732, stack(0x000000afb0a00000,0x000000afb0b00000) (1024K)]
  0x00000253ebbf7930 WorkerThread "GC Thread#1"                     [id=18280, stack(0x000000afb1d00000,0x000000afb1e00000) (1024K)]
  0x00000253ebfd7150 WorkerThread "GC Thread#2"                     [id=12612, stack(0x000000afb1e00000,0x000000afb1f00000) (1024K)]
  0x00000253ebfd74f0 WorkerThread "GC Thread#3"                     [id=7820, stack(0x000000afb1f00000,0x000000afb2000000) (1024K)]
  0x00000253ebfd7890 WorkerThread "GC Thread#4"                     [id=8140, stack(0x000000afb2000000,0x000000afb2100000) (1024K)]
  0x00000253ebfd7c30 WorkerThread "GC Thread#5"                     [id=3516, stack(0x000000afb2100000,0x000000afb2200000) (1024K)]
  0x00000253ecfddfb0 WorkerThread "GC Thread#6"                     [id=3472, stack(0x000000afb2f00000,0x000000afb3000000) (1024K)]
  0x00000253ecfdc9f0 WorkerThread "GC Thread#7"                     [id=14392, stack(0x000000afb3000000,0x000000afb3100000) (1024K)]
  0x00000253ecfdcd90 WorkerThread "GC Thread#8"                     [id=9560, stack(0x000000afb3100000,0x000000afb3200000) (1024K)]
  0x00000253ecfdd4d0 WorkerThread "GC Thread#9"                     [id=16124, stack(0x000000afb3200000,0x000000afb3300000) (1024K)]
  0x00000253ac6eb360 ConcurrentGCThread "G1 Main Marker"            [id=16968, stack(0x000000afb0b00000,0x000000afb0c00000) (1024K)]
  0x00000253ac6ebd70 WorkerThread "G1 Conc#0"                       [id=5620, stack(0x000000afb0c00000,0x000000afb0d00000) (1024K)]
  0x00000253ecfdd870 WorkerThread "G1 Conc#1"                       [id=5688, stack(0x000000afb3300000,0x000000afb3400000) (1024K)]
  0x00000253ee63bf70 WorkerThread "G1 Conc#2"                       [id=17948, stack(0x000000afb3400000,0x000000afb3500000) (1024K)]
  0x00000253ac72e590 ConcurrentGCThread "G1 Refine#0"               [id=10156, stack(0x000000afb0d00000,0x000000afb0e00000) (1024K)]
  0x00000253cb552050 ConcurrentGCThread "G1 Service"                [id=404, stack(0x000000afb0e00000,0x000000afb0f00000) (1024K)]
Total: 18

Threads with active compile tasks:
C2 CompilerThread0  32304 19744       4       sun.nio.fs.WindowsFileSystem$2::matches (17 bytes)
C1 CompilerThread0  32304 19825       1       com.google.common.hash.ChecksumHashFunction::access$100 (5 bytes)
C2 CompilerThread1  32304 19742       4       kotlin.text.StringsKt__StringsKt::contains (69 bytes)
C2 CompilerThread2  32304 19324       4       com.android.tools.r8.internal.nv::a (4509 bytes)
Total: 4

VM state: at safepoint (normal execution)

VM Mutex/Monitor currently owned by a thread:  ([mutex/lock_event])
[0x00007ffa4b0de308] Threads_lock - owner thread: 0x00000253cb695c40
[0x00007ffa4b0de408] Heap_lock - owner thread: 0x00000253eeb7d140

Heap address: 0x0000000700000000, size: 4096 MB, Compressed Oops mode: Zero based, Oop shift amount: 3

CDS archive(s) mapped at: [0x00000253cc000000-0x00000253ccc80000-0x00000253ccc80000), size 13107200, SharedBaseAddress: 0x00000253cc000000, ArchiveRelocationMode: 1.
Compressed class space mapped at: 0x00000253cd000000-0x00000253e7000000, reserved size: 436207616
Narrow klass base: 0x00000253cc000000, Narrow klass shift: 0, Narrow klass range: 0x100000000

GC Precious Log:
 CardTable entry size: 512
 Card Set container configuration: InlinePtr #cards 4 size 8 Array Of Cards #cards 16 size 48 Howl #buckets 8 coarsen threshold 3686 Howl Bitmap #cards 512 size 80 coarsen threshold 460 Card regions per heap region 1 cards per card region 4096
 CPUs: 12 total, 12 available
 Memory: 16027M
 Large Page Support: Disabled
 NUMA Support: Disabled
 Compressed Oops: Enabled (Zero based)
 Heap Region Size: 2M
 Heap Min Capacity: 8M
 Heap Initial Capacity: 252M
 Heap Max Capacity: 4G
 Pre-touch: Disabled
 Parallel Workers: 10
 Concurrent Workers: 3
 Concurrent Refinement Workers: 10
 Periodic GC: Disabled

Heap:
 garbage-first heap   total 378880K, used 245692K [0x0000000700000000, 0x0000000800000000)
  region size 2048K, 4 young (8192K), 4 survivors (8192K)
 Metaspace       used 121110K, committed 123584K, reserved 557056K
  class space    used 16558K, committed 17792K, reserved 425984K

Heap Regions: E=young(eden), S=young(survivor), O=old, HS=humongous(starts), HC=humongous(continues), CS=collection set, F=free, TAMS=top-at-mark-start, PB=parsable bottom
|   0|0x0000000700000000, 0x0000000700200000, 0x0000000700200000|100%|HS|  |TAMS 0x0000000700200000| PB 0x0000000700000000| Complete 
|   1|0x0000000700200000, 0x0000000700400000, 0x0000000700400000|100%|HC|  |TAMS 0x0000000700400000| PB 0x0000000700200000| Complete 
|   2|0x0000000700400000, 0x0000000700600000, 0x0000000700600000|100%| O|  |TAMS 0x0000000700600000| PB 0x0000000700400000| Untracked 
|   3|0x0000000700600000, 0x0000000700800000, 0x0000000700800000|100%| O|  |TAMS 0x0000000700800000| PB 0x0000000700600000| Untracked 
|   4|0x0000000700800000, 0x0000000700a00000, 0x0000000700a00000|100%| O|  |TAMS 0x0000000700a00000| PB 0x0000000700800000| Untracked 
|   5|0x0000000700a00000, 0x0000000700c00000, 0x0000000700c00000|100%| O|  |TAMS 0x0000000700c00000| PB 0x0000000700a00000| Untracked 
|   6|0x0000000700c00000, 0x0000000700e00000, 0x0000000700e00000|100%| O|  |TAMS 0x0000000700e00000| PB 0x0000000700c00000| Untracked 
|   7|0x0000000700e00000, 0x0000000701000000, 0x0000000701000000|100%| O|  |TAMS 0x0000000701000000| PB 0x0000000700e00000| Untracked 
|   8|0x0000000701000000, 0x0000000701200000, 0x0000000701200000|100%| O|  |TAMS 0x0000000701200000| PB 0x0000000701000000| Untracked 
|   9|0x0000000701200000, 0x0000000701400000, 0x0000000701400000|100%| O|  |TAMS 0x0000000701400000| PB 0x0000000701200000| Untracked 
|  10|0x0000000701400000, 0x0000000701600000, 0x0000000701600000|100%| O|  |TAMS 0x0000000701600000| PB 0x0000000701400000| Untracked 
|  11|0x0000000701600000, 0x0000000701800000, 0x0000000701800000|100%| O|  |TAMS 0x0000000701800000| PB 0x0000000701600000| Untracked 
|  12|0x0000000701800000, 0x0000000701a00000, 0x0000000701a00000|100%| O|  |TAMS 0x0000000701a00000| PB 0x0000000701800000| Untracked 
|  13|0x0000000701a00000, 0x0000000701c00000, 0x0000000701c00000|100%| O|  |TAMS 0x0000000701c00000| PB 0x0000000701a00000| Untracked 
|  14|0x0000000701c00000, 0x0000000701e00000, 0x0000000701e00000|100%| O|  |TAMS 0x0000000701e00000| PB 0x0000000701c00000| Untracked 
|  15|0x0000000701e00000, 0x0000000702000000, 0x0000000702000000|100%| O|  |TAMS 0x0000000702000000| PB 0x0000000701e00000| Untracked 
|  16|0x0000000702000000, 0x0000000702200000, 0x0000000702200000|100%| O|  |TAMS 0x0000000702200000| PB 0x0000000702000000| Untracked 
|  17|0x0000000702200000, 0x0000000702400000, 0x0000000702400000|100%| O|  |TAMS 0x0000000702400000| PB 0x0000000702200000| Untracked 
|  18|0x0000000702400000, 0x0000000702600000, 0x0000000702600000|100%| O|  |TAMS 0x0000000702600000| PB 0x0000000702400000| Untracked 
|  19|0x0000000702600000, 0x0000000702800000, 0x0000000702800000|100%| O|  |TAMS 0x0000000702800000| PB 0x0000000702600000| Untracked 
|  20|0x0000000702800000, 0x0000000702a00000, 0x0000000702a00000|100%| O|  |TAMS 0x0000000702a00000| PB 0x0000000702800000| Untracked 
|  21|0x0000000702a00000, 0x0000000702c00000, 0x0000000702c00000|100%|HS|  |TAMS 0x0000000702c00000| PB 0x0000000702a00000| Complete 
|  22|0x0000000702c00000, 0x0000000702e00000, 0x0000000702e00000|100%| O|  |TAMS 0x0000000702e00000| PB 0x0000000702c00000| Untracked 
|  23|0x0000000702e00000, 0x0000000703000000, 0x0000000703000000|100%| O|  |TAMS 0x0000000703000000| PB 0x0000000702e00000| Untracked 
|  24|0x0000000703000000, 0x0000000703200000, 0x0000000703200000|100%| O|  |TAMS 0x0000000703200000| PB 0x0000000703000000| Untracked 
|  25|0x0000000703200000, 0x0000000703400000, 0x0000000703400000|100%|HS|  |TAMS 0x0000000703400000| PB 0x0000000703200000| Complete 
|  26|0x0000000703400000, 0x0000000703600000, 0x0000000703600000|100%| O|  |TAMS 0x0000000703600000| PB 0x0000000703400000| Untracked 
|  27|0x0000000703600000, 0x0000000703800000, 0x0000000703800000|100%| O|  |TAMS 0x0000000703800000| PB 0x0000000703600000| Untracked 
|  28|0x0000000703800000, 0x0000000703a00000, 0x0000000703a00000|100%| O|  |TAMS 0x0000000703a00000| PB 0x0000000703800000| Untracked 
|  29|0x0000000703a00000, 0x0000000703c00000, 0x0000000703c00000|100%| O|  |TAMS 0x0000000703c00000| PB 0x0000000703a00000| Untracked 
|  30|0x0000000703c00000, 0x0000000703e00000, 0x0000000703e00000|100%| O|  |TAMS 0x0000000703e00000| PB 0x0000000703c00000| Untracked 
|  31|0x0000000703e00000, 0x0000000704000000, 0x0000000704000000|100%| O|  |TAMS 0x0000000704000000| PB 0x0000000703e00000| Untracked 
|  32|0x0000000704000000, 0x0000000704200000, 0x0000000704200000|100%| O|  |TAMS 0x0000000704200000| PB 0x0000000704000000| Untracked 
|  33|0x0000000704200000, 0x0000000704400000, 0x0000000704400000|100%| O|  |TAMS 0x0000000704400000| PB 0x0000000704200000| Untracked 
|  34|0x0000000704400000, 0x0000000704600000, 0x0000000704600000|100%| O|  |TAMS 0x0000000704600000| PB 0x0000000704400000| Untracked 
|  35|0x0000000704600000, 0x0000000704800000, 0x0000000704800000|100%| O|  |TAMS 0x0000000704800000| PB 0x0000000704600000| Untracked 
|  36|0x0000000704800000, 0x0000000704a00000, 0x0000000704a00000|100%| O|  |TAMS 0x0000000704a00000| PB 0x0000000704800000| Untracked 
|  37|0x0000000704a00000, 0x0000000704c00000, 0x0000000704c00000|100%| O|  |TAMS 0x0000000704c00000| PB 0x0000000704a00000| Untracked 
|  38|0x0000000704c00000, 0x0000000704e00000, 0x0000000704e00000|100%| O|  |TAMS 0x0000000704e00000| PB 0x0000000704c00000| Untracked 
|  39|0x0000000704e00000, 0x0000000705000000, 0x0000000705000000|100%| O|  |TAMS 0x0000000705000000| PB 0x0000000704e00000| Untracked 
|  40|0x0000000705000000, 0x0000000705200000, 0x0000000705200000|100%| O|  |TAMS 0x0000000705200000| PB 0x0000000705000000| Untracked 
|  41|0x0000000705200000, 0x0000000705400000, 0x0000000705400000|100%| O|  |TAMS 0x0000000705400000| PB 0x0000000705200000| Untracked 
|  42|0x0000000705400000, 0x0000000705600000, 0x0000000705600000|100%| O|  |TAMS 0x0000000705600000| PB 0x0000000705400000| Untracked 
|  43|0x0000000705600000, 0x0000000705800000, 0x0000000705800000|100%| O|  |TAMS 0x0000000705800000| PB 0x0000000705600000| Untracked 
|  44|0x0000000705800000, 0x0000000705a00000, 0x0000000705a00000|100%| O|  |TAMS 0x0000000705a00000| PB 0x0000000705800000| Untracked 
|  45|0x0000000705a00000, 0x0000000705c00000, 0x0000000705c00000|100%| O|  |TAMS 0x0000000705c00000| PB 0x0000000705a00000| Untracked 
|  46|0x0000000705c00000, 0x0000000705e00000, 0x0000000705e00000|100%| O|  |TAMS 0x0000000705e00000| PB 0x0000000705c00000| Untracked 
|  47|0x0000000705e00000, 0x0000000706000000, 0x0000000706000000|100%| O|  |TAMS 0x0000000706000000| PB 0x0000000705e00000| Untracked 
|  48|0x0000000706000000, 0x0000000706200000, 0x0000000706200000|100%| O|  |TAMS 0x0000000706200000| PB 0x0000000706000000| Untracked 
|  49|0x0000000706200000, 0x0000000706400000, 0x0000000706400000|100%| O|  |TAMS 0x0000000706400000| PB 0x0000000706200000| Untracked 
|  50|0x0000000706400000, 0x0000000706600000, 0x0000000706600000|100%| O|  |TAMS 0x0000000706600000| PB 0x0000000706400000| Untracked 
|  51|0x0000000706600000, 0x0000000706800000, 0x0000000706800000|100%| O|  |TAMS 0x0000000706800000| PB 0x0000000706600000| Untracked 
|  52|0x0000000706800000, 0x0000000706a00000, 0x0000000706a00000|100%| O|  |TAMS 0x0000000706a00000| PB 0x0000000706800000| Untracked 
|  53|0x0000000706a00000, 0x0000000706c00000, 0x0000000706c00000|100%| O|  |TAMS 0x0000000706c00000| PB 0x0000000706a00000| Untracked 
|  54|0x0000000706c00000, 0x0000000706c00000, 0x0000000706e00000|  0%| F|  |TAMS 0x0000000706c00000| PB 0x0000000706c00000| Untracked 
|  55|0x0000000706e00000, 0x0000000706e00000, 0x0000000707000000|  0%| F|  |TAMS 0x0000000706e00000| PB 0x0000000706e00000| Untracked 
|  56|0x0000000707000000, 0x0000000707200000, 0x0000000707200000|100%| O|  |TAMS 0x0000000707200000| PB 0x0000000707000000| Untracked 
|  57|0x0000000707200000, 0x0000000707400000, 0x0000000707400000|100%| O|  |TAMS 0x0000000707400000| PB 0x0000000707200000| Untracked 
|  58|0x0000000707400000, 0x0000000707600000, 0x0000000707600000|100%| O|  |TAMS 0x0000000707600000| PB 0x0000000707400000| Untracked 
|  59|0x0000000707600000, 0x0000000707800000, 0x0000000707800000|100%| O|  |TAMS 0x0000000707800000| PB 0x0000000707600000| Untracked 
|  60|0x0000000707800000, 0x0000000707a00000, 0x0000000707a00000|100%| O|  |TAMS 0x0000000707a00000| PB 0x0000000707800000| Untracked 
|  61|0x0000000707a00000, 0x0000000707c00000, 0x0000000707c00000|100%| O|  |TAMS 0x0000000707c00000| PB 0x0000000707a00000| Untracked 
|  62|0x0000000707c00000, 0x0000000707e00000, 0x0000000707e00000|100%| O|  |TAMS 0x0000000707e00000| PB 0x0000000707c00000| Untracked 
|  63|0x0000000707e00000, 0x0000000708000000, 0x0000000708000000|100%| O|  |TAMS 0x0000000708000000| PB 0x0000000707e00000| Untracked 
|  64|0x0000000708000000, 0x0000000708200000, 0x0000000708200000|100%| O|  |TAMS 0x0000000708200000| PB 0x0000000708000000| Untracked 
|  65|0x0000000708200000, 0x0000000708400000, 0x0000000708400000|100%| O|  |TAMS 0x0000000708400000| PB 0x0000000708200000| Untracked 
|  66|0x0000000708400000, 0x0000000708600000, 0x0000000708600000|100%| O|  |TAMS 0x0000000708600000| PB 0x0000000708400000| Untracked 
|  67|0x0000000708600000, 0x0000000708600000, 0x0000000708800000|  0%| F|  |TAMS 0x0000000708600000| PB 0x0000000708600000| Untracked 
|  68|0x0000000708800000, 0x0000000708a00000, 0x0000000708a00000|100%| O|  |TAMS 0x0000000708a00000| PB 0x0000000708800000| Untracked 
|  69|0x0000000708a00000, 0x0000000708c00000, 0x0000000708c00000|100%| O|  |TAMS 0x0000000708c00000| PB 0x0000000708a00000| Untracked 
|  70|0x0000000708c00000, 0x0000000708e00000, 0x0000000708e00000|100%| O|  |TAMS 0x0000000708e00000| PB 0x0000000708c00000| Untracked 
|  71|0x0000000708e00000, 0x0000000709000000, 0x0000000709000000|100%| O|  |TAMS 0x0000000709000000| PB 0x0000000708e00000| Untracked 
|  72|0x0000000709000000, 0x0000000709200000, 0x0000000709200000|100%| O|  |TAMS 0x0000000709200000| PB 0x0000000709000000| Untracked 
|  73|0x0000000709200000, 0x0000000709400000, 0x0000000709400000|100%| O|  |TAMS 0x0000000709400000| PB 0x0000000709200000| Untracked 
|  74|0x0000000709400000, 0x0000000709400000, 0x0000000709600000|  0%| F|  |TAMS 0x0000000709400000| PB 0x0000000709400000| Untracked 
|  75|0x0000000709600000, 0x0000000709800000, 0x0000000709800000|100%| O|  |TAMS 0x0000000709800000| PB 0x0000000709600000| Untracked 
|  76|0x0000000709800000, 0x0000000709a00000, 0x0000000709a00000|100%| O|  |TAMS 0x0000000709a00000| PB 0x0000000709800000| Untracked 
|  77|0x0000000709a00000, 0x0000000709c00000, 0x0000000709c00000|100%| O|  |TAMS 0x0000000709c00000| PB 0x0000000709a00000| Untracked 
|  78|0x0000000709c00000, 0x0000000709e00000, 0x0000000709e00000|100%| O|  |TAMS 0x0000000709e00000| PB 0x0000000709c00000| Untracked 
|  79|0x0000000709e00000, 0x000000070a000000, 0x000000070a000000|100%| O|  |TAMS 0x000000070a000000| PB 0x0000000709e00000| Untracked 
|  80|0x000000070a000000, 0x000000070a200000, 0x000000070a200000|100%| O|  |TAMS 0x000000070a200000| PB 0x000000070a000000| Untracked 
|  81|0x000000070a200000, 0x000000070a400000, 0x000000070a400000|100%| O|  |TAMS 0x000000070a400000| PB 0x000000070a200000| Untracked 
|  82|0x000000070a400000, 0x000000070a600000, 0x000000070a600000|100%| O|  |TAMS 0x000000070a600000| PB 0x000000070a400000| Untracked 
|  83|0x000000070a600000, 0x000000070a800000, 0x000000070a800000|100%| O|  |TAMS 0x000000070a800000| PB 0x000000070a600000| Untracked 
|  84|0x000000070a800000, 0x000000070aa00000, 0x000000070aa00000|100%| O|  |TAMS 0x000000070aa00000| PB 0x000000070a800000| Untracked 
|  85|0x000000070aa00000, 0x000000070ac00000, 0x000000070ac00000|100%| O|  |TAMS 0x000000070ac00000| PB 0x000000070aa00000| Untracked 
|  86|0x000000070ac00000, 0x000000070ae00000, 0x000000070ae00000|100%| O|  |TAMS 0x000000070ae00000| PB 0x000000070ac00000| Untracked 
|  87|0x000000070ae00000, 0x000000070b000000, 0x000000070b000000|100%| O|  |TAMS 0x000000070b000000| PB 0x000000070ae00000| Untracked 
|  88|0x000000070b000000, 0x000000070b200000, 0x000000070b200000|100%| O|  |TAMS 0x000000070b200000| PB 0x000000070b000000| Untracked 
|  89|0x000000070b200000, 0x000000070b400000, 0x000000070b400000|100%| O|  |TAMS 0x000000070b400000| PB 0x000000070b200000| Untracked 
|  90|0x000000070b400000, 0x000000070b400000, 0x000000070b600000|  0%| F|  |TAMS 0x000000070b400000| PB 0x000000070b400000| Untracked 
|  91|0x000000070b600000, 0x000000070b800000, 0x000000070b800000|100%| O|  |TAMS 0x000000070b800000| PB 0x000000070b600000| Untracked 
|  92|0x000000070b800000, 0x000000070ba00000, 0x000000070ba00000|100%| O|  |TAMS 0x000000070ba00000| PB 0x000000070b800000| Untracked 
|  93|0x000000070ba00000, 0x000000070bc00000, 0x000000070bc00000|100%| O|  |TAMS 0x000000070bc00000| PB 0x000000070ba00000| Untracked 
|  94|0x000000070bc00000, 0x000000070be00000, 0x000000070be00000|100%| O|  |TAMS 0x000000070be00000| PB 0x000000070bc00000| Untracked 
|  95|0x000000070be00000, 0x000000070c000000, 0x000000070c000000|100%| O|  |TAMS 0x000000070c000000| PB 0x000000070be00000| Untracked 
|  96|0x000000070c000000, 0x000000070c200000, 0x000000070c200000|100%| O|  |TAMS 0x000000070c200000| PB 0x000000070c000000| Untracked 
|  97|0x000000070c200000, 0x000000070c400000, 0x000000070c400000|100%| O|  |TAMS 0x000000070c400000| PB 0x000000070c200000| Untracked 
|  98|0x000000070c400000, 0x000000070c600000, 0x000000070c600000|100%| O|  |TAMS 0x000000070c600000| PB 0x000000070c400000| Untracked 
|  99|0x000000070c600000, 0x000000070c800000, 0x000000070c800000|100%| O|  |TAMS 0x000000070c800000| PB 0x000000070c600000| Untracked 
| 100|0x000000070c800000, 0x000000070ca00000, 0x000000070ca00000|100%| O|  |TAMS 0x000000070ca00000| PB 0x000000070c800000| Untracked 
| 101|0x000000070ca00000, 0x000000070cc00000, 0x000000070cc00000|100%| O|  |TAMS 0x000000070cc00000| PB 0x000000070ca00000| Untracked 
| 102|0x000000070cc00000, 0x000000070ce00000, 0x000000070ce00000|100%| O|  |TAMS 0x000000070ce00000| PB 0x000000070cc00000| Untracked 
| 103|0x000000070ce00000, 0x000000070d000000, 0x000000070d000000|100%| O|  |TAMS 0x000000070d000000| PB 0x000000070ce00000| Untracked 
| 104|0x000000070d000000, 0x000000070d200000, 0x000000070d200000|100%| O|  |TAMS 0x000000070d200000| PB 0x000000070d000000| Untracked 
| 105|0x000000070d200000, 0x000000070d400000, 0x000000070d400000|100%| O|  |TAMS 0x000000070d400000| PB 0x000000070d200000| Untracked 
| 106|0x000000070d400000, 0x000000070d600000, 0x000000070d600000|100%| O|  |TAMS 0x000000070d600000| PB 0x000000070d400000| Untracked 
| 107|0x000000070d600000, 0x000000070d800000, 0x000000070d800000|100%| O|  |TAMS 0x000000070d800000| PB 0x000000070d600000| Untracked 
| 108|0x000000070d800000, 0x000000070da00000, 0x000000070da00000|100%| O|  |TAMS 0x000000070da00000| PB 0x000000070d800000| Untracked 
| 109|0x000000070da00000, 0x000000070dc00000, 0x000000070dc00000|100%| O|  |TAMS 0x000000070dc00000| PB 0x000000070da00000| Untracked 
| 110|0x000000070dc00000, 0x000000070de00000, 0x000000070de00000|100%| O|  |TAMS 0x000000070de00000| PB 0x000000070dc00000| Untracked 
| 111|0x000000070de00000, 0x000000070e000000, 0x000000070e000000|100%| O|  |TAMS 0x000000070e000000| PB 0x000000070de00000| Untracked 
| 112|0x000000070e000000, 0x000000070e200000, 0x000000070e200000|100%| O|  |TAMS 0x000000070e200000| PB 0x000000070e000000| Untracked 
| 113|0x000000070e200000, 0x000000070e400000, 0x000000070e400000|100%| O|  |TAMS 0x000000070e400000| PB 0x000000070e200000| Untracked 
| 114|0x000000070e400000, 0x000000070e600000, 0x000000070e600000|100%| O|  |TAMS 0x000000070e600000| PB 0x000000070e400000| Untracked 
| 115|0x000000070e600000, 0x000000070e7fcec0, 0x000000070e800000| 99%| O|  |TAMS 0x000000070e7fcec0| PB 0x000000070e600000| Untracked 
| 116|0x000000070e800000, 0x000000070e800000, 0x000000070ea00000|  0%| F|  |TAMS 0x000000070e800000| PB 0x000000070e800000| Untracked 
| 117|0x000000070ea00000, 0x000000070ea00000, 0x000000070ec00000|  0%| F|  |TAMS 0x000000070ea00000| PB 0x000000070ea00000| Untracked 
| 118|0x000000070ec00000, 0x000000070ec00000, 0x000000070ee00000|  0%| F|  |TAMS 0x000000070ec00000| PB 0x000000070ec00000| Untracked 
| 119|0x000000070ee00000, 0x000000070ee00000, 0x000000070f000000|  0%| F|  |TAMS 0x000000070ee00000| PB 0x000000070ee00000| Untracked 
| 120|0x000000070f000000, 0x000000070f000000, 0x000000070f200000|  0%| F|  |TAMS 0x000000070f000000| PB 0x000000070f000000| Untracked 
| 121|0x000000070f200000, 0x000000070f200000, 0x000000070f400000|  0%| F|  |TAMS 0x000000070f200000| PB 0x000000070f200000| Untracked 
| 122|0x000000070f400000, 0x000000070f400000, 0x000000070f600000|  0%| F|  |TAMS 0x000000070f400000| PB 0x000000070f400000| Untracked 
| 123|0x000000070f600000, 0x000000070f600000, 0x000000070f800000|  0%| F|  |TAMS 0x000000070f600000| PB 0x000000070f600000| Untracked 
| 124|0x000000070f800000, 0x000000070f800000, 0x000000070fa00000|  0%| F|  |TAMS 0x000000070f800000| PB 0x000000070f800000| Untracked 
| 125|0x000000070fa00000, 0x000000070fa00000, 0x000000070fc00000|  0%| F|  |TAMS 0x000000070fa00000| PB 0x000000070fa00000| Untracked 
| 126|0x000000070fc00000, 0x000000070fc00000, 0x000000070fe00000|  0%| F|  |TAMS 0x000000070fc00000| PB 0x000000070fc00000| Untracked 
| 127|0x000000070fe00000, 0x000000070fe00000, 0x0000000710000000|  0%| F|  |TAMS 0x000000070fe00000| PB 0x000000070fe00000| Untracked 
| 128|0x0000000710000000, 0x0000000710000000, 0x0000000710200000|  0%| F|  |TAMS 0x0000000710000000| PB 0x0000000710000000| Untracked 
| 129|0x0000000710200000, 0x0000000710200000, 0x0000000710400000|  0%| F|  |TAMS 0x0000000710200000| PB 0x0000000710200000| Untracked 
| 130|0x0000000710400000, 0x0000000710400000, 0x0000000710600000|  0%| F|  |TAMS 0x0000000710400000| PB 0x0000000710400000| Untracked 
| 131|0x0000000710600000, 0x0000000710600000, 0x0000000710800000|  0%| F|  |TAMS 0x0000000710600000| PB 0x0000000710600000| Untracked 
| 132|0x0000000710800000, 0x0000000710800000, 0x0000000710a00000|  0%| F|  |TAMS 0x0000000710800000| PB 0x0000000710800000| Untracked 
| 133|0x0000000710a00000, 0x0000000710a00000, 0x0000000710c00000|  0%| F|  |TAMS 0x0000000710a00000| PB 0x0000000710a00000| Untracked 
| 134|0x0000000710c00000, 0x0000000710c00000, 0x0000000710e00000|  0%| F|  |TAMS 0x0000000710c00000| PB 0x0000000710c00000| Untracked 
| 135|0x0000000710e00000, 0x0000000710e00000, 0x0000000711000000|  0%| F|  |TAMS 0x0000000710e00000| PB 0x0000000710e00000| Untracked 
| 136|0x0000000711000000, 0x0000000711000000, 0x0000000711200000|  0%| F|  |TAMS 0x0000000711000000| PB 0x0000000711000000| Untracked 
| 137|0x0000000711200000, 0x0000000711200000, 0x0000000711400000|  0%| F|  |TAMS 0x0000000711200000| PB 0x0000000711200000| Untracked 
| 138|0x0000000711400000, 0x0000000711400000, 0x0000000711600000|  0%| F|  |TAMS 0x0000000711400000| PB 0x0000000711400000| Untracked 
| 139|0x0000000711600000, 0x0000000711600000, 0x0000000711800000|  0%| F|  |TAMS 0x0000000711600000| PB 0x0000000711600000| Untracked 
| 140|0x0000000711800000, 0x0000000711800000, 0x0000000711a00000|  0%| F|  |TAMS 0x0000000711800000| PB 0x0000000711800000| Untracked 
| 141|0x0000000711a00000, 0x0000000711a00000, 0x0000000711c00000|  0%| F|  |TAMS 0x0000000711a00000| PB 0x0000000711a00000| Untracked 
| 142|0x0000000711c00000, 0x0000000711c00000, 0x0000000711e00000|  0%| F|  |TAMS 0x0000000711c00000| PB 0x0000000711c00000| Untracked 
| 143|0x0000000711e00000, 0x0000000711e00000, 0x0000000712000000|  0%| F|  |TAMS 0x0000000711e00000| PB 0x0000000711e00000| Untracked 
| 144|0x0000000712000000, 0x0000000712000000, 0x0000000712200000|  0%| F|  |TAMS 0x0000000712000000| PB 0x0000000712000000| Untracked 
| 145|0x0000000712200000, 0x00000007123f24f8, 0x0000000712400000| 97%| S|CS|TAMS 0x0000000712200000| PB 0x0000000712200000| Complete 
| 146|0x0000000712400000, 0x0000000712600000, 0x0000000712600000|100%| S|CS|TAMS 0x0000000712400000| PB 0x0000000712400000| Complete 
| 147|0x0000000712600000, 0x0000000712800000, 0x0000000712800000|100%| S|CS|TAMS 0x0000000712600000| PB 0x0000000712600000| Complete 
| 148|0x0000000712800000, 0x0000000712a00000, 0x0000000712a00000|100%| S|CS|TAMS 0x0000000712800000| PB 0x0000000712800000| Complete 
| 149|0x0000000712a00000, 0x0000000712a00000, 0x0000000712c00000|  0%| F|  |TAMS 0x0000000712a00000| PB 0x0000000712a00000| Untracked 
| 150|0x0000000712c00000, 0x0000000712c00000, 0x0000000712e00000|  0%| F|  |TAMS 0x0000000712c00000| PB 0x0000000712c00000| Untracked 
| 151|0x0000000712e00000, 0x0000000712e00000, 0x0000000713000000|  0%| F|  |TAMS 0x0000000712e00000| PB 0x0000000712e00000| Untracked 
| 152|0x0000000713000000, 0x0000000713000000, 0x0000000713200000|  0%| F|  |TAMS 0x0000000713000000| PB 0x0000000713000000| Untracked 
| 153|0x0000000713200000, 0x0000000713200000, 0x0000000713400000|  0%| F|  |TAMS 0x0000000713200000| PB 0x0000000713200000| Untracked 
| 154|0x0000000713400000, 0x0000000713400000, 0x0000000713600000|  0%| F|  |TAMS 0x0000000713400000| PB 0x0000000713400000| Untracked 
| 155|0x0000000713600000, 0x0000000713600000, 0x0000000713800000|  0%| F|  |TAMS 0x0000000713600000| PB 0x0000000713600000| Untracked 
| 156|0x0000000713800000, 0x0000000713800000, 0x0000000713a00000|  0%| F|  |TAMS 0x0000000713800000| PB 0x0000000713800000| Untracked 
| 157|0x0000000713a00000, 0x0000000713a00000, 0x0000000713c00000|  0%| F|  |TAMS 0x0000000713a00000| PB 0x0000000713a00000| Untracked 
| 158|0x0000000713c00000, 0x0000000713c00000, 0x0000000713e00000|  0%| F|  |TAMS 0x0000000713c00000| PB 0x0000000713c00000| Untracked 
| 159|0x0000000713e00000, 0x0000000713e00000, 0x0000000714000000|  0%| F|  |TAMS 0x0000000713e00000| PB 0x0000000713e00000| Untracked 
| 160|0x0000000714000000, 0x0000000714000000, 0x0000000714200000|  0%| F|  |TAMS 0x0000000714000000| PB 0x0000000714000000| Untracked 
| 161|0x0000000714200000, 0x0000000714200000, 0x0000000714400000|  0%| F|  |TAMS 0x0000000714200000| PB 0x0000000714200000| Untracked 
| 162|0x0000000714400000, 0x0000000714400000, 0x0000000714600000|  0%| F|  |TAMS 0x0000000714400000| PB 0x0000000714400000| Untracked 
| 163|0x0000000714600000, 0x0000000714600000, 0x0000000714800000|  0%| F|  |TAMS 0x0000000714600000| PB 0x0000000714600000| Untracked 
| 164|0x0000000714800000, 0x0000000714800000, 0x0000000714a00000|  0%| F|  |TAMS 0x0000000714800000| PB 0x0000000714800000| Untracked 
| 165|0x0000000714a00000, 0x0000000714a00000, 0x0000000714c00000|  0%| F|  |TAMS 0x0000000714a00000| PB 0x0000000714a00000| Untracked 
| 166|0x0000000714c00000, 0x0000000714c00000, 0x0000000714e00000|  0%| F|  |TAMS 0x0000000714c00000| PB 0x0000000714c00000| Untracked 
| 167|0x0000000714e00000, 0x0000000714e00000, 0x0000000715000000|  0%| F|  |TAMS 0x0000000714e00000| PB 0x0000000714e00000| Untracked 
| 168|0x0000000715000000, 0x0000000715000000, 0x0000000715200000|  0%| F|  |TAMS 0x0000000715000000| PB 0x0000000715000000| Untracked 
| 169|0x0000000715200000, 0x0000000715200000, 0x0000000715400000|  0%| F|  |TAMS 0x0000000715200000| PB 0x0000000715200000| Untracked 
| 170|0x0000000715400000, 0x0000000715400000, 0x0000000715600000|  0%| F|  |TAMS 0x0000000715400000| PB 0x0000000715400000| Untracked 
| 171|0x0000000715600000, 0x0000000715600000, 0x0000000715800000|  0%| F|  |TAMS 0x0000000715600000| PB 0x0000000715600000| Untracked 
| 172|0x0000000715800000, 0x0000000715800000, 0x0000000715a00000|  0%| F|  |TAMS 0x0000000715800000| PB 0x0000000715800000| Untracked 
|2036|0x00000007fe800000, 0x00000007fe800000, 0x00000007fea00000|  0%| F|  |TAMS 0x00000007fe800000| PB 0x00000007fe800000| Untracked 
|2037|0x00000007fea00000, 0x00000007fea00000, 0x00000007fec00000|  0%| F|  |TAMS 0x00000007fea00000| PB 0x00000007fea00000| Untracked 
|2038|0x00000007fec00000, 0x00000007fee00000, 0x00000007fee00000|100%| O|  |TAMS 0x00000007fee00000| PB 0x00000007fec00000| Untracked 
|2039|0x00000007fee00000, 0x00000007ff000000, 0x00000007ff000000|100%| O|  |TAMS 0x00000007ff000000| PB 0x00000007fee00000| Untracked 
|2040|0x00000007ff000000, 0x00000007ff200000, 0x00000007ff200000|100%| O|  |TAMS 0x00000007ff200000| PB 0x00000007ff000000| Untracked 
|2041|0x00000007ff200000, 0x00000007ff200000, 0x00000007ff400000|  0%| F|  |TAMS 0x00000007ff200000| PB 0x00000007ff200000| Untracked 
|2042|0x00000007ff400000, 0x00000007ff400000, 0x00000007ff600000|  0%| F|  |TAMS 0x00000007ff400000| PB 0x00000007ff400000| Untracked 
|2043|0x00000007ff600000, 0x00000007ff600000, 0x00000007ff800000|  0%| F|  |TAMS 0x00000007ff600000| PB 0x00000007ff600000| Untracked 
|2044|0x00000007ff800000, 0x00000007ff800000, 0x00000007ffa00000|  0%| F|  |TAMS 0x00000007ff800000| PB 0x00000007ff800000| Untracked 
|2045|0x00000007ffa00000, 0x00000007ffa00000, 0x00000007ffc00000|  0%| F|  |TAMS 0x00000007ffa00000| PB 0x00000007ffa00000| Untracked 
|2046|0x00000007ffc00000, 0x00000007ffe00000, 0x00000007ffe00000|100%| O|  |TAMS 0x00000007ffe00000| PB 0x00000007ffc00000| Untracked 
|2047|0x00000007ffe00000, 0x0000000800000000, 0x0000000800000000|100%| O|  |TAMS 0x0000000800000000| PB 0x00000007ffe00000| Untracked 

Card table byte_map: [0x00000253c4ab0000,0x00000253c52b0000] _byte_map_base: 0x00000253c12b0000

Marking Bits: (CMBitMap*) 0x00000253ac6d8450
 Bits: [0x00000253c52b0000, 0x00000253c92b0000)

Polling page: 0x00000253aa1b0000

Metaspace:

Usage:
  Non-class:    102.10 MB used.
      Class:     16.17 MB used.
       Both:    118.27 MB used.

Virtual space:
  Non-class space:      128.00 MB reserved,     103.31 MB ( 81%) committed,  2 nodes.
      Class space:      416.00 MB reserved,      17.38 MB (  4%) committed,  1 nodes.
             Both:      544.00 MB reserved,     120.69 MB ( 22%) committed. 

Chunk freelists:
   Non-Class:  7.83 MB
       Class:  14.64 MB
        Both:  22.47 MB

MaxMetaspaceSize: 512.00 MB
CompressedClassSpaceSize: 416.00 MB
Initial GC threshold: 21.00 MB
Current GC threshold: 199.19 MB
CDS: on
 - commit_granule_bytes: 65536.
 - commit_granule_words: 8192.
 - virtual_space_node_default_size: 8388608.
 - enlarge_chunks_in_place: 1.
 - use_allocation_guard: 0.


Internal statistics:

num_allocs_failed_limit: 9.
num_arena_births: 4448.
num_arena_deaths: 4.
num_vsnodes_births: 3.
num_vsnodes_deaths: 0.
num_space_committed: 1936.
num_space_uncommitted: 5.
num_chunks_returned_to_freelist: 41.
num_chunks_taken_from_freelist: 9936.
num_chunk_merges: 18.
num_chunk_splits: 6617.
num_chunks_enlarged: 4292.
num_inconsistent_stats: 0.

CodeHeap 'non-profiled nmethods': size=120000Kb used=10509Kb max_used=10783Kb free=109490Kb
 bounds [0x00000253bc830000, 0x00000253bd2d0000, 0x00000253c3d60000]
CodeHeap 'profiled nmethods': size=120000Kb used=28867Kb max_used=31249Kb free=91132Kb
 bounds [0x00000253b4d60000, 0x00000253b6bf0000, 0x00000253bc290000]
CodeHeap 'non-nmethods': size=5760Kb used=2214Kb max_used=2252Kb free=3545Kb
 bounds [0x00000253bc290000, 0x00000253bc500000, 0x00000253bc830000]
 total_blobs=16263 nmethods=15344 adapters=822
 compilation: enabled
              stopped_count=0, restarted_count=0
 full_count=0

Compilation events (20 events):
Event: 31.065 Thread 0x00000253eb007740 nmethod 19824 0x00000253b652fa10 code [0x00000253b652fba0, 0x00000253b652fd30]
Event: 31.067 Thread 0x00000253eb007740 19818       2       com.android.builder.packaging.PackagingUtils::lambda$getNoCompressPredicateForExtensions$0 (42 bytes)
Event: 31.068 Thread 0x00000253eb007740 nmethod 19818 0x00000253b6681690 code [0x00000253b6681880, 0x00000253b6681b00]
Event: 31.068 Thread 0x00000253eb007740 19819       2       com.google.common.collect.SingletonImmutableList::iterator (8 bytes)
Event: 31.068 Thread 0x00000253eb007740 nmethod 19819 0x00000253b6681290 code [0x00000253b6681440, 0x00000253b6681600]
Event: 31.069 Thread 0x00000253eb007740 19829       1       com.android.tools.build.apkzlib.zip.CompressionResult::getCompressionMethod (5 bytes)
Event: 31.069 Thread 0x00000253eb007740 nmethod 19829 0x00000253bcd03710 code [0x00000253bcd038a0, 0x00000253bcd03970]
Event: 31.070 Thread 0x00000253eb007740 19830       1       com.android.tools.build.apkzlib.zip.CompressionResult::getSize (5 bytes)
Event: 31.071 Thread 0x00000253eb007740 nmethod 19830 0x00000253bd2b5990 code [0x00000253bd2b5b20, 0x00000253bd2b5be8]
Event: 31.072 Thread 0x00000253eb007740 19833       2       com.android.tools.r8.graph.j9::a (53 bytes)
Event: 31.074 Thread 0x00000253eb007740 nmethod 19833 0x00000253b6680790 code [0x00000253b66809c0, 0x00000253b6680ef8]
Event: 31.074 Thread 0x00000253eb007740 19831       1       com.android.tools.build.apkzlib.zip.CompressionResult::getSource (5 bytes)
Event: 31.074 Thread 0x00000253eb007740 nmethod 19831 0x00000253bd10ca90 code [0x00000253bd10cc20, 0x00000253bd10ccf0]
Event: 31.074 Thread 0x00000253eb007740 19820       1       com.google.common.collect.SingletonImmutableList::isPartialView (2 bytes)
Event: 31.074 Thread 0x00000253eb007740 nmethod 19820 0x00000253bd10c790 code [0x00000253bd10c920, 0x00000253bd10c9e8]
Event: 31.075 Thread 0x00000253eb007740 19821       1       com.android.tools.build.apkzlib.zip.ZFile::getFile (5 bytes)
Event: 31.076 Thread 0x00000253eb007740 nmethod 19821 0x00000253bd10c490 code [0x00000253bd10c620, 0x00000253bd10c6f0]
Event: 31.077 Thread 0x00000253eb007740 19822       1       com.android.tools.build.apkzlib.bytestorage.LimitedInputStream::isInputFinished (5 bytes)
Event: 31.078 Thread 0x00000253eb007740 nmethod 19822 0x00000253bd10c190 code [0x00000253bd10c320, 0x00000253bd10c3f0]
Event: 31.078 Thread 0x00000253eb007740 19825       1       com.google.common.hash.ChecksumHashFunction::access$100 (5 bytes)

GC Heap History (20 events):
Event: 27.425 GC heap after
{Heap after GC invocations=46 (full 0):
 garbage-first heap   total 268288K, used 159547K [0x0000000700000000, 0x0000000800000000)
  region size 2048K, 7 young (14336K), 7 survivors (14336K)
 Metaspace       used 112497K, committed 115008K, reserved 557056K
  class space    used 15182K, committed 16448K, reserved 425984K
}
Event: 27.996 GC heap before
{Heap before GC invocations=46 (full 0):
 garbage-first heap   total 268288K, used 235323K [0x0000000700000000, 0x0000000800000000)
  region size 2048K, 45 young (92160K), 7 survivors (14336K)
 Metaspace       used 112894K, committed 115456K, reserved 557056K
  class space    used 15235K, committed 16512K, reserved 425984K
}
Event: 28.010 GC heap after
{Heap after GC invocations=47 (full 0):
 garbage-first heap   total 268288K, used 165971K [0x0000000700000000, 0x0000000800000000)
  region size 2048K, 3 young (6144K), 3 survivors (6144K)
 Metaspace       used 112894K, committed 115456K, reserved 557056K
  class space    used 15235K, committed 16512K, reserved 425984K
}
Event: 28.339 GC heap before
{Heap before GC invocations=48 (full 0):
 garbage-first heap   total 280576K, used 239699K [0x0000000700000000, 0x0000000800000000)
  region size 2048K, 40 young (81920K), 3 survivors (6144K)
 Metaspace       used 113677K, committed 116224K, reserved 557056K
  class space    used 15340K, committed 16640K, reserved 425984K
}
Event: 28.345 GC heap after
{Heap after GC invocations=49 (full 0):
 garbage-first heap   total 280576K, used 168502K [0x0000000700000000, 0x0000000800000000)
  region size 2048K, 5 young (10240K), 5 survivors (10240K)
 Metaspace       used 113677K, committed 116224K, reserved 557056K
  class space    used 15340K, committed 16640K, reserved 425984K
}
Event: 28.706 GC heap before
{Heap before GC invocations=49 (full 0):
 garbage-first heap   total 280576K, used 248374K [0x0000000700000000, 0x0000000800000000)
  region size 2048K, 45 young (92160K), 5 survivors (10240K)
 Metaspace       used 114263K, committed 116736K, reserved 557056K
  class space    used 15421K, committed 16704K, reserved 425984K
}
Event: 28.728 GC heap after
{Heap after GC invocations=50 (full 0):
 garbage-first heap   total 280576K, used 167715K [0x0000000700000000, 0x0000000800000000)
  region size 2048K, 6 young (12288K), 6 survivors (12288K)
 Metaspace       used 114263K, committed 116736K, reserved 557056K
  class space    used 15421K, committed 16704K, reserved 425984K
}
Event: 28.857 GC heap before
{Heap before GC invocations=50 (full 0):
 garbage-first heap   total 280576K, used 249635K [0x0000000700000000, 0x0000000800000000)
  region size 2048K, 47 young (96256K), 6 survivors (12288K)
 Metaspace       used 114456K, committed 116928K, reserved 557056K
  class space    used 15453K, committed 16704K, reserved 425984K
}
Event: 28.867 GC heap after
{Heap after GC invocations=51 (full 0):
 garbage-first heap   total 372736K, used 193618K [0x0000000700000000, 0x0000000800000000)
  region size 2048K, 6 young (12288K), 6 survivors (12288K)
 Metaspace       used 114456K, committed 116928K, reserved 557056K
  class space    used 15453K, committed 16704K, reserved 425984K
}
Event: 29.504 GC heap before
{Heap before GC invocations=52 (full 0):
 garbage-first heap   total 372736K, used 314450K [0x0000000700000000, 0x0000000800000000)
  region size 2048K, 66 young (135168K), 6 survivors (12288K)
 Metaspace       used 115534K, committed 118080K, reserved 557056K
  class space    used 15626K, committed 16896K, reserved 425984K
}
Event: 29.516 GC heap after
{Heap after GC invocations=53 (full 0):
 garbage-first heap   total 372736K, used 214472K [0x0000000700000000, 0x0000000800000000)
  region size 2048K, 9 young (18432K), 9 survivors (18432K)
 Metaspace       used 115534K, committed 118080K, reserved 557056K
  class space    used 15626K, committed 16896K, reserved 425984K
}
Event: 30.166 GC heap before
{Heap before GC invocations=53 (full 0):
 garbage-first heap   total 372736K, used 314824K [0x0000000700000000, 0x0000000800000000)
  region size 2048K, 58 young (118784K), 9 survivors (18432K)
 Metaspace       used 118542K, committed 121024K, reserved 557056K
  class space    used 16132K, committed 17408K, reserved 425984K
}
Event: 30.182 GC heap after
{Heap after GC invocations=54 (full 0):
 garbage-first heap   total 372736K, used 205399K [0x0000000700000000, 0x0000000800000000)
  region size 2048K, 8 young (16384K), 8 survivors (16384K)
 Metaspace       used 118542K, committed 121024K, reserved 557056K
  class space    used 16132K, committed 17408K, reserved 425984K
}
Event: 30.433 GC heap before
{Heap before GC invocations=54 (full 0):
 garbage-first heap   total 372736K, used 309847K [0x0000000700000000, 0x0000000800000000)
  region size 2048K, 60 young (122880K), 8 survivors (16384K)
 Metaspace       used 119263K, committed 121728K, reserved 557056K
  class space    used 16220K, committed 17472K, reserved 425984K
}
Event: 30.454 GC heap after
{Heap after GC invocations=55 (full 0):
 garbage-first heap   total 372736K, used 226951K [0x0000000700000000, 0x0000000800000000)
  region size 2048K, 8 young (16384K), 8 survivors (16384K)
 Metaspace       used 119263K, committed 121728K, reserved 557056K
  class space    used 16220K, committed 17472K, reserved 425984K
}
Event: 30.727 GC heap before
{Heap before GC invocations=56 (full 0):
 garbage-first heap   total 378880K, used 321159K [0x0000000700000000, 0x0000000800000000)
  region size 2048K, 55 young (112640K), 8 survivors (16384K)
 Metaspace       used 120107K, committed 122624K, reserved 557056K
  class space    used 16377K, committed 17600K, reserved 425984K
}
Event: 30.748 GC heap after
{Heap after GC invocations=57 (full 0):
 garbage-first heap   total 378880K, used 243514K [0x0000000700000000, 0x0000000800000000)
  region size 2048K, 7 young (14336K), 7 survivors (14336K)
 Metaspace       used 120107K, committed 122624K, reserved 557056K
  class space    used 16377K, committed 17600K, reserved 425984K
}
Event: 30.933 GC heap before
{Heap before GC invocations=57 (full 0):
 garbage-first heap   total 378880K, used 333626K [0x0000000700000000, 0x0000000800000000)
  region size 2048K, 51 young (104448K), 7 survivors (14336K)
 Metaspace       used 120689K, committed 123200K, reserved 557056K
  class space    used 16480K, committed 17728K, reserved 425984K
}
Event: 30.950 GC heap after
{Heap after GC invocations=58 (full 0):
 garbage-first heap   total 378880K, used 242812K [0x0000000700000000, 0x0000000800000000)
  region size 2048K, 3 young (6144K), 3 survivors (6144K)
 Metaspace       used 120689K, committed 123200K, reserved 557056K
  class space    used 16480K, committed 17728K, reserved 425984K
}
Event: 31.079 GC heap before
{Heap before GC invocations=58 (full 0):
 garbage-first heap   total 378880K, used 302204K [0x0000000700000000, 0x0000000800000000)
  region size 2048K, 34 young (69632K), 3 survivors (6144K)
 Metaspace       used 121110K, committed 123584K, reserved 557056K
  class space    used 16558K, committed 17792K, reserved 425984K
}

Dll operation events (15 events):
Event: 0.030 Loaded shared library C:\Users\Manohar Badri\.gradle\jdks\eclipse_adoptium-21-amd64-windows.2\bin\java.dll
Event: 0.109 Loaded shared library C:\Users\Manohar Badri\.gradle\jdks\eclipse_adoptium-21-amd64-windows.2\bin\jsvml.dll
Event: 0.175 Loaded shared library C:\Users\Manohar Badri\.gradle\jdks\eclipse_adoptium-21-amd64-windows.2\bin\zip.dll
Event: 0.180 Loaded shared library C:\Users\Manohar Badri\.gradle\jdks\eclipse_adoptium-21-amd64-windows.2\bin\instrument.dll
Event: 0.195 Loaded shared library C:\Users\Manohar Badri\.gradle\jdks\eclipse_adoptium-21-amd64-windows.2\bin\net.dll
Event: 0.201 Loaded shared library C:\Users\Manohar Badri\.gradle\jdks\eclipse_adoptium-21-amd64-windows.2\bin\nio.dll
Event: 0.205 Loaded shared library C:\Users\Manohar Badri\.gradle\jdks\eclipse_adoptium-21-amd64-windows.2\bin\zip.dll
Event: 0.397 Loaded shared library C:\Users\Manohar Badri\.gradle\jdks\eclipse_adoptium-21-amd64-windows.2\bin\jimage.dll
Event: 0.705 Loaded shared library C:\Users\Manohar Badri\.gradle\jdks\eclipse_adoptium-21-amd64-windows.2\bin\verify.dll
Event: 0.739 Loaded shared library C:\Users\Manohar Badri\.gradle\native\660c5614fbf4a5f2a75b1949f50a0caf5cd603558e7d8a26e50b933a0cfb79d1\windows-amd64\native-platform.dll
Event: 0.747 Loaded shared library C:\Users\Manohar Badri\.gradle\native\0.2.8\x86_64-windows-gnu\gradle-fileevents.dll
Event: 1.590 Loaded shared library C:\Users\Manohar Badri\.gradle\jdks\eclipse_adoptium-21-amd64-windows.2\bin\management.dll
Event: 1.594 Loaded shared library C:\Users\Manohar Badri\.gradle\jdks\eclipse_adoptium-21-amd64-windows.2\bin\management_ext.dll
Event: 1.740 Loaded shared library C:\Users\Manohar Badri\.gradle\jdks\eclipse_adoptium-21-amd64-windows.2\bin\extnet.dll
Event: 1.988 Loaded shared library C:\Users\Manohar Badri\.gradle\jdks\eclipse_adoptium-21-amd64-windows.2\bin\sunmscapi.dll

Deoptimization events (20 events):
Event: 30.570 Thread 0x00000253eeb7d140 Uncommon trap: trap_request=0xffffffde fr.pc=0x00000253bcfc3648 relative=0x0000000000001d28
Event: 30.570 Thread 0x00000253eeb7d140 Uncommon trap: reason=class_check action=maybe_recompile pc=0x00000253bcfc3648 method=com.android.tools.build.apkzlib.zip.CentralDirectoryHeader.getCompressionInfoWithWait()Lcom/android/tools/build/apkzlib/zip/CentralDirectoryHeaderCompressInfo; @ 4 c2
Event: 30.570 Thread 0x00000253eeb7d140 DEOPT PACKING pc=0x00000253bcfc3648 sp=0x000000afb5dfd690
Event: 30.570 Thread 0x00000253eeb7d140 DEOPT UNPACKING pc=0x00000253bc2e46a2 sp=0x000000afb5dfd658 mode 2
Event: 30.619 Thread 0x00000253eeb7d140 Uncommon trap: trap_request=0xffffffde fr.pc=0x00000253bcfc3648 relative=0x0000000000001d28
Event: 30.619 Thread 0x00000253eeb7d140 Uncommon trap: reason=class_check action=maybe_recompile pc=0x00000253bcfc3648 method=com.android.tools.build.apkzlib.zip.CentralDirectoryHeader.getCompressionInfoWithWait()Lcom/android/tools/build/apkzlib/zip/CentralDirectoryHeaderCompressInfo; @ 4 c2
Event: 30.619 Thread 0x00000253eeb7d140 DEOPT PACKING pc=0x00000253bcfc3648 sp=0x000000afb5dfd6a0
Event: 30.619 Thread 0x00000253eeb7d140 DEOPT UNPACKING pc=0x00000253bc2e46a2 sp=0x000000afb5dfd668 mode 2
Event: 30.619 Thread 0x00000253eeb7d140 Uncommon trap: trap_request=0xffffffde fr.pc=0x00000253bd0a8128 relative=0x0000000000000088
Event: 30.619 Thread 0x00000253eeb7d140 Uncommon trap: reason=class_check action=maybe_recompile pc=0x00000253bd0a8128 method=com.android.tools.build.apkzlib.zip.CentralDirectoryHeader.getCompressionInfoWithWait()Lcom/android/tools/build/apkzlib/zip/CentralDirectoryHeaderCompressInfo; @ 4 c2
Event: 30.620 Thread 0x00000253eeb7d140 DEOPT PACKING pc=0x00000253bd0a8128 sp=0x000000afb5dfd6c0
Event: 30.620 Thread 0x00000253eeb7d140 DEOPT UNPACKING pc=0x00000253bc2e46a2 sp=0x000000afb5dfd648 mode 2
Event: 30.648 Thread 0x00000253eeb7d140 Uncommon trap: trap_request=0xffffff3d fr.pc=0x00000253bd2ad908 relative=0x0000000000000068
Event: 30.649 Thread 0x00000253eeb7d140 Uncommon trap: reason=unstable_fused_if action=reinterpret pc=0x00000253bd2ad908 method=java.lang.CharacterDataLatin1.equalsIgnoreCase(BB)Z @ 16 c2
Event: 30.649 Thread 0x00000253eeb7d140 DEOPT PACKING pc=0x00000253bd2ad908 sp=0x000000afb5dfd920
Event: 30.649 Thread 0x00000253eeb7d140 DEOPT UNPACKING pc=0x00000253bc2e46a2 sp=0x000000afb5dfd8a0 mode 2
Event: 30.857 Thread 0x00000253eb20f3d0 Uncommon trap: trap_request=0xffffff45 fr.pc=0x00000253bcb1a45c relative=0x00000000000017bc
Event: 30.857 Thread 0x00000253eb20f3d0 Uncommon trap: reason=unstable_if action=reinterpret pc=0x00000253bcb1a45c method=com.android.tools.r8.internal.nv.a(Lcom/android/tools/r8/internal/f6;ILjava/lang/String;[C)I @ 899 c2
Event: 30.857 Thread 0x00000253eb20f3d0 DEOPT PACKING pc=0x00000253bcb1a45c sp=0x000000afb41fa230
Event: 30.857 Thread 0x00000253eb20f3d0 DEOPT UNPACKING pc=0x00000253bc2e46a2 sp=0x000000afb41fa1f0 mode 2

Classes loaded (20 events):
Event: 30.527 Loading class sun/nio/cs/ThreadLocalCoders
Event: 30.528 Loading class sun/nio/cs/ThreadLocalCoders done
Event: 30.528 Loading class sun/nio/cs/ThreadLocalCoders$1
Event: 30.529 Loading class sun/nio/cs/ThreadLocalCoders$Cache
Event: 30.529 Loading class sun/nio/cs/ThreadLocalCoders$Cache done
Event: 30.529 Loading class sun/nio/cs/ThreadLocalCoders$1 done
Event: 30.530 Loading class sun/nio/cs/ThreadLocalCoders$2
Event: 30.531 Loading class sun/nio/cs/ThreadLocalCoders$2 done
Event: 30.534 Loading class java/util/zip/Deflater
Event: 30.535 Loading class java/util/zip/Deflater done
Event: 30.537 Loading class java/util/zip/Deflater$DeflaterZStreamRef
Event: 30.538 Loading class java/util/zip/Deflater$DeflaterZStreamRef done
Event: 30.566 Loading class java/util/TreeMap$AscendingSubMap
Event: 30.567 Loading class java/util/TreeMap$NavigableSubMap
Event: 30.568 Loading class java/util/TreeMap$NavigableSubMap done
Event: 30.568 Loading class java/util/TreeMap$AscendingSubMap done
Event: 30.569 Loading class java/util/TreeMap$NavigableSubMap$SubMapKeyIterator
Event: 30.569 Loading class java/util/TreeMap$NavigableSubMap$SubMapIterator
Event: 30.570 Loading class java/util/TreeMap$NavigableSubMap$SubMapIterator done
Event: 30.570 Loading class java/util/TreeMap$NavigableSubMap$SubMapKeyIterator done

Classes unloaded (20 events):
Event: 28.972 Thread 0x00000253cb695c40 Unloading class 0x00000253cdf96600 'com/bumptech/glide/annotation/compiler/RequestBuilderGenerator'
Event: 28.972 Thread 0x00000253cb695c40 Unloading class 0x00000253cdf96400 'com/bumptech/glide/annotation/compiler/GlideGenerator'
Event: 28.972 Thread 0x00000253cb695c40 Unloading class 0x00000253cdf96200 'com/bumptech/glide/annotation/compiler/RequestManagerFactoryGenerator'
Event: 28.972 Thread 0x00000253cb695c40 Unloading class 0x00000253cdf96000 'com/bumptech/glide/annotation/compiler/RequestManagerGenerator'
Event: 28.972 Thread 0x00000253cb695c40 Unloading class 0x00000253cdf95d08 'com/bumptech/glide/annotation/compiler/RequestOptionsOverrideGenerator'
Event: 28.972 Thread 0x00000253cb695c40 Unloading class 0x00000253cdf95b08 'com/bumptech/glide/annotation/compiler/RequestOptionsGenerator'
Event: 28.972 Thread 0x00000253cb695c40 Unloading class 0x00000253cdf95908 'com/bumptech/glide/annotation/compiler/AppModuleGenerator'
Event: 28.972 Thread 0x00000253cb695c40 Unloading class 0x00000253cdf95708 'com/bumptech/glide/annotation/compiler/AppModuleProcessor'
Event: 28.972 Thread 0x00000253cb695c40 Unloading class 0x00000253cdf95508 'com/bumptech/glide/annotation/compiler/LibraryModuleProcessor'
Event: 28.972 Thread 0x00000253cb695c40 Unloading class 0x00000253cdf95308 'com/bumptech/glide/annotation/compiler/IndexerGenerator'
Event: 28.972 Thread 0x00000253cb695c40 Unloading class 0x00000253cdf95110 'com/bumptech/glide/repackaged/com/squareup/javapoet/Util'
Event: 28.972 Thread 0x00000253cb695c40 Unloading class 0x00000253cdf94ed8 'com/bumptech/glide/repackaged/com/squareup/javapoet/TypeVariableName'
Event: 28.972 Thread 0x00000253cb695c40 Unloading class 0x00000253cdf94ca0 'com/bumptech/glide/repackaged/com/squareup/javapoet/ParameterizedTypeName'
Event: 28.972 Thread 0x00000253cb695c40 Unloading class 0x00000253cdf94a68 'com/bumptech/glide/repackaged/com/squareup/javapoet/ArrayTypeName'
Event: 28.972 Thread 0x00000253cb695c40 Unloading class 0x00000253cdf94818 'com/bumptech/glide/repackaged/com/squareup/javapoet/ClassName'
Event: 28.972 Thread 0x00000253cb695c40 Unloading class 0x00000253cdf945e0 'com/bumptech/glide/repackaged/com/squareup/javapoet/TypeName'
Event: 28.972 Thread 0x00000253cb695c40 Unloading class 0x00000253cdf943f0 'com/bumptech/glide/repackaged/com/google/common/base/Predicate'
Event: 28.972 Thread 0x00000253cb695c40 Unloading class 0x00000253cdf94200 'com/bumptech/glide/repackaged/com/google/common/base/Function'
Event: 28.972 Thread 0x00000253cb695c40 Unloading class 0x00000253cdf94000 'com/bumptech/glide/annotation/compiler/ProcessorUtil'
Event: 28.972 Thread 0x00000253cb695c40 Unloading class 0x00000253cded8c00 'com/bumptech/glide/annotation/compiler/GlideAnnotationProcessor'

Classes redefined (0 events):
No events

Internal exceptions (20 events):
Event: 29.785 Thread 0x00000253eb20ed40 Exception <a 'java/lang/IncompatibleClassChangeError'{0x0000000712c10538}: Found class java.lang.Object, but interface was expected> (0x0000000712c10538) 
thrown [s\src\hotspot\share\interpreter\linkResolver.cpp, line 840]
Event: 29.786 Thread 0x00000253eb20ed40 Exception <a 'java/lang/IncompatibleClassChangeError'{0x0000000712c8be60}: Found class java.lang.Object, but interface was expected> (0x0000000712c8be60) 
thrown [s\src\hotspot\share\interpreter\linkResolver.cpp, line 840]
Event: 29.908 Thread 0x00000253eb2100f0 Exception <a 'java/lang/IncompatibleClassChangeError'{0x00000007126e9000}: Found class java.lang.Object, but interface was expected> (0x00000007126e9000) 
thrown [s\src\hotspot\share\interpreter\linkResolver.cpp, line 840]
Event: 29.908 Thread 0x00000253eb20d990 Exception <a 'java/lang/IncompatibleClassChangeError'{0x0000000712b111b0}: Found class java.lang.Object, but interface was expected> (0x0000000712b111b0) 
thrown [s\src\hotspot\share\interpreter\linkResolver.cpp, line 840]
Event: 29.908 Thread 0x00000253eb214290 Exception <a 'java/lang/IncompatibleClassChangeError'{0x000000071191c490}: Found class java.lang.Object, but interface was expected> (0x000000071191c490) 
thrown [s\src\hotspot\share\interpreter\linkResolver.cpp, line 840]
Event: 29.956 Thread 0x00000253eb20fa60 Exception <a 'java/lang/NoSuchMethodError'{0x00000007113c03d8}: 'void java.lang.invoke.DirectMethodHandle$Holder.invokeStatic(java.lang.Object, java.lang.Object, java.lang.Object, int, java.lang.Object, java.lang.Object, java.lang.Object, java.lang.Object)'> (0x00000007113c03d8) 
thrown [s\src\hotspot\share\interpreter\linkResolver.cpp, line 773]
Event: 30.563 Thread 0x00000253eeb7d140 Implicit null exception at 0x00000253bd1ae7fb to 0x00000253bd1ae870
Event: 30.564 Thread 0x00000253eeb7d140 Implicit null exception at 0x00000253bcef7f5e to 0x00000253bcef7f76
Event: 31.054 Thread 0x00000253eb2100f0 Exception <a 'java/lang/IncompatibleClassChangeError'{0x00000007134df308}: Found class java.lang.Object, but interface was expected> (0x00000007134df308) 
thrown [s\src\hotspot\share\interpreter\linkResolver.cpp, line 840]
Event: 31.054 Thread 0x00000253eb20fa60 Exception <a 'java/lang/IncompatibleClassChangeError'{0x00000007ff41dad8}: Found class java.lang.Object, but interface was expected> (0x00000007ff41dad8) 
thrown [s\src\hotspot\share\interpreter\linkResolver.cpp, line 840]
Event: 31.054 Thread 0x00000253eb20d990 Exception <a 'java/lang/IncompatibleClassChangeError'{0x0000000713206358}: Found class java.lang.Object, but interface was expected> (0x0000000713206358) 
thrown [s\src\hotspot\share\interpreter\linkResolver.cpp, line 840]
Event: 31.060 Thread 0x00000253eb213c00 Exception <a 'java/lang/NoSuchMethodError'{0x00000007ff6ec2c8}: 'void java.lang.invoke.DirectMethodHandle$Holder.invokeInterface(java.lang.Object, java.lang.Object, java.lang.Object, int)'> (0x00000007ff6ec2c8) 
thrown [s\src\hotspot\share\interpreter\linkResolver.cpp, line 773]
Event: 31.062 Thread 0x00000253eb20fa60 Exception <a 'java/lang/NoSuchMethodError'{0x00000007ff421a20}: 'void java.lang.invoke.DirectMethodHandle$Holder.invokeInterface(java.lang.Object, java.lang.Object, java.lang.Object, int)'> (0x00000007ff421a20) 
thrown [s\src\hotspot\share\interpreter\linkResolver.cpp, line 773]
Event: 31.062 Thread 0x00000253eb211b30 Exception <a 'java/lang/NoSuchMethodError'{0x00000007137e8c48}: 'void java.lang.invoke.DirectMethodHandle$Holder.invokeInterface(java.lang.Object, java.lang.Object, java.lang.Object, int)'> (0x00000007137e8c48) 
thrown [s\src\hotspot\share\interpreter\linkResolver.cpp, line 773]
Event: 31.062 Thread 0x00000253eb2100f0 Exception <a 'java/lang/NoSuchMethodError'{0x00000007134e3230}: 'void java.lang.invoke.DirectMethodHandle$Holder.invokeInterface(java.lang.Object, java.lang.Object, java.lang.Object, int)'> (0x00000007134e3230) 
thrown [s\src\hotspot\share\interpreter\linkResolver.cpp, line 773]
Event: 31.062 Thread 0x00000253eb210e10 Exception <a 'java/lang/NoSuchMethodError'{0x0000000713404718}: 'void java.lang.invoke.DirectMethodHandle$Holder.invokeInterface(java.lang.Object, java.lang.Object, java.lang.Object, int)'> (0x0000000713404718) 
thrown [s\src\hotspot\share\interpreter\linkResolver.cpp, line 773]
Event: 31.062 Thread 0x00000253eb20ed40 Exception <a 'java/lang/NoSuchMethodError'{0x00000007137fec48}: 'void java.lang.invoke.DirectMethodHandle$Holder.invokeInterface(java.lang.Object, java.lang.Object, java.lang.Object, int)'> (0x00000007137fec48) 
thrown [s\src\hotspot\share\interpreter\linkResolver.cpp, line 773]
Event: 31.062 Thread 0x00000253f13fbb30 Exception <a 'java/lang/NoSuchMethodError'{0x0000000713211578}: 'void java.lang.invoke.DirectMethodHandle$Holder.invokeInterface(java.lang.Object, java.lang.Object, java.lang.Object, int)'> (0x0000000713211578) 
thrown [s\src\hotspot\share\interpreter\linkResolver.cpp, line 773]
Event: 31.062 Thread 0x00000253eb20d990 Exception <a 'java/lang/NoSuchMethodError'{0x000000071320a280}: 'void java.lang.invoke.DirectMethodHandle$Holder.invokeInterface(java.lang.Object, java.lang.Object, java.lang.Object, int)'> (0x000000071320a280) 
thrown [s\src\hotspot\share\interpreter\linkResolver.cpp, line 773]
Event: 31.062 Thread 0x00000253eb214290 Exception <a 'java/lang/NoSuchMethodError'{0x00000007137f84f8}: 'void java.lang.invoke.DirectMethodHandle$Holder.invokeInterface(java.lang.Object, java.lang.Object, java.lang.Object, int)'> (0x00000007137f84f8) 
thrown [s\src\hotspot\share\interpreter\linkResolver.cpp, line 773]

ZGC Phase Switch (0 events):
No events

VM Operations (20 events):
Event: 30.429 Executing VM operation: G1CollectForAllocation (G1 Evacuation Pause) done
Event: 30.429 Executing VM operation: G1CollectForAllocation (GCLocker Initiated GC)
Event: 30.455 Executing VM operation: G1CollectForAllocation (GCLocker Initiated GC) done
Event: 30.455 Executing VM operation: HandshakeAllThreads (Deoptimize)
Event: 30.455 Executing VM operation: HandshakeAllThreads (Deoptimize) done
Event: 30.570 Executing VM operation: HandshakeAllThreads (Deoptimize)
Event: 30.572 Executing VM operation: HandshakeAllThreads (Deoptimize) done
Event: 30.576 Executing VM operation: HandshakeAllThreads (Deoptimize)
Event: 30.577 Executing VM operation: HandshakeAllThreads (Deoptimize) done
Event: 30.581 Executing VM operation: HandshakeAllThreads (Deoptimize)
Event: 30.594 Executing VM operation: HandshakeAllThreads (Deoptimize) done
Event: 30.594 Executing VM operation: G1PauseRemark
Event: 30.612 Executing VM operation: G1PauseRemark done
Event: 30.684 Executing VM operation: G1PauseCleanup
Event: 30.685 Executing VM operation: G1PauseCleanup done
Event: 30.726 Executing VM operation: G1CollectForAllocation (G1 Evacuation Pause)
Event: 30.748 Executing VM operation: G1CollectForAllocation (G1 Evacuation Pause) done
Event: 30.932 Executing VM operation: G1CollectForAllocation (G1 Evacuation Pause)
Event: 30.950 Executing VM operation: G1CollectForAllocation (G1 Evacuation Pause) done
Event: 31.078 Executing VM operation: G1TryInitiateConcMark (G1 Humongous Allocation)

Memory protections (0 events):
No events

Nmethod flushes (20 events):
Event: 30.610 Thread 0x00000253cb695c40 flushing  nmethod 0x00000253b5275e10
Event: 30.610 Thread 0x00000253cb695c40 flushing  nmethod 0x00000253b5278710
Event: 30.610 Thread 0x00000253cb695c40 flushing  nmethod 0x00000253b5279d90
Event: 30.610 Thread 0x00000253cb695c40 flushing  nmethod 0x00000253b52a4890
Event: 30.610 Thread 0x00000253cb695c40 flushing  nmethod 0x00000253b5649b90
Event: 30.610 Thread 0x00000253cb695c40 flushing  nmethod 0x00000253b56abd10
Event: 30.610 Thread 0x00000253cb695c40 flushing  nmethod 0x00000253b5720710
Event: 30.610 Thread 0x00000253cb695c40 flushing  nmethod 0x00000253b57d8810
Event: 30.610 Thread 0x00000253cb695c40 flushing  nmethod 0x00000253b57e8010
Event: 30.610 Thread 0x00000253cb695c40 flushing  nmethod 0x00000253b57e8590
Event: 30.610 Thread 0x00000253cb695c40 flushing  nmethod 0x00000253b5839310
Event: 30.610 Thread 0x00000253cb695c40 flushing  nmethod 0x00000253b5c33710
Event: 30.610 Thread 0x00000253cb695c40 flushing  nmethod 0x00000253b5c9f410
Event: 30.610 Thread 0x00000253cb695c40 flushing  nmethod 0x00000253b63e3710
Event: 30.610 Thread 0x00000253cb695c40 flushing  nmethod 0x00000253b63f9490
Event: 30.610 Thread 0x00000253cb695c40 flushing  nmethod 0x00000253b63fa110
Event: 30.610 Thread 0x00000253cb695c40 flushing  nmethod 0x00000253b6729610
Event: 30.610 Thread 0x00000253cb695c40 flushing  nmethod 0x00000253b6730f10
Event: 30.610 Thread 0x00000253cb695c40 flushing  nmethod 0x00000253b6756590
Event: 30.610 Thread 0x00000253cb695c40 flushing  nmethod 0x00000253b676de90

Events (20 events):
Event: 15.833 Thread 0x00000253f13f5230 Thread added: 0x00000253f13fbb30
Event: 15.863 Thread 0x00000253f13f5f50 Thread added: 0x00000253f13fa780
Event: 18.711 Thread 0x00000253f13f5f50 Thread added: 0x00000253eece9dd0
Event: 18.730 Thread 0x00000253eece9dd0 Thread added: 0x00000253eecec530
Event: 18.730 Thread 0x00000253eece9dd0 Thread added: 0x00000253eececbc0
Event: 18.959 Thread 0x00000253f2613120 Thread exited: 0x00000253f2613120
Event: 18.965 Thread 0x00000253f0af9040 Thread exited: 0x00000253f0af9040
Event: 18.967 Thread 0x00000253eb006cb0 Thread added: 0x00000253f2613120
Event: 18.974 Thread 0x00000253eb007740 Thread added: 0x00000253f2619750
Event: 19.732 Thread 0x00000253f2619750 Thread exited: 0x00000253f2619750
Event: 19.733 Thread 0x00000253f2613120 Thread exited: 0x00000253f2613120
Event: 19.870 Thread 0x00000253eb006cb0 Thread added: 0x00000253f2613120
Event: 20.441 Thread 0x00000253f2613120 Thread exited: 0x00000253f2613120
Event: 21.375 Thread 0x00000253f13f5f50 Thread added: 0x00000253eeceaaf0
Event: 22.120 Thread 0x00000253eb006cb0 Thread added: 0x00000253f26182e0
Event: 22.173 Thread 0x00000253eb007740 Thread added: 0x00000253f26189b0
Event: 26.743 Thread 0x00000253f13f5f50 Thread added: 0x00000253eeb7de60
Event: 26.816 Thread 0x00000253f26189b0 Thread exited: 0x00000253f26189b0
Event: 27.012 Thread 0x00000253eb006cb0 Thread added: 0x00000253f16ca430
Event: 27.937 Thread 0x00000253f13f5f50 Thread added: 0x00000253eeb7d140


Dynamic libraries:
0x00007ff7a7e30000 - 0x00007ff7a7e3e000 	C:\Users\Manohar Badri\.gradle\jdks\eclipse_adoptium-21-amd64-windows.2\bin\java.exe
0x00007ffb445c0000 - 0x00007ffb44826000 	C:\WINDOWS\SYSTEM32\ntdll.dll
0x00007ffb43090000 - 0x00007ffb43159000 	C:\WINDOWS\System32\KERNEL32.DLL
0x00007ffb41880000 - 0x00007ffb41c7a000 	C:\WINDOWS\System32\KERNELBASE.dll
0x00007ffb42060000 - 0x00007ffb421ac000 	C:\WINDOWS\System32\ucrtbase.dll
0x00007ffb1f780000 - 0x00007ffb1f79e000 	C:\Users\Manohar Badri\.gradle\jdks\eclipse_adoptium-21-amd64-windows.2\bin\VCRUNTIME140.dll
0x00007ffb1e120000 - 0x00007ffb1e138000 	C:\Users\Manohar Badri\.gradle\jdks\eclipse_adoptium-21-amd64-windows.2\bin\jli.dll
0x00007ffb42560000 - 0x00007ffb42727000 	C:\WINDOWS\System32\USER32.dll
0x00007ffb41850000 - 0x00007ffb41877000 	C:\WINDOWS\System32\win32u.dll
0x00007ffb1ec10000 - 0x00007ffb1eea2000 	C:\WINDOWS\WinSxS\amd64_microsoft.windows.common-controls_6595b64144ccf1df_6.0.26100.8521_none_3e08b75ce33403b3\COMCTL32.dll
0x00007ffb43230000 - 0x00007ffb4325b000 	C:\WINDOWS\System32\GDI32.dll
0x00007ffb44110000 - 0x00007ffb441b9000 	C:\WINDOWS\System32\msvcrt.dll
0x00007ffb41d10000 - 0x00007ffb41e3b000 	C:\WINDOWS\System32\gdi32full.dll
0x00007ffb41e40000 - 0x00007ffb41ee3000 	C:\WINDOWS\System32\msvcp_win.dll
0x00007ffb42fe0000 - 0x00007ffb43012000 	C:\WINDOWS\System32\IMM32.DLL
0x00007ffb20190000 - 0x00007ffb2019c000 	C:\Users\Manohar Badri\.gradle\jdks\eclipse_adoptium-21-amd64-windows.2\bin\vcruntime140_1.dll
0x00007ffb1b680000 - 0x00007ffb1b70d000 	C:\Users\Manohar Badri\.gradle\jdks\eclipse_adoptium-21-amd64-windows.2\bin\msvcp140.dll
0x00007ffa4a430000 - 0x00007ffa4b1c0000 	C:\Users\Manohar Badri\.gradle\jdks\eclipse_adoptium-21-amd64-windows.2\bin\server\jvm.dll
0x00007ffb424a0000 - 0x00007ffb42556000 	C:\WINDOWS\System32\ADVAPI32.dll
0x00007ffb423f0000 - 0x00007ffb4249a000 	C:\WINDOWS\System32\sechost.dll
0x00007ffb43260000 - 0x00007ffb43378000 	C:\WINDOWS\System32\RPCRT4.dll
0x00007ffb42330000 - 0x00007ffb423b0000 	C:\WINDOWS\System32\WS2_32.dll
0x00007ffb416b0000 - 0x00007ffb4170e000 	C:\WINDOWS\SYSTEM32\POWRPROF.dll
0x00007ffb36db0000 - 0x00007ffb36de6000 	C:\WINDOWS\SYSTEM32\WINMM.dll
0x00007ffb2a0c0000 - 0x00007ffb2a0cb000 	C:\WINDOWS\SYSTEM32\VERSION.dll
0x00007ffb41690000 - 0x00007ffb416a4000 	C:\WINDOWS\SYSTEM32\UMPDC.dll
0x00007ffb40540000 - 0x00007ffb4055b000 	C:\WINDOWS\SYSTEM32\kernel.appcore.dll
0x00007ffb20130000 - 0x00007ffb2013a000 	C:\Users\Manohar Badri\.gradle\jdks\eclipse_adoptium-21-amd64-windows.2\bin\jimage.dll
0x00007ffb3eec0000 - 0x00007ffb3f102000 	C:\WINDOWS\SYSTEM32\DBGHELP.DLL
0x00007ffb42bf0000 - 0x00007ffb42f73000 	C:\WINDOWS\System32\combase.dll
0x00007ffb441c0000 - 0x00007ffb44299000 	C:\WINDOWS\System32\OLEAUT32.dll
0x00007ffb19270000 - 0x00007ffb192ab000 	C:\WINDOWS\SYSTEM32\dbgcore.DLL
0x00007ffb41ef0000 - 0x00007ffb41f98000 	C:\WINDOWS\System32\bcryptPrimitives.dll
0x00007ffb1e110000 - 0x00007ffb1e11f000 	C:\Users\Manohar Badri\.gradle\jdks\eclipse_adoptium-21-amd64-windows.2\bin\instrument.dll
0x00007ffb1da70000 - 0x00007ffb1da8f000 	C:\Users\Manohar Badri\.gradle\jdks\eclipse_adoptium-21-amd64-windows.2\bin\java.dll
0x00007ffb43810000 - 0x00007ffb43f94000 	C:\WINDOWS\System32\SHELL32.dll
0x00007ffb3f3e0000 - 0x00007ffb3fc60000 	C:\WINDOWS\SYSTEM32\windows.storage.dll
0x00007ffb44330000 - 0x00007ffb44426000 	C:\WINDOWS\System32\SHCORE.dll
0x00007ffb43020000 - 0x00007ffb43087000 	C:\WINDOWS\System32\shlwapi.dll
0x00007ffb41770000 - 0x00007ffb41799000 	C:\WINDOWS\SYSTEM32\profapi.dll
0x00007ffb18ee0000 - 0x00007ffb18fb7000 	C:\Users\Manohar Badri\.gradle\jdks\eclipse_adoptium-21-amd64-windows.2\bin\jsvml.dll
0x00007ffb1c910000 - 0x00007ffb1c928000 	C:\Users\Manohar Badri\.gradle\jdks\eclipse_adoptium-21-amd64-windows.2\bin\zip.dll
0x00007ffb1e100000 - 0x00007ffb1e110000 	C:\Users\Manohar Badri\.gradle\jdks\eclipse_adoptium-21-amd64-windows.2\bin\net.dll
0x00007ffb38760000 - 0x00007ffb38889000 	C:\WINDOWS\SYSTEM32\WINHTTP.dll
0x00007ffb40b50000 - 0x00007ffb40bbc000 	C:\WINDOWS\system32\mswsock.dll
0x00007ffb1c6b0000 - 0x00007ffb1c6c6000 	C:\Users\Manohar Badri\.gradle\jdks\eclipse_adoptium-21-amd64-windows.2\bin\nio.dll
0x00007ffb1dfc0000 - 0x00007ffb1dfd0000 	C:\Users\Manohar Badri\.gradle\jdks\eclipse_adoptium-21-amd64-windows.2\bin\verify.dll
0x00007ffb399c0000 - 0x00007ffb399e7000 	C:\Users\Manohar Badri\.gradle\native\660c5614fbf4a5f2a75b1949f50a0caf5cd603558e7d8a26e50b933a0cfb79d1\windows-amd64\native-platform.dll
0x00007ffb1b600000 - 0x00007ffb1b677000 	C:\Users\Manohar Badri\.gradle\native\0.2.8\x86_64-windows-gnu\gradle-fileevents.dll
0x00007ffb1da60000 - 0x00007ffb1da6a000 	C:\Users\Manohar Badri\.gradle\jdks\eclipse_adoptium-21-amd64-windows.2\bin\management.dll
0x00007ffb1c170000 - 0x00007ffb1c17b000 	C:\Users\Manohar Badri\.gradle\jdks\eclipse_adoptium-21-amd64-windows.2\bin\management_ext.dll
0x00007ffb43380000 - 0x00007ffb43388000 	C:\WINDOWS\System32\PSAPI.DLL
0x00007ffb3ffa0000 - 0x00007ffb3ffd3000 	C:\WINDOWS\SYSTEM32\IPHLPAPI.DLL
0x00007ffb42750000 - 0x00007ffb4275a000 	C:\WINDOWS\System32\NSI.dll
0x00007ffb1c160000 - 0x00007ffb1c169000 	C:\Users\Manohar Badri\.gradle\jdks\eclipse_adoptium-21-amd64-windows.2\bin\extnet.dll
0x00007ffb40e30000 - 0x00007ffb40e4b000 	C:\WINDOWS\SYSTEM32\CRYPTSP.dll
0x00007ffb40560000 - 0x00007ffb40599000 	C:\WINDOWS\system32\rsaenh.dll
0x00007ffb40c00000 - 0x00007ffb40c33000 	C:\WINDOWS\SYSTEM32\USERENV.dll
0x00007ffb41740000 - 0x00007ffb4176a000 	C:\WINDOWS\SYSTEM32\bcrypt.dll
0x00007ffb40e50000 - 0x00007ffb40e5c000 	C:\WINDOWS\SYSTEM32\CRYPTBASE.dll
0x00007ffb1c130000 - 0x00007ffb1c13e000 	C:\Users\Manohar Badri\.gradle\jdks\eclipse_adoptium-21-amd64-windows.2\bin\sunmscapi.dll
0x00007ffb421b0000 - 0x00007ffb42328000 	C:\WINDOWS\System32\CRYPT32.dll
0x00007ffb41050000 - 0x00007ffb41080000 	C:\WINDOWS\SYSTEM32\ncrypt.dll
0x00007ffb41000000 - 0x00007ffb4103f000 	C:\WINDOWS\SYSTEM32\NTASN1.dll
0x00007ffb0cb20000 - 0x00007ffb0cb28000 	C:\WINDOWS\system32\wshunix.dll

dbghelp: loaded successfully - version: 4.0.5 - missing functions: none
symbol engine: initialized successfully - sym options: 0x614 - pdb path: .;C:\Users\Manohar Badri\.gradle\jdks\eclipse_adoptium-21-amd64-windows.2\bin;C:\WINDOWS\SYSTEM32;C:\WINDOWS\WinSxS\amd64_microsoft.windows.common-controls_6595b64144ccf1df_6.0.26100.8521_none_3e08b75ce33403b3;C:\Users\Manohar Badri\.gradle\jdks\eclipse_adoptium-21-amd64-windows.2\bin\server;C:\Users\Manohar Badri\.gradle\native\660c5614fbf4a5f2a75b1949f50a0caf5cd603558e7d8a26e50b933a0cfb79d1\windows-amd64;C:\Users\Manohar Badri\.gradle\native\0.2.8\x86_64-windows-gnu

VM Arguments:
jvm_args: --add-opens=java.base/java.lang=ALL-UNNAMED --add-opens=java.base/java.lang.invoke=ALL-UNNAMED --add-opens=java.base/java.util=ALL-UNNAMED --add-opens=java.prefs/java.util.prefs=ALL-UNNAMED --add-exports=jdk.compiler/com.sun.tools.javac.api=ALL-UNNAMED --add-exports=jdk.compiler/com.sun.tools.javac.util=ALL-UNNAMED --add-opens=java.base/java.util=ALL-UNNAMED --add-opens=java.prefs/java.util.prefs=ALL-UNNAMED --add-opens=java.base/java.nio.charset=ALL-UNNAMED --add-opens=java.base/java.net=ALL-UNNAMED --add-opens=java.base/java.util.concurrent=ALL-UNNAMED --add-opens=java.base/java.util.concurrent.atomic=ALL-UNNAMED --add-opens=java.xml/javax.xml.namespace=ALL-UNNAMED --add-opens=java.base/java.time=ALL-UNNAMED -XX:MaxMetaspaceSize=512m -Xmx4096m -Dfile.encoding=UTF-8 -Duser.country=US -Duser.language=en -Duser.variant -javaagent:C:\Users\Manohar Badri\.gradle\wrapper\dists\gradle-9.4.1-bin\arn2x92ynaizyzdaamcbpbhtj\gradle-9.4.1\lib\agents\gradle-instrumentation-agent-9.4.1.jar 
java_command: org.gradle.launcher.daemon.bootstrap.GradleDaemon 9.4.1
java_class_path (initial): C:\Users\Manohar Badri\.gradle\wrapper\dists\gradle-9.4.1-bin\arn2x92ynaizyzdaamcbpbhtj\gradle-9.4.1\lib\gradle-daemon-main-9.4.1.jar
Launcher Type: SUN_STANDARD

[Global flags]
     intx CICompilerCount                          = 4                                         {product} {ergonomic}
   size_t CompressedClassSpaceSize                 = 436207616                                 {product} {ergonomic}
     uint ConcGCThreads                            = 3                                         {product} {ergonomic}
     uint G1ConcRefinementThreads                  = 10                                        {product} {ergonomic}
   size_t G1HeapRegionSize                         = 2097152                                   {product} {ergonomic}
    uintx GCDrainStackTargetSize                   = 64                                        {product} {ergonomic}
   size_t InitialHeapSize                          = 264241152                                 {product} {ergonomic}
   size_t MarkStackSize                            = 4194304                                   {product} {ergonomic}
   size_t MaxHeapSize                              = 4294967296                                {product} {command line}
   size_t MaxMetaspaceSize                         = 536870912                                 {product} {command line}
   size_t MaxNewSize                               = 2575302656                                {product} {ergonomic}
   size_t MinHeapDeltaBytes                        = 2097152                                   {product} {ergonomic}
   size_t MinHeapSize                              = 8388608                                   {product} {ergonomic}
    uintx NonNMethodCodeHeapSize                   = 5839372                                {pd product} {ergonomic}
    uintx NonProfiledCodeHeapSize                  = 122909434                              {pd product} {ergonomic}
    uintx ProfiledCodeHeapSize                     = 122909434                              {pd product} {ergonomic}
    uintx ReservedCodeCacheSize                    = 251658240                              {pd product} {ergonomic}
     bool SegmentedCodeCache                       = true                                      {product} {ergonomic}
   size_t SoftMaxHeapSize                          = 4294967296                             {manageable} {ergonomic}
     bool UseCompressedOops                        = true                           {product lp64_product} {ergonomic}
     bool UseG1GC                                  = true                                      {product} {ergonomic}
     bool UseLargePagesIndividualAllocation        = false                                  {pd product} {ergonomic}

Logging:
Log output configuration:
 #0: stdout all=warning uptime,level,tags foldmultilines=false
 #1: stderr all=off uptime,level,tags foldmultilines=false

Environment Variables:
JAVA_HOME=C:\Program Files\Java\jdk-17
PATH=C:\Program Files (x86)\VMware\VMware Workstation\bin\;C:\Program Files\Common Files\Oracle\Java\javapath;C:\Program Files\Java\jdk-17\bin;C:\Program Files (x86)\Common Files\Oracle\Java\java8path;C:\Program Files (x86)\Common Files\Oracle\Java\javapath;C:\WINDOWS\system32;C:\WINDOWS;C:\WINDOWS\System32\Wbem;C:\WINDOWS\System32\WindowsPowerShell\v1.0\;C:\WINDOWS\System32\OpenSSH\;C:\Program Files\Git\cmd;C:\Program Files\dotnet\;C:\Program Files\MySQL\MySQL Server 8.0\bin;C:\Program Files\MySQL\MySQL Shell 8.0\bin\;C:\Users\Manohar Badri\AppData\Local\Programs\Python\Python39\Scripts\;C:\Users\Manohar Badri\AppData\Local\Programs\Python\Python39\;C:\Users\Manohar Badri\AppData\Local\Programs\Python\Launcher\;C:\Users\Manohar Badri\AppData\Local\Programs\Python\Python312\Scripts\;C:\Users\Manohar Badri\AppData\Local\Programs\Python\Python312\;C:\Users\Manohar Badri\AppData\Local\Microsoft\WindowsApps;C:\Users\Manohar Badri\AppData\Local\Programs\Microsoft VS Code\bin;C:\Program Files\CodeBlocks\MinGW\bin;C:\Program Files (x86)\GnuWin32\bin;C:\Users\Manohar Badri\AppData\Local\Programs\Antigravity\bin
USERNAME=Manohar Badri
OS=Windows_NT
PROCESSOR_IDENTIFIER=Intel64 Family 6 Model 186 Stepping 3, GenuineIntel
TMP=C:\Users\MANOHA~1\AppData\Local\Temp
TEMP=C:\Users\MANOHA~1\AppData\Local\Temp




Periodic native trim disabled

---------------  S Y S T E M  ---------------

OS:
 Windows 11 , 64 bit Build 26100 (10.0.26100.8521)
OS uptime: 0 days 0:47 hours
Hyper-V role detected

CPU: total 12 (initial active 12) (6 cores per cpu, 2 threads per core) family 6 model 186 stepping 3 microcode 0x6134, cx8, cmov, fxsr, ht, mmx, 3dnowpref, sse, sse2, sse3, ssse3, sse4.1, sse4.2, popcnt, lzcnt, tsc, tscinvbit, avx, avx2, aes, erms, clmul, bmi1, bmi2, adx, sha, fma, vzeroupper, clflush, clflushopt, clwb, hv, serialize, rdtscp, rdpid, fsrm, f16c, cet_ibt, cet_ss
Processor Information for the first 12 processors :
  Max Mhz: 1300, Current Mhz: 1300, Mhz Limit: 1300

Memory: 4k page, system-wide physical 16027M (2298M free)
TotalPageFile size 16027M (AvailPageFile size 278M)
current process WorkingSet (physical memory assigned to process): 842M, peak: 847M
current process commit charge ("private bytes"): 952M, peak: 1327M

vm_info: OpenJDK 64-Bit Server VM (21.0.7+6-LTS) for windows-amd64 JRE (21.0.7+6-LTS), built on 2025-04-15T00:00:00Z by "admin" with MS VC++ 17.7 (VS2022)

END.
