#
# There is insufficient memory for the Java Runtime Environment to continue.
# Native memory allocation (mmap) failed to map 396361728 bytes. Error detail: G1 virtual space
# Possible reasons:
#   The system is out of physical RAM or swap space
#   This process is running with CompressedOops enabled, and the Java Heap may be blocking the growth of the native heap
# Possible solutions:
#   Reduce memory load on the system
#   Increase physical memory or swap space
#   Check if swap backing store is full
#   Decrease Java heap size (-Xmx/-Xms)
#   Decrease number of Java threads
#   Decrease Java thread stack sizes (-Xss)
#   Set larger code cache with -XX:ReservedCodeCacheSize=
#   JVM is running with Zero Based Compressed Oops mode in which the Java heap is
#     placed in the first 32GB address space. The Java Heap base address is the
#     maximum limit for the native heap growth. Please use -XX:HeapBaseMinAddress
#     to set the Java Heap base and to place the Java Heap above 32GB virtual address.
# This output file may be truncated or incomplete.
#
#  Out of Memory Error (os_windows.cpp:3686), pid=11996, tid=21456
#
# JRE version: OpenJDK Runtime Environment Temurin-21.0.7+6 (21.0.7+6) (build 21.0.7+6-LTS)
# Java VM: OpenJDK 64-Bit Server VM Temurin-21.0.7+6 (21.0.7+6-LTS, mixed mode, sharing, tiered, compressed oops, compressed class ptrs, g1 gc, windows-amd64)
# No core dump will be written. Minidumps are not enabled by default on client versions of Windows
#

---------------  S U M M A R Y ------------

Command Line: --add-opens=java.base/java.lang=ALL-UNNAMED --add-opens=java.base/java.lang.invoke=ALL-UNNAMED --add-opens=java.base/java.util=ALL-UNNAMED --add-opens=java.prefs/java.util.prefs=ALL-UNNAMED --add-exports=jdk.compiler/com.sun.tools.javac.api=ALL-UNNAMED --add-exports=jdk.compiler/com.sun.tools.javac.util=ALL-UNNAMED --add-opens=java.base/java.util=ALL-UNNAMED --add-opens=java.prefs/java.util.prefs=ALL-UNNAMED --add-opens=java.base/java.nio.charset=ALL-UNNAMED --add-opens=java.base/java.net=ALL-UNNAMED --add-opens=java.base/java.util.concurrent=ALL-UNNAMED --add-opens=java.base/java.util.concurrent.atomic=ALL-UNNAMED --add-opens=java.xml/javax.xml.namespace=ALL-UNNAMED --add-opens=java.base/java.time=ALL-UNNAMED -XX:MaxMetaspaceSize=512m -Xmx4096m -Dfile.encoding=UTF-8 -Duser.country=US -Duser.language=en -Duser.variant -javaagent:C:\Users\Manohar Badri\.gradle\wrapper\dists\gradle-9.4.1-bin\arn2x92ynaizyzdaamcbpbhtj\gradle-9.4.1\lib\agents\gradle-instrumentation-agent-9.4.1.jar org.gradle.launcher.daemon.bootstrap.GradleDaemon 9.4.1

Host: 13th Gen Intel(R) Core(TM) i5-1335U, 12 cores, 15G,  Windows 11 , 64 bit Build 26100 (10.0.26100.8521)
Time: Fri May 29 18:52:01 2026 India Standard Time elapsed time: 57.594818 seconds (0d 0h 0m 57s)

---------------  T H R E A D  ---------------

Current thread (0x000001f24ec168c0):  VMThread "VM Thread"          [id=21456, stack(0x0000004b8bf00000,0x0000004b8c000000) (1024K)]

Stack: [0x0000004b8bf00000,0x0000004b8c000000]
Native frames: (J=compiled Java code, j=interpreted, Vv=VM code, C=native code)
V  [jvm.dll+0x6ce119]
V  [jvm.dll+0x8a84a1]
V  [jvm.dll+0x8aa9ce]
V  [jvm.dll+0x8ab0b3]
V  [jvm.dll+0x27f8a6]
V  [jvm.dll+0x6ca945]
V  [jvm.dll+0x6bebea]
V  [jvm.dll+0x355eca]
V  [jvm.dll+0x35da96]
V  [jvm.dll+0x3af72e]
V  [jvm.dll+0x3af9d8]
V  [jvm.dll+0x32a05c]
V  [jvm.dll+0x32a0e7]
V  [jvm.dll+0x36deac]
V  [jvm.dll+0x36c6f8]
V  [jvm.dll+0x329821]
V  [jvm.dll+0x36bd6a]
V  [jvm.dll+0x8b0dcf]
V  [jvm.dll+0x8b2154]
V  [jvm.dll+0x8b2690]
V  [jvm.dll+0x8b2933]
V  [jvm.dll+0x851f6b]
V  [jvm.dll+0x6cc7dd]
C  [ucrtbase.dll+0x2cd30]
C  [KERNEL32.DLL+0x2e957]
C  [ntdll.dll+0x87c1c]

VM_Operation (0x0000004b8f3fab60): G1CollectForAllocation, mode: safepoint, requested by thread 0x000001f27289f480


---------------  P R O C E S S  ---------------

Threads class SMR info:
_java_thread_list=0x000001f200611590, length=62, elements={
0x000001f22fadfe10, 0x000001f24ec37aa0, 0x000001f24ec3a500, 0x000001f24ec3c990,
0x000001f24ec436b0, 0x000001f24ec42300, 0x000001f24ec42d50, 0x000001f24f3ea1d0,
0x000001f24ec46fb0, 0x000001f24f4cb940, 0x000001f24f6455d0, 0x000001f2703844c0,
0x000001f26f491510, 0x000001f270485810, 0x000001f270a02c80, 0x000001f270a33140,
0x000001f270a2eab0, 0x000001f270a2f140, 0x000001f270a2fe60, 0x000001f27150e830,
0x000001f27150d480, 0x000001f27150c760, 0x000001f24f9b63b0, 0x000001f27289da40,
0x000001f27289cd20, 0x000001f27289e0d0, 0x000001f27289e760, 0x000001f27289c000,
0x000001f27289b2e0, 0x000001f27289edf0, 0x000001f27289c690, 0x000001f27289b970,
0x000001f2728a1550, 0x000001f2728a0830, 0x000001f2728a2900, 0x000001f2728a1be0,
0x000001f2728a2270, 0x000001f27289fb10, 0x000001f2728a01a0, 0x000001f2728a0ec0,
0x000001f27289f480, 0x000001f27150eec0, 0x000001f27150ba40, 0x000001f27150db10,
0x000001f27150e1a0, 0x000001f27150c0d0, 0x000001f271510270, 0x000001f275fdc060,
0x000001f275fdb340, 0x000001f275fd9f90, 0x000001f275fda620, 0x000001f275fddaa0,
0x000001f275fde130, 0x000001f275fdacb0, 0x000001f275fe0890, 0x000001f275fe15b0,
0x000001f275fe1c40, 0x000001f275fe0f20, 0x000001f275fdf4e0, 0x000001f275fdfb70,
0x000001f273251170, 0x000001f273251840
}

Java Threads: ( => current thread )
  0x000001f22fadfe10 JavaThread "main"                              [_thread_blocked, id=15140, stack(0x0000004b8b800000,0x0000004b8b900000) (1024K)]
  0x000001f24ec37aa0 JavaThread "Reference Handler"          daemon [_thread_blocked, id=15436, stack(0x0000004b8c000000,0x0000004b8c100000) (1024K)]
  0x000001f24ec3a500 JavaThread "Finalizer"                  daemon [_thread_blocked, id=10116, stack(0x0000004b8c100000,0x0000004b8c200000) (1024K)]
  0x000001f24ec3c990 JavaThread "Signal Dispatcher"          daemon [_thread_blocked, id=3932, stack(0x0000004b8c200000,0x0000004b8c300000) (1024K)]
  0x000001f24ec436b0 JavaThread "Attach Listener"            daemon [_thread_blocked, id=20844, stack(0x0000004b8c300000,0x0000004b8c400000) (1024K)]
  0x000001f24ec42300 JavaThread "Service Thread"             daemon [_thread_blocked, id=14904, stack(0x0000004b8c400000,0x0000004b8c500000) (1024K)]
  0x000001f24ec42d50 JavaThread "Monitor Deflation Thread"   daemon [_thread_blocked, id=19744, stack(0x0000004b8c500000,0x0000004b8c600000) (1024K)]
  0x000001f24f3ea1d0 JavaThread "C2 CompilerThread0"         daemon [_thread_blocked, id=7636, stack(0x0000004b8c600000,0x0000004b8c700000) (1024K)]
  0x000001f24ec46fb0 JavaThread "C1 CompilerThread0"         daemon [_thread_blocked, id=4724, stack(0x0000004b8c700000,0x0000004b8c800000) (1024K)]
  0x000001f24f4cb940 JavaThread "Common-Cleaner"             daemon [_thread_blocked, id=16256, stack(0x0000004b8c800000,0x0000004b8c900000) (1024K)]
  0x000001f24f6455d0 JavaThread "Notification Thread"        daemon [_thread_blocked, id=15268, stack(0x0000004b8ca00000,0x0000004b8cb00000) (1024K)]
  0x000001f2703844c0 JavaThread "Daemon health stats"               [_thread_blocked, id=19568, stack(0x0000004b8d100000,0x0000004b8d200000) (1024K)]
  0x000001f26f491510 JavaThread "Incoming local TCP Connector on port 58244"        [_thread_in_native, id=11580, stack(0x0000004b8d200000,0x0000004b8d300000) (1024K)]
  0x000001f270485810 JavaThread "Daemon periodic checks"            [_thread_blocked, id=2912, stack(0x0000004b8d300000,0x0000004b8d400000) (1024K)]
  0x000001f270a02c80 JavaThread "Daemon"                            [_thread_blocked, id=7556, stack(0x0000004b8d400000,0x0000004b8d500000) (1024K)]
  0x000001f270a33140 JavaThread "Daemon worker"                     [_thread_blocked, id=8672, stack(0x0000004b8d700000,0x0000004b8d800000) (1024K)]
  0x000001f270a2eab0 JavaThread "Cache worker for journal cache (C:\Users\Manohar Badri\.gradle\caches\journal-1)"        [_thread_blocked, id=10836, stack(0x0000004b8db00000,0x0000004b8dc00000) (1024K)]
  0x000001f270a2f140 JavaThread "File lock request listener"        [_thread_in_native, id=6740, stack(0x0000004b8dc00000,0x0000004b8dd00000) (1024K)]
  0x000001f270a2fe60 JavaThread "Cache worker for file hash cache (C:\Users\Manohar Badri\.gradle\caches\9.4.1\fileHashes)"        [_thread_blocked, id=13660, stack(0x0000004b8dd00000,0x0000004b8de00000) (1024K)]
  0x000001f27150e830 JavaThread "File watcher server"        daemon [_thread_blocked, id=11092, stack(0x0000004b8e600000,0x0000004b8e700000) (1024K)]
  0x000001f27150d480 JavaThread "File watcher consumer"      daemon [_thread_blocked, id=19320, stack(0x0000004b8e700000,0x0000004b8e800000) (1024K)]
  0x000001f27150c760 JavaThread "Cache worker for file content cache (C:\Users\Manohar Badri\.gradle\caches\9.4.1\fileContent)"        [_thread_blocked, id=16072, stack(0x0000004b8e800000,0x0000004b8e900000) (1024K)]
  0x000001f24f9b63b0 JavaThread "Memory manager"                    [_thread_blocked, id=3828, stack(0x0000004b8f800000,0x0000004b8f900000) (1024K)]
  0x000001f27289da40 JavaThread "VFS cleanup"                       [_thread_blocked, id=10404, stack(0x0000004b8d800000,0x0000004b8d900000) (1024K)]
  0x000001f27289cd20 JavaThread "Handler for socket connection from /127.0.0.1:58244 to /127.0.0.1:58250"        [_thread_in_native, id=11188, stack(0x0000004b8cb00000,0x0000004b8cc00000) (1024K)]
  0x000001f27289e0d0 JavaThread "Cancel handler"                    [_thread_blocked, id=1516, stack(0x0000004b8d500000,0x0000004b8d600000) (1024K)]
  0x000001f27289e760 JavaThread "Asynchronous log dispatcher for DefaultDaemonConnection: socket connection from /127.0.0.1:58244 to /127.0.0.1:58250"        [_thread_blocked, id=15640, stack(0x0000004b8d600000,0x0000004b8d700000) (1024K)]
  0x000001f27289c000 JavaThread "Stdin handler"                     [_thread_blocked, id=4528, stack(0x0000004b8d900000,0x0000004b8da00000) (1024K)]
  0x000001f27289b2e0 JavaThread "Daemon client event forwarder"        [_thread_blocked, id=18436, stack(0x0000004b8da00000,0x0000004b8db00000) (1024K)]
  0x000001f27289edf0 JavaThread "Cache worker for file hash cache (C:\Users\Manohar Badri\AndroidStudioProjects\AgriNova\.gradle\9.4.1\fileHashes)"        [_thread_blocked, id=12184, stack(0x0000004b8e400000,0x0000004b8e500000) (1024K)]
  0x000001f27289c690 JavaThread "Cache worker for Build Output Cleanup Cache (C:\Users\Manohar Badri\AndroidStudioProjects\AgriNova\.gradle\buildOutputCleanup)"        [_thread_blocked, id=19136, stack(0x0000004b8e500000,0x0000004b8e600000) (1024K)]
  0x000001f27289b970 JavaThread "Cache worker for checksums cache (C:\Users\Manohar Badri\AndroidStudioProjects\AgriNova\.gradle\9.4.1\checksums)"        [_thread_blocked, id=12664, stack(0x0000004b8ea00000,0x0000004b8eb00000) (1024K)]
  0x000001f2728a1550 JavaThread "Cache worker for cache directory md-supplier (C:\Users\Manohar Badri\.gradle\caches\9.4.1\md-supplier)"        [_thread_blocked, id=18444, stack(0x0000004b8eb00000,0x0000004b8ec00000) (1024K)]
  0x000001f2728a0830 JavaThread "Cache worker for cache directory md-rule (C:\Users\Manohar Badri\.gradle\caches\9.4.1\md-rule)"        [_thread_blocked, id=8528, stack(0x0000004b8ec00000,0x0000004b8ed00000) (1024K)]
  0x000001f2728a2900 JavaThread "Build operations"                  [_thread_blocked, id=18636, stack(0x0000004b8ed00000,0x0000004b8ee00000) (1024K)]
  0x000001f2728a1be0 JavaThread "Build operations Thread 2"         [_thread_blocked, id=11384, stack(0x0000004b8ee00000,0x0000004b8ef00000) (1024K)]
  0x000001f2728a2270 JavaThread "Build operations Thread 3"         [_thread_blocked, id=8660, stack(0x0000004b8ef00000,0x0000004b8f000000) (1024K)]
  0x000001f27289fb10 JavaThread "Build operations Thread 4"         [_thread_blocked, id=6288, stack(0x0000004b8f000000,0x0000004b8f100000) (1024K)]
  0x000001f2728a01a0 JavaThread "Build operations Thread 5"         [_thread_blocked, id=8832, stack(0x0000004b8f100000,0x0000004b8f200000) (1024K)]
  0x000001f2728a0ec0 JavaThread "Build operations Thread 6"         [_thread_blocked, id=18908, stack(0x0000004b8f200000,0x0000004b8f300000) (1024K)]
  0x000001f27289f480 JavaThread "Build operations Thread 7"         [_thread_blocked, id=9416, stack(0x0000004b8f300000,0x0000004b8f400000) (1024K)]
  0x000001f27150eec0 JavaThread "Build operations Thread 8"         [_thread_blocked, id=7564, stack(0x0000004b8f400000,0x0000004b8f500000) (1024K)]
  0x000001f27150ba40 JavaThread "Build operations Thread 9"         [_thread_blocked, id=11268, stack(0x0000004b8f500000,0x0000004b8f600000) (1024K)]
  0x000001f27150db10 JavaThread "Build operations Thread 10"        [_thread_blocked, id=4080, stack(0x0000004b8f600000,0x0000004b8f700000) (1024K)]
  0x000001f27150e1a0 JavaThread "Build operations Thread 11"        [_thread_blocked, id=7652, stack(0x0000004b8f700000,0x0000004b8f800000) (1024K)]
  0x000001f27150c0d0 JavaThread "Build operations Thread 12"        [_thread_blocked, id=11644, stack(0x0000004b8f900000,0x0000004b8fa00000) (1024K)]
  0x000001f271510270 JavaThread "Problems report writer"            [_thread_blocked, id=9988, stack(0x0000004b8fb00000,0x0000004b8fc00000) (1024K)]
  0x000001f275fdc060 JavaThread "included builds"                   [_thread_blocked, id=8364, stack(0x0000004b8fc00000,0x0000004b8fd00000) (1024K)]
  0x000001f275fdb340 JavaThread "Execution worker"                  [_thread_blocked, id=10064, stack(0x0000004b8fd00000,0x0000004b8fe00000) (1024K)]
  0x000001f275fd9f90 JavaThread "Execution worker Thread 2"         [_thread_blocked, id=9316, stack(0x0000004b8fe00000,0x0000004b8ff00000) (1024K)]
  0x000001f275fda620 JavaThread "Execution worker Thread 3"         [_thread_blocked, id=1872, stack(0x0000004b8ff00000,0x0000004b90000000) (1024K)]
  0x000001f275fddaa0 JavaThread "Execution worker Thread 4"         [_thread_blocked, id=13640, stack(0x0000004b90000000,0x0000004b90100000) (1024K)]
  0x000001f275fde130 JavaThread "Execution worker Thread 5"         [_thread_blocked, id=17748, stack(0x0000004b90100000,0x0000004b90200000) (1024K)]
  0x000001f275fdacb0 JavaThread "Execution worker Thread 6"         [_thread_blocked, id=4324, stack(0x0000004b90200000,0x0000004b90300000) (1024K)]
  0x000001f275fe0890 JavaThread "Execution worker Thread 7"         [_thread_blocked, id=1948, stack(0x0000004b90300000,0x0000004b90400000) (1024K)]
  0x000001f275fe15b0 JavaThread "Execution worker Thread 8"         [_thread_blocked, id=15772, stack(0x0000004b90400000,0x0000004b90500000) (1024K)]
  0x000001f275fe1c40 JavaThread "Execution worker Thread 9"         [_thread_blocked, id=2660, stack(0x0000004b90500000,0x0000004b90600000) (1024K)]
  0x000001f275fe0f20 JavaThread "Execution worker Thread 10"        [_thread_blocked, id=16364, stack(0x0000004b90600000,0x0000004b90700000) (1024K)]
  0x000001f275fdf4e0 JavaThread "Execution worker Thread 11"        [_thread_blocked, id=16344, stack(0x0000004b90800000,0x0000004b90900000) (1024K)]
  0x000001f275fdfb70 JavaThread "Cache worker for execution history cache (C:\Users\Manohar Badri\AndroidStudioProjects\AgriNova\.gradle\9.4.1\executionHistory)"        [_thread_blocked, id=8700, stack(0x0000004b90900000,0x0000004b90a00000) (1024K)]
  0x000001f273251170 JavaThread "C2 CompilerThread1"         daemon [_thread_blocked, id=4004, stack(0x0000004b8e900000,0x0000004b8ea00000) (1024K)]
  0x000001f273251840 JavaThread "C2 CompilerThread2"         daemon [_thread_blocked, id=15972, stack(0x0000004b8fa00000,0x0000004b8fb00000) (1024K)]
Total: 62

Other Threads:
=>0x000001f24ec168c0 VMThread "VM Thread"                           [id=21456, stack(0x0000004b8bf00000,0x0000004b8c000000) (1024K)]
  0x000001f24ec044c0 WatcherThread "VM Periodic Task Thread"        [id=1936, stack(0x0000004b8be00000,0x0000004b8bf00000) (1024K)]
  0x000001f22fb49cc0 WorkerThread "GC Thread#0"                     [id=21144, stack(0x0000004b8b900000,0x0000004b8ba00000) (1024K)]
  0x000001f26f60a280 WorkerThread "GC Thread#1"                     [id=10132, stack(0x0000004b8cc00000,0x0000004b8cd00000) (1024K)]
  0x000001f26f60a620 WorkerThread "GC Thread#2"                     [id=21156, stack(0x0000004b8cd00000,0x0000004b8ce00000) (1024K)]
  0x000001f26f157400 WorkerThread "GC Thread#3"                     [id=14300, stack(0x0000004b8ce00000,0x0000004b8cf00000) (1024K)]
  0x000001f26f1577a0 WorkerThread "GC Thread#4"                     [id=20228, stack(0x0000004b8cf00000,0x0000004b8d000000) (1024K)]
  0x000001f26f158360 WorkerThread "GC Thread#5"                     [id=20200, stack(0x0000004b8d000000,0x0000004b8d100000) (1024K)]
  0x000001f27286a480 WorkerThread "GC Thread#6"                     [id=7552, stack(0x0000004b8de00000,0x0000004b8df00000) (1024K)]
  0x000001f272869d40 WorkerThread "GC Thread#7"                     [id=10396, stack(0x0000004b8df00000,0x0000004b8e000000) (1024K)]
  0x000001f272868b20 WorkerThread "GC Thread#8"                     [id=13348, stack(0x0000004b8e000000,0x0000004b8e100000) (1024K)]
  0x000001f272868ec0 WorkerThread "GC Thread#9"                     [id=12256, stack(0x0000004b8e100000,0x0000004b8e200000) (1024K)]
  0x000001f22fb5abb0 ConcurrentGCThread "G1 Main Marker"            [id=17568, stack(0x0000004b8ba00000,0x0000004b8bb00000) (1024K)]
  0x000001f22fb5b5c0 WorkerThread "G1 Conc#0"                       [id=20564, stack(0x0000004b8bb00000,0x0000004b8bc00000) (1024K)]
  0x000001f2728699a0 WorkerThread "G1 Conc#1"                       [id=13608, stack(0x0000004b8e200000,0x0000004b8e300000) (1024K)]
  0x000001f272869260 WorkerThread "G1 Conc#2"                       [id=7436, stack(0x0000004b8e300000,0x0000004b8e400000) (1024K)]
  0x000001f22fb9e6d0 ConcurrentGCThread "G1 Refine#0"               [id=7132, stack(0x0000004b8bc00000,0x0000004b8bd00000) (1024K)]
  0x000001f24eada180 ConcurrentGCThread "G1 Service"                [id=4612, stack(0x0000004b8bd00000,0x0000004b8be00000) (1024K)]
Total: 18

Threads with active compile tasks:
C2 CompilerThread0  57613 19836       4       org.objectweb.asm.ClassReader::readCode (5117 bytes)
C1 CompilerThread0  57613 19873       1       java.nio.channels.FileLock::isShared (5 bytes)
C2 CompilerThread1  57613 19853       4       java.util.zip.ZipUtils::SH (21 bytes)
C2 CompilerThread2  57614 19849       4       org.objectweb.asm.SymbolTable::addConstantUtf8Reference (101 bytes)
Total: 4

VM state: at safepoint (normal execution)

VM Mutex/Monitor currently owned by a thread:  ([mutex/lock_event])
[0x00007ffd9de3e308] Threads_lock - owner thread: 0x000001f24ec168c0
[0x00007ffd9de3e408] Heap_lock - owner thread: 0x000001f27289f480

Heap address: 0x0000000700000000, size: 4096 MB, Compressed Oops mode: Zero based, Oop shift amount: 3

CDS archive(s) mapped at: [0x000001f250000000-0x000001f250c80000-0x000001f250c80000), size 13107200, SharedBaseAddress: 0x000001f250000000, ArchiveRelocationMode: 1.
Compressed class space mapped at: 0x000001f251000000-0x000001f26b000000, reserved size: 436207616
Narrow klass base: 0x000001f250000000, Narrow klass shift: 0, Narrow klass range: 0x100000000

GC Precious Log:
 CardTable entry size: 512
 Card Set container configuration: InlinePtr #cards 4 size 8 Array Of Cards #cards 16 size 48 Howl #buckets 8 coarsen threshold 3686 Howl Bitmap #cards 512 size 80 coarsen threshold 460 Card regions per heap region 1 cards per card region 4096
 CPUs: 12 total, 12 available
 Memory: 16027M
 Large Page Support: Disabled
 NUMA Support: Disabled
 Compressed Oops: Enabled (Zero based)
 Heap Region Size: 2M
 Heap Min Capacity: 8M
 Heap Initial Capacity: 252M
 Heap Max Capacity: 4G
 Pre-touch: Disabled
 Parallel Workers: 10
 Concurrent Workers: 3
 Concurrent Refinement Workers: 10
 Periodic GC: Disabled

Heap:
 garbage-first heap   total 387072K, used 238023K [0x0000000700000000, 0x0000000800000000)
  region size 2048K, 5 young (10240K), 5 survivors (10240K)
 Metaspace       used 157916K, committed 160384K, reserved 622592K
  class space    used 20024K, committed 21248K, reserved 425984K

Heap Regions: E=young(eden), S=young(survivor), O=old, HS=humongous(starts), HC=humongous(continues), CS=collection set, F=free, TAMS=top-at-mark-start, PB=parsable bottom
|   0|0x0000000700000000, 0x0000000700200000, 0x0000000700200000|100%|HS|  |TAMS 0x0000000700200000| PB 0x0000000700000000| Complete 
|   1|0x0000000700200000, 0x0000000700400000, 0x0000000700400000|100%|HC|  |TAMS 0x0000000700400000| PB 0x0000000700200000| Complete 
|   2|0x0000000700400000, 0x0000000700600000, 0x0000000700600000|100%| O|  |TAMS 0x0000000700600000| PB 0x0000000700400000| Untracked 
|   3|0x0000000700600000, 0x0000000700800000, 0x0000000700800000|100%| O|  |TAMS 0x0000000700800000| PB 0x0000000700600000| Untracked 
|   4|0x0000000700800000, 0x0000000700a00000, 0x0000000700a00000|100%| O|  |TAMS 0x0000000700a00000| PB 0x0000000700800000| Untracked 
|   5|0x0000000700a00000, 0x0000000700c00000, 0x0000000700c00000|100%| O|  |TAMS 0x0000000700c00000| PB 0x0000000700a00000| Untracked 
|   6|0x0000000700c00000, 0x0000000700e00000, 0x0000000700e00000|100%| O|  |TAMS 0x0000000700c00000| PB 0x0000000700c00000| Untracked 
|   7|0x0000000700e00000, 0x0000000701000000, 0x0000000701000000|100%| O|  |TAMS 0x0000000701000000| PB 0x0000000700e00000| Untracked 
|   8|0x0000000701000000, 0x0000000701200000, 0x0000000701200000|100%| O|  |TAMS 0x0000000701200000| PB 0x0000000701000000| Untracked 
|   9|0x0000000701200000, 0x0000000701400000, 0x0000000701400000|100%| O|  |TAMS 0x0000000701400000| PB 0x0000000701200000| Untracked 
|  10|0x0000000701400000, 0x0000000701600000, 0x0000000701600000|100%| O|  |TAMS 0x0000000701600000| PB 0x0000000701400000| Untracked 
|  11|0x0000000701600000, 0x0000000701800000, 0x0000000701800000|100%| O|  |TAMS 0x0000000701800000| PB 0x0000000701600000| Updating 
|  12|0x0000000701800000, 0x0000000701a00000, 0x0000000701a00000|100%| O|  |TAMS 0x0000000701a00000| PB 0x0000000701800000| Updating 
|  13|0x0000000701a00000, 0x0000000701c00000, 0x0000000701c00000|100%| O|  |TAMS 0x0000000701c00000| PB 0x0000000701a00000| Untracked 
|  14|0x0000000701c00000, 0x0000000701e00000, 0x0000000701e00000|100%| O|  |TAMS 0x0000000701e00000| PB 0x0000000701c00000| Updating 
|  15|0x0000000701e00000, 0x0000000702000000, 0x0000000702000000|100%| O|  |TAMS 0x0000000702000000| PB 0x0000000701e00000| Untracked 
|  16|0x0000000702000000, 0x0000000702200000, 0x0000000702200000|100%| O|  |TAMS 0x0000000702200000| PB 0x0000000702000000| Updating 
|  17|0x0000000702200000, 0x0000000702400000, 0x0000000702400000|100%| O|  |TAMS 0x0000000702400000| PB 0x0000000702200000| Updating 
|  18|0x0000000702400000, 0x0000000702600000, 0x0000000702600000|100%| O|  |TAMS 0x0000000702600000| PB 0x0000000702400000| Updating 
|  19|0x0000000702600000, 0x0000000702800000, 0x0000000702800000|100%| O|  |TAMS 0x0000000702800000| PB 0x0000000702600000| Updating 
|  20|0x0000000702800000, 0x0000000702a00000, 0x0000000702a00000|100%| O|  |TAMS 0x0000000702a00000| PB 0x0000000702800000| Updating 
|  21|0x0000000702a00000, 0x0000000702c00000, 0x0000000702c00000|100%| O|  |TAMS 0x0000000702c00000| PB 0x0000000702a00000| Updating 
|  22|0x0000000702c00000, 0x0000000702e00000, 0x0000000702e00000|100%| O|  |TAMS 0x0000000702e00000| PB 0x0000000702c00000| Updating 
|  23|0x0000000702e00000, 0x0000000703000000, 0x0000000703000000|100%| O|  |TAMS 0x0000000703000000| PB 0x0000000702e00000| Updating 
|  24|0x0000000703000000, 0x0000000703200000, 0x0000000703200000|100%| O|  |TAMS 0x0000000703200000| PB 0x0000000703000000| Updating 
|  25|0x0000000703200000, 0x0000000703400000, 0x0000000703400000|100%| O|  |TAMS 0x0000000703400000| PB 0x0000000703200000| Untracked 
|  26|0x0000000703400000, 0x0000000703600000, 0x0000000703600000|100%| O|  |TAMS 0x0000000703600000| PB 0x0000000703400000| Updating 
|  27|0x0000000703600000, 0x0000000703800000, 0x0000000703800000|100%| O|  |TAMS 0x0000000703800000| PB 0x0000000703600000| Updating 
|  28|0x0000000703800000, 0x0000000703a00000, 0x0000000703a00000|100%| O|  |TAMS 0x0000000703800000| PB 0x0000000703800000| Untracked 
|  29|0x0000000703a00000, 0x0000000703c00000, 0x0000000703c00000|100%| O|  |TAMS 0x0000000703c00000| PB 0x0000000703a00000| Updating 
|  30|0x0000000703c00000, 0x0000000703e00000, 0x0000000703e00000|100%| O|  |TAMS 0x0000000703c00000| PB 0x0000000703c00000| Untracked 
|  31|0x0000000703e00000, 0x0000000704000000, 0x0000000704000000|100%| O|  |TAMS 0x0000000703e00000| PB 0x0000000703e00000| Untracked 
|  32|0x0000000704000000, 0x0000000704200000, 0x0000000704200000|100%| O|  |TAMS 0x0000000704000000| PB 0x0000000704000000| Untracked 
|  33|0x0000000704200000, 0x0000000704400000, 0x0000000704400000|100%| O|  |TAMS 0x0000000704200000| PB 0x0000000704200000| Untracked 
|  34|0x0000000704400000, 0x0000000704600000, 0x0000000704600000|100%| O|  |TAMS 0x0000000704600000| PB 0x0000000704400000| Untracked 
|  35|0x0000000704600000, 0x00000007047a5bc0, 0x0000000704800000| 82%| O|  |TAMS 0x0000000704600000| PB 0x0000000704600000| Updating 
|  36|0x0000000704800000, 0x0000000704a00000, 0x0000000704a00000|100%| O|  |TAMS 0x0000000704a00000| PB 0x0000000704800000| Updating 
|  37|0x0000000704a00000, 0x0000000704c00000, 0x0000000704c00000|100%| O|  |TAMS 0x0000000704c00000| PB 0x0000000704a00000| Untracked 
|  38|0x0000000704c00000, 0x0000000704e00000, 0x0000000704e00000|100%| O|  |TAMS 0x0000000704e00000| PB 0x0000000704c00000| Untracked 
|  39|0x0000000704e00000, 0x0000000705000000, 0x0000000705000000|100%|HS|  |TAMS 0x0000000704e00000| PB 0x0000000704e00000| Complete 
|  40|0x0000000705000000, 0x0000000705200000, 0x0000000705200000|100%|HC|  |TAMS 0x0000000705000000| PB 0x0000000705000000| Complete 
|  41|0x0000000705200000, 0x0000000705400000, 0x0000000705400000|100%|HC|  |TAMS 0x0000000705200000| PB 0x0000000705200000| Complete 
|  42|0x0000000705400000, 0x0000000705400000, 0x0000000705600000|  0%| F|  |TAMS 0x0000000705400000| PB 0x0000000705400000| Untracked 
|  43|0x0000000705600000, 0x0000000705800000, 0x0000000705800000|100%| O|  |TAMS 0x0000000705800000| PB 0x0000000705600000| Updating 
|  44|0x0000000705800000, 0x0000000705a00000, 0x0000000705a00000|100%| O|  |TAMS 0x0000000705a00000| PB 0x0000000705800000| Updating 
|  45|0x0000000705a00000, 0x0000000705c00000, 0x0000000705c00000|100%| O|  |TAMS 0x0000000705c00000| PB 0x0000000705a00000| Untracked 
|  46|0x0000000705c00000, 0x0000000705e00000, 0x0000000705e00000|100%| O|  |TAMS 0x0000000705e00000| PB 0x0000000705c00000| Untracked 
|  47|0x0000000705e00000, 0x0000000705e00000, 0x0000000706000000|  0%| F|  |TAMS 0x0000000705e00000| PB 0x0000000705e00000| Untracked 
|  48|0x0000000706000000, 0x0000000706200000, 0x0000000706200000|100%| O|  |TAMS 0x0000000706200000| PB 0x0000000706000000| Updating 
|  49|0x0000000706200000, 0x0000000706400000, 0x0000000706400000|100%| O|  |TAMS 0x0000000706400000| PB 0x0000000706200000| Untracked 
|  50|0x0000000706400000, 0x0000000706600000, 0x0000000706600000|100%| O|  |TAMS 0x0000000706600000| PB 0x0000000706400000| Updating 
|  51|0x0000000706600000, 0x0000000706800000, 0x0000000706800000|100%| O|  |TAMS 0x0000000706800000| PB 0x0000000706600000| Untracked 
|  52|0x0000000706800000, 0x0000000706a00000, 0x0000000706a00000|100%| O|  |TAMS 0x0000000706a00000| PB 0x0000000706800000| Untracked 
|  53|0x0000000706a00000, 0x0000000706c00000, 0x0000000706c00000|100%| O|  |TAMS 0x0000000706c00000| PB 0x0000000706a00000| Updating 
|  54|0x0000000706c00000, 0x0000000706e00000, 0x0000000706e00000|100%| O|  |TAMS 0x0000000706e00000| PB 0x0000000706c00000| Updating 
|  55|0x0000000706e00000, 0x0000000707000000, 0x0000000707000000|100%| O|  |TAMS 0x0000000707000000| PB 0x0000000706e00000| Updating 
|  56|0x0000000707000000, 0x0000000707200000, 0x0000000707200000|100%| O|  |TAMS 0x0000000707200000| PB 0x0000000707000000| Updating 
|  57|0x0000000707200000, 0x0000000707400000, 0x0000000707400000|100%| O|  |TAMS 0x0000000707400000| PB 0x0000000707200000| Untracked 
|  58|0x0000000707400000, 0x0000000707600000, 0x0000000707600000|100%| O|  |TAMS 0x0000000707600000| PB 0x0000000707400000| Untracked 
|  59|0x0000000707600000, 0x0000000707800000, 0x0000000707800000|100%| O|  |TAMS 0x0000000707800000| PB 0x0000000707600000| Updating 
|  60|0x0000000707800000, 0x0000000707a00000, 0x0000000707a00000|100%| O|  |TAMS 0x0000000707a00000| PB 0x0000000707800000| Updating 
|  61|0x0000000707a00000, 0x0000000707a00000, 0x0000000707c00000|  0%| F|  |TAMS 0x0000000707a00000| PB 0x0000000707a00000| Untracked 
|  62|0x0000000707c00000, 0x0000000707c00000, 0x0000000707e00000|  0%| F|  |TAMS 0x0000000707c00000| PB 0x0000000707c00000| Untracked 
|  63|0x0000000707e00000, 0x0000000707e00000, 0x0000000708000000|  0%| F|  |TAMS 0x0000000707e00000| PB 0x0000000707e00000| Untracked 
|  64|0x0000000708000000, 0x0000000708200000, 0x0000000708200000|100%| O|  |TAMS 0x0000000708200000| PB 0x0000000708000000| Untracked 
|  65|0x0000000708200000, 0x0000000708400000, 0x0000000708400000|100%| O|  |TAMS 0x0000000708400000| PB 0x0000000708200000| Untracked 
|  66|0x0000000708400000, 0x0000000708600000, 0x0000000708600000|100%| O|  |TAMS 0x0000000708600000| PB 0x0000000708400000| Untracked 
|  67|0x0000000708600000, 0x0000000708800000, 0x0000000708800000|100%|HS|  |TAMS 0x0000000708600000| PB 0x0000000708600000| Complete 
|  68|0x0000000708800000, 0x0000000708a00000, 0x0000000708a00000|100%|HC|  |TAMS 0x0000000708800000| PB 0x0000000708800000| Complete 
|  69|0x0000000708a00000, 0x0000000708a00000, 0x0000000708c00000|  0%| F|  |TAMS 0x0000000708a00000| PB 0x0000000708a00000| Untracked 
|  70|0x0000000708c00000, 0x0000000708e00000, 0x0000000708e00000|100%| O|  |TAMS 0x0000000708e00000| PB 0x0000000708c00000| Untracked 
|  71|0x0000000708e00000, 0x0000000709000000, 0x0000000709000000|100%| O|  |TAMS 0x0000000709000000| PB 0x0000000708e00000| Untracked 
|  72|0x0000000709000000, 0x0000000709200000, 0x0000000709200000|100%| O|  |TAMS 0x0000000709200000| PB 0x0000000709000000| Untracked 
|  73|0x0000000709200000, 0x0000000709400000, 0x0000000709400000|100%| O|  |TAMS 0x0000000709400000| PB 0x0000000709200000| Updating 
|  74|0x0000000709400000, 0x0000000709600000, 0x0000000709600000|100%| O|  |TAMS 0x0000000709600000| PB 0x0000000709400000| Untracked 
|  75|0x0000000709600000, 0x0000000709800000, 0x0000000709800000|100%| O|  |TAMS 0x0000000709800000| PB 0x0000000709600000| Untracked 
|  76|0x0000000709800000, 0x0000000709a00000, 0x0000000709a00000|100%| O|  |TAMS 0x0000000709a00000| PB 0x0000000709800000| Untracked 
|  77|0x0000000709a00000, 0x0000000709a00000, 0x0000000709c00000|  0%| F|  |TAMS 0x0000000709a00000| PB 0x0000000709a00000| Untracked 
|  78|0x0000000709c00000, 0x0000000709e00000, 0x0000000709e00000|100%| O|  |TAMS 0x0000000709e00000| PB 0x0000000709c00000| Updating 
|  79|0x0000000709e00000, 0x0000000709e00000, 0x000000070a000000|  0%| F|  |TAMS 0x0000000709e00000| PB 0x0000000709e00000| Untracked 
|  80|0x000000070a000000, 0x000000070a200000, 0x000000070a200000|100%| O|  |TAMS 0x000000070a200000| PB 0x000000070a000000| Updating 
|  81|0x000000070a200000, 0x000000070a400000, 0x000000070a400000|100%| O|  |TAMS 0x000000070a400000| PB 0x000000070a200000| Updating 
|  82|0x000000070a400000, 0x000000070a600000, 0x000000070a600000|100%| O|  |TAMS 0x000000070a600000| PB 0x000000070a400000| Updating 
|  83|0x000000070a600000, 0x000000070a800000, 0x000000070a800000|100%| O|  |TAMS 0x000000070a800000| PB 0x000000070a600000| Updating 
|  84|0x000000070a800000, 0x000000070a800000, 0x000000070aa00000|  0%| F|  |TAMS 0x000000070a800000| PB 0x000000070a800000| Untracked 
|  85|0x000000070aa00000, 0x000000070aa00000, 0x000000070ac00000|  0%| F|  |TAMS 0x000000070aa00000| PB 0x000000070aa00000| Untracked 
|  86|0x000000070ac00000, 0x000000070ac00000, 0x000000070ae00000|  0%| F|  |TAMS 0x000000070ac00000| PB 0x000000070ac00000| Untracked 
|  87|0x000000070ae00000, 0x000000070ae00000, 0x000000070b000000|  0%| F|  |TAMS 0x000000070ae00000| PB 0x000000070ae00000| Untracked 
|  88|0x000000070b000000, 0x000000070b000000, 0x000000070b200000|  0%| F|  |TAMS 0x000000070b000000| PB 0x000000070b000000| Untracked 
|  89|0x000000070b200000, 0x000000070b400000, 0x000000070b400000|100%| O|  |TAMS 0x000000070b400000| PB 0x000000070b200000| Updating 
|  90|0x000000070b400000, 0x000000070b600000, 0x000000070b600000|100%| O|  |TAMS 0x000000070b600000| PB 0x000000070b400000| Updating 
|  91|0x000000070b600000, 0x000000070b800000, 0x000000070b800000|100%| O|  |TAMS 0x000000070b800000| PB 0x000000070b600000| Updating 
|  92|0x000000070b800000, 0x000000070ba00000, 0x000000070ba00000|100%| O|  |TAMS 0x000000070ba00000| PB 0x000000070b800000| Updating 
|  93|0x000000070ba00000, 0x000000070bc00000, 0x000000070bc00000|100%| O|  |TAMS 0x000000070bc00000| PB 0x000000070ba00000| Updating 
|  94|0x000000070bc00000, 0x000000070be00000, 0x000000070be00000|100%| O|  |TAMS 0x000000070be00000| PB 0x000000070bc00000| Untracked 
|  95|0x000000070be00000, 0x000000070c000000, 0x000000070c000000|100%| O|  |TAMS 0x000000070c000000| PB 0x000000070be00000| Untracked 
|  96|0x000000070c000000, 0x000000070c200000, 0x000000070c200000|100%| O|  |TAMS 0x000000070c200000| PB 0x000000070c000000| Untracked 
|  97|0x000000070c200000, 0x000000070c400000, 0x000000070c400000|100%| O|  |TAMS 0x000000070c400000| PB 0x000000070c200000| Untracked 
|  98|0x000000070c400000, 0x000000070c600000, 0x000000070c600000|100%| O|  |TAMS 0x000000070c600000| PB 0x000000070c400000| Updating 
|  99|0x000000070c600000, 0x000000070c800000, 0x000000070c800000|100%| O|  |TAMS 0x000000070c800000| PB 0x000000070c600000| Updating 
| 100|0x000000070c800000, 0x000000070ca00000, 0x000000070ca00000|100%| O|  |TAMS 0x000000070ca00000| PB 0x000000070c800000| Updating 
| 101|0x000000070ca00000, 0x000000070cc00000, 0x000000070cc00000|100%| O|  |TAMS 0x000000070cc00000| PB 0x000000070cc00000| Untracked 
| 102|0x000000070cc00000, 0x000000070ce00000, 0x000000070ce00000|100%| O|  |TAMS 0x000000070ce00000| PB 0x000000070ce00000| Untracked 
| 103|0x000000070ce00000, 0x000000070d000000, 0x000000070d000000|100%| O|  |TAMS 0x000000070d000000| PB 0x000000070d000000| Updating 
| 104|0x000000070d000000, 0x000000070d200000, 0x000000070d200000|100%| O|  |TAMS 0x000000070d200000| PB 0x000000070d200000| Updating 
| 105|0x000000070d200000, 0x000000070d400000, 0x000000070d400000|100%| O|  |TAMS 0x000000070d400000| PB 0x000000070d400000| Updating 
| 106|0x000000070d400000, 0x000000070d600000, 0x000000070d600000|100%| O|  |TAMS 0x000000070d600000| PB 0x000000070d600000| Untracked 
| 107|0x000000070d600000, 0x000000070d800000, 0x000000070d800000|100%| O|  |TAMS 0x000000070d800000| PB 0x000000070d800000| Untracked 
| 108|0x000000070d800000, 0x000000070da00000, 0x000000070da00000|100%| O|  |TAMS 0x000000070da00000| PB 0x000000070da00000| Untracked 
| 109|0x000000070da00000, 0x000000070dc00000, 0x000000070dc00000|100%| O|  |TAMS 0x000000070dc00000| PB 0x000000070dc00000| Untracked 
| 110|0x000000070dc00000, 0x000000070de00000, 0x000000070de00000|100%| O|  |TAMS 0x000000070de00000| PB 0x000000070de00000| Untracked 
| 111|0x000000070de00000, 0x000000070e000000, 0x000000070e000000|100%| O|  |TAMS 0x000000070e000000| PB 0x000000070e000000| Untracked 
| 112|0x000000070e000000, 0x000000070e200000, 0x000000070e200000|100%| O|  |TAMS 0x000000070e200000| PB 0x000000070e200000| Untracked 
| 113|0x000000070e200000, 0x000000070e400000, 0x000000070e400000|100%| O|  |TAMS 0x000000070e400000| PB 0x000000070e400000| Updating 
| 114|0x000000070e400000, 0x000000070e600000, 0x000000070e600000|100%| O|  |TAMS 0x000000070e5de040| PB 0x000000070e5de040| Updating 
| 115|0x000000070e600000, 0x000000070e800000, 0x000000070e800000|100%|HS|  |TAMS 0x000000070e600000| PB 0x000000070e600000| Complete 
| 116|0x000000070e800000, 0x000000070ea00000, 0x000000070ea00000|100%|HC|  |TAMS 0x000000070e800000| PB 0x000000070e800000| Complete 
| 117|0x000000070ea00000, 0x000000070ec00000, 0x000000070ec00000|100%|HS|  |TAMS 0x000000070ea00000| PB 0x000000070ea00000| Complete 
| 118|0x000000070ec00000, 0x000000070ee00000, 0x000000070ee00000|100%|HC|  |TAMS 0x000000070ec00000| PB 0x000000070ec00000| Complete 
| 119|0x000000070ee00000, 0x000000070f000000, 0x000000070f000000|100%| O|  |TAMS 0x000000070f000000| PB 0x000000070f000000| Untracked 
| 120|0x000000070f000000, 0x000000070f200000, 0x000000070f200000|100%| O|  |TAMS 0x000000070f200000| PB 0x000000070f200000| Untracked 
| 121|0x000000070f200000, 0x000000070f400000, 0x000000070f400000|100%| O|  |TAMS 0x000000070f400000| PB 0x000000070f400000| Untracked 
| 122|0x000000070f400000, 0x000000070f600000, 0x000000070f600000|100%| O|  |TAMS 0x000000070f600000| PB 0x000000070f600000| Updating 
| 123|0x000000070f600000, 0x000000070f800000, 0x000000070f800000|100%| O|  |TAMS 0x000000070f800000| PB 0x000000070f800000| Updating 
| 124|0x000000070f800000, 0x000000070f800000, 0x000000070fa00000|  0%| F|  |TAMS 0x000000070f800000| PB 0x000000070f800000| Untracked 
| 125|0x000000070fa00000, 0x000000070fa00000, 0x000000070fc00000|  0%| F|  |TAMS 0x000000070fa00000| PB 0x000000070fa00000| Untracked 
| 126|0x000000070fc00000, 0x000000070fc00000, 0x000000070fe00000|  0%| F|  |TAMS 0x000000070fc00000| PB 0x000000070fc00000| Untracked 
| 127|0x000000070fe00000, 0x000000070fe00000, 0x0000000710000000|  0%| F|  |TAMS 0x000000070fe00000| PB 0x000000070fe00000| Untracked 
| 128|0x0000000710000000, 0x0000000710000000, 0x0000000710200000|  0%| F|  |TAMS 0x0000000710000000| PB 0x0000000710000000| Untracked 
| 129|0x0000000710200000, 0x0000000710200000, 0x0000000710400000|  0%| F|  |TAMS 0x0000000710200000| PB 0x0000000710200000| Untracked 
| 130|0x0000000710400000, 0x0000000710400000, 0x0000000710600000|  0%| F|  |TAMS 0x0000000710400000| PB 0x0000000710400000| Untracked 
| 131|0x0000000710600000, 0x0000000710600000, 0x0000000710800000|  0%| F|  |TAMS 0x0000000710600000| PB 0x0000000710600000| Untracked 
| 132|0x0000000710800000, 0x0000000710800000, 0x0000000710a00000|  0%| F|  |TAMS 0x0000000710800000| PB 0x0000000710800000| Untracked 
| 133|0x0000000710a00000, 0x0000000710a00000, 0x0000000710c00000|  0%| F|  |TAMS 0x0000000710a00000| PB 0x0000000710a00000| Untracked 
| 134|0x0000000710c00000, 0x0000000710c00000, 0x0000000710e00000|  0%| F|  |TAMS 0x0000000710c00000| PB 0x0000000710c00000| Untracked 
| 135|0x0000000710e00000, 0x0000000710e00000, 0x0000000711000000|  0%| F|  |TAMS 0x0000000710e00000| PB 0x0000000710e00000| Untracked 
| 136|0x0000000711000000, 0x0000000711000000, 0x0000000711200000|  0%| F|  |TAMS 0x0000000711000000| PB 0x0000000711000000| Untracked 
| 137|0x0000000711200000, 0x0000000711200000, 0x0000000711400000|  0%| F|  |TAMS 0x0000000711200000| PB 0x0000000711200000| Untracked 
| 138|0x0000000711400000, 0x0000000711400000, 0x0000000711600000|  0%| F|  |TAMS 0x0000000711400000| PB 0x0000000711400000| Untracked 
| 139|0x0000000711600000, 0x0000000711600000, 0x0000000711800000|  0%| F|  |TAMS 0x0000000711600000| PB 0x0000000711600000| Untracked 
| 140|0x0000000711800000, 0x00000007118cc0a8, 0x0000000711a00000| 39%| S|CS|TAMS 0x0000000711800000| PB 0x0000000711800000| Complete 
| 141|0x0000000711a00000, 0x0000000711c00000, 0x0000000711c00000|100%| S|CS|TAMS 0x0000000711a00000| PB 0x0000000711a00000| Complete 
| 142|0x0000000711c00000, 0x0000000711e00000, 0x0000000711e00000|100%| S|CS|TAMS 0x0000000711c00000| PB 0x0000000711c00000| Complete 
| 143|0x0000000711e00000, 0x0000000712000000, 0x0000000712000000|100%| S|CS|TAMS 0x0000000711e00000| PB 0x0000000711e00000| Complete 
| 144|0x0000000712000000, 0x0000000712200000, 0x0000000712200000|100%| S|CS|TAMS 0x0000000712000000| PB 0x0000000712000000| Complete 
| 145|0x0000000712200000, 0x0000000712200000, 0x0000000712400000|  0%| F|  |TAMS 0x0000000712200000| PB 0x0000000712200000| Untracked 
| 146|0x0000000712400000, 0x0000000712400000, 0x0000000712600000|  0%| F|  |TAMS 0x0000000712400000| PB 0x0000000712400000| Untracked 
| 147|0x0000000712600000, 0x0000000712600000, 0x0000000712800000|  0%| F|  |TAMS 0x0000000712600000| PB 0x0000000712600000| Untracked 
| 148|0x0000000712800000, 0x0000000712800000, 0x0000000712a00000|  0%| F|  |TAMS 0x0000000712800000| PB 0x0000000712800000| Untracked 
| 149|0x0000000712a00000, 0x0000000712a00000, 0x0000000712c00000|  0%| F|  |TAMS 0x0000000712a00000| PB 0x0000000712a00000| Untracked 
| 150|0x0000000712c00000, 0x0000000712c00000, 0x0000000712e00000|  0%| F|  |TAMS 0x0000000712c00000| PB 0x0000000712c00000| Untracked 
| 151|0x0000000712e00000, 0x0000000712e00000, 0x0000000713000000|  0%| F|  |TAMS 0x0000000712e00000| PB 0x0000000712e00000| Untracked 
| 152|0x0000000713000000, 0x0000000713000000, 0x0000000713200000|  0%| F|  |TAMS 0x0000000713000000| PB 0x0000000713000000| Untracked 
| 153|0x0000000713200000, 0x0000000713200000, 0x0000000713400000|  0%| F|  |TAMS 0x0000000713200000| PB 0x0000000713200000| Untracked 
| 154|0x0000000713400000, 0x0000000713400000, 0x0000000713600000|  0%| F|  |TAMS 0x0000000713400000| PB 0x0000000713400000| Untracked 
| 155|0x0000000713600000, 0x0000000713600000, 0x0000000713800000|  0%| F|  |TAMS 0x0000000713600000| PB 0x0000000713600000| Untracked 
| 156|0x0000000713800000, 0x0000000713800000, 0x0000000713a00000|  0%| F|  |TAMS 0x0000000713800000| PB 0x0000000713800000| Untracked 
| 157|0x0000000713a00000, 0x0000000713a00000, 0x0000000713c00000|  0%| F|  |TAMS 0x0000000713a00000| PB 0x0000000713a00000| Untracked 
| 158|0x0000000713c00000, 0x0000000713c00000, 0x0000000713e00000|  0%| F|  |TAMS 0x0000000713c00000| PB 0x0000000713c00000| Untracked 
| 159|0x0000000713e00000, 0x0000000713e00000, 0x0000000714000000|  0%| F|  |TAMS 0x0000000713e00000| PB 0x0000000713e00000| Untracked 
| 160|0x0000000714000000, 0x0000000714000000, 0x0000000714200000|  0%| F|  |TAMS 0x0000000714000000| PB 0x0000000714000000| Untracked 
| 161|0x0000000714200000, 0x0000000714200000, 0x0000000714400000|  0%| F|  |TAMS 0x0000000714200000| PB 0x0000000714200000| Untracked 
| 162|0x0000000714400000, 0x0000000714400000, 0x0000000714600000|  0%| F|  |TAMS 0x0000000714400000| PB 0x0000000714400000| Untracked 
| 163|0x0000000714600000, 0x0000000714600000, 0x0000000714800000|  0%| F|  |TAMS 0x0000000714600000| PB 0x0000000714600000| Untracked 
| 164|0x0000000714800000, 0x0000000714800000, 0x0000000714a00000|  0%| F|  |TAMS 0x0000000714800000| PB 0x0000000714800000| Untracked 
| 165|0x0000000714a00000, 0x0000000714a00000, 0x0000000714c00000|  0%| F|  |TAMS 0x0000000714a00000| PB 0x0000000714a00000| Untracked 
| 166|0x0000000714c00000, 0x0000000714c00000, 0x0000000714e00000|  0%| F|  |TAMS 0x0000000714c00000| PB 0x0000000714c00000| Untracked 
| 167|0x0000000714e00000, 0x0000000714e00000, 0x0000000715000000|  0%| F|  |TAMS 0x0000000714e00000| PB 0x0000000714e00000| Untracked 
| 168|0x0000000715000000, 0x0000000715000000, 0x0000000715200000|  0%| F|  |TAMS 0x0000000715000000| PB 0x0000000715000000| Untracked 
| 169|0x0000000715200000, 0x0000000715200000, 0x0000000715400000|  0%| F|  |TAMS 0x0000000715200000| PB 0x0000000715200000| Untracked 
| 170|0x0000000715400000, 0x0000000715400000, 0x0000000715600000|  0%| F|  |TAMS 0x0000000715400000| PB 0x0000000715400000| Untracked 
| 171|0x0000000715600000, 0x0000000715600000, 0x0000000715800000|  0%| F|  |TAMS 0x0000000715600000| PB 0x0000000715600000| Untracked 
| 172|0x0000000715800000, 0x0000000715800000, 0x0000000715a00000|  0%| F|  |TAMS 0x0000000715800000| PB 0x0000000715800000| Untracked 
| 173|0x0000000715a00000, 0x0000000715a00000, 0x0000000715c00000|  0%| F|  |TAMS 0x0000000715a00000| PB 0x0000000715a00000| Untracked 
| 174|0x0000000715c00000, 0x0000000715c00000, 0x0000000715e00000|  0%| F|  |TAMS 0x0000000715c00000| PB 0x0000000715c00000| Untracked 
| 175|0x0000000715e00000, 0x0000000715e00000, 0x0000000716000000|  0%| F|  |TAMS 0x0000000715e00000| PB 0x0000000715e00000| Untracked 
| 176|0x0000000716000000, 0x0000000716000000, 0x0000000716200000|  0%| F|  |TAMS 0x0000000716000000| PB 0x0000000716000000| Untracked 
| 177|0x0000000716200000, 0x0000000716200000, 0x0000000716400000|  0%| F|  |TAMS 0x0000000716200000| PB 0x0000000716200000| Untracked 
| 178|0x0000000716400000, 0x0000000716400000, 0x0000000716600000|  0%| F|  |TAMS 0x0000000716400000| PB 0x0000000716400000| Untracked 
|2038|0x00000007fec00000, 0x00000007fee00000, 0x00000007fee00000|100%| O|  |TAMS 0x00000007fee00000| PB 0x00000007fec00000| Updating 
|2039|0x00000007fee00000, 0x00000007fee00000, 0x00000007ff000000|  0%| F|  |TAMS 0x00000007fee00000| PB 0x00000007fee00000| Untracked 
|2040|0x00000007ff000000, 0x00000007ff000000, 0x00000007ff200000|  0%| F|  |TAMS 0x00000007ff000000| PB 0x00000007ff000000| Untracked 
|2041|0x00000007ff200000, 0x00000007ff200000, 0x00000007ff400000|  0%| F|  |TAMS 0x00000007ff200000| PB 0x00000007ff200000| Untracked 
|2042|0x00000007ff400000, 0x00000007ff400000, 0x00000007ff600000|  0%| F|  |TAMS 0x00000007ff400000| PB 0x00000007ff400000| Untracked 
|2043|0x00000007ff600000, 0x00000007ff600000, 0x00000007ff800000|  0%| F|  |TAMS 0x00000007ff600000| PB 0x00000007ff600000| Untracked 
|2044|0x00000007ff800000, 0x00000007ff800000, 0x00000007ffa00000|  0%| F|  |TAMS 0x00000007ff800000| PB 0x00000007ff800000| Untracked 
|2045|0x00000007ffa00000, 0x00000007ffa00000, 0x00000007ffc00000|  0%| F|  |TAMS 0x00000007ffa00000| PB 0x00000007ffa00000| Untracked 
|2046|0x00000007ffc00000, 0x00000007ffc00000, 0x00000007ffe00000|  0%| F|  |TAMS 0x00000007ffc00000| PB 0x00000007ffc00000| Untracked 
|2047|0x00000007ffe00000, 0x00000007ffe00000, 0x0000000800000000|  0%| F|  |TAMS 0x00000007ffe00000| PB 0x00000007ffe00000| Untracked 

Card table byte_map: [0x000001f247f20000,0x000001f248720000] _byte_map_base: 0x000001f244720000

Marking Bits: (CMBitMap*) 0x000001f22fb4a2d0
 Bits: [0x000001f248720000, 0x000001f24c720000)

Polling page: 0x000001f22d8e0000

Metaspace:

Usage:
  Non-class:    134.66 MB used.
      Class:     19.55 MB used.
       Both:    154.22 MB used.

Virtual space:
  Non-class space:      192.00 MB reserved,     135.88 MB ( 71%) committed,  3 nodes.
      Class space:      416.00 MB reserved,      20.75 MB (  5%) committed,  1 nodes.
             Both:      608.00 MB reserved,     156.62 MB ( 26%) committed. 

Chunk freelists:
   Non-Class:  7.77 MB
       Class:  11.25 MB
        Both:  19.02 MB

MaxMetaspaceSize: 512.00 MB
CompressedClassSpaceSize: 416.00 MB
Initial GC threshold: 21.00 MB
Current GC threshold: 260.94 MB
CDS: on
 - commit_granule_bytes: 65536.
 - commit_granule_words: 8192.
 - virtual_space_node_default_size: 8388608.
 - enlarge_chunks_in_place: 1.
 - use_allocation_guard: 0.


Internal statistics:

num_allocs_failed_limit: 9.
num_arena_births: 4410.
num_arena_deaths: 2.
num_vsnodes_births: 4.
num_vsnodes_deaths: 0.
num_space_committed: 2503.
num_space_uncommitted: 0.
num_chunks_returned_to_freelist: 11.
num_chunks_taken_from_freelist: 10825.
num_chunk_merges: 6.
num_chunk_splits: 7628.
num_chunks_enlarged: 5449.
num_inconsistent_stats: 0.

CodeHeap 'non-profiled nmethods': size=120000Kb used=9965Kb max_used=11337Kb free=110034Kb
 bounds [0x000001f23fca0000, 0x000001f2407c0000, 0x000001f2471d0000]
CodeHeap 'profiled nmethods': size=120000Kb used=35141Kb max_used=39140Kb free=84858Kb
 bounds [0x000001f2381d0000, 0x000001f23a810000, 0x000001f23f700000]
CodeHeap 'non-nmethods': size=5760Kb used=2568Kb max_used=2615Kb free=3191Kb
 bounds [0x000001f23f700000, 0x000001f23f9a0000, 0x000001f23fca0000]
 total_blobs=16533 nmethods=15368 adapters=1065
 compilation: enabled
              stopped_count=0, restarted_count=0
 full_count=0

Compilation events (20 events):
Event: 56.486 Thread 0x000001f24ec46fb0 19869       3       org.objectweb.asm.ClassWriter::visitInnerClass (130 bytes)
Event: 56.486 Thread 0x000001f24ec46fb0 nmethod 19869 0x000001f2383a9310 code [0x000001f2383a9560, 0x000001f2383a9d48]
Event: 56.486 Thread 0x000001f24ec46fb0 19766       1       com.android.tools.build.jetifier.processor.AndroidXRefScanner$AndroidXTrackingRemapper::getAndroidXRefExample (5 bytes)
Event: 56.486 Thread 0x000001f24ec46fb0 nmethod 19766 0x000001f23fcac390 code [0x000001f23fcac520, 0x000001f23fcac5f0]
Event: 56.486 Thread 0x000001f24ec46fb0 19732       1       com.android.tools.build.jetifier.processor.archive.ArchiveFile::getFileName (5 bytes)
Event: 56.486 Thread 0x000001f24ec46fb0 nmethod 19732 0x000001f23fcad890 code [0x000001f23fcada20, 0x000001f23fcadaf0]
Event: 56.486 Thread 0x000001f24ec46fb0 19772       1       com.android.tools.build.jetifier.processor.archive.ArchiveFile::getData (5 bytes)
Event: 56.486 Thread 0x000001f24ec46fb0 nmethod 19772 0x000001f23fcaea90 code [0x000001f23fcaec20, 0x000001f23fcaecf0]
Event: 56.487 Thread 0x000001f24ec46fb0 19776       1       com.android.tools.build.jetifier.processor.AndroidXRefScanner$AndroidXTrackingRemapper::getAndroidSupportRefExample (5 bytes)
Event: 56.487 Thread 0x000001f24ec46fb0 nmethod 19776 0x000001f23fcaf090 code [0x000001f23fcaf220, 0x000001f23fcaf2f0]
Event: 56.487 Thread 0x000001f24ec46fb0 19871       3       org.objectweb.asm.ClassVisitor::<init> (94 bytes)
Event: 56.487 Thread 0x000001f24ec46fb0 nmethod 19871 0x000001f238391690 code [0x000001f2383918e0, 0x000001f238392160]
Event: 56.487 Thread 0x000001f24ec46fb0 19795       1       org.objectweb.asm.Handle::getName (5 bytes)
Event: 56.487 Thread 0x000001f24ec46fb0 nmethod 19795 0x000001f23fcaf710 code [0x000001f23fcaf8a0, 0x000001f23fcaf970]
Event: 56.487 Thread 0x000001f24ec46fb0 19796       1       org.objectweb.asm.Handle::isInterface (5 bytes)
Event: 56.487 Thread 0x000001f24ec46fb0 nmethod 19796 0x000001f23fcb5c90 code [0x000001f23fcb5e20, 0x000001f23fcb5ef0]
Event: 56.488 Thread 0x000001f273251170 nmethod 19782 0x000001f2404b1b10 code [0x000001f2404b1e60, 0x000001f2404b3a20]
Event: 56.489 Thread 0x000001f273251170 19853       4       java.util.zip.ZipUtils::SH (21 bytes)
Event: 56.489 Thread 0x000001f24ec46fb0 19873       1       java.nio.channels.FileLock::isShared (5 bytes)
Event: 56.489 Thread 0x000001f24ec46fb0 nmethod 19873 0x000001f23fcb6590 code [0x000001f23fcb6720, 0x000001f23fcb67f0]

GC Heap History (20 events):
Event: 15.800 GC heap after
{Heap after GC invocations=40 (full 0):
 garbage-first heap   total 253952K, used 166898K [0x0000000700000000, 0x0000000800000000)
  region size 2048K, 5 young (10240K), 5 survivors (10240K)
 Metaspace       used 130925K, committed 133248K, reserved 557056K
  class space    used 16729K, committed 17856K, reserved 425984K
}
Event: 16.545 GC heap before
{Heap before GC invocations=41 (full 0):
 garbage-first heap   total 280576K, used 218098K [0x0000000700000000, 0x0000000800000000)
  region size 2048K, 30 young (61440K), 5 survivors (10240K)
 Metaspace       used 135187K, committed 137472K, reserved 557056K
  class space    used 17156K, committed 18304K, reserved 425984K
}
Event: 16.555 GC heap after
{Heap after GC invocations=42 (full 0):
 garbage-first heap   total 280576K, used 172620K [0x0000000700000000, 0x0000000800000000)
  region size 2048K, 3 young (6144K), 3 survivors (6144K)
 Metaspace       used 135187K, committed 137472K, reserved 557056K
  class space    used 17156K, committed 18304K, reserved 425984K
}
Event: 17.380 GC heap before
{Heap before GC invocations=42 (full 0):
 garbage-first heap   total 280576K, used 238156K [0x0000000700000000, 0x0000000800000000)
  region size 2048K, 35 young (71680K), 3 survivors (6144K)
 Metaspace       used 139808K, committed 142144K, reserved 557056K
  class space    used 17932K, committed 19072K, reserved 425984K
}
Event: 17.394 GC heap after
{Heap after GC invocations=43 (full 0):
 garbage-first heap   total 360448K, used 168501K [0x0000000700000000, 0x0000000800000000)
  region size 2048K, 4 young (8192K), 4 survivors (8192K)
 Metaspace       used 139808K, committed 142144K, reserved 557056K
  class space    used 17932K, committed 19072K, reserved 425984K
}
Event: 22.032 GC heap before
{Heap before GC invocations=43 (full 0):
 garbage-first heap   total 360448K, used 289333K [0x0000000700000000, 0x0000000800000000)
  region size 2048K, 64 young (131072K), 4 survivors (8192K)
 Metaspace       used 154313K, committed 156800K, reserved 622592K
  class space    used 19771K, committed 20992K, reserved 425984K
}
Event: 22.044 GC heap after
{Heap after GC invocations=44 (full 0):
 garbage-first heap   total 360448K, used 178497K [0x0000000700000000, 0x0000000800000000)
  region size 2048K, 8 young (16384K), 8 survivors (16384K)
 Metaspace       used 154313K, committed 156800K, reserved 622592K
  class space    used 19771K, committed 20992K, reserved 425984K
}
Event: 53.591 GC heap before
{Heap before GC invocations=44 (full 0):
 garbage-first heap   total 360448K, used 305473K [0x0000000700000000, 0x0000000800000000)
  region size 2048K, 70 young (143360K), 8 survivors (16384K)
 Metaspace       used 155520K, committed 157952K, reserved 622592K
  class space    used 19897K, committed 21120K, reserved 425984K
}
Event: 53.606 GC heap after
{Heap after GC invocations=45 (full 0):
 garbage-first heap   total 360448K, used 208234K [0x0000000700000000, 0x0000000800000000)
  region size 2048K, 9 young (18432K), 9 survivors (18432K)
 Metaspace       used 155520K, committed 157952K, reserved 622592K
  class space    used 19897K, committed 21120K, reserved 425984K
}
Event: 54.000 GC heap before
{Heap before GC invocations=45 (full 0):
 garbage-first heap   total 360448K, used 304490K [0x0000000700000000, 0x0000000800000000)
  region size 2048K, 56 young (114688K), 9 survivors (18432K)
 Metaspace       used 155957K, committed 158464K, reserved 622592K
  class space    used 19903K, committed 21184K, reserved 425984K
}
Event: 54.007 GC heap after
{Heap after GC invocations=46 (full 0):
 garbage-first heap   total 360448K, used 208455K [0x0000000700000000, 0x0000000800000000)
  region size 2048K, 2 young (4096K), 2 survivors (4096K)
 Metaspace       used 155957K, committed 158464K, reserved 622592K
  class space    used 19903K, committed 21184K, reserved 425984K
}
Event: 54.188 GC heap before
{Heap before GC invocations=47 (full 0):
 garbage-first heap   total 360448K, used 298567K [0x0000000700000000, 0x0000000800000000)
  region size 2048K, 54 young (110592K), 2 survivors (4096K)
 Metaspace       used 156068K, committed 158592K, reserved 622592K
  class space    used 19903K, committed 21184K, reserved 425984K
}
Event: 54.201 GC heap after
{Heap after GC invocations=48 (full 0):
 garbage-first heap   total 360448K, used 231424K [0x0000000700000000, 0x0000000800000000)
  region size 2048K, 7 young (14336K), 7 survivors (14336K)
 Metaspace       used 156068K, committed 158592K, reserved 622592K
  class space    used 19903K, committed 21184K, reserved 425984K
}
Event: 54.522 GC heap before
{Heap before GC invocations=48 (full 0):
 garbage-first heap   total 360448K, used 307200K [0x0000000700000000, 0x0000000800000000)
  region size 2048K, 44 young (90112K), 7 survivors (14336K)
 Metaspace       used 156569K, committed 159104K, reserved 622592K
  class space    used 19903K, committed 21184K, reserved 425984K
}
Event: 54.535 GC heap after
{Heap after GC invocations=49 (full 0):
 garbage-first heap   total 360448K, used 220950K [0x0000000700000000, 0x0000000800000000)
  region size 2048K, 6 young (12288K), 6 survivors (12288K)
 Metaspace       used 156569K, committed 159104K, reserved 622592K
  class space    used 19903K, committed 21184K, reserved 425984K
}
Event: 56.296 GC heap before
{Heap before GC invocations=49 (full 0):
 garbage-first heap   total 360448K, used 317206K [0x0000000700000000, 0x0000000800000000)
  region size 2048K, 46 young (94208K), 6 survivors (12288K)
 Metaspace       used 157734K, committed 160256K, reserved 622592K
  class space    used 20000K, committed 21248K, reserved 425984K
}
Event: 56.308 GC heap after
{Heap after GC invocations=50 (full 0):
 garbage-first heap   total 360448K, used 223096K [0x0000000700000000, 0x0000000800000000)
  region size 2048K, 6 young (12288K), 6 survivors (12288K)
 Metaspace       used 157734K, committed 160256K, reserved 622592K
  class space    used 20000K, committed 21248K, reserved 425984K
}
Event: 56.323 GC heap before
{Heap before GC invocations=50 (full 0):
 garbage-first heap   total 360448K, used 233336K [0x0000000700000000, 0x0000000800000000)
  region size 2048K, 13 young (26624K), 6 survivors (12288K)
 Metaspace       used 157758K, committed 160256K, reserved 622592K
  class space    used 20004K, committed 21248K, reserved 425984K
}
Event: 56.329 GC heap after
{Heap after GC invocations=51 (full 0):
 garbage-first heap   total 360448K, used 228202K [0x0000000700000000, 0x0000000800000000)
  region size 2048K, 2 young (4096K), 2 survivors (4096K)
 Metaspace       used 157758K, committed 160256K, reserved 622592K
  class space    used 20004K, committed 21248K, reserved 425984K
}
Event: 56.489 GC heap before
{Heap before GC invocations=51 (full 0):
 garbage-first heap   total 387072K, used 332650K [0x0000000700000000, 0x0000000800000000)
  region size 2048K, 43 young (88064K), 2 survivors (4096K)
 Metaspace       used 157916K, committed 160384K, reserved 622592K
  class space    used 20024K, committed 21248K, reserved 425984K
}

Dll operation events (15 events):
Event: 0.008 Loaded shared library C:\Users\Manohar Badri\.gradle\jdks\eclipse_adoptium-21-amd64-windows.2\bin\java.dll
Event: 0.031 Loaded shared library C:\Users\Manohar Badri\.gradle\jdks\eclipse_adoptium-21-amd64-windows.2\bin\jsvml.dll
Event: 0.059 Loaded shared library C:\Users\Manohar Badri\.gradle\jdks\eclipse_adoptium-21-amd64-windows.2\bin\zip.dll
Event: 0.061 Loaded shared library C:\Users\Manohar Badri\.gradle\jdks\eclipse_adoptium-21-amd64-windows.2\bin\instrument.dll
Event: 0.065 Loaded shared library C:\Users\Manohar Badri\.gradle\jdks\eclipse_adoptium-21-amd64-windows.2\bin\net.dll
Event: 0.067 Loaded shared library C:\Users\Manohar Badri\.gradle\jdks\eclipse_adoptium-21-amd64-windows.2\bin\nio.dll
Event: 0.069 Loaded shared library C:\Users\Manohar Badri\.gradle\jdks\eclipse_adoptium-21-amd64-windows.2\bin\zip.dll
Event: 0.175 Loaded shared library C:\Users\Manohar Badri\.gradle\jdks\eclipse_adoptium-21-amd64-windows.2\bin\jimage.dll
Event: 0.334 Loaded shared library C:\Users\Manohar Badri\.gradle\jdks\eclipse_adoptium-21-amd64-windows.2\bin\verify.dll
Event: 0.359 Loaded shared library C:\Users\Manohar Badri\.gradle\native\660c5614fbf4a5f2a75b1949f50a0caf5cd603558e7d8a26e50b933a0cfb79d1\windows-amd64\native-platform.dll
Event: 0.369 Loaded shared library C:\Users\Manohar Badri\.gradle\native\0.2.8\x86_64-windows-gnu\gradle-fileevents.dll
Event: 1.162 Loaded shared library C:\Users\Manohar Badri\.gradle\jdks\eclipse_adoptium-21-amd64-windows.2\bin\management.dll
Event: 1.167 Loaded shared library C:\Users\Manohar Badri\.gradle\jdks\eclipse_adoptium-21-amd64-windows.2\bin\management_ext.dll
Event: 1.310 Loaded shared library C:\Users\Manohar Badri\.gradle\jdks\eclipse_adoptium-21-amd64-windows.2\bin\extnet.dll
Event: 1.504 Loaded shared library C:\Users\Manohar Badri\.gradle\jdks\eclipse_adoptium-21-amd64-windows.2\bin\sunmscapi.dll

Deoptimization events (20 events):
Event: 56.442 Thread 0x000001f24ec37aa0 Uncommon trap: trap_request=0xffffff45 fr.pc=0x000001f2401aaff8 relative=0x00000000000003f8
Event: 56.442 Thread 0x000001f24ec37aa0 Uncommon trap: reason=unstable_if action=reinterpret pc=0x000001f2401aaff8 method=java.lang.ref.ReferenceQueue.enqueue0(Ljava/lang/ref/Reference;)Z @ 85 c2
Event: 56.442 Thread 0x000001f24ec37aa0 DEOPT PACKING pc=0x000001f2401aaff8 sp=0x0000004b8c0ff070
Event: 56.442 Thread 0x000001f24ec37aa0 DEOPT UNPACKING pc=0x000001f23f7546a2 sp=0x0000004b8c0ff018 mode 2
Event: 56.442 Thread 0x000001f24ec3a500 Uncommon trap: trap_request=0xffffff45 fr.pc=0x000001f23fef8bc0 relative=0x00000000000002a0
Event: 56.442 Thread 0x000001f24ec3a500 Uncommon trap: reason=unstable_if action=reinterpret pc=0x000001f23fef8bc0 method=java.lang.ref.ReferenceQueue.poll0()Ljava/lang/ref/Reference; @ 54 c2
Event: 56.442 Thread 0x000001f24ec3a500 DEOPT PACKING pc=0x000001f23fef8bc0 sp=0x0000004b8c1ff120
Event: 56.442 Thread 0x000001f24ec3a500 DEOPT UNPACKING pc=0x000001f23f7546a2 sp=0x0000004b8c1ff0c0 mode 2
Event: 56.446 Thread 0x000001f24ec3a500 Uncommon trap: trap_request=0xffffff45 fr.pc=0x000001f23fff6c18 relative=0x0000000000000158
Event: 56.446 Thread 0x000001f24ec3a500 Uncommon trap: reason=unstable_if action=reinterpret pc=0x000001f23fff6c18 method=java.lang.ThreadLocal.get(Ljava/lang/Thread;)Ljava/lang/Object; @ 7 c2
Event: 56.446 Thread 0x000001f24ec3a500 DEOPT PACKING pc=0x000001f23fff6c18 sp=0x0000004b8c1fe740
Event: 56.446 Thread 0x000001f24ec3a500 DEOPT UNPACKING pc=0x000001f23f7546a2 sp=0x0000004b8c1fe678 mode 2
Event: 56.457 Thread 0x000001f27150ba40 Uncommon trap: trap_request=0xffffff45 fr.pc=0x000001f23ff15a24 relative=0x0000000000000c84
Event: 56.457 Thread 0x000001f27150ba40 Uncommon trap: reason=unstable_if action=reinterpret pc=0x000001f23ff15a24 method=java.util.zip.ZipFile.getZipEntry(Ljava/lang/String;I)Ljava/util/zip/ZipEntry; @ 46 c2
Event: 56.457 Thread 0x000001f27150ba40 DEOPT PACKING pc=0x000001f23ff15a24 sp=0x0000004b8f5fc4d0
Event: 56.457 Thread 0x000001f27150ba40 DEOPT UNPACKING pc=0x000001f23f7546a2 sp=0x0000004b8f5fc498 mode 2
Event: 56.475 Thread 0x000001f27150ba40 Uncommon trap: trap_request=0xffffff45 fr.pc=0x000001f23fde3110 relative=0x0000000000000330
Event: 56.475 Thread 0x000001f27150ba40 Uncommon trap: reason=unstable_if action=reinterpret pc=0x000001f23fde3110 method=java.util.zip.Inflater.inflate([BII)I @ 31 c2
Event: 56.475 Thread 0x000001f27150ba40 DEOPT PACKING pc=0x000001f23fde3110 sp=0x0000004b8f5fbfb0
Event: 56.475 Thread 0x000001f27150ba40 DEOPT UNPACKING pc=0x000001f23f7546a2 sp=0x0000004b8f5fbf20 mode 2

Classes loaded (20 events):
Event: 56.282 Loading class javax/xml/stream/FactoryFinder$1
Event: 56.282 Loading class javax/xml/stream/FactoryFinder$1 done
Event: 56.283 Loading class com/sun/xml/internal/stream/XMLInputFactoryImpl
Event: 56.284 Loading class com/sun/xml/internal/stream/XMLInputFactoryImpl done
Event: 56.284 Loading class com/sun/org/apache/xerces/internal/impl/PropertyManager
Event: 56.285 Loading class com/sun/org/apache/xerces/internal/impl/PropertyManager done
Event: 56.285 Loading class com/sun/org/apache/xerces/internal/impl/XMLStreamReaderImpl
Event: 56.288 Loading class com/sun/org/apache/xerces/internal/impl/XMLStreamReaderImpl done
Event: 56.288 Loading class com/sun/org/apache/xerces/internal/util/NamespaceContextWrapper
Event: 56.288 Loading class com/sun/org/apache/xerces/internal/util/NamespaceContextWrapper done
Event: 56.288 Loading class com/sun/xml/internal/stream/StaxErrorReporter
Event: 56.289 Loading class com/sun/xml/internal/stream/StaxErrorReporter done
Event: 56.444 Loading class sun/security/ssl/Alert
Event: 56.445 Loading class sun/security/ssl/Alert done
Event: 56.445 Loading class sun/security/ssl/Alert$AlertConsumer
Event: 56.445 Loading class sun/security/ssl/Alert$AlertConsumer done
Event: 56.445 Loading class sun/security/ssl/Alert$Level
Event: 56.446 Loading class sun/security/ssl/Alert$Level done
Event: 56.455 Loading class java/util/zip/ZipFile$ZipEntryIterator
Event: 56.455 Loading class java/util/zip/ZipFile$ZipEntryIterator done

Classes unloaded (1 events):
Event: 56.414 Thread 0x000001f24ec168c0 Unloading class 0x000001f252358000 'java/lang/invoke/LambdaForm$MH+0x000001f252358000'

Classes redefined (0 events):
No events

Internal exceptions (20 events):
Event: 56.218 Thread 0x000001f2728a01a0 Exception <a 'java/io/FileNotFoundException'{0x0000000712f4d650}> (0x0000000712f4d650) 
thrown [s\src\hotspot\share\prims\jni.cpp, line 520]
Event: 56.219 Thread 0x000001f2728a2900 Exception <a 'java/io/FileNotFoundException'{0x0000000712f86018}> (0x0000000712f86018) 
thrown [s\src\hotspot\share\prims\jni.cpp, line 520]
Event: 56.219 Thread 0x000001f27289fb10 Exception <a 'java/io/FileNotFoundException'{0x0000000712f93e38}> (0x0000000712f93e38) 
thrown [s\src\hotspot\share\prims\jni.cpp, line 520]
Event: 56.265 Thread 0x000001f2728a2900 Exception <a 'sun/nio/fs/WindowsException'{0x00000007129e3750}> (0x00000007129e3750) 
thrown [s\src\hotspot\share\prims\jni.cpp, line 520]
Event: 56.265 Thread 0x000001f27150eec0 Exception <a 'sun/nio/fs/WindowsException'{0x00000007129d8dd8}> (0x00000007129d8dd8) 
thrown [s\src\hotspot\share\prims\jni.cpp, line 520]
Event: 56.269 Thread 0x000001f2728a2900 Exception <a 'java/io/FileNotFoundException'{0x00000007129e9ad8}> (0x00000007129e9ad8) 
thrown [s\src\hotspot\share\prims\jni.cpp, line 520]
Event: 56.269 Thread 0x000001f27150eec0 Exception <a 'java/io/FileNotFoundException'{0x00000007129df1c0}> (0x00000007129df1c0) 
thrown [s\src\hotspot\share\prims\jni.cpp, line 520]
Event: 56.311 Thread 0x000001f2728a01a0 Exception <a 'sun/nio/fs/WindowsException'{0x00000007ffd045d0}> (0x00000007ffd045d0) 
thrown [s\src\hotspot\share\prims\jni.cpp, line 520]
Event: 56.312 Thread 0x000001f275fdb340 Exception <a 'sun/nio/fs/WindowsException'{0x00000007ffe8be60}> (0x00000007ffe8be60) 
thrown [s\src\hotspot\share\prims\jni.cpp, line 520]
Event: 56.351 Thread 0x000001f2728a01a0 Exception <a 'sun/nio/fs/WindowsException'{0x00000007ffe32870}> (0x00000007ffe32870) 
thrown [s\src\hotspot\share\prims\jni.cpp, line 520]
Event: 56.353 Thread 0x000001f275fdb340 Exception <a 'sun/nio/fs/WindowsException'{0x00000007ffb6a0c0}> (0x00000007ffb6a0c0) 
thrown [s\src\hotspot\share\prims\jni.cpp, line 520]
Event: 56.395 Thread 0x000001f27150ba40 Exception <a 'sun/nio/fs/WindowsException'{0x00000007135be7e8}> (0x00000007135be7e8) 
thrown [s\src\hotspot\share\prims\jni.cpp, line 520]
Event: 56.401 Thread 0x000001f27150ba40 Exception <a 'java/io/FileNotFoundException'{0x00000007135c4b98}> (0x00000007135c4b98) 
thrown [s\src\hotspot\share\prims\jni.cpp, line 520]
Event: 56.407 Thread 0x000001f27150ba40 Exception <a 'sun/nio/fs/WindowsException'{0x00000007131d78a8}> (0x00000007131d78a8) 
thrown [s\src\hotspot\share\prims\jni.cpp, line 520]
Event: 56.408 Thread 0x000001f2728a2900 Exception <a 'sun/nio/fs/WindowsException'{0x0000000713145840}> (0x0000000713145840) 
thrown [s\src\hotspot\share\prims\jni.cpp, line 520]
Event: 56.411 Thread 0x000001f2728a2900 Exception <a 'java/io/FileNotFoundException'{0x0000000712e3f650}> (0x0000000712e3f650) 
thrown [s\src\hotspot\share\prims\jni.cpp, line 520]
Event: 56.446 Thread 0x000001f24ec3a500 Implicit null exception at 0x000001f23fff6b28 to 0x000001f23fff6bfc
Event: 56.451 Thread 0x000001f27289fb10 Exception <a 'sun/nio/fs/WindowsException'{0x0000000715e6a130}> (0x0000000715e6a130) 
thrown [s\src\hotspot\share\prims\jni.cpp, line 520]
Event: 56.457 Thread 0x000001f27150ba40 Implicit null exception at 0x000001f23ff14e6f to 0x000001f23ff159e0
Event: 56.476 Thread 0x000001f27150ba40 Exception <a 'sun/nio/fs/WindowsException'{0x0000000714c8a598}> (0x0000000714c8a598) 
thrown [s\src\hotspot\share\prims\jni.cpp, line 520]

ZGC Phase Switch (0 events):
No events

VM Operations (20 events):
Event: 56.284 Executing VM operation: ICBufferFull done
Event: 56.284 Executing VM operation: ICBufferFull
Event: 56.284 Executing VM operation: ICBufferFull done
Event: 56.292 Executing VM operation: HandshakeAllThreads (Deoptimize)
Event: 56.292 Executing VM operation: HandshakeAllThreads (Deoptimize) done
Event: 56.295 Executing VM operation: G1CollectForAllocation (G1 Evacuation Pause)
Event: 56.295 Executing VM operation: G1CollectForAllocation (G1 Evacuation Pause) done
Event: 56.295 Executing VM operation: G1CollectForAllocation (GCLocker Initiated GC)
Event: 56.308 Executing VM operation: G1CollectForAllocation (GCLocker Initiated GC) done
Event: 56.319 Executing VM operation: G1TryInitiateConcMark (G1 Humongous Allocation)
Event: 56.323 Executing VM operation: G1TryInitiateConcMark (G1 Humongous Allocation) done
Event: 56.323 Executing VM operation: G1CollectForAllocation (GCLocker Initiated GC)
Event: 56.329 Executing VM operation: G1CollectForAllocation (GCLocker Initiated GC) done
Event: 56.330 Executing VM operation: HandshakeAllThreads (Deoptimize)
Event: 56.330 Executing VM operation: HandshakeAllThreads (Deoptimize) done
Event: 56.412 Executing VM operation: G1PauseRemark
Event: 56.442 Executing VM operation: G1PauseRemark done
Event: 56.488 Executing VM operation: G1CollectForAllocation (G1 Evacuation Pause)
Event: 56.488 Executing VM operation: G1CollectForAllocation (G1 Evacuation Pause) done
Event: 56.488 Executing VM operation: G1CollectForAllocation (GCLocker Initiated GC)

Memory protections (0 events):
No events

Nmethod flushes (20 events):
Event: 56.440 Thread 0x000001f24ec168c0 flushing  nmethod 0x000001f238e38890
Event: 56.440 Thread 0x000001f24ec168c0 flushing  nmethod 0x000001f238e3a090
Event: 56.440 Thread 0x000001f24ec168c0 flushing  nmethod 0x000001f238e3c790
Event: 56.440 Thread 0x000001f24ec168c0 flushing  nmethod 0x000001f238e57310
Event: 56.440 Thread 0x000001f24ec168c0 flushing  nmethod 0x000001f238e57c10
Event: 56.440 Thread 0x000001f24ec168c0 flushing  nmethod 0x000001f238e59910
Event: 56.440 Thread 0x000001f24ec168c0 flushing  nmethod 0x000001f238e5bd10
Event: 56.440 Thread 0x000001f24ec168c0 flushing  nmethod 0x000001f238e88e90
Event: 56.440 Thread 0x000001f24ec168c0 flushing  nmethod 0x000001f238e89f90
Event: 56.440 Thread 0x000001f24ec168c0 flushing  nmethod 0x000001f238e9c690
Event: 56.440 Thread 0x000001f24ec168c0 flushing  nmethod 0x000001f238fb6a90
Event: 56.440 Thread 0x000001f24ec168c0 flushing  nmethod 0x000001f238fb9710
Event: 56.440 Thread 0x000001f24ec168c0 flushing  nmethod 0x000001f238fbf010
Event: 56.440 Thread 0x000001f24ec168c0 flushing  nmethod 0x000001f23907ae90
Event: 56.440 Thread 0x000001f24ec168c0 flushing  nmethod 0x000001f23907c890
Event: 56.440 Thread 0x000001f24ec168c0 flushing  nmethod 0x000001f239138190
Event: 56.440 Thread 0x000001f24ec168c0 flushing  nmethod 0x000001f239140e10
Event: 56.440 Thread 0x000001f24ec168c0 flushing  nmethod 0x000001f239272210
Event: 56.440 Thread 0x000001f24ec168c0 flushing  nmethod 0x000001f239572090
Event: 56.440 Thread 0x000001f24ec168c0 flushing  nmethod 0x000001f2399eb410

Events (20 events):
Event: 53.459 Thread 0x000001f270a33140 Thread added: 0x000001f27150c0d0
Event: 53.503 Thread 0x000001f24ec46fb0 Thread added: 0x000001f273251840
Event: 53.949 Thread 0x000001f270a33140 Thread added: 0x000001f271510270
Event: 54.889 Thread 0x000001f270a33140 Thread added: 0x000001f275fdc060
Event: 54.889 Thread 0x000001f275fdc060 Thread added: 0x000001f275fdb340
Event: 54.889 Thread 0x000001f275fdc060 Thread added: 0x000001f275fd9f90
Event: 54.889 Thread 0x000001f275fdc060 Thread added: 0x000001f275fda620
Event: 54.890 Thread 0x000001f275fdc060 Thread added: 0x000001f275fddaa0
Event: 54.890 Thread 0x000001f275fdc060 Thread added: 0x000001f275fde130
Event: 54.890 Thread 0x000001f275fdc060 Thread added: 0x000001f275fdacb0
Event: 54.890 Thread 0x000001f275fdc060 Thread added: 0x000001f275fe0890
Event: 54.890 Thread 0x000001f275fdc060 Thread added: 0x000001f275fe15b0
Event: 54.890 Thread 0x000001f275fdc060 Thread added: 0x000001f275fe1c40
Event: 54.891 Thread 0x000001f275fdc060 Thread added: 0x000001f275fe0f20
Event: 54.891 Thread 0x000001f275fdc060 Thread added: 0x000001f275fdf4e0
Event: 54.891 Thread 0x000001f275fdb340 Thread added: 0x000001f275fdfb70
Event: 55.204 Thread 0x000001f273251840 Thread exited: 0x000001f273251840
Event: 55.294 Thread 0x000001f273251170 Thread exited: 0x000001f273251170
Event: 56.079 Thread 0x000001f24ec46fb0 Thread added: 0x000001f273251170
Event: 56.130 Thread 0x000001f24ec46fb0 Thread added: 0x000001f273251840


Dynamic libraries:
0x00007ff78f4b0000 - 0x00007ff78f4be000 	C:\Users\Manohar Badri\.gradle\jdks\eclipse_adoptium-21-amd64-windows.2\bin\java.exe
0x00007ffe4bc20000 - 0x00007ffe4be86000 	C:\WINDOWS\SYSTEM32\ntdll.dll
0x00007ffe49d00000 - 0x00007ffe49dc9000 	C:\WINDOWS\System32\KERNEL32.DLL
0x00007ffe48f60000 - 0x00007ffe4935a000 	C:\WINDOWS\System32\KERNELBASE.dll
0x00007ffe49780000 - 0x00007ffe498cc000 	C:\WINDOWS\System32\ucrtbase.dll
0x00007ffe1b280000 - 0x00007ffe1b29e000 	C:\Users\Manohar Badri\.gradle\jdks\eclipse_adoptium-21-amd64-windows.2\bin\VCRUNTIME140.dll
0x00007ffe1ae10000 - 0x00007ffe1ae28000 	C:\Users\Manohar Badri\.gradle\jdks\eclipse_adoptium-21-amd64-windows.2\bin\jli.dll
0x00007ffe4b4c0000 - 0x00007ffe4b687000 	C:\WINDOWS\System32\USER32.dll
0x00007ffe495d0000 - 0x00007ffe495f7000 	C:\WINDOWS\System32\win32u.dll
0x00007ffe49b60000 - 0x00007ffe49b8b000 	C:\WINDOWS\System32\GDI32.dll
0x00007ffe25190000 - 0x00007ffe25422000 	C:\WINDOWS\WinSxS\amd64_microsoft.windows.common-controls_6595b64144ccf1df_6.0.26100.8521_none_3e08b75ce33403b3\COMCTL32.dll
0x00007ffe493f0000 - 0x00007ffe4951b000 	C:\WINDOWS\System32\gdi32full.dll
0x00007ffe4a360000 - 0x00007ffe4a409000 	C:\WINDOWS\System32\msvcrt.dll
0x00007ffe48eb0000 - 0x00007ffe48f53000 	C:\WINDOWS\System32\msvcp_win.dll
0x00007ffe4b480000 - 0x00007ffe4b4b2000 	C:\WINDOWS\System32\IMM32.DLL
0x00007ffe25020000 - 0x00007ffe2502c000 	C:\Users\Manohar Badri\.gradle\jdks\eclipse_adoptium-21-amd64-windows.2\bin\vcruntime140_1.dll
0x00007ffe1ad80000 - 0x00007ffe1ae0d000 	C:\Users\Manohar Badri\.gradle\jdks\eclipse_adoptium-21-amd64-windows.2\bin\msvcp140.dll
0x00007ffd9d190000 - 0x00007ffd9df20000 	C:\Users\Manohar Badri\.gradle\jdks\eclipse_adoptium-21-amd64-windows.2\bin\server\jvm.dll
0x00007ffe4a410000 - 0x00007ffe4a4c6000 	C:\WINDOWS\System32\ADVAPI32.dll
0x00007ffe4b850000 - 0x00007ffe4b8fa000 	C:\WINDOWS\System32\sechost.dll
0x00007ffe49a30000 - 0x00007ffe49b48000 	C:\WINDOWS\System32\RPCRT4.dll
0x00007ffe4b900000 - 0x00007ffe4b980000 	C:\WINDOWS\System32\WS2_32.dll
0x00007ffe48d10000 - 0x00007ffe48d6e000 	C:\WINDOWS\SYSTEM32\POWRPROF.dll
0x00007ffe36c60000 - 0x00007ffe36c6b000 	C:\WINDOWS\SYSTEM32\VERSION.dll
0x00007ffe402e0000 - 0x00007ffe40316000 	C:\WINDOWS\SYSTEM32\WINMM.dll
0x00007ffe48cf0000 - 0x00007ffe48d04000 	C:\WINDOWS\SYSTEM32\UMPDC.dll
0x00007ffe47c40000 - 0x00007ffe47c5b000 	C:\WINDOWS\SYSTEM32\kernel.appcore.dll
0x00007ffe21c00000 - 0x00007ffe21c0a000 	C:\Users\Manohar Badri\.gradle\jdks\eclipse_adoptium-21-amd64-windows.2\bin\jimage.dll
0x00007ffe46580000 - 0x00007ffe467c2000 	C:\WINDOWS\SYSTEM32\DBGHELP.DLL
0x00007ffe4a4d0000 - 0x00007ffe4a853000 	C:\WINDOWS\System32\combase.dll
0x00007ffe4a960000 - 0x00007ffe4aa39000 	C:\WINDOWS\System32\OLEAUT32.dll
0x00007ffe2e620000 - 0x00007ffe2e65b000 	C:\WINDOWS\SYSTEM32\dbgcore.DLL
0x00007ffe49520000 - 0x00007ffe495c8000 	C:\WINDOWS\System32\bcryptPrimitives.dll
0x00007ffe1afc0000 - 0x00007ffe1afcf000 	C:\Users\Manohar Badri\.gradle\jdks\eclipse_adoptium-21-amd64-windows.2\bin\instrument.dll
0x00007ffe11ac0000 - 0x00007ffe11adf000 	C:\Users\Manohar Badri\.gradle\jdks\eclipse_adoptium-21-amd64-windows.2\bin\java.dll
0x00007ffe4ab20000 - 0x00007ffe4b2a4000 	C:\WINDOWS\System32\SHELL32.dll
0x00007ffe46a50000 - 0x00007ffe472d0000 	C:\WINDOWS\SYSTEM32\windows.storage.dll
0x00007ffe4a860000 - 0x00007ffe4a956000 	C:\WINDOWS\System32\SHCORE.dll
0x00007ffe4b7e0000 - 0x00007ffe4b847000 	C:\WINDOWS\System32\shlwapi.dll
0x00007ffe48dd0000 - 0x00007ffe48df9000 	C:\WINDOWS\SYSTEM32\profapi.dll
0x00007ffe09f90000 - 0x00007ffe0a067000 	C:\Users\Manohar Badri\.gradle\jdks\eclipse_adoptium-21-amd64-windows.2\bin\jsvml.dll
0x00007ffe0f980000 - 0x00007ffe0f998000 	C:\Users\Manohar Badri\.gradle\jdks\eclipse_adoptium-21-amd64-windows.2\bin\zip.dll
0x00007ffe1ad70000 - 0x00007ffe1ad80000 	C:\Users\Manohar Badri\.gradle\jdks\eclipse_adoptium-21-amd64-windows.2\bin\net.dll
0x00007ffe401b0000 - 0x00007ffe402d9000 	C:\WINDOWS\SYSTEM32\WINHTTP.dll
0x00007ffe481b0000 - 0x00007ffe4821c000 	C:\WINDOWS\system32\mswsock.dll
0x00007ffe0f960000 - 0x00007ffe0f976000 	C:\Users\Manohar Badri\.gradle\jdks\eclipse_adoptium-21-amd64-windows.2\bin\nio.dll
0x00007ffe17d00000 - 0x00007ffe17d10000 	C:\Users\Manohar Badri\.gradle\jdks\eclipse_adoptium-21-amd64-windows.2\bin\verify.dll
0x00007ffe265f0000 - 0x00007ffe26617000 	C:\Users\Manohar Badri\.gradle\native\660c5614fbf4a5f2a75b1949f50a0caf5cd603558e7d8a26e50b933a0cfb79d1\windows-amd64\native-platform.dll
0x00007ffe0f8e0000 - 0x00007ffe0f957000 	C:\Users\Manohar Badri\.gradle\native\0.2.8\x86_64-windows-gnu\gradle-fileevents.dll
0x00007ffe16640000 - 0x00007ffe1664a000 	C:\Users\Manohar Badri\.gradle\jdks\eclipse_adoptium-21-amd64-windows.2\bin\management.dll
0x00007ffe13090000 - 0x00007ffe1309b000 	C:\Users\Manohar Badri\.gradle\jdks\eclipse_adoptium-21-amd64-windows.2\bin\management_ext.dll
0x00007ffe4ab10000 - 0x00007ffe4ab18000 	C:\WINDOWS\System32\PSAPI.DLL
0x00007ffe47610000 - 0x00007ffe47643000 	C:\WINDOWS\SYSTEM32\IPHLPAPI.DLL
0x00007ffe49b50000 - 0x00007ffe49b5a000 	C:\WINDOWS\System32\NSI.dll
0x00007ffe0f760000 - 0x00007ffe0f769000 	C:\Users\Manohar Badri\.gradle\jdks\eclipse_adoptium-21-amd64-windows.2\bin\extnet.dll
0x00007ffe48490000 - 0x00007ffe484ab000 	C:\WINDOWS\SYSTEM32\CRYPTSP.dll
0x00007ffe47ba0000 - 0x00007ffe47bd9000 	C:\WINDOWS\system32\rsaenh.dll
0x00007ffe48260000 - 0x00007ffe48293000 	C:\WINDOWS\SYSTEM32\USERENV.dll
0x00007ffe48da0000 - 0x00007ffe48dca000 	C:\WINDOWS\SYSTEM32\bcrypt.dll
0x00007ffe484b0000 - 0x00007ffe484bc000 	C:\WINDOWS\SYSTEM32\CRYPTBASE.dll
0x00007ffe0a270000 - 0x00007ffe0a27e000 	C:\Users\Manohar Badri\.gradle\jdks\eclipse_adoptium-21-amd64-windows.2\bin\sunmscapi.dll
0x00007ffe49600000 - 0x00007ffe49778000 	C:\WINDOWS\System32\CRYPT32.dll
0x00007ffe486b0000 - 0x00007ffe486e0000 	C:\WINDOWS\SYSTEM32\ncrypt.dll
0x00007ffe48660000 - 0x00007ffe4869f000 	C:\WINDOWS\SYSTEM32\NTASN1.dll
0x00007ffe21d30000 - 0x00007ffe21d38000 	C:\WINDOWS\system32\wshunix.dll
0x00007ffe476a0000 - 0x00007ffe477ea000 	C:\WINDOWS\SYSTEM32\DNSAPI.dll
0x00007ffe47fb0000 - 0x00007ffe47fbd000 	C:\WINDOWS\SYSTEM32\DSPARSE.dll
0x00007ffe3fca0000 - 0x00007ffe3fcab000 	C:\Windows\System32\rasadhlp.dll
0x00007ffe409a0000 - 0x00007ffe40a26000 	C:\WINDOWS\System32\fwpuclnt.dll
0x00007ffe47d60000 - 0x00007ffe47d96000 	C:\WINDOWS\SYSTEM32\ntmarta.dll

dbghelp: loaded successfully - version: 4.0.5 - missing functions: none
symbol engine: initialized successfully - sym options: 0x614 - pdb path: .;C:\Users\Manohar Badri\.gradle\jdks\eclipse_adoptium-21-amd64-windows.2\bin;C:\WINDOWS\SYSTEM32;C:\WINDOWS\WinSxS\amd64_microsoft.windows.common-controls_6595b64144ccf1df_6.0.26100.8521_none_3e08b75ce33403b3;C:\Users\Manohar Badri\.gradle\jdks\eclipse_adoptium-21-amd64-windows.2\bin\server;C:\Users\Manohar Badri\.gradle\native\660c5614fbf4a5f2a75b1949f50a0caf5cd603558e7d8a26e50b933a0cfb79d1\windows-amd64;C:\Users\Manohar Badri\.gradle\native\0.2.8\x86_64-windows-gnu

VM Arguments:
jvm_args: --add-opens=java.base/java.lang=ALL-UNNAMED --add-opens=java.base/java.lang.invoke=ALL-UNNAMED --add-opens=java.base/java.util=ALL-UNNAMED --add-opens=java.prefs/java.util.prefs=ALL-UNNAMED --add-exports=jdk.compiler/com.sun.tools.javac.api=ALL-UNNAMED --add-exports=jdk.compiler/com.sun.tools.javac.util=ALL-UNNAMED --add-opens=java.base/java.util=ALL-UNNAMED --add-opens=java.prefs/java.util.prefs=ALL-UNNAMED --add-opens=java.base/java.nio.charset=ALL-UNNAMED --add-opens=java.base/java.net=ALL-UNNAMED --add-opens=java.base/java.util.concurrent=ALL-UNNAMED --add-opens=java.base/java.util.concurrent.atomic=ALL-UNNAMED --add-opens=java.xml/javax.xml.namespace=ALL-UNNAMED --add-opens=java.base/java.time=ALL-UNNAMED -XX:MaxMetaspaceSize=512m -Xmx4096m -Dfile.encoding=UTF-8 -Duser.country=US -Duser.language=en -Duser.variant -javaagent:C:\Users\Manohar Badri\.gradle\wrapper\dists\gradle-9.4.1-bin\arn2x92ynaizyzdaamcbpbhtj\gradle-9.4.1\lib\agents\gradle-instrumentation-agent-9.4.1.jar 
java_command: org.gradle.launcher.daemon.bootstrap.GradleDaemon 9.4.1
java_class_path (initial): C:\Users\Manohar Badri\.gradle\wrapper\dists\gradle-9.4.1-bin\arn2x92ynaizyzdaamcbpbhtj\gradle-9.4.1\lib\gradle-daemon-main-9.4.1.jar
Launcher Type: SUN_STANDARD

[Global flags]
     intx CICompilerCount                          = 4                                         {product} {ergonomic}
   size_t CompressedClassSpaceSize                 = 436207616                                 {product} {ergonomic}
     uint ConcGCThreads                            = 3                                         {product} {ergonomic}
     uint G1ConcRefinementThreads                  = 10                                        {product} {ergonomic}
   size_t G1HeapRegionSize                         = 2097152                                   {product} {ergonomic}
    uintx GCDrainStackTargetSize                   = 64                                        {product} {ergonomic}
   size_t InitialHeapSize                          = 264241152                                 {product} {ergonomic}
   size_t MarkStackSize                            = 4194304                                   {product} {ergonomic}
   size_t MaxHeapSize                              = 4294967296                                {product} {command line}
   size_t MaxMetaspaceSize                         = 536870912                                 {product} {command line}
   size_t MaxNewSize                               = 2575302656                                {product} {ergonomic}
   size_t MinHeapDeltaBytes                        = 2097152                                   {product} {ergonomic}
   size_t MinHeapSize                              = 8388608                                   {product} {ergonomic}
    uintx NonNMethodCodeHeapSize                   = 5839372                                {pd product} {ergonomic}
    uintx NonProfiledCodeHeapSize                  = 122909434                              {pd product} {ergonomic}
    uintx ProfiledCodeHeapSize                     = 122909434                              {pd product} {ergonomic}
    uintx ReservedCodeCacheSize                    = 251658240                              {pd product} {ergonomic}
     bool SegmentedCodeCache                       = true                                      {product} {ergonomic}
   size_t SoftMaxHeapSize                          = 4294967296                             {manageable} {ergonomic}
     bool UseCompressedOops                        = true                           {product lp64_product} {ergonomic}
     bool UseG1GC                                  = true                                      {product} {ergonomic}
     bool UseLargePagesIndividualAllocation        = false                                  {pd product} {ergonomic}

Logging:
Log output configuration:
 #0: stdout all=warning uptime,level,tags foldmultilines=false
 #1: stderr all=off uptime,level,tags foldmultilines=false

Environment Variables:
JAVA_HOME=C:\Program Files\Java\jdk-17
PATH=C:\Program Files (x86)\VMware\VMware Workstation\bin\;C:\Program Files\Common Files\Oracle\Java\javapath;C:\Program Files\Java\jdk-17\bin;C:\Program Files (x86)\Common Files\Oracle\Java\java8path;C:\Program Files (x86)\Common Files\Oracle\Java\javapath;C:\WINDOWS\system32;C:\WINDOWS;C:\WINDOWS\System32\Wbem;C:\WINDOWS\System32\WindowsPowerShell\v1.0\;C:\WINDOWS\System32\OpenSSH\;C:\Program Files\Docker\Docker\resources\bin;C:\Program Files\Git\cmd;C:\Program Files\dotnet\;C:\Users\Manohar Badri\AppData\Local\Programs\Python\Python39\Scripts\;C:\Users\Manohar Badri\AppData\Local\Programs\Python\Python39\;C:\Users\Manohar Badri\AppData\Local\Programs\Python\Launcher\;C:\Users\Manohar Badri\AppData\Local\Programs\Python\Python312\Scripts\;C:\Users\Manohar Badri\AppData\Local\Programs\Python\Python312\;C:\Users\Manohar Badri\AppData\Local\Microsoft\WindowsApps;C:\Users\Manohar Badri\AppData\Local\Programs\Microsoft VS Code\bin;C:\Program Files\CodeBlocks\MinGW\bin;C:\Program Files (x86)\GnuWin32\bin;C:\Users\Manohar Badri\AppData\Local\Programs\Antigravity\bin
USERNAME=Manohar Badri
OS=Windows_NT
PROCESSOR_IDENTIFIER=Intel64 Family 6 Model 186 Stepping 3, GenuineIntel
TMP=C:\Users\MANOHA~1\AppData\Local\Temp
TEMP=C:\Users\MANOHA~1\AppData\Local\Temp




Periodic native trim disabled

---------------  S Y S T E M  ---------------

OS:
 Windows 11 , 64 bit Build 26100 (10.0.26100.8521)
OS uptime: 0 days 3:05 hours
Hyper-V role detected

CPU: total 12 (initial active 12) (6 cores per cpu, 2 threads per core) family 6 model 186 stepping 3 microcode 0x4121, cx8, cmov, fxsr, ht, mmx, 3dnowpref, sse, sse2, sse3, ssse3, sse4.1, sse4.2, popcnt, lzcnt, tsc, tscinvbit, avx, avx2, aes, erms, clmul, bmi1, bmi2, adx, sha, fma, vzeroupper, clflush, clflushopt, clwb, hv, serialize, rdtscp, rdpid, fsrm, f16c, cet_ibt, cet_ss
Processor Information for processor 0
  Max Mhz: 1300, Current Mhz: 1300, Mhz Limit: 1300
Processor Information for processor 1
  Max Mhz: 1300, Current Mhz: 1300, Mhz Limit: 1300
Processor Information for processor 2
  Max Mhz: 1300, Current Mhz: 1300, Mhz Limit: 1300
Processor Information for processor 3
  Max Mhz: 1300, Current Mhz: 1300, Mhz Limit: 1300
Processor Information for processor 4
  Max Mhz: 1300, Current Mhz: 900, Mhz Limit: 897
Processor Information for processor 5
  Max Mhz: 1300, Current Mhz: 900, Mhz Limit: 897
Processor Information for processor 6
  Max Mhz: 1300, Current Mhz: 900, Mhz Limit: 897
Processor Information for processor 7
  Max Mhz: 1300, Current Mhz: 900, Mhz Limit: 897
Processor Information for processor 8
  Max Mhz: 1300, Current Mhz: 900, Mhz Limit: 897
Processor Information for processor 9
  Max Mhz: 1300, Current Mhz: 900, Mhz Limit: 897
Processor Information for processor 10
  Max Mhz: 1300, Current Mhz: 900, Mhz Limit: 897
Processor Information for processor 11
  Max Mhz: 1300, Current Mhz: 900, Mhz Limit: 897

Memory: 4k page, system-wide physical 16027M (2642M free)
TotalPageFile size 16027M (AvailPageFile size 66M)
current process WorkingSet (physical memory assigned to process): 800M, peak: 800M
current process commit charge ("private bytes"): 845M, peak: 1223M

vm_info: OpenJDK 64-Bit Server VM (21.0.7+6-LTS) for windows-amd64 JRE (21.0.7+6-LTS), built on 2025-04-15T00:00:00Z by "admin" with MS VC++ 17.7 (VS2022)

END.
