#
# There is insufficient memory for the Java Runtime Environment to continue.
# Native memory allocation (malloc) failed to allocate 1891664 bytes. Error detail: Chunk::new
# Possible reasons:
#   The system is out of physical RAM or swap space
#   This process is running with CompressedOops enabled, and the Java Heap may be blocking the growth of the native heap
# Possible solutions:
#   Reduce memory load on the system
#   Increase physical memory or swap space
#   Check if swap backing store is full
#   Decrease Java heap size (-Xmx/-Xms)
#   Decrease number of Java threads
#   Decrease Java thread stack sizes (-Xss)
#   Set larger code cache with -XX:ReservedCodeCacheSize=
#   JVM is running with Zero Based Compressed Oops mode in which the Java heap is
#     placed in the first 32GB address space. The Java Heap base address is the
#     maximum limit for the native heap growth. Please use -XX:HeapBaseMinAddress
#     to set the Java Heap base and to place the Java Heap above 32GB virtual address.
# This output file may be truncated or incomplete.
#
#  Out of Memory Error (arena.cpp:168), pid=2752, tid=3416
#
# JRE version: OpenJDK Runtime Environment Temurin-21.0.7+6 (21.0.7+6) (build 21.0.7+6-LTS)
# Java VM: OpenJDK 64-Bit Server VM Temurin-21.0.7+6 (21.0.7+6-LTS, mixed mode, sharing, tiered, compressed oops, compressed class ptrs, g1 gc, windows-amd64)
# No core dump will be written. Minidumps are not enabled by default on client versions of Windows
#

---------------  S U M M A R Y ------------

Command Line: --add-opens=java.base/java.lang=ALL-UNNAMED --add-opens=java.base/java.lang.invoke=ALL-UNNAMED --add-opens=java.base/java.util=ALL-UNNAMED --add-opens=java.prefs/java.util.prefs=ALL-UNNAMED --add-exports=jdk.compiler/com.sun.tools.javac.api=ALL-UNNAMED --add-exports=jdk.compiler/com.sun.tools.javac.util=ALL-UNNAMED --add-opens=java.base/java.util=ALL-UNNAMED --add-opens=java.prefs/java.util.prefs=ALL-UNNAMED --add-opens=java.base/java.nio.charset=ALL-UNNAMED --add-opens=java.base/java.net=ALL-UNNAMED --add-opens=java.base/java.util.concurrent=ALL-UNNAMED --add-opens=java.base/java.util.concurrent.atomic=ALL-UNNAMED --add-opens=java.xml/javax.xml.namespace=ALL-UNNAMED --add-opens=java.base/java.time=ALL-UNNAMED -XX:MaxMetaspaceSize=512m -Xmx4096m -Dfile.encoding=UTF-8 -Duser.country=US -Duser.language=en -Duser.variant -javaagent:C:\Users\Manohar Badri\.gradle\wrapper\dists\gradle-9.4.1-bin\arn2x92ynaizyzdaamcbpbhtj\gradle-9.4.1\lib\agents\gradle-instrumentation-agent-9.4.1.jar org.gradle.launcher.daemon.bootstrap.GradleDaemon 9.4.1

Host: 13th Gen Intel(R) Core(TM) i5-1335U, 12 cores, 15G,  Windows 11 , 64 bit Build 26100 (10.0.26100.8521)
Time: Mon Jun 15 21:38:51 2026 India Standard Time elapsed time: 25.095846 seconds (0d 0h 0m 25s)

---------------  T H R E A D  ---------------

Current thread (0x000001b0425714c0):  JavaThread "C2 CompilerThread1" daemon [_thread_in_native, id=3416, stack(0x000000035b100000,0x000000035b200000) (1024K)]


Current CompileTask:
C2:25095 18100       4       org.gradle.api.internal.artifacts.transform.TransformStep::lambda$createInvocation$2 (93 bytes)

Stack: [0x000000035b100000,0x000000035b200000]
Native frames: (J=compiled Java code, j=interpreted, Vv=VM code, C=native code)
V  [jvm.dll+0x6ce119]
V  [jvm.dll+0x8a84a1]
V  [jvm.dll+0x8aa9ce]
V  [jvm.dll+0x8ab0b3]
V  [jvm.dll+0x27f8a6]
V  [jvm.dll+0xc507d]
V  [jvm.dll+0xc55b3]
V  [jvm.dll+0x3b692c]
V  [jvm.dll+0x382aa5]
V  [jvm.dll+0x381f0a]
V  [jvm.dll+0x247af0]
V  [jvm.dll+0x2470cf]
V  [jvm.dll+0x1c760e]
V  [jvm.dll+0x25695a]
V  [jvm.dll+0x254efa]
V  [jvm.dll+0x3f03f6]
V  [jvm.dll+0x851f6b]
V  [jvm.dll+0x6cc7dd]
C  [ucrtbase.dll+0x2cd30]
C  [KERNEL32.DLL+0x2e957]
C  [ntdll.dll+0x87c1c]


---------------  P R O C E S S  ---------------

Threads class SMR info:
_java_thread_list=0x000001b0383e9530, length=64, elements={
0x000001b073c08f90, 0x000001b07ff37ac0, 0x000001b07ff3a620, 0x000001b07ff3ea40,
0x000001b07ff3f490, 0x000001b07ff3fee0, 0x000001b07ff410d0, 0x000001b07ff4dba0,
0x000001b07ff4e630, 0x000001b0159a0910, 0x000001b015b1a2f0, 0x000001b0372c5bd0,
0x000001b03663f210, 0x000001b036b77d90, 0x000001b0372a10b0, 0x000001b0367ac130,
0x000001b036eb7020, 0x000001b035eccd90, 0x000001b037242e60, 0x000001b037241ab0,
0x000001b037242140, 0x000001b037240070, 0x000001b037240700, 0x000001b037240d90,
0x000001b037e76050, 0x000001b037e738f0, 0x000001b037e74610, 0x000001b037e73f80,
0x000001b037e72bd0, 0x000001b037e74ca0, 0x000001b037e73260, 0x000001b037e7a1f0,
0x000001b037e78120, 0x000001b037e78e40, 0x000001b035fcc940, 0x000001b035fcbc20,
0x000001b035fcb590, 0x000001b035fce380, 0x000001b035fcf0a0, 0x000001b035fcf730,
0x000001b035fcc2b0, 0x000001b035fcfdc0, 0x000001b035fd1170, 0x000001b035fd2bb0,
0x000001b039a1e720, 0x000001b039a21510, 0x000001b035d47630, 0x000001b035d46910,
0x000001b035d49700, 0x000001b035d4aab0, 0x000001b035d49070, 0x000001b035d489e0,
0x000001b035d4b140, 0x000001b035d47cc0, 0x000001b035d48350, 0x000001b039a24990,
0x000001b039a25020, 0x000001b039a228c0, 0x000001b037e787b0, 0x000001b03c698130,
0x000001b03c69d680, 0x000001b0425714c0, 0x000001b042571b90, 0x000001b03aff0750
}

Java Threads: ( => current thread )
  0x000001b073c08f90 JavaThread "main"                              [_thread_blocked, id=18876, stack(0x0000000359f00000,0x000000035a000000) (1024K)]
  0x000001b07ff37ac0 JavaThread "Reference Handler"          daemon [_thread_blocked, id=1756, stack(0x000000035a700000,0x000000035a800000) (1024K)]
  0x000001b07ff3a620 JavaThread "Finalizer"                  daemon [_thread_blocked, id=5636, stack(0x000000035a800000,0x000000035a900000) (1024K)]
  0x000001b07ff3ea40 JavaThread "Signal Dispatcher"          daemon [_thread_blocked, id=13352, stack(0x000000035a900000,0x000000035aa00000) (1024K)]
  0x000001b07ff3f490 JavaThread "Attach Listener"            daemon [_thread_blocked, id=16968, stack(0x000000035aa00000,0x000000035ab00000) (1024K)]
  0x000001b07ff3fee0 JavaThread "Service Thread"             daemon [_thread_blocked, id=6684, stack(0x000000035ab00000,0x000000035ac00000) (1024K)]
  0x000001b07ff410d0 JavaThread "Monitor Deflation Thread"   daemon [_thread_blocked, id=8876, stack(0x000000035ac00000,0x000000035ad00000) (1024K)]
  0x000001b07ff4dba0 JavaThread "C2 CompilerThread0"         daemon [_thread_in_native, id=18664, stack(0x000000035ad00000,0x000000035ae00000) (1024K)]
  0x000001b07ff4e630 JavaThread "C1 CompilerThread0"         daemon [_thread_blocked, id=6168, stack(0x000000035ae00000,0x000000035af00000) (1024K)]
  0x000001b0159a0910 JavaThread "Common-Cleaner"             daemon [_thread_blocked, id=20216, stack(0x000000035af00000,0x000000035b000000) (1024K)]
  0x000001b015b1a2f0 JavaThread "Notification Thread"        daemon [_thread_blocked, id=7824, stack(0x000000035b000000,0x000000035b100000) (1024K)]
  0x000001b0372c5bd0 JavaThread "Daemon health stats"               [_thread_blocked, id=836, stack(0x000000035b800000,0x000000035b900000) (1024K)]
  0x000001b03663f210 JavaThread "Incoming local TCP Connector on port 50243"        [_thread_in_native, id=6124, stack(0x000000035b900000,0x000000035ba00000) (1024K)]
  0x000001b036b77d90 JavaThread "Daemon periodic checks"            [_thread_blocked, id=11556, stack(0x000000035ba00000,0x000000035bb00000) (1024K)]
  0x000001b0372a10b0 JavaThread "Daemon"                            [_thread_blocked, id=15164, stack(0x000000035bb00000,0x000000035bc00000) (1024K)]
  0x000001b0367ac130 JavaThread "Handler for socket connection from /127.0.0.1:50243 to /127.0.0.1:50244"        [_thread_in_native, id=19888, stack(0x000000035bc00000,0x000000035bd00000) (1024K)]
  0x000001b036eb7020 JavaThread "Cancel handler"                    [_thread_blocked, id=9964, stack(0x000000035bd00000,0x000000035be00000) (1024K)]
  0x000001b035eccd90 JavaThread "Daemon worker"                     [_thread_blocked, id=6184, stack(0x000000035be00000,0x000000035bf00000) (1024K)]
  0x000001b037242e60 JavaThread "Asynchronous log dispatcher for DefaultDaemonConnection: socket connection from /127.0.0.1:50243 to /127.0.0.1:50244"        [_thread_blocked, id=14656, stack(0x000000035bf00000,0x000000035c000000) (1024K)]
  0x000001b037241ab0 JavaThread "Stdin handler"                     [_thread_blocked, id=16756, stack(0x000000035c000000,0x000000035c100000) (1024K)]
  0x000001b037242140 JavaThread "Daemon client event forwarder"        [_thread_blocked, id=20380, stack(0x000000035c100000,0x000000035c200000) (1024K)]
  0x000001b037240070 JavaThread "Cache worker for journal cache (C:\Users\Manohar Badri\.gradle\caches\journal-1)"        [_thread_blocked, id=8172, stack(0x000000035c200000,0x000000035c300000) (1024K)]
  0x000001b037240700 JavaThread "File lock request listener"        [_thread_in_native, id=3476, stack(0x000000035c300000,0x000000035c400000) (1024K)]
  0x000001b037240d90 JavaThread "Cache worker for file hash cache (C:\Users\Manohar Badri\.gradle\caches\9.4.1\fileHashes)"        [_thread_blocked, id=10300, stack(0x000000035c400000,0x000000035c500000) (1024K)]
  0x000001b037e76050 JavaThread "Cache worker for file hash cache (C:\Users\Manohar Badri\AndroidStudioProjects\AgriNova\.gradle\9.4.1\fileHashes)"        [_thread_blocked, id=11888, stack(0x000000035b200000,0x000000035b300000) (1024K)]
  0x000001b037e738f0 JavaThread "Cache worker for Build Output Cleanup Cache (C:\Users\Manohar Badri\AndroidStudioProjects\AgriNova\.gradle\buildOutputCleanup)"        [_thread_blocked, id=1292, stack(0x000000035cb00000,0x000000035cc00000) (1024K)]
  0x000001b037e74610 JavaThread "File watcher server"        daemon [_thread_in_native, id=19712, stack(0x000000035cc00000,0x000000035cd00000) (1024K)]
  0x000001b037e73f80 JavaThread "File watcher consumer"      daemon [_thread_blocked, id=19764, stack(0x000000035cd00000,0x000000035ce00000) (1024K)]
  0x000001b037e72bd0 JavaThread "Cache worker for file content cache (C:\Users\Manohar Badri\.gradle\caches\9.4.1\fileContent)"        [_thread_blocked, id=4352, stack(0x000000035ce00000,0x000000035cf00000) (1024K)]
  0x000001b037e74ca0 JavaThread "Cache worker for checksums cache (C:\Users\Manohar Badri\AndroidStudioProjects\AgriNova\.gradle\9.4.1\checksums)"        [_thread_blocked, id=1584, stack(0x000000035cf00000,0x000000035d000000) (1024K)]
  0x000001b037e73260 JavaThread "Cache worker for cache directory md-supplier (C:\Users\Manohar Badri\.gradle\caches\9.4.1\md-supplier)"        [_thread_blocked, id=19452, stack(0x000000035d000000,0x000000035d100000) (1024K)]
  0x000001b037e7a1f0 JavaThread "Cache worker for cache directory md-rule (C:\Users\Manohar Badri\.gradle\caches\9.4.1\md-rule)"        [_thread_blocked, id=13560, stack(0x000000035d100000,0x000000035d200000) (1024K)]
  0x000001b037e78120 JavaThread "Build operations"                  [_thread_blocked, id=16100, stack(0x000000035d200000,0x000000035d300000) (1024K)]
  0x000001b037e78e40 JavaThread "Build operations Thread 2"         [_thread_blocked, id=2500, stack(0x000000035d300000,0x000000035d400000) (1024K)]
  0x000001b035fcc940 JavaThread "Build operations Thread 3"         [_thread_blocked, id=9728, stack(0x000000035d400000,0x000000035d500000) (1024K)]
  0x000001b035fcbc20 JavaThread "Build operations Thread 4"         [_thread_blocked, id=8388, stack(0x000000035d600000,0x000000035d700000) (1024K)]
  0x000001b035fcb590 JavaThread "Build operations Thread 5"         [_thread_blocked, id=12092, stack(0x000000035d700000,0x000000035d800000) (1024K)]
  0x000001b035fce380 JavaThread "Build operations Thread 6"         [_thread_blocked, id=18740, stack(0x000000035d800000,0x000000035d900000) (1024K)]
  0x000001b035fcf0a0 JavaThread "Build operations Thread 7"         [_thread_blocked, id=19984, stack(0x000000035d900000,0x000000035da00000) (1024K)]
  0x000001b035fcf730 JavaThread "Build operations Thread 8"         [_thread_blocked, id=9028, stack(0x000000035da00000,0x000000035db00000) (1024K)]
  0x000001b035fcc2b0 JavaThread "Build operations Thread 9"         [_thread_blocked, id=19500, stack(0x000000035db00000,0x000000035dc00000) (1024K)]
  0x000001b035fcfdc0 JavaThread "Build operations Thread 10"        [_thread_blocked, id=3752, stack(0x000000035dc00000,0x000000035dd00000) (1024K)]
  0x000001b035fd1170 JavaThread "Build operations Thread 11"        [_thread_blocked, id=4768, stack(0x000000035dd00000,0x000000035de00000) (1024K)]
  0x000001b035fd2bb0 JavaThread "Build operations Thread 12"        [_thread_in_native, id=6704, stack(0x000000035de00000,0x000000035df00000) (1024K)]
  0x000001b039a1e720 JavaThread "Memory manager"                    [_thread_blocked, id=13320, stack(0x000000035d500000,0x000000035d600000) (1024K)]
  0x000001b039a21510 JavaThread "build event listener"              [_thread_blocked, id=16964, stack(0x000000035df00000,0x000000035e000000) (1024K)]
  0x000001b035d47630 JavaThread "included builds"                   [_thread_blocked, id=19704, stack(0x000000035e000000,0x000000035e100000) (1024K)]
  0x000001b035d46910 JavaThread "Execution worker"                  [_thread_blocked, id=8392, stack(0x000000035e100000,0x000000035e200000) (1024K)]
  0x000001b035d49700 JavaThread "Execution worker Thread 2"         [_thread_blocked, id=10680, stack(0x000000035e200000,0x000000035e300000) (1024K)]
  0x000001b035d4aab0 JavaThread "Execution worker Thread 3"         [_thread_blocked, id=15208, stack(0x000000035e300000,0x000000035e400000) (1024K)]
  0x000001b035d49070 JavaThread "Execution worker Thread 4"         [_thread_blocked, id=16864, stack(0x000000035e400000,0x000000035e500000) (1024K)]
  0x000001b035d489e0 JavaThread "Execution worker Thread 5"         [_thread_blocked, id=7424, stack(0x000000035e500000,0x000000035e600000) (1024K)]
  0x000001b035d4b140 JavaThread "Execution worker Thread 6"         [_thread_blocked, id=10404, stack(0x000000035e600000,0x000000035e700000) (1024K)]
  0x000001b035d47cc0 JavaThread "Execution worker Thread 7"         [_thread_blocked, id=2808, stack(0x000000035e700000,0x000000035e800000) (1024K)]
  0x000001b035d48350 JavaThread "Execution worker Thread 8"         [_thread_blocked, id=16808, stack(0x000000035e800000,0x000000035e900000) (1024K)]
  0x000001b039a24990 JavaThread "Execution worker Thread 9"         [_thread_blocked, id=4440, stack(0x000000035e900000,0x000000035ea00000) (1024K)]
  0x000001b039a25020 JavaThread "Execution worker Thread 10"        [_thread_blocked, id=14728, stack(0x000000035ea00000,0x000000035eb00000) (1024K)]
  0x000001b039a228c0 JavaThread "Execution worker Thread 11"        [_thread_blocked, id=1348, stack(0x000000035eb00000,0x000000035ec00000) (1024K)]
  0x000001b037e787b0 JavaThread "Cache worker for execution history cache (C:\Users\Manohar Badri\AndroidStudioProjects\AgriNova\.gradle\9.4.1\executionHistory)"        [_thread_blocked, id=20456, stack(0x000000035ec00000,0x000000035ed00000) (1024K)]
  0x000001b03c698130 JavaThread "Cache worker for Java compile cache (C:\Users\Manohar Badri\.gradle\caches\9.4.1\javaCompile)"        [_thread_blocked, id=3012, stack(0x000000035ee00000,0x000000035ef00000) (1024K)]
  0x000001b03c69d680 JavaThread "Problems report writer"            [_thread_blocked, id=18952, stack(0x000000035ef00000,0x000000035f000000) (1024K)]
=>0x000001b0425714c0 JavaThread "C2 CompilerThread1"         daemon [_thread_in_native, id=3416, stack(0x000000035b100000,0x000000035b200000) (1024K)]
  0x000001b042571b90 JavaThread "C2 CompilerThread2"         daemon [_thread_in_native, id=2548, stack(0x000000035ed00000,0x000000035ee00000) (1024K)]
  0x000001b03aff0750 JavaThread "WorkerExecutor Queue"              [_thread_in_native, id=10124, stack(0x000000035f000000,0x000000035f100000) (1024K)]
Total: 64

Other Threads:
  0x000001b07ff15f20 VMThread "VM Thread"                           [id=16760, stack(0x000000035a600000,0x000000035a700000) (1024K)]
  0x000001b07ff03d20 WatcherThread "VM Periodic Task Thread"        [id=17076, stack(0x000000035a500000,0x000000035a600000) (1024K)]
  0x000001b075f375f0 WorkerThread "GC Thread#0"                     [id=2664, stack(0x000000035a000000,0x000000035a100000) (1024K)]
  0x000001b035cb8920 WorkerThread "GC Thread#1"                     [id=15848, stack(0x000000035b300000,0x000000035b400000) (1024K)]
  0x000001b035cb8cc0 WorkerThread "GC Thread#2"                     [id=7804, stack(0x000000035b400000,0x000000035b500000) (1024K)]
  0x000001b035cb9060 WorkerThread "GC Thread#3"                     [id=9732, stack(0x000000035b500000,0x000000035b600000) (1024K)]
  0x000001b035cb9400 WorkerThread "GC Thread#4"                     [id=13568, stack(0x000000035b600000,0x000000035b700000) (1024K)]
  0x000001b035cc3810 WorkerThread "GC Thread#5"                     [id=17756, stack(0x000000035b700000,0x000000035b800000) (1024K)]
  0x000001b037b9efa0 WorkerThread "GC Thread#6"                     [id=4344, stack(0x000000035c500000,0x000000035c600000) (1024K)]
  0x000001b037b9e120 WorkerThread "GC Thread#7"                     [id=6364, stack(0x000000035c600000,0x000000035c700000) (1024K)]
  0x000001b037b9e860 WorkerThread "GC Thread#8"                     [id=10284, stack(0x000000035c700000,0x000000035c800000) (1024K)]
  0x000001b037b9ec00 WorkerThread "GC Thread#9"                     [id=13404, stack(0x000000035c800000,0x000000035c900000) (1024K)]
  0x000001b075f4ab10 ConcurrentGCThread "G1 Main Marker"            [id=5024, stack(0x000000035a100000,0x000000035a200000) (1024K)]
  0x000001b075f4b520 WorkerThread "G1 Conc#0"                       [id=14420, stack(0x000000035a200000,0x000000035a300000) (1024K)]
  0x000001b037b9fa80 WorkerThread "G1 Conc#1"                       [id=3280, stack(0x000000035c900000,0x000000035ca00000) (1024K)]
  0x000001b037b9e4c0 WorkerThread "G1 Conc#2"                       [id=1356, stack(0x000000035ca00000,0x000000035cb00000) (1024K)]
  0x000001b075f8eba0 ConcurrentGCThread "G1 Refine#0"               [id=6716, stack(0x000000035a300000,0x000000035a400000) (1024K)]
  0x000001b07fdd2910 ConcurrentGCThread "G1 Service"                [id=14180, stack(0x000000035a400000,0x000000035a500000) (1024K)]
Total: 18

Threads with active compile tasks:
C2 CompilerThread0  25139 19057   !   4       com.android.tools.build.apkzlib.zip.CentralDirectory::readEntry (617 bytes)
C2 CompilerThread1  25139 18100       4       org.gradle.api.internal.artifacts.transform.TransformStep::lambda$createInvocation$2 (93 bytes)
C2 CompilerThread2  25139 19059       4       com.android.tools.build.apkzlib.zip.StoredEntry::readLocalHeader (423 bytes)
Total: 3

VM state: not at safepoint (normal execution)

VM Mutex/Monitor currently owned by a thread: None

Heap address: 0x0000000700000000, size: 4096 MB, Compressed Oops mode: Zero based, Oop shift amount: 3

CDS archive(s) mapped at: [0x000001b016000000-0x000001b016c80000-0x000001b016c80000), size 13107200, SharedBaseAddress: 0x000001b016000000, ArchiveRelocationMode: 1.
Compressed class space mapped at: 0x000001b017000000-0x000001b031000000, reserved size: 436207616
Narrow klass base: 0x000001b016000000, Narrow klass shift: 0, Narrow klass range: 0x100000000

GC Precious Log:
 CardTable entry size: 512
 Card Set container configuration: InlinePtr #cards 4 size 8 Array Of Cards #cards 16 size 48 Howl #buckets 8 coarsen threshold 3686 Howl Bitmap #cards 512 size 80 coarsen threshold 460 Card regions per heap region 1 cards per card region 4096
 CPUs: 12 total, 12 available
 Memory: 16027M
 Large Page Support: Disabled
 NUMA Support: Disabled
 Compressed Oops: Enabled (Zero based)
 Heap Region Size: 2M
 Heap Min Capacity: 8M
 Heap Initial Capacity: 252M
 Heap Max Capacity: 4G
 Pre-touch: Disabled
 Parallel Workers: 10
 Concurrent Workers: 3
 Concurrent Refinement Workers: 10
 Periodic GC: Disabled

Heap:
 garbage-first heap   total 329728K, used 268430K [0x0000000700000000, 0x0000000800000000)
  region size 2048K, 48 young (98304K), 7 survivors (14336K)
 Metaspace       used 116284K, committed 118720K, reserved 557056K
  class space    used 15795K, committed 17024K, reserved 425984K

Heap Regions: E=young(eden), S=young(survivor), O=old, HS=humongous(starts), HC=humongous(continues), CS=collection set, F=free, TAMS=top-at-mark-start, PB=parsable bottom
|   0|0x0000000700000000, 0x0000000700200000, 0x0000000700200000|100%|HS|  |TAMS 0x0000000700000000| PB 0x0000000700000000| Complete 
|   1|0x0000000700200000, 0x0000000700400000, 0x0000000700400000|100%|HC|  |TAMS 0x0000000700200000| PB 0x0000000700200000| Complete 
|   2|0x0000000700400000, 0x0000000700600000, 0x0000000700600000|100%| O|  |TAMS 0x0000000700400000| PB 0x0000000700400000| Untracked 
|   3|0x0000000700600000, 0x0000000700800000, 0x0000000700800000|100%| O|  |TAMS 0x0000000700600000| PB 0x0000000700600000| Untracked 
|   4|0x0000000700800000, 0x0000000700a00000, 0x0000000700a00000|100%| O|  |TAMS 0x0000000700800000| PB 0x0000000700800000| Untracked 
|   5|0x0000000700a00000, 0x0000000700c00000, 0x0000000700c00000|100%| O|  |TAMS 0x0000000700a00000| PB 0x0000000700a00000| Untracked 
|   6|0x0000000700c00000, 0x0000000700dbcaa0, 0x0000000700e00000| 86%| O|  |TAMS 0x0000000700c00000| PB 0x0000000700c00000| Untracked 
|   7|0x0000000700e00000, 0x0000000701000000, 0x0000000701000000|100%| O|  |TAMS 0x0000000700e00000| PB 0x0000000700e00000| Untracked 
|   8|0x0000000701000000, 0x0000000701200000, 0x0000000701200000|100%| O|  |TAMS 0x0000000701000000| PB 0x0000000701000000| Untracked 
|   9|0x0000000701200000, 0x0000000701400000, 0x0000000701400000|100%| O|  |TAMS 0x0000000701200000| PB 0x0000000701200000| Untracked 
|  10|0x0000000701400000, 0x0000000701600000, 0x0000000701600000|100%| O|  |TAMS 0x0000000701400000| PB 0x0000000701400000| Untracked 
|  11|0x0000000701600000, 0x0000000701600000, 0x0000000701800000|  0%| F|  |TAMS 0x0000000701600000| PB 0x0000000701600000| Untracked 
|  12|0x0000000701800000, 0x0000000701a00000, 0x0000000701a00000|100%| O|  |TAMS 0x0000000701800000| PB 0x0000000701800000| Untracked 
|  13|0x0000000701a00000, 0x0000000701c00000, 0x0000000701c00000|100%| O|  |TAMS 0x0000000701a00000| PB 0x0000000701a00000| Untracked 
|  14|0x0000000701c00000, 0x0000000701e00000, 0x0000000701e00000|100%| O|  |TAMS 0x0000000701c00000| PB 0x0000000701c00000| Untracked 
|  15|0x0000000701e00000, 0x0000000702000000, 0x0000000702000000|100%| O|  |TAMS 0x0000000701e00000| PB 0x0000000701e00000| Untracked 
|  16|0x0000000702000000, 0x0000000702200000, 0x0000000702200000|100%| O|  |TAMS 0x0000000702000000| PB 0x0000000702000000| Untracked 
|  17|0x0000000702200000, 0x0000000702400000, 0x0000000702400000|100%| O|  |TAMS 0x0000000702200000| PB 0x0000000702200000| Untracked 
|  18|0x0000000702400000, 0x0000000702600000, 0x0000000702600000|100%| O|  |TAMS 0x0000000702400000| PB 0x0000000702400000| Untracked 
|  19|0x0000000702600000, 0x0000000702800000, 0x0000000702800000|100%| O|  |TAMS 0x0000000702600000| PB 0x0000000702600000| Untracked 
|  20|0x0000000702800000, 0x0000000702a00000, 0x0000000702a00000|100%| O|  |TAMS 0x0000000702800000| PB 0x0000000702800000| Untracked 
|  21|0x0000000702a00000, 0x0000000702c00000, 0x0000000702c00000|100%|HS|  |TAMS 0x0000000702a00000| PB 0x0000000702a00000| Complete 
|  22|0x0000000702c00000, 0x0000000702e00000, 0x0000000702e00000|100%| O|  |TAMS 0x0000000702c00000| PB 0x0000000702c00000| Untracked 
|  23|0x0000000702e00000, 0x0000000703000000, 0x0000000703000000|100%| O|  |TAMS 0x0000000702e00000| PB 0x0000000702e00000| Untracked 
|  24|0x0000000703000000, 0x0000000703200000, 0x0000000703200000|100%|HS|  |TAMS 0x0000000703000000| PB 0x0000000703000000| Complete 
|  25|0x0000000703200000, 0x0000000703400000, 0x0000000703400000|100%| O|  |TAMS 0x0000000703200000| PB 0x0000000703200000| Untracked 
|  26|0x0000000703400000, 0x0000000703600000, 0x0000000703600000|100%| O|  |TAMS 0x0000000703400000| PB 0x0000000703400000| Untracked 
|  27|0x0000000703600000, 0x0000000703800000, 0x0000000703800000|100%| O|  |TAMS 0x0000000703600000| PB 0x0000000703600000| Untracked 
|  28|0x0000000703800000, 0x0000000703a00000, 0x0000000703a00000|100%| O|  |TAMS 0x0000000703800000| PB 0x0000000703800000| Untracked 
|  29|0x0000000703a00000, 0x0000000703c00000, 0x0000000703c00000|100%| O|  |TAMS 0x0000000703a00000| PB 0x0000000703a00000| Untracked 
|  30|0x0000000703c00000, 0x0000000703e00000, 0x0000000703e00000|100%| O|  |TAMS 0x0000000703c00000| PB 0x0000000703c00000| Untracked 
|  31|0x0000000703e00000, 0x0000000704000000, 0x0000000704000000|100%| O|  |TAMS 0x0000000703e00000| PB 0x0000000703e00000| Untracked 
|  32|0x0000000704000000, 0x0000000704000000, 0x0000000704200000|  0%| F|  |TAMS 0x0000000704000000| PB 0x0000000704000000| Untracked 
|  33|0x0000000704200000, 0x0000000704400000, 0x0000000704400000|100%| O|  |TAMS 0x0000000704200000| PB 0x0000000704200000| Untracked 
|  34|0x0000000704400000, 0x0000000704600000, 0x0000000704600000|100%| O|  |TAMS 0x0000000704400000| PB 0x0000000704400000| Untracked 
|  35|0x0000000704600000, 0x0000000704800000, 0x0000000704800000|100%| O|  |TAMS 0x0000000704600000| PB 0x0000000704600000| Untracked 
|  36|0x0000000704800000, 0x0000000704a00000, 0x0000000704a00000|100%| O|  |TAMS 0x0000000704800000| PB 0x0000000704800000| Untracked 
|  37|0x0000000704a00000, 0x0000000704c00000, 0x0000000704c00000|100%| O|  |TAMS 0x0000000704a00000| PB 0x0000000704a00000| Untracked 
|  38|0x0000000704c00000, 0x0000000704e00000, 0x0000000704e00000|100%| O|  |TAMS 0x0000000704c00000| PB 0x0000000704c00000| Untracked 
|  39|0x0000000704e00000, 0x0000000705000000, 0x0000000705000000|100%| O|  |TAMS 0x0000000704e00000| PB 0x0000000704e00000| Untracked 
|  40|0x0000000705000000, 0x0000000705200000, 0x0000000705200000|100%| O|  |TAMS 0x0000000705000000| PB 0x0000000705000000| Untracked 
|  41|0x0000000705200000, 0x0000000705400000, 0x0000000705400000|100%| O|  |TAMS 0x0000000705200000| PB 0x0000000705200000| Untracked 
|  42|0x0000000705400000, 0x0000000705600000, 0x0000000705600000|100%| O|  |TAMS 0x0000000705400000| PB 0x0000000705400000| Untracked 
|  43|0x0000000705600000, 0x0000000705800000, 0x0000000705800000|100%| O|  |TAMS 0x0000000705600000| PB 0x0000000705600000| Untracked 
|  44|0x0000000705800000, 0x0000000705a00000, 0x0000000705a00000|100%| O|  |TAMS 0x0000000705800000| PB 0x0000000705800000| Untracked 
|  45|0x0000000705a00000, 0x0000000705c00000, 0x0000000705c00000|100%| O|  |TAMS 0x0000000705a00000| PB 0x0000000705a00000| Untracked 
|  46|0x0000000705c00000, 0x0000000705e00000, 0x0000000705e00000|100%| O|  |TAMS 0x0000000705c00000| PB 0x0000000705c00000| Untracked 
|  47|0x0000000705e00000, 0x0000000706000000, 0x0000000706000000|100%|HS|  |TAMS 0x0000000705e00000| PB 0x0000000705e00000| Complete 
|  48|0x0000000706000000, 0x0000000706200000, 0x0000000706200000|100%| O|  |TAMS 0x0000000706000000| PB 0x0000000706000000| Untracked 
|  49|0x0000000706200000, 0x0000000706200000, 0x0000000706400000|  0%| F|  |TAMS 0x0000000706200000| PB 0x0000000706200000| Untracked 
|  50|0x0000000706400000, 0x0000000706600000, 0x0000000706600000|100%| O|  |TAMS 0x0000000706400000| PB 0x0000000706400000| Untracked 
|  51|0x0000000706600000, 0x0000000706600000, 0x0000000706800000|  0%| F|  |TAMS 0x0000000706600000| PB 0x0000000706600000| Untracked 
|  52|0x0000000706800000, 0x0000000706800000, 0x0000000706a00000|  0%| F|  |TAMS 0x0000000706800000| PB 0x0000000706800000| Untracked 
|  53|0x0000000706a00000, 0x0000000706a00000, 0x0000000706c00000|  0%| F|  |TAMS 0x0000000706a00000| PB 0x0000000706a00000| Untracked 
|  54|0x0000000706c00000, 0x0000000706c00000, 0x0000000706e00000|  0%| F|  |TAMS 0x0000000706c00000| PB 0x0000000706c00000| Untracked 
|  55|0x0000000706e00000, 0x0000000706e00000, 0x0000000707000000|  0%| F|  |TAMS 0x0000000706e00000| PB 0x0000000706e00000| Untracked 
|  56|0x0000000707000000, 0x0000000707200000, 0x0000000707200000|100%| O|  |TAMS 0x0000000707000000| PB 0x0000000707000000| Untracked 
|  57|0x0000000707200000, 0x0000000707400000, 0x0000000707400000|100%| O|  |TAMS 0x0000000707200000| PB 0x0000000707200000| Untracked 
|  58|0x0000000707400000, 0x0000000707400000, 0x0000000707600000|  0%| F|  |TAMS 0x0000000707400000| PB 0x0000000707400000| Untracked 
|  59|0x0000000707600000, 0x0000000707800000, 0x0000000707800000|100%| O|  |TAMS 0x0000000707600000| PB 0x0000000707600000| Untracked 
|  60|0x0000000707800000, 0x0000000707800000, 0x0000000707a00000|  0%| F|  |TAMS 0x0000000707800000| PB 0x0000000707800000| Untracked 
|  61|0x0000000707a00000, 0x0000000707a00000, 0x0000000707c00000|  0%| F|  |TAMS 0x0000000707a00000| PB 0x0000000707a00000| Untracked 
|  62|0x0000000707c00000, 0x0000000707c00000, 0x0000000707e00000|  0%| F|  |TAMS 0x0000000707c00000| PB 0x0000000707c00000| Untracked 
|  63|0x0000000707e00000, 0x0000000708000000, 0x0000000708000000|100%| O|  |TAMS 0x0000000707e00000| PB 0x0000000707e00000| Untracked 
|  64|0x0000000708000000, 0x0000000708200000, 0x0000000708200000|100%| O|  |TAMS 0x0000000708000000| PB 0x0000000708000000| Untracked 
|  65|0x0000000708200000, 0x0000000708400000, 0x0000000708400000|100%| O|  |TAMS 0x0000000708200000| PB 0x0000000708200000| Untracked 
|  66|0x0000000708400000, 0x0000000708600000, 0x0000000708600000|100%| O|  |TAMS 0x0000000708400000| PB 0x0000000708400000| Untracked 
|  67|0x0000000708600000, 0x0000000708800000, 0x0000000708800000|100%| O|  |TAMS 0x0000000708600000| PB 0x0000000708600000| Untracked 
|  68|0x0000000708800000, 0x0000000708a00000, 0x0000000708a00000|100%| O|  |TAMS 0x0000000708800000| PB 0x0000000708800000| Untracked 
|  69|0x0000000708a00000, 0x0000000708c00000, 0x0000000708c00000|100%| O|  |TAMS 0x0000000708a00000| PB 0x0000000708a00000| Untracked 
|  70|0x0000000708c00000, 0x0000000708e00000, 0x0000000708e00000|100%| O|  |TAMS 0x0000000708c00000| PB 0x0000000708c00000| Untracked 
|  71|0x0000000708e00000, 0x0000000709000000, 0x0000000709000000|100%| O|  |TAMS 0x0000000708e00000| PB 0x0000000708e00000| Untracked 
|  72|0x0000000709000000, 0x0000000709200000, 0x0000000709200000|100%| O|  |TAMS 0x0000000709000000| PB 0x0000000709000000| Untracked 
|  73|0x0000000709200000, 0x0000000709400000, 0x0000000709400000|100%| O|  |TAMS 0x0000000709200000| PB 0x0000000709200000| Untracked 
|  74|0x0000000709400000, 0x0000000709600000, 0x0000000709600000|100%| O|  |TAMS 0x0000000709400000| PB 0x0000000709400000| Untracked 
|  75|0x0000000709600000, 0x0000000709800000, 0x0000000709800000|100%| O|  |TAMS 0x0000000709600000| PB 0x0000000709600000| Untracked 
|  76|0x0000000709800000, 0x0000000709800000, 0x0000000709a00000|  0%| F|  |TAMS 0x0000000709800000| PB 0x0000000709800000| Untracked 
|  77|0x0000000709a00000, 0x0000000709a00000, 0x0000000709c00000|  0%| F|  |TAMS 0x0000000709a00000| PB 0x0000000709a00000| Untracked 
|  78|0x0000000709c00000, 0x0000000709c00000, 0x0000000709e00000|  0%| F|  |TAMS 0x0000000709c00000| PB 0x0000000709c00000| Untracked 
|  79|0x0000000709e00000, 0x0000000709e00000, 0x000000070a000000|  0%| F|  |TAMS 0x0000000709e00000| PB 0x0000000709e00000| Untracked 
|  80|0x000000070a000000, 0x000000070a000000, 0x000000070a200000|  0%| F|  |TAMS 0x000000070a000000| PB 0x000000070a000000| Untracked 
|  81|0x000000070a200000, 0x000000070a400000, 0x000000070a400000|100%| O|  |TAMS 0x000000070a200000| PB 0x000000070a200000| Untracked 
|  82|0x000000070a400000, 0x000000070a600000, 0x000000070a600000|100%| O|  |TAMS 0x000000070a400000| PB 0x000000070a400000| Untracked 
|  83|0x000000070a600000, 0x000000070a800000, 0x000000070a800000|100%| O|  |TAMS 0x000000070a600000| PB 0x000000070a600000| Untracked 
|  84|0x000000070a800000, 0x000000070a800000, 0x000000070aa00000|  0%| F|  |TAMS 0x000000070a800000| PB 0x000000070a800000| Untracked 
|  85|0x000000070aa00000, 0x000000070aa00000, 0x000000070ac00000|  0%| F|  |TAMS 0x000000070aa00000| PB 0x000000070aa00000| Untracked 
|  86|0x000000070ac00000, 0x000000070ac00000, 0x000000070ae00000|  0%| F|  |TAMS 0x000000070ac00000| PB 0x000000070ac00000| Untracked 
|  87|0x000000070ae00000, 0x000000070ae00000, 0x000000070b000000|  0%| F|  |TAMS 0x000000070ae00000| PB 0x000000070ae00000| Untracked 
|  88|0x000000070b000000, 0x000000070b200000, 0x000000070b200000|100%| O|  |TAMS 0x000000070b000000| PB 0x000000070b000000| Untracked 
|  89|0x000000070b200000, 0x000000070b400000, 0x000000070b400000|100%| O|  |TAMS 0x000000070b200000| PB 0x000000070b200000| Untracked 
|  90|0x000000070b400000, 0x000000070b600000, 0x000000070b600000|100%| O|  |TAMS 0x000000070b400000| PB 0x000000070b400000| Untracked 
|  91|0x000000070b600000, 0x000000070b800000, 0x000000070b800000|100%| O|  |TAMS 0x000000070b600000| PB 0x000000070b600000| Untracked 
|  92|0x000000070b800000, 0x000000070ba00000, 0x000000070ba00000|100%| O|  |TAMS 0x000000070b800000| PB 0x000000070b800000| Untracked 
|  93|0x000000070ba00000, 0x000000070bc00000, 0x000000070bc00000|100%| O|  |TAMS 0x000000070ba00000| PB 0x000000070ba00000| Untracked 
|  94|0x000000070bc00000, 0x000000070be00000, 0x000000070be00000|100%| O|  |TAMS 0x000000070bc00000| PB 0x000000070bc00000| Untracked 
|  95|0x000000070be00000, 0x000000070c000000, 0x000000070c000000|100%| O|  |TAMS 0x000000070be00000| PB 0x000000070be00000| Untracked 
|  96|0x000000070c000000, 0x000000070c200000, 0x000000070c200000|100%| O|  |TAMS 0x000000070c000000| PB 0x000000070c000000| Untracked 
|  97|0x000000070c200000, 0x000000070c400000, 0x000000070c400000|100%| O|  |TAMS 0x000000070c200000| PB 0x000000070c200000| Untracked 
|  98|0x000000070c400000, 0x000000070c600000, 0x000000070c600000|100%| O|  |TAMS 0x000000070c400000| PB 0x000000070c400000| Untracked 
|  99|0x000000070c600000, 0x000000070c800000, 0x000000070c800000|100%| S|CS|TAMS 0x000000070c600000| PB 0x000000070c600000| Complete 
| 100|0x000000070c800000, 0x000000070ca00000, 0x000000070ca00000|100%| S|CS|TAMS 0x000000070c800000| PB 0x000000070c800000| Complete 
| 101|0x000000070ca00000, 0x000000070cc00000, 0x000000070cc00000|100%| S|CS|TAMS 0x000000070ca00000| PB 0x000000070ca00000| Complete 
| 102|0x000000070cc00000, 0x000000070ce00000, 0x000000070ce00000|100%| S|CS|TAMS 0x000000070cc00000| PB 0x000000070cc00000| Complete 
| 103|0x000000070ce00000, 0x000000070d000000, 0x000000070d000000|100%| S|CS|TAMS 0x000000070ce00000| PB 0x000000070ce00000| Complete 
| 104|0x000000070d000000, 0x000000070d200000, 0x000000070d200000|100%| S|CS|TAMS 0x000000070d000000| PB 0x000000070d000000| Complete 
| 105|0x000000070d200000, 0x000000070d400000, 0x000000070d400000|100%| S|CS|TAMS 0x000000070d200000| PB 0x000000070d200000| Complete 
| 106|0x000000070d400000, 0x000000070d400000, 0x000000070d600000|  0%| F|  |TAMS 0x000000070d400000| PB 0x000000070d400000| Untracked 
| 107|0x000000070d600000, 0x000000070d600000, 0x000000070d800000|  0%| F|  |TAMS 0x000000070d600000| PB 0x000000070d600000| Untracked 
| 108|0x000000070d800000, 0x000000070d800000, 0x000000070da00000|  0%| F|  |TAMS 0x000000070d800000| PB 0x000000070d800000| Untracked 
| 109|0x000000070da00000, 0x000000070da00000, 0x000000070dc00000|  0%| F|  |TAMS 0x000000070da00000| PB 0x000000070da00000| Untracked 
| 110|0x000000070dc00000, 0x000000070dc00000, 0x000000070de00000|  0%| F|  |TAMS 0x000000070dc00000| PB 0x000000070dc00000| Untracked 
| 111|0x000000070de00000, 0x000000070de00000, 0x000000070e000000|  0%| F|  |TAMS 0x000000070de00000| PB 0x000000070de00000| Untracked 
| 112|0x000000070e000000, 0x000000070e000000, 0x000000070e200000|  0%| F|  |TAMS 0x000000070e000000| PB 0x000000070e000000| Untracked 
| 113|0x000000070e200000, 0x000000070e400000, 0x000000070e400000|100%| E|  |TAMS 0x000000070e200000| PB 0x000000070e200000| Complete 
| 114|0x000000070e400000, 0x000000070e600000, 0x000000070e600000|100%| E|CS|TAMS 0x000000070e400000| PB 0x000000070e400000| Complete 
| 115|0x000000070e600000, 0x000000070e800000, 0x000000070e800000|100%| E|CS|TAMS 0x000000070e600000| PB 0x000000070e600000| Complete 
| 116|0x000000070e800000, 0x000000070ea00000, 0x000000070ea00000|100%| E|CS|TAMS 0x000000070e800000| PB 0x000000070e800000| Complete 
| 117|0x000000070ea00000, 0x000000070ec00000, 0x000000070ec00000|100%| E|CS|TAMS 0x000000070ea00000| PB 0x000000070ea00000| Complete 
| 118|0x000000070ec00000, 0x000000070ee00000, 0x000000070ee00000|100%| E|CS|TAMS 0x000000070ec00000| PB 0x000000070ec00000| Complete 
| 119|0x000000070ee00000, 0x000000070f000000, 0x000000070f000000|100%| E|CS|TAMS 0x000000070ee00000| PB 0x000000070ee00000| Complete 
| 120|0x000000070f000000, 0x000000070f200000, 0x000000070f200000|100%| E|CS|TAMS 0x000000070f000000| PB 0x000000070f000000| Complete 
| 121|0x000000070f200000, 0x000000070f400000, 0x000000070f400000|100%| E|CS|TAMS 0x000000070f200000| PB 0x000000070f200000| Complete 
| 122|0x000000070f400000, 0x000000070f600000, 0x000000070f600000|100%| E|CS|TAMS 0x000000070f400000| PB 0x000000070f400000| Complete 
| 123|0x000000070f600000, 0x000000070f800000, 0x000000070f800000|100%| E|CS|TAMS 0x000000070f600000| PB 0x000000070f600000| Complete 
| 124|0x000000070f800000, 0x000000070fa00000, 0x000000070fa00000|100%| E|CS|TAMS 0x000000070f800000| PB 0x000000070f800000| Complete 
| 125|0x000000070fa00000, 0x000000070fc00000, 0x000000070fc00000|100%| E|CS|TAMS 0x000000070fa00000| PB 0x000000070fa00000| Complete 
| 126|0x000000070fc00000, 0x000000070fe00000, 0x000000070fe00000|100%| E|CS|TAMS 0x000000070fc00000| PB 0x000000070fc00000| Complete 
| 127|0x000000070fe00000, 0x0000000710000000, 0x0000000710000000|100%| E|CS|TAMS 0x000000070fe00000| PB 0x000000070fe00000| Complete 
| 128|0x0000000710000000, 0x0000000710200000, 0x0000000710200000|100%| E|CS|TAMS 0x0000000710000000| PB 0x0000000710000000| Complete 
| 129|0x0000000710200000, 0x0000000710400000, 0x0000000710400000|100%| E|CS|TAMS 0x0000000710200000| PB 0x0000000710200000| Complete 
| 130|0x0000000710400000, 0x0000000710600000, 0x0000000710600000|100%| E|CS|TAMS 0x0000000710400000| PB 0x0000000710400000| Complete 
| 131|0x0000000710600000, 0x0000000710800000, 0x0000000710800000|100%| E|CS|TAMS 0x0000000710600000| PB 0x0000000710600000| Complete 
| 132|0x0000000710800000, 0x0000000710a00000, 0x0000000710a00000|100%| E|CS|TAMS 0x0000000710800000| PB 0x0000000710800000| Complete 
| 133|0x0000000710a00000, 0x0000000710c00000, 0x0000000710c00000|100%| E|CS|TAMS 0x0000000710a00000| PB 0x0000000710a00000| Complete 
| 134|0x0000000710c00000, 0x0000000710e00000, 0x0000000710e00000|100%| E|CS|TAMS 0x0000000710c00000| PB 0x0000000710c00000| Complete 
| 135|0x0000000710e00000, 0x0000000711000000, 0x0000000711000000|100%| E|CS|TAMS 0x0000000710e00000| PB 0x0000000710e00000| Complete 
| 136|0x0000000711000000, 0x0000000711200000, 0x0000000711200000|100%| E|CS|TAMS 0x0000000711000000| PB 0x0000000711000000| Complete 
| 137|0x0000000711200000, 0x0000000711400000, 0x0000000711400000|100%| E|CS|TAMS 0x0000000711200000| PB 0x0000000711200000| Complete 
| 138|0x0000000711400000, 0x0000000711600000, 0x0000000711600000|100%| E|CS|TAMS 0x0000000711400000| PB 0x0000000711400000| Complete 
| 139|0x0000000711600000, 0x0000000711800000, 0x0000000711800000|100%| E|CS|TAMS 0x0000000711600000| PB 0x0000000711600000| Complete 
| 140|0x0000000711800000, 0x0000000711a00000, 0x0000000711a00000|100%| E|CS|TAMS 0x0000000711800000| PB 0x0000000711800000| Complete 
| 141|0x0000000711a00000, 0x0000000711c00000, 0x0000000711c00000|100%| E|CS|TAMS 0x0000000711a00000| PB 0x0000000711a00000| Complete 
| 142|0x0000000711c00000, 0x0000000711e00000, 0x0000000711e00000|100%| E|CS|TAMS 0x0000000711c00000| PB 0x0000000711c00000| Complete 
| 143|0x0000000711e00000, 0x0000000712000000, 0x0000000712000000|100%| E|CS|TAMS 0x0000000711e00000| PB 0x0000000711e00000| Complete 
| 144|0x0000000712000000, 0x0000000712200000, 0x0000000712200000|100%| E|CS|TAMS 0x0000000712000000| PB 0x0000000712000000| Complete 
| 145|0x0000000712200000, 0x0000000712400000, 0x0000000712400000|100%| E|CS|TAMS 0x0000000712200000| PB 0x0000000712200000| Complete 
| 146|0x0000000712400000, 0x0000000712600000, 0x0000000712600000|100%| E|CS|TAMS 0x0000000712400000| PB 0x0000000712400000| Complete 
| 147|0x0000000712600000, 0x0000000712800000, 0x0000000712800000|100%| E|CS|TAMS 0x0000000712600000| PB 0x0000000712600000| Complete 
|2035|0x00000007fe600000, 0x00000007fe666db0, 0x00000007fe800000| 20%| O|  |TAMS 0x00000007fe600000| PB 0x00000007fe600000| Untracked 
|2036|0x00000007fe800000, 0x00000007fea00000, 0x00000007fea00000|100%| O|  |TAMS 0x00000007fe800000| PB 0x00000007fe800000| Untracked 
|2037|0x00000007fea00000, 0x00000007fec00000, 0x00000007fec00000|100%| O|  |TAMS 0x00000007fea00000| PB 0x00000007fea00000| Untracked 
|2038|0x00000007fec00000, 0x00000007fee00000, 0x00000007fee00000|100%| O|  |TAMS 0x00000007fec00000| PB 0x00000007fec00000| Untracked 
|2039|0x00000007fee00000, 0x00000007ff000000, 0x00000007ff000000|100%| O|  |TAMS 0x00000007fee00000| PB 0x00000007fee00000| Untracked 
|2040|0x00000007ff000000, 0x00000007ff200000, 0x00000007ff200000|100%| E|CS|TAMS 0x00000007ff000000| PB 0x00000007ff000000| Complete 
|2041|0x00000007ff200000, 0x00000007ff400000, 0x00000007ff400000|100%| E|CS|TAMS 0x00000007ff200000| PB 0x00000007ff200000| Complete 
|2042|0x00000007ff400000, 0x00000007ff600000, 0x00000007ff600000|100%| E|CS|TAMS 0x00000007ff400000| PB 0x00000007ff400000| Complete 
|2043|0x00000007ff600000, 0x00000007ff800000, 0x00000007ff800000|100%| E|CS|TAMS 0x00000007ff600000| PB 0x00000007ff600000| Complete 
|2044|0x00000007ff800000, 0x00000007ffa00000, 0x00000007ffa00000|100%| E|CS|TAMS 0x00000007ff800000| PB 0x00000007ff800000| Complete 
|2045|0x00000007ffa00000, 0x00000007ffc00000, 0x00000007ffc00000|100%| O|  |TAMS 0x00000007ffa00000| PB 0x00000007ffa00000| Untracked 
|2046|0x00000007ffc00000, 0x00000007ffe00000, 0x00000007ffe00000|100%| E|CS|TAMS 0x00000007ffc00000| PB 0x00000007ffc00000| Complete 
|2047|0x00000007ffe00000, 0x0000000800000000, 0x0000000800000000|100%| O|  |TAMS 0x00000007ffe00000| PB 0x00000007ffe00000| Untracked 

Card table byte_map: [0x000001b07f330000,0x000001b07fb30000] _byte_map_base: 0x000001b07bb30000

Marking Bits: (CMBitMap*) 0x000001b075f38c10
 Bits: [0x000001b00f000000, 0x000001b013000000)

Polling page: 0x000001b073da0000

Metaspace:

Usage:
  Non-class:     98.14 MB used.
      Class:     15.43 MB used.
       Both:    113.57 MB used.

Virtual space:
  Non-class space:      128.00 MB reserved,      99.31 MB ( 78%) committed,  2 nodes.
      Class space:      416.00 MB reserved,      16.62 MB (  4%) committed,  1 nodes.
             Both:      544.00 MB reserved,     115.94 MB ( 21%) committed. 

Chunk freelists:
   Non-Class:  11.94 MB
       Class:  15.33 MB
        Both:  27.27 MB

MaxMetaspaceSize: 512.00 MB
CompressedClassSpaceSize: 416.00 MB
Initial GC threshold: 21.00 MB
Current GC threshold: 188.38 MB
CDS: on
 - commit_granule_bytes: 65536.
 - commit_granule_words: 8192.
 - virtual_space_node_default_size: 8388608.
 - enlarge_chunks_in_place: 1.
 - use_allocation_guard: 0.


Internal statistics:

num_allocs_failed_limit: 12.
num_arena_births: 4464.
num_arena_deaths: 4.
num_vsnodes_births: 3.
num_vsnodes_deaths: 0.
num_space_committed: 1859.
num_space_uncommitted: 4.
num_chunks_returned_to_freelist: 47.
num_chunks_taken_from_freelist: 9857.
num_chunk_merges: 17.
num_chunk_splits: 6486.
num_chunks_enlarged: 4115.
num_inconsistent_stats: 0.

CodeHeap 'non-profiled nmethods': size=120000Kb used=10583Kb max_used=11232Kb free=109416Kb
 bounds [0x000001b007ad0000, 0x000001b0085e0000, 0x000001b00f000000]
CodeHeap 'profiled nmethods': size=120000Kb used=27555Kb max_used=31589Kb free=92444Kb
 bounds [0x000001b000000000, 0x000001b001ef0000, 0x000001b007530000]
CodeHeap 'non-nmethods': size=5760Kb used=2206Kb max_used=2265Kb free=3553Kb
 bounds [0x000001b007530000, 0x000001b0077a0000, 0x000001b007ad0000]
 total_blobs=15751 nmethods=14844 adapters=810
 compilation: enabled
              stopped_count=0, restarted_count=0
 full_count=0

Compilation events (20 events):
Event: 24.042 Thread 0x000001b07ff4e630 nmethod 19033 0x000001b001397390 code [0x000001b001397860, 0x000001b00139a160]
Event: 24.042 Thread 0x000001b07ff4e630 19034  s    3       com.android.tools.build.apkzlib.utils.CachedSupplier::get (30 bytes)
Event: 24.043 Thread 0x000001b07ff4e630 nmethod 19034 0x000001b001754f10 code [0x000001b0017550c0, 0x000001b001755410]
Event: 24.044 Thread 0x000001b07ff4e630 19036       1       com.android.zipflinger.EndOfCentralDirectory::setLocation (6 bytes)
Event: 24.044 Thread 0x000001b07ff4e630 nmethod 19036 0x000001b008344390 code [0x000001b008344520, 0x000001b008344638]
Event: 24.045 Thread 0x000001b07ff4e630 19039       3       com.android.zipflinger.Location::isValid (16 bytes)
Event: 24.045 Thread 0x000001b07ff4e630 nmethod 19039 0x000001b001923510 code [0x000001b0019236c0, 0x000001b001923870]
Event: 24.045 Thread 0x000001b07ff4e630 19040       3       com.android.zipflinger.Location::equals (51 bytes)
Event: 24.045 Thread 0x000001b07ff4e630 nmethod 19040 0x000001b0015de310 code [0x000001b0015de4e0, 0x000001b0015de928]
Event: 24.045 Thread 0x000001b07ff4e630 19037       1       com.android.zipflinger.EndOfCentralDirectory::getCdLocation (5 bytes)
Event: 24.045 Thread 0x000001b07ff4e630 nmethod 19037 0x000001b008344090 code [0x000001b008344220, 0x000001b0083442f0]
Event: 24.045 Thread 0x000001b07ff4e630 19038       1       com.android.zipflinger.Zip64Locator::getLocation (5 bytes)
Event: 24.045 Thread 0x000001b07ff4e630 nmethod 19038 0x000001b008343b90 code [0x000001b008343d20, 0x000001b008343df0]
Event: 24.047 Thread 0x000001b07ff4dba0 nmethod 18968 0x000001b007fb4510 code [0x000001b007fb4a60, 0x000001b007fb7cc0]
Event: 24.050 Thread 0x000001b07ff4dba0 19024       4       com.android.tools.build.apkzlib.zip.CompressionMethod::fromCode (44 bytes)
Event: 24.051 Thread 0x000001b07ff4dba0 nmethod 19024 0x000001b008373a90 code [0x000001b008373c20, 0x000001b008373ce0]
Event: 24.051 Thread 0x000001b07ff4dba0 18991       4       sun.nio.fs.WindowsPath::getPathForWin32Calls (6 bytes)
Event: 24.053 Thread 0x000001b07ff4dba0 nmethod 18991 0x000001b008373610 code [0x000001b0083737a0, 0x000001b0083738e0]
Event: 24.053 Thread 0x000001b07ff4dba0 18982       4       com.android.tools.build.apkzlib.zip.FileUseMap::internalRemove (41 bytes)
Event: 24.054 Thread 0x000001b07ff4e630 19041       3       com.android.zipflinger.ZipMap::sanityCheck (194 bytes)

GC Heap History (20 events):
Event: 18.813 GC heap before
{Heap before GC invocations=40 (full 0):
 garbage-first heap   total 196608K, used 182002K [0x0000000700000000, 0x0000000800000000)
  region size 2048K, 39 young (79872K), 3 survivors (6144K)
 Metaspace       used 106195K, committed 108608K, reserved 557056K
  class space    used 14591K, committed 15808K, reserved 425984K
}
Event: 18.828 GC heap after
{Heap after GC invocations=41 (full 0):
 garbage-first heap   total 206848K, used 123434K [0x0000000700000000, 0x0000000800000000)
  region size 2048K, 5 young (10240K), 5 survivors (10240K)
 Metaspace       used 106195K, committed 108608K, reserved 557056K
  class space    used 14591K, committed 15808K, reserved 425984K
}
Event: 19.367 GC heap before
{Heap before GC invocations=41 (full 0):
 garbage-first heap   total 206848K, used 180778K [0x0000000700000000, 0x0000000800000000)
  region size 2048K, 33 young (67584K), 5 survivors (10240K)
 Metaspace       used 107262K, committed 109760K, reserved 557056K
  class space    used 14656K, committed 15872K, reserved 425984K
}
Event: 19.387 GC heap after
{Heap after GC invocations=42 (full 0):
 garbage-first heap   total 249856K, used 133419K [0x0000000700000000, 0x0000000800000000)
  region size 2048K, 5 young (10240K), 5 survivors (10240K)
 Metaspace       used 107262K, committed 109760K, reserved 557056K
  class space    used 14656K, committed 15872K, reserved 425984K
}
Event: 20.501 GC heap before
{Heap before GC invocations=42 (full 0):
 garbage-first heap   total 249856K, used 217387K [0x0000000700000000, 0x0000000800000000)
  region size 2048K, 46 young (94208K), 5 survivors (10240K)
 Metaspace       used 109631K, committed 112128K, reserved 557056K
  class space    used 14886K, committed 16128K, reserved 425984K
}
Event: 20.511 GC heap after
{Heap after GC invocations=43 (full 0):
 garbage-first heap   total 249856K, used 137374K [0x0000000700000000, 0x0000000800000000)
  region size 2048K, 3 young (6144K), 3 survivors (6144K)
 Metaspace       used 109631K, committed 112128K, reserved 557056K
  class space    used 14886K, committed 16128K, reserved 425984K
}
Event: 21.256 GC heap before
{Heap before GC invocations=43 (full 0):
 garbage-first heap   total 249856K, used 221342K [0x0000000700000000, 0x0000000800000000)
  region size 2048K, 44 young (90112K), 3 survivors (6144K)
 Metaspace       used 110179K, committed 112640K, reserved 557056K
  class space    used 14897K, committed 16128K, reserved 425984K
}
Event: 21.265 GC heap after
{Heap after GC invocations=44 (full 0):
 garbage-first heap   total 249856K, used 140404K [0x0000000700000000, 0x0000000800000000)
  region size 2048K, 5 young (10240K), 5 survivors (10240K)
 Metaspace       used 110179K, committed 112640K, reserved 557056K
  class space    used 14897K, committed 16128K, reserved 425984K
}
Event: 21.933 GC heap before
{Heap before GC invocations=44 (full 0):
 garbage-first heap   total 249856K, used 220276K [0x0000000700000000, 0x0000000800000000)
  region size 2048K, 45 young (92160K), 5 survivors (10240K)
 Metaspace       used 111549K, committed 114048K, reserved 557056K
  class space    used 15045K, committed 16256K, reserved 425984K
}
Event: 21.961 GC heap after
{Heap after GC invocations=45 (full 0):
 garbage-first heap   total 249856K, used 155355K [0x0000000700000000, 0x0000000800000000)
  region size 2048K, 6 young (12288K), 6 survivors (12288K)
 Metaspace       used 111549K, committed 114048K, reserved 557056K
  class space    used 15045K, committed 16256K, reserved 425984K
}
Event: 22.411 GC heap before
{Heap before GC invocations=46 (full 0):
 garbage-first heap   total 260096K, used 220891K [0x0000000700000000, 0x0000000800000000)
  region size 2048K, 39 young (79872K), 6 survivors (12288K)
 Metaspace       used 112014K, committed 114496K, reserved 557056K
  class space    used 15133K, committed 16384K, reserved 425984K
}
Event: 22.424 GC heap after
{Heap after GC invocations=47 (full 0):
 garbage-first heap   total 260096K, used 161014K [0x0000000700000000, 0x0000000800000000)
  region size 2048K, 3 young (6144K), 3 survivors (6144K)
 Metaspace       used 112014K, committed 114496K, reserved 557056K
  class space    used 15133K, committed 16384K, reserved 425984K
}
Event: 22.731 GC heap before
{Heap before GC invocations=47 (full 0):
 garbage-first heap   total 260096K, used 232694K [0x0000000700000000, 0x0000000800000000)
  region size 2048K, 39 young (79872K), 3 survivors (6144K)
 Metaspace       used 112672K, committed 115136K, reserved 557056K
  class space    used 15232K, committed 16448K, reserved 425984K
}
Event: 22.738 GC heap after
{Heap after GC invocations=48 (full 0):
 garbage-first heap   total 260096K, used 161117K [0x0000000700000000, 0x0000000800000000)
  region size 2048K, 3 young (6144K), 3 survivors (6144K)
 Metaspace       used 112672K, committed 115136K, reserved 557056K
  class space    used 15232K, committed 16448K, reserved 425984K
}
Event: 22.945 GC heap before
{Heap before GC invocations=48 (full 0):
 garbage-first heap   total 260096K, used 234845K [0x0000000700000000, 0x0000000800000000)
  region size 2048K, 40 young (81920K), 3 survivors (6144K)
 Metaspace       used 113345K, committed 115840K, reserved 557056K
  class space    used 15302K, committed 16512K, reserved 425984K
}
Event: 22.953 GC heap after
{Heap after GC invocations=49 (full 0):
 garbage-first heap   total 319488K, used 164476K [0x0000000700000000, 0x0000000800000000)
  region size 2048K, 3 young (6144K), 3 survivors (6144K)
 Metaspace       used 113345K, committed 115840K, reserved 557056K
  class space    used 15302K, committed 16512K, reserved 425984K
}
Event: 23.328 GC heap before
{Heap before GC invocations=50 (full 0):
 garbage-first heap   total 319488K, used 289404K [0x0000000700000000, 0x0000000800000000)
  region size 2048K, 65 young (133120K), 3 survivors (6144K)
 Metaspace       used 113597K, committed 116096K, reserved 557056K
  class space    used 15372K, committed 16640K, reserved 425984K
}
Event: 23.341 GC heap after
{Heap after GC invocations=51 (full 0):
 garbage-first heap   total 327680K, used 194229K [0x0000000700000000, 0x0000000800000000)
  region size 2048K, 9 young (18432K), 9 survivors (18432K)
 Metaspace       used 113597K, committed 116096K, reserved 557056K
  class space    used 15372K, committed 16640K, reserved 425984K
}
Event: 23.530 GC heap before
{Heap before GC invocations=51 (full 0):
 garbage-first heap   total 327680K, used 282293K [0x0000000700000000, 0x0000000800000000)
  region size 2048K, 53 young (108544K), 9 survivors (18432K)
 Metaspace       used 114376K, committed 116864K, reserved 557056K
  class space    used 15482K, committed 16704K, reserved 425984K
}
Event: 23.542 GC heap after
{Heap after GC invocations=52 (full 0):
 garbage-first heap   total 329728K, used 186510K [0x0000000700000000, 0x0000000800000000)
  region size 2048K, 7 young (14336K), 7 survivors (14336K)
 Metaspace       used 114376K, committed 116864K, reserved 557056K
  class space    used 15482K, committed 16704K, reserved 425984K
}

Dll operation events (15 events):
Event: 0.027 Loaded shared library C:\Users\Manohar Badri\.gradle\jdks\eclipse_adoptium-21-amd64-windows.2\bin\java.dll
Event: 0.097 Loaded shared library C:\Users\Manohar Badri\.gradle\jdks\eclipse_adoptium-21-amd64-windows.2\bin\jsvml.dll
Event: 0.137 Loaded shared library C:\Users\Manohar Badri\.gradle\jdks\eclipse_adoptium-21-amd64-windows.2\bin\zip.dll
Event: 0.142 Loaded shared library C:\Users\Manohar Badri\.gradle\jdks\eclipse_adoptium-21-amd64-windows.2\bin\instrument.dll
Event: 0.146 Loaded shared library C:\Users\Manohar Badri\.gradle\jdks\eclipse_adoptium-21-amd64-windows.2\bin\net.dll
Event: 0.148 Loaded shared library C:\Users\Manohar Badri\.gradle\jdks\eclipse_adoptium-21-amd64-windows.2\bin\nio.dll
Event: 0.151 Loaded shared library C:\Users\Manohar Badri\.gradle\jdks\eclipse_adoptium-21-amd64-windows.2\bin\zip.dll
Event: 0.279 Loaded shared library C:\Users\Manohar Badri\.gradle\jdks\eclipse_adoptium-21-amd64-windows.2\bin\jimage.dll
Event: 0.488 Loaded shared library C:\Users\Manohar Badri\.gradle\jdks\eclipse_adoptium-21-amd64-windows.2\bin\verify.dll
Event: 0.532 Loaded shared library C:\Users\Manohar Badri\.gradle\native\660c5614fbf4a5f2a75b1949f50a0caf5cd603558e7d8a26e50b933a0cfb79d1\windows-amd64\native-platform.dll
Event: 0.541 Loaded shared library C:\Users\Manohar Badri\.gradle\native\0.2.8\x86_64-windows-gnu\gradle-fileevents.dll
Event: 1.360 Loaded shared library C:\Users\Manohar Badri\.gradle\jdks\eclipse_adoptium-21-amd64-windows.2\bin\management.dll
Event: 1.364 Loaded shared library C:\Users\Manohar Badri\.gradle\jdks\eclipse_adoptium-21-amd64-windows.2\bin\management_ext.dll
Event: 1.499 Loaded shared library C:\Users\Manohar Badri\.gradle\jdks\eclipse_adoptium-21-amd64-windows.2\bin\extnet.dll
Event: 1.710 Loaded shared library C:\Users\Manohar Badri\.gradle\jdks\eclipse_adoptium-21-amd64-windows.2\bin\sunmscapi.dll

Deoptimization events (20 events):
Event: 23.695 Thread 0x000001b03aff0750 Uncommon trap: trap_request=0xffffffde fr.pc=0x000001b007d60a4c relative=0x000000000000056c
Event: 23.696 Thread 0x000001b03aff0750 Uncommon trap: reason=class_check action=maybe_recompile pc=0x000001b007d60a4c method=java.util.zip.InflaterInputStream.close()V @ 25 c2
Event: 23.696 Thread 0x000001b03aff0750 DEOPT PACKING pc=0x000001b007d60a4c sp=0x000000035f0fd4d0
Event: 23.696 Thread 0x000001b03aff0750 DEOPT UNPACKING pc=0x000001b0075846a2 sp=0x000000035f0fd4d0 mode 2
Event: 23.696 Thread 0x000001b03aff0750 Uncommon trap: trap_request=0xffffffde fr.pc=0x000001b007d60a4c relative=0x000000000000056c
Event: 23.696 Thread 0x000001b03aff0750 Uncommon trap: reason=class_check action=maybe_recompile pc=0x000001b007d60a4c method=java.util.zip.InflaterInputStream.close()V @ 25 c2
Event: 23.696 Thread 0x000001b03aff0750 DEOPT PACKING pc=0x000001b007d60a4c sp=0x000000035f0fd4d0
Event: 23.696 Thread 0x000001b03aff0750 DEOPT UNPACKING pc=0x000001b0075846a2 sp=0x000000035f0fd4d0 mode 2
Event: 23.701 Thread 0x000001b035fcf0a0 Uncommon trap: trap_request=0xffffff45 fr.pc=0x000001b007c321d8 relative=0x0000000000001038
Event: 23.701 Thread 0x000001b035fcf0a0 Uncommon trap: reason=unstable_if action=reinterpret pc=0x000001b007c321d8 method=java.util.concurrent.ConcurrentHashMap.putVal(Ljava/lang/Object;Ljava/lang/Object;Z)Ljava/lang/Object; @ 162 c2
Event: 23.701 Thread 0x000001b035fcf0a0 DEOPT PACKING pc=0x000001b007c321d8 sp=0x000000035d9f6dd0
Event: 23.701 Thread 0x000001b035fcf0a0 DEOPT UNPACKING pc=0x000001b0075846a2 sp=0x000000035d9f6d68 mode 2
Event: 23.701 Thread 0x000001b035fcf0a0 Uncommon trap: trap_request=0xffffff45 fr.pc=0x000001b007eab2f8 relative=0x0000000000000298
Event: 23.701 Thread 0x000001b035fcf0a0 Uncommon trap: reason=unstable_if action=reinterpret pc=0x000001b007eab2f8 method=com.google.common.collect.MapMakerInternalMap$Segment.getEntry(Ljava/lang/Object;I)Lcom/google/common/collect/MapMakerInternalMap$InternalEntry; @ 63 c2
Event: 23.701 Thread 0x000001b035fcf0a0 DEOPT PACKING pc=0x000001b007eab2f8 sp=0x000000035d9f6b50
Event: 23.701 Thread 0x000001b035fcf0a0 DEOPT UNPACKING pc=0x000001b0075846a2 sp=0x000000035d9f6b08 mode 2
Event: 23.756 Thread 0x000001b03aff0750 Uncommon trap: trap_request=0xffffffde fr.pc=0x000001b007d60a4c relative=0x000000000000056c
Event: 23.756 Thread 0x000001b03aff0750 Uncommon trap: reason=class_check action=maybe_recompile pc=0x000001b007d60a4c method=java.util.zip.InflaterInputStream.close()V @ 25 c2
Event: 23.756 Thread 0x000001b03aff0750 DEOPT PACKING pc=0x000001b007d60a4c sp=0x000000035f0fd460
Event: 23.756 Thread 0x000001b03aff0750 DEOPT UNPACKING pc=0x000001b0075846a2 sp=0x000000035f0fd460 mode 2

Classes loaded (20 events):
Event: 22.375 Loading class jdk/internal/util/random/RandomSupport$AbstractSplittableGenerator done
Event: 22.375 Loading class java/util/SplittableRandom$AbstractSplittableGeneratorProxy done
Event: 22.590 Loading class java/time/Instant$1
Event: 22.590 Loading class java/time/Instant$1 done
Event: 22.681 Loading class sun/nio/fs/Globs
Event: 22.682 Loading class sun/nio/fs/Globs done
Event: 22.682 Loading class java/util/regex/Pattern$SliceU
Event: 22.682 Loading class java/util/regex/Pattern$SliceU done
Event: 22.682 Loading class sun/nio/fs/WindowsFileSystem$2
Event: 22.682 Loading class sun/nio/fs/WindowsFileSystem$2 done
Event: 22.785 Loading class java/nio/file/TempFileHelper
Event: 22.785 Loading class java/nio/file/TempFileHelper done
Event: 22.811 Loading class sun/nio/cs/US_ASCII$Decoder
Event: 22.811 Loading class sun/nio/cs/US_ASCII$Decoder done
Event: 22.999 Loading class java/util/zip/ZipFile$ZipEntryIterator
Event: 22.999 Loading class java/util/zip/ZipFile$ZipEntryIterator done
Event: 23.202 Loading class java/util/zip/ZipInputStream
Event: 23.202 Loading class java/util/zip/ZipInputStream done
Event: 23.672 Loading class java/util/concurrent/RejectedExecutionException
Event: 23.672 Loading class java/util/concurrent/RejectedExecutionException done

Classes unloaded (20 events):
Event: 23.033 Thread 0x000001b07ff15f20 Unloading class 0x000001b017f8a600 'com/bumptech/glide/annotation/compiler/RequestBuilderGenerator'
Event: 23.033 Thread 0x000001b07ff15f20 Unloading class 0x000001b017f8a400 'com/bumptech/glide/annotation/compiler/GlideGenerator'
Event: 23.033 Thread 0x000001b07ff15f20 Unloading class 0x000001b017f8a200 'com/bumptech/glide/annotation/compiler/RequestManagerFactoryGenerator'
Event: 23.033 Thread 0x000001b07ff15f20 Unloading class 0x000001b017f8a000 'com/bumptech/glide/annotation/compiler/RequestManagerGenerator'
Event: 23.033 Thread 0x000001b07ff15f20 Unloading class 0x000001b017f89d08 'com/bumptech/glide/annotation/compiler/RequestOptionsOverrideGenerator'
Event: 23.033 Thread 0x000001b07ff15f20 Unloading class 0x000001b017f89b08 'com/bumptech/glide/annotation/compiler/RequestOptionsGenerator'
Event: 23.033 Thread 0x000001b07ff15f20 Unloading class 0x000001b017f89908 'com/bumptech/glide/annotation/compiler/AppModuleGenerator'
Event: 23.033 Thread 0x000001b07ff15f20 Unloading class 0x000001b017f89708 'com/bumptech/glide/annotation/compiler/AppModuleProcessor'
Event: 23.033 Thread 0x000001b07ff15f20 Unloading class 0x000001b017f89508 'com/bumptech/glide/annotation/compiler/LibraryModuleProcessor'
Event: 23.033 Thread 0x000001b07ff15f20 Unloading class 0x000001b017f89308 'com/bumptech/glide/annotation/compiler/IndexerGenerator'
Event: 23.033 Thread 0x000001b07ff15f20 Unloading class 0x000001b017f89110 'com/bumptech/glide/repackaged/com/squareup/javapoet/Util'
Event: 23.033 Thread 0x000001b07ff15f20 Unloading class 0x000001b017f88ed8 'com/bumptech/glide/repackaged/com/squareup/javapoet/TypeVariableName'
Event: 23.033 Thread 0x000001b07ff15f20 Unloading class 0x000001b017f88ca0 'com/bumptech/glide/repackaged/com/squareup/javapoet/ParameterizedTypeName'
Event: 23.033 Thread 0x000001b07ff15f20 Unloading class 0x000001b017f88a68 'com/bumptech/glide/repackaged/com/squareup/javapoet/ArrayTypeName'
Event: 23.033 Thread 0x000001b07ff15f20 Unloading class 0x000001b017f88818 'com/bumptech/glide/repackaged/com/squareup/javapoet/ClassName'
Event: 23.033 Thread 0x000001b07ff15f20 Unloading class 0x000001b017f885e0 'com/bumptech/glide/repackaged/com/squareup/javapoet/TypeName'
Event: 23.033 Thread 0x000001b07ff15f20 Unloading class 0x000001b017f883f0 'com/bumptech/glide/repackaged/com/google/common/base/Function'
Event: 23.033 Thread 0x000001b07ff15f20 Unloading class 0x000001b017f88200 'com/bumptech/glide/repackaged/com/google/common/base/Predicate'
Event: 23.033 Thread 0x000001b07ff15f20 Unloading class 0x000001b017f88000 'com/bumptech/glide/annotation/compiler/ProcessorUtil'
Event: 23.033 Thread 0x000001b07ff15f20 Unloading class 0x000001b017ec8c00 'com/bumptech/glide/annotation/compiler/GlideAnnotationProcessor'

Classes redefined (0 events):
No events

Internal exceptions (20 events):
Event: 22.963 Thread 0x000001b035fcf730 Exception <a 'java/io/FileNotFoundException'{0x00000007ff8419c8}> (0x00000007ff8419c8) 
thrown [s\src\hotspot\share\prims\jni.cpp, line 520]
Event: 22.967 Thread 0x000001b035fcf730 Exception <a 'java/io/FileNotFoundException'{0x00000007ff8455b0}> (0x00000007ff8455b0) 
thrown [s\src\hotspot\share\prims\jni.cpp, line 520]
Event: 22.977 Thread 0x000001b035fcb590 Exception <a 'java/io/FileNotFoundException'{0x000000071271ad20}> (0x000000071271ad20) 
thrown [s\src\hotspot\share\prims\jni.cpp, line 520]
Event: 22.979 Thread 0x000001b035fcb590 Exception <a 'java/io/FileNotFoundException'{0x00000007127d9e08}> (0x00000007127d9e08) 
thrown [s\src\hotspot\share\prims\jni.cpp, line 520]
Event: 23.000 Thread 0x000001b035fd1170 Implicit null exception at 0x000001b007ca7680 to 0x000001b007ca820c
Event: 23.104 Thread 0x000001b035fcc2b0 Exception <a 'java/io/FileNotFoundException'{0x0000000711551018}> (0x0000000711551018) 
thrown [s\src\hotspot\share\prims\jni.cpp, line 520]
Event: 23.111 Thread 0x000001b035fcc2b0 Exception <a 'java/io/FileNotFoundException'{0x00000007115a70b0}> (0x00000007115a70b0) 
thrown [s\src\hotspot\share\prims\jni.cpp, line 520]
Event: 23.117 Thread 0x000001b035fce380 Exception <a 'java/io/FileNotFoundException'{0x0000000711539700}> (0x0000000711539700) 
thrown [s\src\hotspot\share\prims\jni.cpp, line 520]
Event: 23.119 Thread 0x000001b035fcf0a0 Exception <a 'java/io/FileNotFoundException'{0x0000000711327518}> (0x0000000711327518) 
thrown [s\src\hotspot\share\prims\jni.cpp, line 520]
Event: 23.121 Thread 0x000001b035fce380 Exception <a 'java/io/FileNotFoundException'{0x000000071153b2e0}> (0x000000071153b2e0) 
thrown [s\src\hotspot\share\prims\jni.cpp, line 520]
Event: 23.123 Thread 0x000001b035fcf0a0 Exception <a 'java/io/FileNotFoundException'{0x0000000711395308}> (0x0000000711395308) 
thrown [s\src\hotspot\share\prims\jni.cpp, line 520]
Event: 23.130 Thread 0x000001b037e78e40 Exception <a 'java/io/FileNotFoundException'{0x0000000711090b08}> (0x0000000711090b08) 
thrown [s\src\hotspot\share\prims\jni.cpp, line 520]
Event: 23.134 Thread 0x000001b037e78e40 Exception <a 'java/io/FileNotFoundException'{0x0000000711113f78}> (0x0000000711113f78) 
thrown [s\src\hotspot\share\prims\jni.cpp, line 520]
Event: 23.144 Thread 0x000001b035fd2bb0 Exception <a 'java/io/FileNotFoundException'{0x0000000710f1d950}> (0x0000000710f1d950) 
thrown [s\src\hotspot\share\prims\jni.cpp, line 520]
Event: 23.146 Thread 0x000001b035fcc940 Exception <a 'java/io/FileNotFoundException'{0x0000000710c118b8}> (0x0000000710c118b8) 
thrown [s\src\hotspot\share\prims\jni.cpp, line 520]
Event: 23.147 Thread 0x000001b035fd2bb0 Exception <a 'java/io/FileNotFoundException'{0x0000000710c3e570}> (0x0000000710c3e570) 
thrown [s\src\hotspot\share\prims\jni.cpp, line 520]
Event: 23.148 Thread 0x000001b035fcc940 Exception <a 'java/io/FileNotFoundException'{0x0000000710c154b8}> (0x0000000710c154b8) 
thrown [s\src\hotspot\share\prims\jni.cpp, line 520]
Event: 24.042 Thread 0x000001b035fcc2b0 Exception <a 'java/lang/NoSuchMethodError'{0x000000070e9af7a8}: 'java.lang.Object java.lang.invoke.DirectMethodHandle$Holder.invokeStaticInit(java.lang.Object, java.lang.Object, java.lang.Object, java.lang.Object, java.lang.Object, java.lang.Object, java.lang.Object, java.lang.Object, java.lang.Object, java.lang.Object, java.lang.Object, java.lang.Object, java.lang.Object, java.lang.Object, java.lang.Object, java.lang.Object, java.lang.Object, java.lang.Object, java.lang.Object, java.lang.Object, int, java
Event: 24.045 Thread 0x000001b035fcc2b0 Exception <a 'java/lang/IncompatibleClassChangeError'{0x000000070e9c69b8}: Found class java.lang.Object, but interface was expected> (0x000000070e9c69b8) 
thrown [s\src\hotspot\share\interpreter\linkResolver.cpp, line 840]
Event: 24.046 Thread 0x000001b035fcc2b0 Exception <a 'java/lang/IncompatibleClassChangeError'{0x000000070e9ef2e0}: Found class java.lang.Object, but interface was expected> (0x000000070e9ef2e0) 
thrown [s\src\hotspot\share\interpreter\linkResolver.cpp, line 840]

ZGC Phase Switch (0 events):
No events

VM Operations (20 events):
Event: 22.424 Executing VM operation: G1CollectForAllocation (G1 Evacuation Pause) done
Event: 22.693 Executing VM operation: HandshakeAllThreads (Deoptimize)
Event: 22.693 Executing VM operation: HandshakeAllThreads (Deoptimize) done
Event: 22.731 Executing VM operation: G1CollectForAllocation (G1 Evacuation Pause)
Event: 22.738 Executing VM operation: G1CollectForAllocation (G1 Evacuation Pause) done
Event: 22.945 Executing VM operation: G1CollectForAllocation (G1 Evacuation Pause)
Event: 22.953 Executing VM operation: G1CollectForAllocation (G1 Evacuation Pause) done
Event: 23.032 Executing VM operation: G1PauseRemark
Event: 23.057 Executing VM operation: G1PauseRemark done
Event: 23.132 Executing VM operation: G1PauseCleanup
Event: 23.132 Executing VM operation: G1PauseCleanup done
Event: 23.328 Executing VM operation: G1CollectForAllocation (G1 Evacuation Pause)
Event: 23.328 Executing VM operation: G1CollectForAllocation (G1 Evacuation Pause) done
Event: 23.328 Executing VM operation: G1CollectForAllocation (GCLocker Initiated GC)
Event: 23.341 Executing VM operation: G1CollectForAllocation (GCLocker Initiated GC) done
Event: 23.530 Executing VM operation: G1CollectForAllocation (G1 Evacuation Pause)
Event: 23.542 Executing VM operation: G1CollectForAllocation (G1 Evacuation Pause) done
Event: 23.738 Executing VM operation: HandshakeAllThreads (Deoptimize)
Event: 23.738 Executing VM operation: HandshakeAllThreads (Deoptimize) done
Event: 24.748 Executing VM operation: Cleanup

Memory protections (0 events):
No events

Nmethod flushes (20 events):
Event: 23.055 Thread 0x000001b07ff15f20 flushing  nmethod 0x000001b0019d0a10
Event: 23.055 Thread 0x000001b07ff15f20 flushing  nmethod 0x000001b0019d0f10
Event: 23.055 Thread 0x000001b07ff15f20 flushing  nmethod 0x000001b0019d1490
Event: 23.055 Thread 0x000001b07ff15f20 flushing  nmethod 0x000001b0019d2310
Event: 23.055 Thread 0x000001b07ff15f20 flushing  nmethod 0x000001b0019d2690
Event: 23.055 Thread 0x000001b07ff15f20 flushing  nmethod 0x000001b0019d2a10
Event: 23.055 Thread 0x000001b07ff15f20 flushing  nmethod 0x000001b0019df110
Event: 23.055 Thread 0x000001b07ff15f20 flushing  nmethod 0x000001b0019e0290
Event: 23.055 Thread 0x000001b07ff15f20 flushing  nmethod 0x000001b0019e0890
Event: 23.055 Thread 0x000001b07ff15f20 flushing  nmethod 0x000001b0019e0d90
Event: 23.055 Thread 0x000001b07ff15f20 flushing  nmethod 0x000001b0019e1710
Event: 23.055 Thread 0x000001b07ff15f20 flushing  nmethod 0x000001b001b1e690
Event: 23.055 Thread 0x000001b07ff15f20 flushing  nmethod 0x000001b001b20e90
Event: 23.055 Thread 0x000001b07ff15f20 flushing  nmethod 0x000001b001b21210
Event: 23.055 Thread 0x000001b07ff15f20 flushing  nmethod 0x000001b001b21b10
Event: 23.055 Thread 0x000001b07ff15f20 flushing  nmethod 0x000001b001b23110
Event: 23.055 Thread 0x000001b07ff15f20 flushing  nmethod 0x000001b001b25790
Event: 23.055 Thread 0x000001b07ff15f20 flushing  nmethod 0x000001b001b28c10
Event: 23.055 Thread 0x000001b07ff15f20 flushing  nmethod 0x000001b001bb2c90
Event: 23.055 Thread 0x000001b07ff15f20 flushing  nmethod 0x000001b001d78c90

Events (20 events):
Event: 14.661 Thread 0x000001b035d47630 Thread added: 0x000001b035d489e0
Event: 14.661 Thread 0x000001b035d47630 Thread added: 0x000001b035d4b140
Event: 14.661 Thread 0x000001b035d47630 Thread added: 0x000001b035d47cc0
Event: 14.661 Thread 0x000001b035d47630 Thread added: 0x000001b035d48350
Event: 14.661 Thread 0x000001b035d47630 Thread added: 0x000001b039a24990
Event: 14.661 Thread 0x000001b035d47630 Thread added: 0x000001b039a25020
Event: 14.661 Thread 0x000001b035d47630 Thread added: 0x000001b039a228c0
Event: 14.685 Thread 0x000001b035d46910 Thread added: 0x000001b037e787b0
Event: 14.864 Thread 0x000001b07ff4e630 Thread added: 0x000001b039888fc0
Event: 17.088 Thread 0x000001b035d46910 Thread added: 0x000001b03c698130
Event: 17.317 Thread 0x000001b039888fc0 Thread exited: 0x000001b039888fc0
Event: 17.327 Thread 0x000001b039888220 Thread exited: 0x000001b039888220
Event: 17.873 Thread 0x000001b07ff4dba0 Thread added: 0x000001b03988bf70
Event: 17.873 Thread 0x000001b07ff4dba0 Thread added: 0x000001b0398888f0
Event: 21.519 Thread 0x000001b035d46910 Thread added: 0x000001b03c69d680
Event: 21.600 Thread 0x000001b0398888f0 Thread exited: 0x000001b0398888f0
Event: 21.600 Thread 0x000001b03988bf70 Thread exited: 0x000001b03988bf70
Event: 21.656 Thread 0x000001b07ff4e630 Thread added: 0x000001b0425714c0
Event: 21.745 Thread 0x000001b07ff4e630 Thread added: 0x000001b042571b90
Event: 22.585 Thread 0x000001b039a25020 Thread added: 0x000001b03aff0750


Dynamic libraries:
0x00007ff681ec0000 - 0x00007ff681ece000 	C:\Users\Manohar Badri\.gradle\jdks\eclipse_adoptium-21-amd64-windows.2\bin\java.exe
0x00007ffb445c0000 - 0x00007ffb44826000 	C:\WINDOWS\SYSTEM32\ntdll.dll
0x00007ffb43090000 - 0x00007ffb43159000 	C:\WINDOWS\System32\KERNEL32.DLL
0x00007ffb41880000 - 0x00007ffb41c7a000 	C:\WINDOWS\System32\KERNELBASE.dll
0x00007ffb42060000 - 0x00007ffb421ac000 	C:\WINDOWS\System32\ucrtbase.dll
0x00007ffb20220000 - 0x00007ffb2023e000 	C:\Users\Manohar Badri\.gradle\jdks\eclipse_adoptium-21-amd64-windows.2\bin\VCRUNTIME140.dll
0x00007ffb201d0000 - 0x00007ffb201e8000 	C:\Users\Manohar Badri\.gradle\jdks\eclipse_adoptium-21-amd64-windows.2\bin\jli.dll
0x00007ffb42560000 - 0x00007ffb42727000 	C:\WINDOWS\System32\USER32.dll
0x00007ffb41850000 - 0x00007ffb41877000 	C:\WINDOWS\System32\win32u.dll
0x00007ffb43230000 - 0x00007ffb4325b000 	C:\WINDOWS\System32\GDI32.dll
0x00007ffb1ec10000 - 0x00007ffb1eea2000 	C:\WINDOWS\WinSxS\amd64_microsoft.windows.common-controls_6595b64144ccf1df_6.0.26100.8521_none_3e08b75ce33403b3\COMCTL32.dll
0x00007ffb41d10000 - 0x00007ffb41e3b000 	C:\WINDOWS\System32\gdi32full.dll
0x00007ffb44110000 - 0x00007ffb441b9000 	C:\WINDOWS\System32\msvcrt.dll
0x00007ffb41e40000 - 0x00007ffb41ee3000 	C:\WINDOWS\System32\msvcp_win.dll
0x00007ffb42fe0000 - 0x00007ffb43012000 	C:\WINDOWS\System32\IMM32.DLL
0x00007ffb204e0000 - 0x00007ffb204ec000 	C:\Users\Manohar Badri\.gradle\jdks\eclipse_adoptium-21-amd64-windows.2\bin\vcruntime140_1.dll
0x00007ffb1f7e0000 - 0x00007ffb1f86d000 	C:\Users\Manohar Badri\.gradle\jdks\eclipse_adoptium-21-amd64-windows.2\bin\msvcp140.dll
0x00007ffafad20000 - 0x00007ffafbab0000 	C:\Users\Manohar Badri\.gradle\jdks\eclipse_adoptium-21-amd64-windows.2\bin\server\jvm.dll
0x00007ffb424a0000 - 0x00007ffb42556000 	C:\WINDOWS\System32\ADVAPI32.dll
0x00007ffb423f0000 - 0x00007ffb4249a000 	C:\WINDOWS\System32\sechost.dll
0x00007ffb43260000 - 0x00007ffb43378000 	C:\WINDOWS\System32\RPCRT4.dll
0x00007ffb42330000 - 0x00007ffb423b0000 	C:\WINDOWS\System32\WS2_32.dll
0x00007ffb416b0000 - 0x00007ffb4170e000 	C:\WINDOWS\SYSTEM32\POWRPROF.dll
0x00007ffb2a0c0000 - 0x00007ffb2a0cb000 	C:\WINDOWS\SYSTEM32\VERSION.dll
0x00007ffb36db0000 - 0x00007ffb36de6000 	C:\WINDOWS\SYSTEM32\WINMM.dll
0x00007ffb41690000 - 0x00007ffb416a4000 	C:\WINDOWS\SYSTEM32\UMPDC.dll
0x00007ffb40540000 - 0x00007ffb4055b000 	C:\WINDOWS\SYSTEM32\kernel.appcore.dll
0x00007ffb201c0000 - 0x00007ffb201ca000 	C:\Users\Manohar Badri\.gradle\jdks\eclipse_adoptium-21-amd64-windows.2\bin\jimage.dll
0x00007ffb3eec0000 - 0x00007ffb3f102000 	C:\WINDOWS\SYSTEM32\DBGHELP.DLL
0x00007ffb42bf0000 - 0x00007ffb42f73000 	C:\WINDOWS\System32\combase.dll
0x00007ffb441c0000 - 0x00007ffb44299000 	C:\WINDOWS\System32\OLEAUT32.dll
0x00007ffb19270000 - 0x00007ffb192ab000 	C:\WINDOWS\SYSTEM32\dbgcore.DLL
0x00007ffb41ef0000 - 0x00007ffb41f98000 	C:\WINDOWS\System32\bcryptPrimitives.dll
0x00007ffb201b0000 - 0x00007ffb201bf000 	C:\Users\Manohar Badri\.gradle\jdks\eclipse_adoptium-21-amd64-windows.2\bin\instrument.dll
0x00007ffb20190000 - 0x00007ffb201af000 	C:\Users\Manohar Badri\.gradle\jdks\eclipse_adoptium-21-amd64-windows.2\bin\java.dll
0x00007ffb43810000 - 0x00007ffb43f94000 	C:\WINDOWS\System32\SHELL32.dll
0x00007ffb3f3e0000 - 0x00007ffb3fc60000 	C:\WINDOWS\SYSTEM32\windows.storage.dll
0x00007ffb44330000 - 0x00007ffb44426000 	C:\WINDOWS\System32\SHCORE.dll
0x00007ffb43020000 - 0x00007ffb43087000 	C:\WINDOWS\System32\shlwapi.dll
0x00007ffb41770000 - 0x00007ffb41799000 	C:\WINDOWS\SYSTEM32\profapi.dll
0x00007ffb1c910000 - 0x00007ffb1c9e7000 	C:\Users\Manohar Badri\.gradle\jdks\eclipse_adoptium-21-amd64-windows.2\bin\jsvml.dll
0x00007ffb1f7c0000 - 0x00007ffb1f7d8000 	C:\Users\Manohar Badri\.gradle\jdks\eclipse_adoptium-21-amd64-windows.2\bin\zip.dll
0x00007ffb20130000 - 0x00007ffb20140000 	C:\Users\Manohar Badri\.gradle\jdks\eclipse_adoptium-21-amd64-windows.2\bin\net.dll
0x00007ffb38760000 - 0x00007ffb38889000 	C:\WINDOWS\SYSTEM32\WINHTTP.dll
0x00007ffb40b50000 - 0x00007ffb40bbc000 	C:\WINDOWS\system32\mswsock.dll
0x00007ffb1f7a0000 - 0x00007ffb1f7b6000 	C:\Users\Manohar Badri\.gradle\jdks\eclipse_adoptium-21-amd64-windows.2\bin\nio.dll
0x00007ffb1f790000 - 0x00007ffb1f7a0000 	C:\Users\Manohar Badri\.gradle\jdks\eclipse_adoptium-21-amd64-windows.2\bin\verify.dll
0x00007ffb399c0000 - 0x00007ffb399e7000 	C:\Users\Manohar Badri\.gradle\native\660c5614fbf4a5f2a75b1949f50a0caf5cd603558e7d8a26e50b933a0cfb79d1\windows-amd64\native-platform.dll
0x00007ffb1bc90000 - 0x00007ffb1bd07000 	C:\Users\Manohar Badri\.gradle\native\0.2.8\x86_64-windows-gnu\gradle-fileevents.dll
0x00007ffb1f780000 - 0x00007ffb1f78a000 	C:\Users\Manohar Badri\.gradle\jdks\eclipse_adoptium-21-amd64-windows.2\bin\management.dll
0x00007ffb1e130000 - 0x00007ffb1e13b000 	C:\Users\Manohar Badri\.gradle\jdks\eclipse_adoptium-21-amd64-windows.2\bin\management_ext.dll
0x00007ffb43380000 - 0x00007ffb43388000 	C:\WINDOWS\System32\PSAPI.DLL
0x00007ffb3ffa0000 - 0x00007ffb3ffd3000 	C:\WINDOWS\SYSTEM32\IPHLPAPI.DLL
0x00007ffb42750000 - 0x00007ffb4275a000 	C:\WINDOWS\System32\NSI.dll
0x00007ffb1e120000 - 0x00007ffb1e129000 	C:\Users\Manohar Badri\.gradle\jdks\eclipse_adoptium-21-amd64-windows.2\bin\extnet.dll
0x00007ffb40e30000 - 0x00007ffb40e4b000 	C:\WINDOWS\SYSTEM32\CRYPTSP.dll
0x00007ffb40560000 - 0x00007ffb40599000 	C:\WINDOWS\system32\rsaenh.dll
0x00007ffb40c00000 - 0x00007ffb40c33000 	C:\WINDOWS\SYSTEM32\USERENV.dll
0x00007ffb41740000 - 0x00007ffb4176a000 	C:\WINDOWS\SYSTEM32\bcrypt.dll
0x00007ffb40e50000 - 0x00007ffb40e5c000 	C:\WINDOWS\SYSTEM32\CRYPTBASE.dll
0x00007ffb1e110000 - 0x00007ffb1e11e000 	C:\Users\Manohar Badri\.gradle\jdks\eclipse_adoptium-21-amd64-windows.2\bin\sunmscapi.dll
0x00007ffb421b0000 - 0x00007ffb42328000 	C:\WINDOWS\System32\CRYPT32.dll
0x00007ffb41050000 - 0x00007ffb41080000 	C:\WINDOWS\SYSTEM32\ncrypt.dll
0x00007ffb41000000 - 0x00007ffb4103f000 	C:\WINDOWS\SYSTEM32\NTASN1.dll
0x00007ffb0cb20000 - 0x00007ffb0cb28000 	C:\WINDOWS\system32\wshunix.dll

dbghelp: loaded successfully - version: 4.0.5 - missing functions: none
symbol engine: initialized successfully - sym options: 0x614 - pdb path: .;C:\Users\Manohar Badri\.gradle\jdks\eclipse_adoptium-21-amd64-windows.2\bin;C:\WINDOWS\SYSTEM32;C:\WINDOWS\WinSxS\amd64_microsoft.windows.common-controls_6595b64144ccf1df_6.0.26100.8521_none_3e08b75ce33403b3;C:\Users\Manohar Badri\.gradle\jdks\eclipse_adoptium-21-amd64-windows.2\bin\server;C:\Users\Manohar Badri\.gradle\native\660c5614fbf4a5f2a75b1949f50a0caf5cd603558e7d8a26e50b933a0cfb79d1\windows-amd64;C:\Users\Manohar Badri\.gradle\native\0.2.8\x86_64-windows-gnu

VM Arguments:
jvm_args: --add-opens=java.base/java.lang=ALL-UNNAMED --add-opens=java.base/java.lang.invoke=ALL-UNNAMED --add-opens=java.base/java.util=ALL-UNNAMED --add-opens=java.prefs/java.util.prefs=ALL-UNNAMED --add-exports=jdk.compiler/com.sun.tools.javac.api=ALL-UNNAMED --add-exports=jdk.compiler/com.sun.tools.javac.util=ALL-UNNAMED --add-opens=java.base/java.util=ALL-UNNAMED --add-opens=java.prefs/java.util.prefs=ALL-UNNAMED --add-opens=java.base/java.nio.charset=ALL-UNNAMED --add-opens=java.base/java.net=ALL-UNNAMED --add-opens=java.base/java.util.concurrent=ALL-UNNAMED --add-opens=java.base/java.util.concurrent.atomic=ALL-UNNAMED --add-opens=java.xml/javax.xml.namespace=ALL-UNNAMED --add-opens=java.base/java.time=ALL-UNNAMED -XX:MaxMetaspaceSize=512m -Xmx4096m -Dfile.encoding=UTF-8 -Duser.country=US -Duser.language=en -Duser.variant -javaagent:C:\Users\Manohar Badri\.gradle\wrapper\dists\gradle-9.4.1-bin\arn2x92ynaizyzdaamcbpbhtj\gradle-9.4.1\lib\agents\gradle-instrumentation-agent-9.4.1.jar 
java_command: org.gradle.launcher.daemon.bootstrap.GradleDaemon 9.4.1
java_class_path (initial): C:\Users\Manohar Badri\.gradle\wrapper\dists\gradle-9.4.1-bin\arn2x92ynaizyzdaamcbpbhtj\gradle-9.4.1\lib\gradle-daemon-main-9.4.1.jar
Launcher Type: SUN_STANDARD

[Global flags]
     intx CICompilerCount                          = 4                                         {product} {ergonomic}
   size_t CompressedClassSpaceSize                 = 436207616                                 {product} {ergonomic}
     uint ConcGCThreads                            = 3                                         {product} {ergonomic}
     uint G1ConcRefinementThreads                  = 10                                        {product} {ergonomic}
   size_t G1HeapRegionSize                         = 2097152                                   {product} {ergonomic}
    uintx GCDrainStackTargetSize                   = 64                                        {product} {ergonomic}
   size_t InitialHeapSize                          = 264241152                                 {product} {ergonomic}
   size_t MarkStackSize                            = 4194304                                   {product} {ergonomic}
   size_t MaxHeapSize                              = 4294967296                                {product} {command line}
   size_t MaxMetaspaceSize                         = 536870912                                 {product} {command line}
   size_t MaxNewSize                               = 2575302656                                {product} {ergonomic}
   size_t MinHeapDeltaBytes                        = 2097152                                   {product} {ergonomic}
   size_t MinHeapSize                              = 8388608                                   {product} {ergonomic}
    uintx NonNMethodCodeHeapSize                   = 5839372                                {pd product} {ergonomic}
    uintx NonProfiledCodeHeapSize                  = 122909434                              {pd product} {ergonomic}
    uintx ProfiledCodeHeapSize                     = 122909434                              {pd product} {ergonomic}
    uintx ReservedCodeCacheSize                    = 251658240                              {pd product} {ergonomic}
     bool SegmentedCodeCache                       = true                                      {product} {ergonomic}
   size_t SoftMaxHeapSize                          = 4294967296                             {manageable} {ergonomic}
     bool UseCompressedOops                        = true                           {product lp64_product} {ergonomic}
     bool UseG1GC                                  = true                                      {product} {ergonomic}
     bool UseLargePagesIndividualAllocation        = false                                  {pd product} {ergonomic}

Logging:
Log output configuration:
 #0: stdout all=warning uptime,level,tags foldmultilines=false
 #1: stderr all=off uptime,level,tags foldmultilines=false

Environment Variables:
JAVA_HOME=C:\Program Files\Java\jdk-17
PATH=C:\Program Files (x86)\VMware\VMware Workstation\bin\;C:\Program Files\Common Files\Oracle\Java\javapath;C:\Program Files\Java\jdk-17\bin;C:\Program Files (x86)\Common Files\Oracle\Java\java8path;C:\Program Files (x86)\Common Files\Oracle\Java\javapath;C:\WINDOWS\system32;C:\WINDOWS;C:\WINDOWS\System32\Wbem;C:\WINDOWS\System32\WindowsPowerShell\v1.0\;C:\WINDOWS\System32\OpenSSH\;C:\Program Files\Git\cmd;C:\Program Files\dotnet\;C:\Program Files\MySQL\MySQL Server 8.0\bin;C:\Program Files\MySQL\MySQL Shell 8.0\bin\;C:\Users\Manohar Badri\AppData\Local\Programs\Python\Python39\Scripts\;C:\Users\Manohar Badri\AppData\Local\Programs\Python\Python39\;C:\Users\Manohar Badri\AppData\Local\Programs\Python\Launcher\;C:\Users\Manohar Badri\AppData\Local\Programs\Python\Python312\Scripts\;C:\Users\Manohar Badri\AppData\Local\Programs\Python\Python312\;C:\Users\Manohar Badri\AppData\Local\Microsoft\WindowsApps;C:\Users\Manohar Badri\AppData\Local\Programs\Microsoft VS Code\bin;C:\Program Files\CodeBlocks\MinGW\bin;C:\Program Files (x86)\GnuWin32\bin;C:\Users\Manohar Badri\AppData\Local\Programs\Antigravity\bin
USERNAME=Manohar Badri
OS=Windows_NT
PROCESSOR_IDENTIFIER=Intel64 Family 6 Model 186 Stepping 3, GenuineIntel
TMP=C:\Users\MANOHA~1\AppData\Local\Temp
TEMP=C:\Users\MANOHA~1\AppData\Local\Temp




Periodic native trim disabled

---------------  S Y S T E M  ---------------

OS:
 Windows 11 , 64 bit Build 26100 (10.0.26100.8521)
OS uptime: 0 days 0:58 hours
Hyper-V role detected

CPU: total 12 (initial active 12) (6 cores per cpu, 2 threads per core) family 6 model 186 stepping 3 microcode 0x6134, cx8, cmov, fxsr, ht, mmx, 3dnowpref, sse, sse2, sse3, ssse3, sse4.1, sse4.2, popcnt, lzcnt, tsc, tscinvbit, avx, avx2, aes, erms, clmul, bmi1, bmi2, adx, sha, fma, vzeroupper, clflush, clflushopt, clwb, hv, serialize, rdtscp, rdpid, fsrm, f16c, cet_ibt, cet_ss
Processor Information for the first 12 processors :
  Max Mhz: 1300, Current Mhz: 1300, Mhz Limit: 1300

Memory: 4k page, system-wide physical 16027M (2347M free)
TotalPageFile size 16027M (AvailPageFile size 11M)
current process WorkingSet (physical memory assigned to process): 783M, peak: 783M
current process commit charge ("private bytes"): 893M, peak: 894M

vm_info: OpenJDK 64-Bit Server VM (21.0.7+6-LTS) for windows-amd64 JRE (21.0.7+6-LTS), built on 2025-04-15T00:00:00Z by "admin" with MS VC++ 17.7 (VS2022)

END.
