#
# There is insufficient memory for the Java Runtime Environment to continue.
# Native memory allocation (mmap) failed to map 411041792 bytes. Error detail: G1 virtual space
# Possible reasons:
#   The system is out of physical RAM or swap space
#   This process is running with CompressedOops enabled, and the Java Heap may be blocking the growth of the native heap
# Possible solutions:
#   Reduce memory load on the system
#   Increase physical memory or swap space
#   Check if swap backing store is full
#   Decrease Java heap size (-Xmx/-Xms)
#   Decrease number of Java threads
#   Decrease Java thread stack sizes (-Xss)
#   Set larger code cache with -XX:ReservedCodeCacheSize=
#   JVM is running with Zero Based Compressed Oops mode in which the Java heap is
#     placed in the first 32GB address space. The Java Heap base address is the
#     maximum limit for the native heap growth. Please use -XX:HeapBaseMinAddress
#     to set the Java Heap base and to place the Java Heap above 32GB virtual address.
# This output file may be truncated or incomplete.
#
#  Out of Memory Error (os_windows.cpp:3686), pid=14740, tid=20800
#
# JRE version: OpenJDK Runtime Environment Temurin-21.0.7+6 (21.0.7+6) (build 21.0.7+6-LTS)
# Java VM: OpenJDK 64-Bit Server VM Temurin-21.0.7+6 (21.0.7+6-LTS, mixed mode, sharing, tiered, compressed oops, compressed class ptrs, g1 gc, windows-amd64)
# No core dump will be written. Minidumps are not enabled by default on client versions of Windows
#

---------------  S U M M A R Y ------------

Command Line: --add-opens=java.base/java.lang=ALL-UNNAMED --add-opens=java.base/java.lang.invoke=ALL-UNNAMED --add-opens=java.base/java.util=ALL-UNNAMED --add-opens=java.prefs/java.util.prefs=ALL-UNNAMED --add-exports=jdk.compiler/com.sun.tools.javac.api=ALL-UNNAMED --add-exports=jdk.compiler/com.sun.tools.javac.util=ALL-UNNAMED --add-opens=java.base/java.util=ALL-UNNAMED --add-opens=java.prefs/java.util.prefs=ALL-UNNAMED --add-opens=java.base/java.nio.charset=ALL-UNNAMED --add-opens=java.base/java.net=ALL-UNNAMED --add-opens=java.base/java.util.concurrent=ALL-UNNAMED --add-opens=java.base/java.util.concurrent.atomic=ALL-UNNAMED --add-opens=java.xml/javax.xml.namespace=ALL-UNNAMED --add-opens=java.base/java.time=ALL-UNNAMED -XX:MaxMetaspaceSize=1024m -Xmx6144m -Dfile.encoding=UTF-8 -Duser.country=US -Duser.language=en -Duser.variant -javaagent:C:\Users\Manohar Badri\.gradle\wrapper\dists\gradle-9.4.1-bin\arn2x92ynaizyzdaamcbpbhtj\gradle-9.4.1\lib\agents\gradle-instrumentation-agent-9.4.1.jar org.gradle.launcher.daemon.bootstrap.GradleDaemon 9.4.1

Host: 13th Gen Intel(R) Core(TM) i5-1335U, 12 cores, 15G,  Windows 11 , 64 bit Build 26100 (10.0.26100.8521)
Time: Mon Jun 15 21:51:36 2026 India Standard Time elapsed time: 30.485919 seconds (0d 0h 0m 30s)

---------------  T H R E A D  ---------------

Current thread (0x000001e728d9bdd0):  VMThread "VM Thread"          [id=20800, stack(0x000000ba79400000,0x000000ba79500000) (1024K)]

Stack: [0x000000ba79400000,0x000000ba79500000]
Native frames: (J=compiled Java code, j=interpreted, Vv=VM code, C=native code)
V  [jvm.dll+0x6ce119]
V  [jvm.dll+0x8a84a1]
V  [jvm.dll+0x8aa9ce]
V  [jvm.dll+0x8ab0b3]
V  [jvm.dll+0x27f8a6]
V  [jvm.dll+0x6ca945]
V  [jvm.dll+0x6bebea]
V  [jvm.dll+0x355eca]
V  [jvm.dll+0x35da96]
V  [jvm.dll+0x3af72e]
V  [jvm.dll+0x3af9d8]
V  [jvm.dll+0x32a05c]
V  [jvm.dll+0x32a0e7]
V  [jvm.dll+0x36deac]
V  [jvm.dll+0x36c6f8]
V  [jvm.dll+0x329821]
V  [jvm.dll+0x36bd6a]
V  [jvm.dll+0x8b0dcf]
V  [jvm.dll+0x8b2154]
V  [jvm.dll+0x8b2690]
V  [jvm.dll+0x8b2933]
V  [jvm.dll+0x851f6b]
V  [jvm.dll+0x6cc7dd]
C  [ucrtbase.dll+0x2cd30]
C  [KERNEL32.DLL+0x2e957]
C  [ntdll.dll+0x87c1c]

VM_Operation (0x000000ba7c6f9530): G1CollectForAllocation, mode: safepoint, requested by thread 0x000001e765712690


---------------  P R O C E S S  ---------------

Threads class SMR info:
_java_thread_list=0x000001e728c26ca0, length=64, elements={
0x000001e7048893d0, 0x000001e728db7d40, 0x000001e728dbd4d0, 0x000001e728dc36e0,
0x000001e728dc4130, 0x000001e728dc4b80, 0x000001e728dc9020, 0x000001e728df71c0,
0x000001e728dfa980, 0x000001e76208e680, 0x000001e7622a9d50, 0x000001e763296ff0,
0x000001e7632554f0, 0x000001e764863010, 0x000001e7646a1960, 0x000001e7639f5720,
0x000001e763c495f0, 0x000001e763c4a4c0, 0x000001e763f766d0, 0x000001e763ccda80,
0x000001e763cce7a0, 0x000001e763ccb9b0, 0x000001e763ccc040, 0x000001e763ccc6d0,
0x000001e763cce110, 0x000001e763ccd3f0, 0x000001e76570e4f0, 0x000001e76570cab0,
0x000001e76570f210, 0x000001e76570ff30, 0x000001e76570de60, 0x000001e76570f8a0,
0x000001e765710c50, 0x000001e76570eb80, 0x000001e76570d7d0, 0x000001e765711970,
0x000001e765712000, 0x000001e765712690, 0x000001e765712d20, 0x000001e765713a40,
0x000001e7657133b0, 0x000001e7657140d0, 0x000001e762bb74c0, 0x000001e762bb7b50,
0x000001e762bb67a0, 0x000001e762bb9590, 0x000001e7623d6e60, 0x000001e7623d5ab0,
0x000001e7623d74f0, 0x000001e7623d5420, 0x000001e7623d6140, 0x000001e7623d4d90,
0x000001e7623d4700, 0x000001e7623d7b80, 0x000001e7623d8210, 0x000001e7623d8f30,
0x000001e7623d88a0, 0x000001e7623d95c0, 0x000001e7623d9c50, 0x000001e7623db690,
0x000001e764f47f90, 0x000001e76f7c5740, 0x000001e76f7c6bb0, 0x000001e764f4a060
}

Java Threads: ( => current thread )
  0x000001e7048893d0 JavaThread "main"                              [_thread_blocked, id=4736, stack(0x000000ba78d00000,0x000000ba78e00000) (1024K)]
  0x000001e728db7d40 JavaThread "Reference Handler"          daemon [_thread_blocked, id=2380, stack(0x000000ba79500000,0x000000ba79600000) (1024K)]
  0x000001e728dbd4d0 JavaThread "Finalizer"                  daemon [_thread_blocked, id=3104, stack(0x000000ba79600000,0x000000ba79700000) (1024K)]
  0x000001e728dc36e0 JavaThread "Signal Dispatcher"          daemon [_thread_blocked, id=21376, stack(0x000000ba79700000,0x000000ba79800000) (1024K)]
  0x000001e728dc4130 JavaThread "Attach Listener"            daemon [_thread_blocked, id=9340, stack(0x000000ba79800000,0x000000ba79900000) (1024K)]
  0x000001e728dc4b80 JavaThread "Service Thread"             daemon [_thread_blocked, id=2272, stack(0x000000ba79900000,0x000000ba79a00000) (1024K)]
  0x000001e728dc9020 JavaThread "Monitor Deflation Thread"   daemon [_thread_blocked, id=452, stack(0x000000ba79a00000,0x000000ba79b00000) (1024K)]
  0x000001e728df71c0 JavaThread "C2 CompilerThread0"         daemon [_thread_blocked, id=1356, stack(0x000000ba79b00000,0x000000ba79c00000) (1024K)]
  0x000001e728dfa980 JavaThread "C1 CompilerThread0"         daemon [_thread_blocked, id=12992, stack(0x000000ba79c00000,0x000000ba79d00000) (1024K)]
  0x000001e76208e680 JavaThread "Common-Cleaner"             daemon [_thread_blocked, id=1632, stack(0x000000ba79d00000,0x000000ba79e00000) (1024K)]
  0x000001e7622a9d50 JavaThread "Notification Thread"        daemon [_thread_blocked, id=4428, stack(0x000000ba79e00000,0x000000ba79f00000) (1024K)]
  0x000001e763296ff0 JavaThread "Daemon health stats"               [_thread_blocked, id=4056, stack(0x000000ba7a600000,0x000000ba7a700000) (1024K)]
  0x000001e7632554f0 JavaThread "Incoming local TCP Connector on port 60985"        [_thread_in_native, id=12820, stack(0x000000ba7a700000,0x000000ba7a800000) (1024K)]
  0x000001e764863010 JavaThread "Daemon periodic checks"            [_thread_blocked, id=2884, stack(0x000000ba7a800000,0x000000ba7a900000) (1024K)]
  0x000001e7646a1960 JavaThread "Daemon"                            [_thread_blocked, id=10164, stack(0x000000ba7a900000,0x000000ba7aa00000) (1024K)]
  0x000001e7639f5720 JavaThread "Handler for socket connection from /127.0.0.1:60985 to /127.0.0.1:60986"        [_thread_in_native, id=21284, stack(0x000000ba7aa00000,0x000000ba7ab00000) (1024K)]
  0x000001e763c495f0 JavaThread "Cancel handler"                    [_thread_blocked, id=9140, stack(0x000000ba7ab00000,0x000000ba7ac00000) (1024K)]
  0x000001e763c4a4c0 JavaThread "Daemon worker"                     [_thread_blocked, id=20660, stack(0x000000ba7ac00000,0x000000ba7ad00000) (1024K)]
  0x000001e763f766d0 JavaThread "Asynchronous log dispatcher for DefaultDaemonConnection: socket connection from /127.0.0.1:60985 to /127.0.0.1:60986"        [_thread_blocked, id=14080, stack(0x000000ba7ad00000,0x000000ba7ae00000) (1024K)]
  0x000001e763ccda80 JavaThread "Stdin handler"                     [_thread_blocked, id=21276, stack(0x000000ba7ae00000,0x000000ba7af00000) (1024K)]
  0x000001e763cce7a0 JavaThread "Daemon client event forwarder"        [_thread_blocked, id=10136, stack(0x000000ba7af00000,0x000000ba7b000000) (1024K)]
  0x000001e763ccb9b0 JavaThread "Cache worker for journal cache (C:\Users\Manohar Badri\.gradle\caches\journal-1)"        [_thread_blocked, id=6128, stack(0x000000ba7b400000,0x000000ba7b500000) (1024K)]
  0x000001e763ccc040 JavaThread "File lock request listener"        [_thread_in_native, id=4920, stack(0x000000ba7b500000,0x000000ba7b600000) (1024K)]
  0x000001e763ccc6d0 JavaThread "Cache worker for file hash cache (C:\Users\Manohar Badri\.gradle\caches\9.4.1\fileHashes)"        [_thread_blocked, id=14512, stack(0x000000ba7b600000,0x000000ba7b700000) (1024K)]
  0x000001e763cce110 JavaThread "Cache worker for file hash cache (C:\Users\Manohar Badri\AndroidStudioProjects\AgriNova\.gradle\9.4.1\fileHashes)"        [_thread_blocked, id=2400, stack(0x000000ba7a000000,0x000000ba7a100000) (1024K)]
  0x000001e763ccd3f0 JavaThread "Cache worker for Build Output Cleanup Cache (C:\Users\Manohar Badri\AndroidStudioProjects\AgriNova\.gradle\buildOutputCleanup)"        [_thread_blocked, id=18832, stack(0x000000ba7b900000,0x000000ba7ba00000) (1024K)]
  0x000001e76570e4f0 JavaThread "File watcher server"        daemon [_thread_blocked, id=13100, stack(0x000000ba7ba00000,0x000000ba7bb00000) (1024K)]
  0x000001e76570cab0 JavaThread "File watcher consumer"      daemon [_thread_blocked, id=17736, stack(0x000000ba7bb00000,0x000000ba7bc00000) (1024K)]
  0x000001e76570f210 JavaThread "Cache worker for file content cache (C:\Users\Manohar Badri\.gradle\caches\9.4.1\fileContent)"        [_thread_blocked, id=10124, stack(0x000000ba7bc00000,0x000000ba7bd00000) (1024K)]
  0x000001e76570ff30 JavaThread "Cache worker for checksums cache (C:\Users\Manohar Badri\AndroidStudioProjects\AgriNova\.gradle\9.4.1\checksums)"        [_thread_blocked, id=12332, stack(0x000000ba7bd00000,0x000000ba7be00000) (1024K)]
  0x000001e76570de60 JavaThread "Cache worker for cache directory md-supplier (C:\Users\Manohar Badri\.gradle\caches\9.4.1\md-supplier)"        [_thread_blocked, id=21068, stack(0x000000ba7be00000,0x000000ba7bf00000) (1024K)]
  0x000001e76570f8a0 JavaThread "Cache worker for cache directory md-rule (C:\Users\Manohar Badri\.gradle\caches\9.4.1\md-rule)"        [_thread_blocked, id=2332, stack(0x000000ba7bf00000,0x000000ba7c000000) (1024K)]
  0x000001e765710c50 JavaThread "Build operations"                  [_thread_blocked, id=6908, stack(0x000000ba7c100000,0x000000ba7c200000) (1024K)]
  0x000001e76570eb80 JavaThread "Build operations Thread 2"         [_thread_blocked, id=14892, stack(0x000000ba7c200000,0x000000ba7c300000) (1024K)]
  0x000001e76570d7d0 JavaThread "Build operations Thread 3"         [_thread_blocked, id=1908, stack(0x000000ba7c300000,0x000000ba7c400000) (1024K)]
  0x000001e765711970 JavaThread "Build operations Thread 4"         [_thread_blocked, id=9148, stack(0x000000ba7c400000,0x000000ba7c500000) (1024K)]
  0x000001e765712000 JavaThread "Build operations Thread 5"         [_thread_blocked, id=15632, stack(0x000000ba7c500000,0x000000ba7c600000) (1024K)]
  0x000001e765712690 JavaThread "Build operations Thread 6"         [_thread_blocked, id=6584, stack(0x000000ba7c600000,0x000000ba7c700000) (1024K)]
  0x000001e765712d20 JavaThread "Build operations Thread 7"         [_thread_blocked, id=10372, stack(0x000000ba7c700000,0x000000ba7c800000) (1024K)]
  0x000001e765713a40 JavaThread "Build operations Thread 8"         [_thread_blocked, id=6932, stack(0x000000ba7c800000,0x000000ba7c900000) (1024K)]
  0x000001e7657133b0 JavaThread "Build operations Thread 9"         [_thread_blocked, id=1676, stack(0x000000ba7c900000,0x000000ba7ca00000) (1024K)]
  0x000001e7657140d0 JavaThread "Build operations Thread 10"        [_thread_blocked, id=20312, stack(0x000000ba7ca00000,0x000000ba7cb00000) (1024K)]
  0x000001e762bb74c0 JavaThread "Build operations Thread 11"        [_thread_blocked, id=11876, stack(0x000000ba7cb00000,0x000000ba7cc00000) (1024K)]
  0x000001e762bb7b50 JavaThread "Build operations Thread 12"        [_thread_blocked, id=21292, stack(0x000000ba7cc00000,0x000000ba7cd00000) (1024K)]
  0x000001e762bb67a0 JavaThread "Memory manager"                    [_thread_blocked, id=11732, stack(0x000000ba7c000000,0x000000ba7c100000) (1024K)]
  0x000001e762bb9590 JavaThread "build event listener"              [_thread_blocked, id=13004, stack(0x000000ba7cd00000,0x000000ba7ce00000) (1024K)]
  0x000001e7623d6e60 JavaThread "included builds"                   [_thread_blocked, id=4364, stack(0x000000ba7cf00000,0x000000ba7d000000) (1024K)]
  0x000001e7623d5ab0 JavaThread "Execution worker"                  [_thread_blocked, id=19748, stack(0x000000ba7d000000,0x000000ba7d100000) (1024K)]
  0x000001e7623d74f0 JavaThread "Execution worker Thread 2"         [_thread_blocked, id=15908, stack(0x000000ba7d100000,0x000000ba7d200000) (1024K)]
  0x000001e7623d5420 JavaThread "Execution worker Thread 3"         [_thread_blocked, id=9468, stack(0x000000ba7d200000,0x000000ba7d300000) (1024K)]
  0x000001e7623d6140 JavaThread "Execution worker Thread 4"         [_thread_blocked, id=13260, stack(0x000000ba7d300000,0x000000ba7d400000) (1024K)]
  0x000001e7623d4d90 JavaThread "Execution worker Thread 5"         [_thread_blocked, id=5056, stack(0x000000ba7d400000,0x000000ba7d500000) (1024K)]
  0x000001e7623d4700 JavaThread "Execution worker Thread 6"         [_thread_blocked, id=16828, stack(0x000000ba7d500000,0x000000ba7d600000) (1024K)]
  0x000001e7623d7b80 JavaThread "Execution worker Thread 7"         [_thread_blocked, id=6188, stack(0x000000ba7d600000,0x000000ba7d700000) (1024K)]
  0x000001e7623d8210 JavaThread "Execution worker Thread 8"         [_thread_blocked, id=21216, stack(0x000000ba7d700000,0x000000ba7d800000) (1024K)]
  0x000001e7623d8f30 JavaThread "Execution worker Thread 9"         [_thread_blocked, id=3352, stack(0x000000ba7d800000,0x000000ba7d900000) (1024K)]
  0x000001e7623d88a0 JavaThread "Execution worker Thread 10"        [_thread_blocked, id=18596, stack(0x000000ba7d900000,0x000000ba7da00000) (1024K)]
  0x000001e7623d95c0 JavaThread "Execution worker Thread 11"        [_thread_blocked, id=12684, stack(0x000000ba7da00000,0x000000ba7db00000) (1024K)]
  0x000001e7623d9c50 JavaThread "Cache worker for execution history cache (C:\Users\Manohar Badri\AndroidStudioProjects\AgriNova\.gradle\9.4.1\executionHistory)"        [_thread_blocked, id=11620, stack(0x000000ba7db00000,0x000000ba7dc00000) (1024K)]
  0x000001e7623db690 JavaThread "Cache worker for Java compile cache (C:\Users\Manohar Badri\.gradle\caches\9.4.1\javaCompile)"        [_thread_blocked, id=20716, stack(0x000000ba7dc00000,0x000000ba7dd00000) (1024K)]
  0x000001e764f47f90 JavaThread "Problems report writer"            [_thread_blocked, id=9352, stack(0x000000ba7dd00000,0x000000ba7de00000) (1024K)]
  0x000001e76f7c5740 JavaThread "C2 CompilerThread1"         daemon [_thread_blocked, id=10180, stack(0x000000ba79f00000,0x000000ba7a000000) (1024K)]
  0x000001e76f7c6bb0 JavaThread "C2 CompilerThread2"         daemon [_thread_blocked, id=6868, stack(0x000000ba7ce00000,0x000000ba7cf00000) (1024K)]
  0x000001e764f4a060 JavaThread "WorkerExecutor Queue"              [_thread_blocked, id=6940, stack(0x000000ba7de00000,0x000000ba7df00000) (1024K)]
Total: 64

Other Threads:
=>0x000001e728d9bdd0 VMThread "VM Thread"                           [id=20800, stack(0x000000ba79400000,0x000000ba79500000) (1024K)]
  0x000001e728d8a900 WatcherThread "VM Periodic Task Thread"        [id=20812, stack(0x000000ba79300000,0x000000ba79400000) (1024K)]
  0x000001e706da34d0 WorkerThread "GC Thread#0"                     [id=4404, stack(0x000000ba78e00000,0x000000ba78f00000) (1024K)]
  0x000001e7624e6fb0 WorkerThread "GC Thread#1"                     [id=4244, stack(0x000000ba7a100000,0x000000ba7a200000) (1024K)]
  0x000001e7624e7350 WorkerThread "GC Thread#2"                     [id=15664, stack(0x000000ba7a200000,0x000000ba7a300000) (1024K)]
  0x000001e7624e76f0 WorkerThread "GC Thread#3"                     [id=7768, stack(0x000000ba7a300000,0x000000ba7a400000) (1024K)]
  0x000001e7624e7a90 WorkerThread "GC Thread#4"                     [id=13560, stack(0x000000ba7a400000,0x000000ba7a500000) (1024K)]
  0x000001e762462920 WorkerThread "GC Thread#5"                     [id=10444, stack(0x000000ba7a500000,0x000000ba7a600000) (1024K)]
  0x000001e7649aa4b0 WorkerThread "GC Thread#6"                     [id=21432, stack(0x000000ba7b000000,0x000000ba7b100000) (1024K)]
  0x000001e7649aba70 WorkerThread "GC Thread#7"                     [id=21356, stack(0x000000ba7b100000,0x000000ba7b200000) (1024K)]
  0x000001e7649abe10 WorkerThread "GC Thread#8"                     [id=21188, stack(0x000000ba7b200000,0x000000ba7b300000) (1024K)]
  0x000001e7649aa850 WorkerThread "GC Thread#9"                     [id=6168, stack(0x000000ba7b300000,0x000000ba7b400000) (1024K)]
  0x000001e706db29f0 ConcurrentGCThread "G1 Main Marker"            [id=12008, stack(0x000000ba78f00000,0x000000ba79000000) (1024K)]
  0x000001e706db3400 WorkerThread "G1 Conc#0"                       [id=20852, stack(0x000000ba79000000,0x000000ba79100000) (1024K)]
  0x000001e7649ab330 WorkerThread "G1 Conc#1"                       [id=11648, stack(0x000000ba7b700000,0x000000ba7b800000) (1024K)]
  0x000001e7649ab6d0 WorkerThread "G1 Conc#2"                       [id=4124, stack(0x000000ba7b800000,0x000000ba7b900000) (1024K)]
  0x000001e728c5d2d0 ConcurrentGCThread "G1 Refine#0"               [id=13880, stack(0x000000ba79100000,0x000000ba79200000) (1024K)]
  0x000001e728c5dd50 ConcurrentGCThread "G1 Service"                [id=11888, stack(0x000000ba79200000,0x000000ba79300000) (1024K)]
Total: 18

Threads with active compile tasks:
C2 CompilerThread0  30513 20424       4       com.android.tools.r8.internal.nv::a (6696 bytes)
C1 CompilerThread0  30513 21691       3       com.android.tools.r8.internal.wj4::a (170 bytes)
C2 CompilerThread1  30513 20442       4       com.android.tools.r8.graph.pa$$Lambda/0x000001e72b2835b8::accept (16 bytes)
C2 CompilerThread2  30513 19918       4       java.io.StringWriter::append (6 bytes)
Total: 4

VM state: at safepoint (normal execution)

VM Mutex/Monitor currently owned by a thread:  ([mutex/lock_event])
[0x00007ffafb9ce308] Threads_lock - owner thread: 0x000001e728d9bdd0
[0x00007ffafb9ce408] Heap_lock - owner thread: 0x000001e765712690

Heap address: 0x0000000680000000, size: 6144 MB, Compressed Oops mode: Zero based, Oop shift amount: 3

CDS archive(s) mapped at: [0x000001e729000000-0x000001e729c80000-0x000001e729c80000), size 13107200, SharedBaseAddress: 0x000001e729000000, ArchiveRelocationMode: 1.
Compressed class space mapped at: 0x000001e72a000000-0x000001e75e000000, reserved size: 872415232
Narrow klass base: 0x000001e729000000, Narrow klass shift: 0, Narrow klass range: 0x100000000

GC Precious Log:
 CardTable entry size: 512
 Card Set container configuration: InlinePtr #cards 4 size 8 Array Of Cards #cards 32 size 80 Howl #buckets 8 coarsen threshold 7372 Howl Bitmap #cards 1024 size 144 coarsen threshold 921 Card regions per heap region 1 cards per card region 8192
 CPUs: 12 total, 12 available
 Memory: 16027M
 Large Page Support: Disabled
 NUMA Support: Disabled
 Compressed Oops: Enabled (Zero based)
 Heap Region Size: 4M
 Heap Min Capacity: 8M
 Heap Initial Capacity: 252M
 Heap Max Capacity: 6G
 Pre-touch: Disabled
 Parallel Workers: 10
 Concurrent Workers: 3
 Concurrent Refinement Workers: 10
 Periodic GC: Disabled

Heap:
 garbage-first heap   total 503808K, used 332286K [0x0000000680000000, 0x0000000800000000)
  region size 4096K, 1 young (4096K), 1 survivors (4096K)
 Metaspace       used 132562K, committed 135168K, reserved 983040K
  class space    used 18785K, committed 20096K, reserved 851968K

Heap Regions: E=young(eden), S=young(survivor), O=old, HS=humongous(starts), HC=humongous(continues), CS=collection set, F=free, TAMS=top-at-mark-start, PB=parsable bottom
|   0|0x0000000680000000, 0x0000000680400000, 0x0000000680400000|100%|HS|  |TAMS 0x0000000680000000| PB 0x0000000680000000| Complete 
|   1|0x0000000680400000, 0x0000000680800000, 0x0000000680800000|100%| O|  |TAMS 0x0000000680400000| PB 0x0000000680400000| Untracked 
|   2|0x0000000680800000, 0x0000000680c00000, 0x0000000680c00000|100%| O|  |TAMS 0x0000000680800000| PB 0x0000000680800000| Untracked 
|   3|0x0000000680c00000, 0x0000000681000000, 0x0000000681000000|100%| O|  |TAMS 0x0000000680c00000| PB 0x0000000680c00000| Untracked 
|   4|0x0000000681000000, 0x0000000681400000, 0x0000000681400000|100%| O|  |TAMS 0x0000000681000000| PB 0x0000000681000000| Untracked 
|   5|0x0000000681400000, 0x0000000681800000, 0x0000000681800000|100%| O|  |TAMS 0x0000000681400000| PB 0x0000000681400000| Untracked 
|   6|0x0000000681800000, 0x0000000681c00000, 0x0000000681c00000|100%| O|  |TAMS 0x0000000681800000| PB 0x0000000681800000| Untracked 
|   7|0x0000000681c00000, 0x0000000682000000, 0x0000000682000000|100%| O|  |TAMS 0x0000000681c00000| PB 0x0000000681c00000| Untracked 
|   8|0x0000000682000000, 0x0000000682400000, 0x0000000682400000|100%| O|  |TAMS 0x0000000682000000| PB 0x0000000682000000| Untracked 
|   9|0x0000000682400000, 0x0000000682800000, 0x0000000682800000|100%| O|  |TAMS 0x0000000682400000| PB 0x0000000682400000| Untracked 
|  10|0x0000000682800000, 0x0000000682c00000, 0x0000000682c00000|100%| O|  |TAMS 0x0000000682800000| PB 0x0000000682800000| Untracked 
|  11|0x0000000682c00000, 0x0000000683000000, 0x0000000683000000|100%| O|  |TAMS 0x0000000682c00000| PB 0x0000000682c00000| Untracked 
|  12|0x0000000683000000, 0x0000000683400000, 0x0000000683400000|100%| O|  |TAMS 0x0000000683000000| PB 0x0000000683000000| Untracked 
|  13|0x0000000683400000, 0x0000000683800000, 0x0000000683800000|100%| O|  |TAMS 0x0000000683400000| PB 0x0000000683400000| Untracked 
|  14|0x0000000683800000, 0x0000000683c00000, 0x0000000683c00000|100%| O|  |TAMS 0x0000000683800000| PB 0x0000000683800000| Untracked 
|  15|0x0000000683c00000, 0x0000000684000000, 0x0000000684000000|100%| O|  |TAMS 0x0000000683c00000| PB 0x0000000683c00000| Untracked 
|  16|0x0000000684000000, 0x0000000684400000, 0x0000000684400000|100%| O|  |TAMS 0x0000000684000000| PB 0x0000000684000000| Untracked 
|  17|0x0000000684400000, 0x0000000684800000, 0x0000000684800000|100%| O|  |TAMS 0x0000000684400000| PB 0x0000000684400000| Untracked 
|  18|0x0000000684800000, 0x0000000684c00000, 0x0000000684c00000|100%| O|  |TAMS 0x0000000684800000| PB 0x0000000684800000| Untracked 
|  19|0x0000000684c00000, 0x0000000685000000, 0x0000000685000000|100%| O|  |TAMS 0x0000000684c00000| PB 0x0000000684c00000| Untracked 
|  20|0x0000000685000000, 0x0000000685400000, 0x0000000685400000|100%| O|  |TAMS 0x0000000685000000| PB 0x0000000685000000| Untracked 
|  21|0x0000000685400000, 0x0000000685800000, 0x0000000685800000|100%| O|  |TAMS 0x0000000685400000| PB 0x0000000685400000| Untracked 
|  22|0x0000000685800000, 0x0000000685c00000, 0x0000000685c00000|100%| O|  |TAMS 0x0000000685800000| PB 0x0000000685800000| Untracked 
|  23|0x0000000685c00000, 0x0000000686000000, 0x0000000686000000|100%| O|  |TAMS 0x0000000685c00000| PB 0x0000000685c00000| Untracked 
|  24|0x0000000686000000, 0x0000000686400000, 0x0000000686400000|100%| O|  |TAMS 0x0000000686000000| PB 0x0000000686000000| Untracked 
|  25|0x0000000686400000, 0x0000000686800000, 0x0000000686800000|100%| O|  |TAMS 0x0000000686400000| PB 0x0000000686400000| Untracked 
|  26|0x0000000686800000, 0x0000000686c00000, 0x0000000686c00000|100%| O|  |TAMS 0x0000000686800000| PB 0x0000000686800000| Untracked 
|  27|0x0000000686c00000, 0x0000000687000000, 0x0000000687000000|100%| O|  |TAMS 0x0000000686c00000| PB 0x0000000686c00000| Untracked 
|  28|0x0000000687000000, 0x0000000687000000, 0x0000000687400000|  0%| F|  |TAMS 0x0000000687000000| PB 0x0000000687000000| Untracked 
|  29|0x0000000687400000, 0x0000000687400000, 0x0000000687800000|  0%| F|  |TAMS 0x0000000687400000| PB 0x0000000687400000| Untracked 
|  30|0x0000000687800000, 0x0000000687c00000, 0x0000000687c00000|100%| O|  |TAMS 0x0000000687800000| PB 0x0000000687800000| Untracked 
|  31|0x0000000687c00000, 0x0000000688000000, 0x0000000688000000|100%| O|  |TAMS 0x0000000687c00000| PB 0x0000000687c00000| Untracked 
|  32|0x0000000688000000, 0x0000000688400000, 0x0000000688400000|100%| O|  |TAMS 0x0000000688000000| PB 0x0000000688000000| Untracked 
|  33|0x0000000688400000, 0x0000000688800000, 0x0000000688800000|100%| O|  |TAMS 0x0000000688400000| PB 0x0000000688400000| Untracked 
|  34|0x0000000688800000, 0x0000000688c00000, 0x0000000688c00000|100%| O|  |TAMS 0x0000000688800000| PB 0x0000000688800000| Untracked 
|  35|0x0000000688c00000, 0x0000000689000000, 0x0000000689000000|100%| O|  |TAMS 0x0000000688c00000| PB 0x0000000688c00000| Untracked 
|  36|0x0000000689000000, 0x0000000689400000, 0x0000000689400000|100%| O|  |TAMS 0x0000000689000000| PB 0x0000000689000000| Untracked 
|  37|0x0000000689400000, 0x0000000689800000, 0x0000000689800000|100%| O|  |TAMS 0x0000000689400000| PB 0x0000000689400000| Untracked 
|  38|0x0000000689800000, 0x0000000689800000, 0x0000000689c00000|  0%| F|  |TAMS 0x0000000689800000| PB 0x0000000689800000| Untracked 
|  39|0x0000000689c00000, 0x0000000689c00000, 0x000000068a000000|  0%| F|  |TAMS 0x0000000689c00000| PB 0x0000000689c00000| Untracked 
|  40|0x000000068a000000, 0x000000068a400000, 0x000000068a400000|100%| O|  |TAMS 0x000000068a000000| PB 0x000000068a000000| Untracked 
|  41|0x000000068a400000, 0x000000068a400000, 0x000000068a800000|  0%| F|  |TAMS 0x000000068a400000| PB 0x000000068a400000| Untracked 
|  42|0x000000068a800000, 0x000000068ac00000, 0x000000068ac00000|100%| O|  |TAMS 0x000000068a800000| PB 0x000000068a800000| Untracked 
|  43|0x000000068ac00000, 0x000000068b000000, 0x000000068b000000|100%| O|  |TAMS 0x000000068ac00000| PB 0x000000068ac00000| Untracked 
|  44|0x000000068b000000, 0x000000068b400000, 0x000000068b400000|100%| O|  |TAMS 0x000000068b000000| PB 0x000000068b000000| Untracked 
|  45|0x000000068b400000, 0x000000068b800000, 0x000000068b800000|100%| O|  |TAMS 0x000000068b400000| PB 0x000000068b400000| Untracked 
|  46|0x000000068b800000, 0x000000068b800000, 0x000000068bc00000|  0%| F|  |TAMS 0x000000068b800000| PB 0x000000068b800000| Untracked 
|  47|0x000000068bc00000, 0x000000068c000000, 0x000000068c000000|100%| O|  |TAMS 0x000000068bc00000| PB 0x000000068bc00000| Untracked 
|  48|0x000000068c000000, 0x000000068c400000, 0x000000068c400000|100%| O|  |TAMS 0x000000068c000000| PB 0x000000068c000000| Untracked 
|  49|0x000000068c400000, 0x000000068c800000, 0x000000068c800000|100%| O|  |TAMS 0x000000068c400000| PB 0x000000068c400000| Untracked 
|  50|0x000000068c800000, 0x000000068cc00000, 0x000000068cc00000|100%| O|  |TAMS 0x000000068c800000| PB 0x000000068c800000| Untracked 
|  51|0x000000068cc00000, 0x000000068d000000, 0x000000068d000000|100%| O|  |TAMS 0x000000068cc00000| PB 0x000000068cc00000| Untracked 
|  52|0x000000068d000000, 0x000000068d400000, 0x000000068d400000|100%| O|  |TAMS 0x000000068d000000| PB 0x000000068d000000| Untracked 
|  53|0x000000068d400000, 0x000000068d800000, 0x000000068d800000|100%| O|  |TAMS 0x000000068d400000| PB 0x000000068d400000| Untracked 
|  54|0x000000068d800000, 0x000000068dc00000, 0x000000068dc00000|100%| O|  |TAMS 0x000000068d800000| PB 0x000000068d800000| Untracked 
|  55|0x000000068dc00000, 0x000000068e000000, 0x000000068e000000|100%| O|  |TAMS 0x000000068dc00000| PB 0x000000068dc00000| Untracked 
|  56|0x000000068e000000, 0x000000068e400000, 0x000000068e400000|100%| O|  |TAMS 0x000000068e000000| PB 0x000000068e000000| Untracked 
|  57|0x000000068e400000, 0x000000068e800000, 0x000000068e800000|100%| O|  |TAMS 0x000000068e400000| PB 0x000000068e400000| Untracked 
|  58|0x000000068e800000, 0x000000068ec00000, 0x000000068ec00000|100%| O|  |TAMS 0x000000068e800000| PB 0x000000068e800000| Untracked 
|  59|0x000000068ec00000, 0x000000068f000000, 0x000000068f000000|100%| O|  |TAMS 0x000000068ec00000| PB 0x000000068ec00000| Untracked 
|  60|0x000000068f000000, 0x000000068f400000, 0x000000068f400000|100%| O|  |TAMS 0x000000068f000000| PB 0x000000068f000000| Untracked 
|  61|0x000000068f400000, 0x000000068f800000, 0x000000068f800000|100%| O|  |TAMS 0x000000068f400000| PB 0x000000068f400000| Untracked 
|  62|0x000000068f800000, 0x000000068fc00000, 0x000000068fc00000|100%| O|  |TAMS 0x000000068f800000| PB 0x000000068f800000| Untracked 
|  63|0x000000068fc00000, 0x0000000690000000, 0x0000000690000000|100%| O|  |TAMS 0x000000068fc00000| PB 0x000000068fc00000| Untracked 
|  64|0x0000000690000000, 0x0000000690400000, 0x0000000690400000|100%| O|  |TAMS 0x0000000690000000| PB 0x0000000690000000| Untracked 
|  65|0x0000000690400000, 0x0000000690800000, 0x0000000690800000|100%| O|  |TAMS 0x0000000690400000| PB 0x0000000690400000| Untracked 
|  66|0x0000000690800000, 0x0000000690c00000, 0x0000000690c00000|100%| O|  |TAMS 0x0000000690800000| PB 0x0000000690800000| Untracked 
|  67|0x0000000690c00000, 0x0000000691000000, 0x0000000691000000|100%| O|  |TAMS 0x0000000690c00000| PB 0x0000000690c00000| Untracked 
|  68|0x0000000691000000, 0x0000000691400000, 0x0000000691400000|100%| O|  |TAMS 0x0000000691000000| PB 0x0000000691000000| Untracked 
|  69|0x0000000691400000, 0x0000000691800000, 0x0000000691800000|100%| O|  |TAMS 0x0000000691400000| PB 0x0000000691400000| Untracked 
|  70|0x0000000691800000, 0x0000000691c00000, 0x0000000691c00000|100%| O|  |TAMS 0x0000000691800000| PB 0x0000000691800000| Untracked 
|  71|0x0000000691c00000, 0x0000000692000000, 0x0000000692000000|100%| O|  |TAMS 0x0000000691c00000| PB 0x0000000691c00000| Untracked 
|  72|0x0000000692000000, 0x0000000692400000, 0x0000000692400000|100%| O|  |TAMS 0x0000000692000000| PB 0x0000000692000000| Untracked 
|  73|0x0000000692400000, 0x0000000692800000, 0x0000000692800000|100%| O|  |TAMS 0x0000000692400000| PB 0x0000000692400000| Untracked 
|  74|0x0000000692800000, 0x0000000692c00000, 0x0000000692c00000|100%| O|  |TAMS 0x0000000692800000| PB 0x0000000692800000| Untracked 
|  75|0x0000000692c00000, 0x0000000693000000, 0x0000000693000000|100%| O|  |TAMS 0x0000000692c00000| PB 0x0000000692c00000| Untracked 
|  76|0x0000000693000000, 0x0000000693400000, 0x0000000693400000|100%| O|  |TAMS 0x0000000693000000| PB 0x0000000693000000| Untracked 
|  77|0x0000000693400000, 0x0000000693800000, 0x0000000693800000|100%| O|  |TAMS 0x0000000693400000| PB 0x0000000693400000| Untracked 
|  78|0x0000000693800000, 0x0000000693c00000, 0x0000000693c00000|100%| O|  |TAMS 0x0000000693800000| PB 0x0000000693800000| Untracked 
|  79|0x0000000693c00000, 0x0000000694000000, 0x0000000694000000|100%| O|  |TAMS 0x0000000693c00000| PB 0x0000000693c00000| Untracked 
|  80|0x0000000694000000, 0x000000069407f9d8, 0x0000000694400000| 12%| O|  |TAMS 0x0000000694000000| PB 0x0000000694000000| Untracked 
|  81|0x0000000694400000, 0x0000000694400000, 0x0000000694800000|  0%| F|  |TAMS 0x0000000694400000| PB 0x0000000694400000| Untracked 
|  82|0x0000000694800000, 0x0000000694800000, 0x0000000694c00000|  0%| F|  |TAMS 0x0000000694800000| PB 0x0000000694800000| Untracked 
|  83|0x0000000694c00000, 0x0000000694c00000, 0x0000000695000000|  0%| F|  |TAMS 0x0000000694c00000| PB 0x0000000694c00000| Untracked 
|  84|0x0000000695000000, 0x0000000695000000, 0x0000000695400000|  0%| F|  |TAMS 0x0000000695000000| PB 0x0000000695000000| Untracked 
|  85|0x0000000695400000, 0x0000000695400000, 0x0000000695800000|  0%| F|  |TAMS 0x0000000695400000| PB 0x0000000695400000| Untracked 
|  86|0x0000000695800000, 0x0000000695800000, 0x0000000695c00000|  0%| F|  |TAMS 0x0000000695800000| PB 0x0000000695800000| Untracked 
|  87|0x0000000695c00000, 0x0000000695c00000, 0x0000000696000000|  0%| F|  |TAMS 0x0000000695c00000| PB 0x0000000695c00000| Untracked 
|  88|0x0000000696000000, 0x0000000696000000, 0x0000000696400000|  0%| F|  |TAMS 0x0000000696000000| PB 0x0000000696000000| Untracked 
|  89|0x0000000696400000, 0x0000000696800000, 0x0000000696800000|100%| S|CS|TAMS 0x0000000696400000| PB 0x0000000696400000| Complete 
|  90|0x0000000696800000, 0x0000000696800000, 0x0000000696c00000|  0%| F|  |TAMS 0x0000000696800000| PB 0x0000000696800000| Untracked 
|  91|0x0000000696c00000, 0x0000000696c00000, 0x0000000697000000|  0%| F|  |TAMS 0x0000000696c00000| PB 0x0000000696c00000| Untracked 
|  92|0x0000000697000000, 0x0000000697000000, 0x0000000697400000|  0%| F|  |TAMS 0x0000000697000000| PB 0x0000000697000000| Untracked 
|  93|0x0000000697400000, 0x0000000697400000, 0x0000000697800000|  0%| F|  |TAMS 0x0000000697400000| PB 0x0000000697400000| Untracked 
|  94|0x0000000697800000, 0x0000000697800000, 0x0000000697c00000|  0%| F|  |TAMS 0x0000000697800000| PB 0x0000000697800000| Untracked 
|  95|0x0000000697c00000, 0x0000000697c00000, 0x0000000698000000|  0%| F|  |TAMS 0x0000000697c00000| PB 0x0000000697c00000| Untracked 
|  96|0x0000000698000000, 0x0000000698000000, 0x0000000698400000|  0%| F|  |TAMS 0x0000000698000000| PB 0x0000000698000000| Untracked 
|  97|0x0000000698400000, 0x0000000698400000, 0x0000000698800000|  0%| F|  |TAMS 0x0000000698400000| PB 0x0000000698400000| Untracked 
|  98|0x0000000698800000, 0x0000000698800000, 0x0000000698c00000|  0%| F|  |TAMS 0x0000000698800000| PB 0x0000000698800000| Untracked 
|  99|0x0000000698c00000, 0x0000000698c00000, 0x0000000699000000|  0%| F|  |TAMS 0x0000000698c00000| PB 0x0000000698c00000| Untracked 
| 100|0x0000000699000000, 0x0000000699000000, 0x0000000699400000|  0%| F|  |TAMS 0x0000000699000000| PB 0x0000000699000000| Untracked 
| 101|0x0000000699400000, 0x0000000699400000, 0x0000000699800000|  0%| F|  |TAMS 0x0000000699400000| PB 0x0000000699400000| Untracked 
| 102|0x0000000699800000, 0x0000000699800000, 0x0000000699c00000|  0%| F|  |TAMS 0x0000000699800000| PB 0x0000000699800000| Untracked 
| 103|0x0000000699c00000, 0x0000000699c00000, 0x000000069a000000|  0%| F|  |TAMS 0x0000000699c00000| PB 0x0000000699c00000| Untracked 
| 104|0x000000069a000000, 0x000000069a000000, 0x000000069a400000|  0%| F|  |TAMS 0x000000069a000000| PB 0x000000069a000000| Untracked 
| 105|0x000000069a400000, 0x000000069a400000, 0x000000069a800000|  0%| F|  |TAMS 0x000000069a400000| PB 0x000000069a400000| Untracked 
| 106|0x000000069a800000, 0x000000069a800000, 0x000000069ac00000|  0%| F|  |TAMS 0x000000069a800000| PB 0x000000069a800000| Untracked 
| 107|0x000000069ac00000, 0x000000069ac00000, 0x000000069b000000|  0%| F|  |TAMS 0x000000069ac00000| PB 0x000000069ac00000| Untracked 
| 108|0x000000069b000000, 0x000000069b000000, 0x000000069b400000|  0%| F|  |TAMS 0x000000069b000000| PB 0x000000069b000000| Untracked 
| 109|0x000000069b400000, 0x000000069b400000, 0x000000069b800000|  0%| F|  |TAMS 0x000000069b400000| PB 0x000000069b400000| Untracked 
| 110|0x000000069b800000, 0x000000069b800000, 0x000000069bc00000|  0%| F|  |TAMS 0x000000069b800000| PB 0x000000069b800000| Untracked 
| 111|0x000000069bc00000, 0x000000069bc00000, 0x000000069c000000|  0%| F|  |TAMS 0x000000069bc00000| PB 0x000000069bc00000| Untracked 
| 112|0x000000069c000000, 0x000000069c000000, 0x000000069c400000|  0%| F|  |TAMS 0x000000069c000000| PB 0x000000069c000000| Untracked 
| 113|0x000000069c400000, 0x000000069c400000, 0x000000069c800000|  0%| F|  |TAMS 0x000000069c400000| PB 0x000000069c400000| Untracked 
| 114|0x000000069c800000, 0x000000069c800000, 0x000000069cc00000|  0%| F|  |TAMS 0x000000069c800000| PB 0x000000069c800000| Untracked 
| 115|0x000000069cc00000, 0x000000069cc00000, 0x000000069d000000|  0%| F|  |TAMS 0x000000069cc00000| PB 0x000000069cc00000| Untracked 
|1529|0x00000007fe400000, 0x00000007fe800000, 0x00000007fe800000|100%| O|  |TAMS 0x00000007fe400000| PB 0x00000007fe400000| Untracked 
|1530|0x00000007fe800000, 0x00000007fec00000, 0x00000007fec00000|100%| O|  |TAMS 0x00000007fe800000| PB 0x00000007fe800000| Untracked 
|1531|0x00000007fec00000, 0x00000007fec00000, 0x00000007ff000000|  0%| F|  |TAMS 0x00000007fec00000| PB 0x00000007fec00000| Untracked 
|1532|0x00000007ff000000, 0x00000007ff400000, 0x00000007ff400000|100%| O|  |TAMS 0x00000007ff000000| PB 0x00000007ff000000| Untracked 
|1533|0x00000007ff400000, 0x00000007ff800000, 0x00000007ff800000|100%| O|  |TAMS 0x00000007ff400000| PB 0x00000007ff400000| Untracked 
|1534|0x00000007ff800000, 0x00000007ffc00000, 0x00000007ffc00000|100%| O|  |TAMS 0x00000007ff800000| PB 0x00000007ff800000| Untracked 
|1535|0x00000007ffc00000, 0x0000000800000000, 0x0000000800000000|100%| O|  |TAMS 0x00000007ffc00000| PB 0x00000007ffc00000| Untracked 

Card table byte_map: [0x000001e71f570000,0x000001e720170000] _byte_map_base: 0x000001e71c170000

Marking Bits: (CMBitMap*) 0x000001e706da4af0
 Bits: [0x000001e720170000, 0x000001e726170000)

Polling page: 0x000001e704b20000

Metaspace:

Usage:
  Non-class:    111.11 MB used.
      Class:     18.35 MB used.
       Both:    129.46 MB used.

Virtual space:
  Non-class space:      128.00 MB reserved,     112.38 MB ( 88%) committed,  2 nodes.
      Class space:      832.00 MB reserved,      19.62 MB (  2%) committed,  1 nodes.
             Both:      960.00 MB reserved,     132.00 MB ( 14%) committed. 

Chunk freelists:
   Non-Class:  15.06 MB
       Class:  12.42 MB
        Both:  27.48 MB

MaxMetaspaceSize: 1.00 GB
CompressedClassSpaceSize: 832.00 MB
Initial GC threshold: 21.00 MB
Current GC threshold: 210.75 MB
CDS: on
 - commit_granule_bytes: 65536.
 - commit_granule_words: 8192.
 - virtual_space_node_default_size: 8388608.
 - enlarge_chunks_in_place: 1.
 - use_allocation_guard: 0.


Internal statistics:

num_allocs_failed_limit: 12.
num_arena_births: 4632.
num_arena_deaths: 12.
num_vsnodes_births: 3.
num_vsnodes_deaths: 0.
num_space_committed: 2115.
num_space_uncommitted: 3.
num_chunks_returned_to_freelist: 57.
num_chunks_taken_from_freelist: 10650.
num_chunk_merges: 17.
num_chunk_splits: 7074.
num_chunks_enlarged: 4620.
num_inconsistent_stats: 0.

CodeHeap 'non-profiled nmethods': size=120000Kb used=11292Kb max_used=11526Kb free=108707Kb
 bounds [0x000001e716ee0000, 0x000001e717aa0000, 0x000001e71e410000]
CodeHeap 'profiled nmethods': size=120000Kb used=30361Kb max_used=31485Kb free=89638Kb
 bounds [0x000001e70f410000, 0x000001e711300000, 0x000001e716940000]
CodeHeap 'non-nmethods': size=5760Kb used=2242Kb max_used=2324Kb free=3517Kb
 bounds [0x000001e716940000, 0x000001e716bb0000, 0x000001e716ee0000]
 total_blobs=17578 nmethods=16645 adapters=835
 compilation: enabled
              stopped_count=0, restarted_count=0
 full_count=0

Compilation events (20 events):
Event: 29.358 Thread 0x000001e728dfa980 nmethod 21682 0x000001e70f9c6410 code [0x000001e70f9c65c0, 0x000001e70f9c67a0]
Event: 29.358 Thread 0x000001e728dfa980 21681       3       com.android.tools.r8.internal.ac0::a (19 bytes)
Event: 29.358 Thread 0x000001e76f7c5740 nmethod 19446 0x000001e71720c310 code [0x000001e71720c540, 0x000001e71720d308]
Event: 29.358 Thread 0x000001e728dfa980 nmethod 21681 0x000001e710e34290 code [0x000001e710e34440, 0x000001e710e34728]
Event: 29.359 Thread 0x000001e728dfa980 21490       1       com.android.tools.r8.internal.cc0::d (2 bytes)
Event: 29.359 Thread 0x000001e728dfa980 nmethod 21490 0x000001e71714dc90 code [0x000001e71714de20, 0x000001e71714dee8]
Event: 29.359 Thread 0x000001e728dfa980 21491       1       com.android.tools.r8.internal.cc0::c (2 bytes)
Event: 29.359 Thread 0x000001e728dfa980 nmethod 21491 0x000001e71714d990 code [0x000001e71714db20, 0x000001e71714dbe8]
Event: 29.359 Thread 0x000001e76f7c5740 21718       4       com.android.tools.r8.graph.h0::E0 (22 bytes)
Event: 29.359 Thread 0x000001e728dfa980 21683       3       com.android.tools.r8.internal.ac0::a (10 bytes)
Event: 29.360 Thread 0x000001e728dfa980 nmethod 21683 0x000001e710e33990 code [0x000001e710e33b60, 0x000001e710e34088]
Event: 29.360 Thread 0x000001e76f7c5740 nmethod 21718 0x000001e71714d690 code [0x000001e71714d820, 0x000001e71714d8b0]
Event: 29.360 Thread 0x000001e728dfa980 21719       3       com.android.tools.r8.internal.z2::<init> (5 bytes)
Event: 29.360 Thread 0x000001e76f7c5740 20442       4       com.android.tools.r8.graph.pa$$Lambda/0x000001e72b2835b8::accept (16 bytes)
Event: 29.360 Thread 0x000001e728dfa980 nmethod 21719 0x000001e710e33410 code [0x000001e710e335c0, 0x000001e710e33840]
Event: 29.361 Thread 0x000001e728dfa980 21442       1       com.android.tools.r8.internal.v0::getValue (5 bytes)
Event: 29.361 Thread 0x000001e728dfa980 nmethod 21442 0x000001e71714d390 code [0x000001e71714d520, 0x000001e71714d5f0]
Event: 29.361 Thread 0x000001e728dfa980 21679       3       com.android.tools.r8.internal.wa1::c (109 bytes)
Event: 29.361 Thread 0x000001e728dfa980 nmethod 21679 0x000001e710e32d10 code [0x000001e710e32ee0, 0x000001e710e332c0]
Event: 29.361 Thread 0x000001e728dfa980 21691       3       com.android.tools.r8.internal.wj4::a (170 bytes)

GC Heap History (20 events):
Event: 24.450 GC heap after
{Heap after GC invocations=50 (full 0):
 garbage-first heap   total 352256K, used 165798K [0x0000000680000000, 0x0000000800000000)
  region size 4096K, 3 young (12288K), 3 survivors (12288K)
 Metaspace       used 113404K, committed 115904K, reserved 983040K
  class space    used 15342K, committed 16576K, reserved 851968K
}
Event: 24.841 GC heap before
{Heap before GC invocations=50 (full 0):
 garbage-first heap   total 352256K, used 288678K [0x0000000680000000, 0x0000000800000000)
  region size 4096K, 34 young (139264K), 3 survivors (12288K)
 Metaspace       used 114730K, committed 117248K, reserved 983040K
  class space    used 15541K, committed 16768K, reserved 851968K
}
Event: 24.852 GC heap after
{Heap after GC invocations=51 (full 0):
 garbage-first heap   total 352256K, used 186217K [0x0000000680000000, 0x0000000800000000)
  region size 4096K, 5 young (20480K), 5 survivors (20480K)
 Metaspace       used 114730K, committed 117248K, reserved 983040K
  class space    used 15541K, committed 16768K, reserved 851968K
}
Event: 25.511 GC heap before
{Heap before GC invocations=51 (full 0):
 garbage-first heap   total 352256K, used 288617K [0x0000000680000000, 0x0000000800000000)
  region size 4096K, 30 young (122880K), 5 survivors (20480K)
 Metaspace       used 117796K, committed 120256K, reserved 983040K
  class space    used 16048K, committed 17280K, reserved 851968K
}
Event: 25.531 GC heap after
{Heap after GC invocations=52 (full 0):
 garbage-first heap   total 352256K, used 195591K [0x0000000680000000, 0x0000000800000000)
  region size 4096K, 4 young (16384K), 4 survivors (16384K)
 Metaspace       used 117796K, committed 120256K, reserved 983040K
  class space    used 16048K, committed 17280K, reserved 851968K
}
Event: 25.852 GC heap before
{Heap before GC invocations=52 (full 0):
 garbage-first heap   total 352256K, used 297991K [0x0000000680000000, 0x0000000800000000)
  region size 4096K, 29 young (118784K), 4 survivors (16384K)
 Metaspace       used 118945K, committed 121472K, reserved 983040K
  class space    used 16179K, committed 17408K, reserved 851968K
}
Event: 25.868 GC heap after
{Heap after GC invocations=53 (full 0):
 garbage-first heap   total 352256K, used 215911K [0x0000000680000000, 0x0000000800000000)
  region size 4096K, 4 young (16384K), 4 survivors (16384K)
 Metaspace       used 118945K, committed 121472K, reserved 983040K
  class space    used 16179K, committed 17408K, reserved 851968K
}
Event: 25.981 GC heap before
{Heap before GC invocations=53 (full 0):
 garbage-first heap   total 352256K, used 306023K [0x0000000680000000, 0x0000000800000000)
  region size 4096K, 26 young (106496K), 4 survivors (16384K)
 Metaspace       used 119190K, committed 121728K, reserved 983040K
  class space    used 16221K, committed 17472K, reserved 851968K
}
Event: 25.997 GC heap after
{Heap after GC invocations=54 (full 0):
 garbage-first heap   total 503808K, used 232991K [0x0000000680000000, 0x0000000800000000)
  region size 4096K, 4 young (16384K), 4 survivors (16384K)
 Metaspace       used 119190K, committed 121728K, reserved 983040K
  class space    used 16221K, committed 17472K, reserved 851968K
}
Event: 26.495 GC heap before
{Heap before GC invocations=55 (full 0):
 garbage-first heap   total 503808K, used 409119K [0x0000000680000000, 0x0000000800000000)
  region size 4096K, 48 young (196608K), 4 survivors (16384K)
 Metaspace       used 120286K, committed 122816K, reserved 983040K
  class space    used 16463K, committed 17728K, reserved 851968K
}
Event: 26.510 GC heap after
{Heap after GC invocations=56 (full 0):
 garbage-first heap   total 503808K, used 247471K [0x0000000680000000, 0x0000000800000000)
  region size 4096K, 4 young (16384K), 4 survivors (16384K)
 Metaspace       used 120286K, committed 122816K, reserved 983040K
  class space    used 16463K, committed 17728K, reserved 851968K
}
Event: 27.014 GC heap before
{Heap before GC invocations=56 (full 0):
 garbage-first heap   total 503808K, used 423599K [0x0000000680000000, 0x0000000800000000)
  region size 4096K, 47 young (192512K), 4 survivors (16384K)
 Metaspace       used 122592K, committed 125056K, reserved 983040K
  class space    used 16801K, committed 18048K, reserved 851968K
}
Event: 27.035 GC heap after
{Heap after GC invocations=57 (full 0):
 garbage-first heap   total 503808K, used 265528K [0x0000000680000000, 0x0000000800000000)
  region size 4096K, 6 young (24576K), 6 survivors (24576K)
 Metaspace       used 122592K, committed 125056K, reserved 983040K
  class space    used 16801K, committed 18048K, reserved 851968K
}
Event: 27.849 GC heap before
{Heap before GC invocations=57 (full 0):
 garbage-first heap   total 503808K, used 429368K [0x0000000680000000, 0x0000000800000000)
  region size 4096K, 47 young (192512K), 6 survivors (24576K)
 Metaspace       used 126815K, committed 129408K, reserved 983040K
  class space    used 17727K, committed 19008K, reserved 851968K
}
Event: 27.873 GC heap after
{Heap after GC invocations=58 (full 0):
 garbage-first heap   total 503808K, used 291831K [0x0000000680000000, 0x0000000800000000)
  region size 4096K, 6 young (24576K), 6 survivors (24576K)
 Metaspace       used 126815K, committed 129408K, reserved 983040K
  class space    used 17727K, committed 19008K, reserved 851968K
}
Event: 28.070 GC heap before
{Heap before GC invocations=58 (full 0):
 garbage-first heap   total 503808K, used 435191K [0x0000000680000000, 0x0000000800000000)
  region size 4096K, 42 young (172032K), 6 survivors (24576K)
 Metaspace       used 126957K, committed 129536K, reserved 983040K
  class space    used 17754K, committed 19008K, reserved 851968K
}
Event: 28.091 GC heap after
{Heap after GC invocations=59 (full 0):
 garbage-first heap   total 503808K, used 318502K [0x0000000680000000, 0x0000000800000000)
  region size 4096K, 6 young (24576K), 6 survivors (24576K)
 Metaspace       used 126957K, committed 129536K, reserved 983040K
  class space    used 17754K, committed 19008K, reserved 851968K
}
Event: 28.342 GC heap before
{Heap before GC invocations=60 (full 0):
 garbage-first heap   total 503808K, used 441382K [0x0000000680000000, 0x0000000800000000)
  region size 4096K, 37 young (151552K), 6 survivors (24576K)
 Metaspace       used 128135K, committed 130752K, reserved 983040K
  class space    used 17968K, committed 19264K, reserved 851968K
}
Event: 28.366 GC heap after
{Heap after GC invocations=61 (full 0):
 garbage-first heap   total 503808K, used 342869K [0x0000000680000000, 0x0000000800000000)
  region size 4096K, 5 young (20480K), 5 survivors (20480K)
 Metaspace       used 128135K, committed 130752K, reserved 983040K
  class space    used 17968K, committed 19264K, reserved 851968K
}
Event: 29.362 GC heap before
{Heap before GC invocations=61 (full 0):
 garbage-first heap   total 503808K, used 453461K [0x0000000680000000, 0x0000000800000000)
  region size 4096K, 32 young (131072K), 5 survivors (20480K)
 Metaspace       used 132562K, committed 135168K, reserved 983040K
  class space    used 18785K, committed 20096K, reserved 851968K
}

Dll operation events (15 events):
Event: 0.041 Loaded shared library C:\Users\Manohar Badri\.gradle\jdks\eclipse_adoptium-21-amd64-windows.2\bin\java.dll
Event: 0.130 Loaded shared library C:\Users\Manohar Badri\.gradle\jdks\eclipse_adoptium-21-amd64-windows.2\bin\jsvml.dll
Event: 0.166 Loaded shared library C:\Users\Manohar Badri\.gradle\jdks\eclipse_adoptium-21-amd64-windows.2\bin\zip.dll
Event: 0.170 Loaded shared library C:\Users\Manohar Badri\.gradle\jdks\eclipse_adoptium-21-amd64-windows.2\bin\instrument.dll
Event: 0.176 Loaded shared library C:\Users\Manohar Badri\.gradle\jdks\eclipse_adoptium-21-amd64-windows.2\bin\net.dll
Event: 0.178 Loaded shared library C:\Users\Manohar Badri\.gradle\jdks\eclipse_adoptium-21-amd64-windows.2\bin\nio.dll
Event: 0.181 Loaded shared library C:\Users\Manohar Badri\.gradle\jdks\eclipse_adoptium-21-amd64-windows.2\bin\zip.dll
Event: 0.296 Loaded shared library C:\Users\Manohar Badri\.gradle\jdks\eclipse_adoptium-21-amd64-windows.2\bin\jimage.dll
Event: 0.492 Loaded shared library C:\Users\Manohar Badri\.gradle\jdks\eclipse_adoptium-21-amd64-windows.2\bin\verify.dll
Event: 0.536 Loaded shared library C:\Users\Manohar Badri\.gradle\native\660c5614fbf4a5f2a75b1949f50a0caf5cd603558e7d8a26e50b933a0cfb79d1\windows-amd64\native-platform.dll
Event: 0.547 Loaded shared library C:\Users\Manohar Badri\.gradle\native\0.2.8\x86_64-windows-gnu\gradle-fileevents.dll
Event: 1.421 Loaded shared library C:\Users\Manohar Badri\.gradle\jdks\eclipse_adoptium-21-amd64-windows.2\bin\management.dll
Event: 1.425 Loaded shared library C:\Users\Manohar Badri\.gradle\jdks\eclipse_adoptium-21-amd64-windows.2\bin\management_ext.dll
Event: 1.573 Loaded shared library C:\Users\Manohar Badri\.gradle\jdks\eclipse_adoptium-21-amd64-windows.2\bin\extnet.dll
Event: 1.837 Loaded shared library C:\Users\Manohar Badri\.gradle\jdks\eclipse_adoptium-21-amd64-windows.2\bin\sunmscapi.dll

Deoptimization events (20 events):
Event: 29.322 Thread 0x000001e765713a40 DEOPT PACKING pc=0x000001e71751b008 sp=0x000000ba7c8f9930
Event: 29.322 Thread 0x000001e765713a40 DEOPT UNPACKING pc=0x000001e7169946a2 sp=0x000000ba7c8f9908 mode 2
Event: 29.322 Thread 0x000001e765712690 DEOPT PACKING pc=0x000001e717796280 sp=0x000000ba7c6f9cb0
Event: 29.322 Thread 0x000001e765712690 DEOPT UNPACKING pc=0x000001e7169946a2 sp=0x000000ba7c6f9c40 mode 2
Event: 29.333 Thread 0x000001e7623d6e60 Uncommon trap: trap_request=0xffffffde fr.pc=0x000001e71715121c relative=0x0000000000000b9c
Event: 29.333 Thread 0x000001e7623d6e60 Uncommon trap: reason=class_check action=maybe_recompile pc=0x000001e71715121c method=com.android.tools.r8.graph.qa.a(Ljava/util/function/Predicate;Ljava/util/function/Consumer;Lcom/android/tools/r8/graph/i3;)Lcom/android/tools/r8/internal/yc4; @ 12 c2
Event: 29.333 Thread 0x000001e7623d6e60 DEOPT PACKING pc=0x000001e71715121c sp=0x000000ba7cff5fd0
Event: 29.333 Thread 0x000001e7623d6e60 DEOPT UNPACKING pc=0x000001e7169946a2 sp=0x000000ba7cff5f58 mode 2
Event: 29.334 Thread 0x000001e7623d6e60 Uncommon trap: trap_request=0xffffffde fr.pc=0x000001e71715121c relative=0x0000000000000b9c
Event: 29.334 Thread 0x000001e7623d6e60 Uncommon trap: reason=class_check action=maybe_recompile pc=0x000001e71715121c method=com.android.tools.r8.graph.qa.a(Ljava/util/function/Predicate;Ljava/util/function/Consumer;Lcom/android/tools/r8/graph/i3;)Lcom/android/tools/r8/internal/yc4; @ 12 c2
Event: 29.334 Thread 0x000001e7623d6e60 DEOPT PACKING pc=0x000001e71715121c sp=0x000000ba7cff5fd0
Event: 29.334 Thread 0x000001e7623d6e60 DEOPT UNPACKING pc=0x000001e7169946a2 sp=0x000000ba7cff5f58 mode 2
Event: 29.334 Thread 0x000001e7623d6e60 Uncommon trap: trap_request=0xffffffde fr.pc=0x000001e71715121c relative=0x0000000000000b9c
Event: 29.334 Thread 0x000001e7623d6e60 Uncommon trap: reason=class_check action=maybe_recompile pc=0x000001e71715121c method=com.android.tools.r8.graph.qa.a(Ljava/util/function/Predicate;Ljava/util/function/Consumer;Lcom/android/tools/r8/graph/i3;)Lcom/android/tools/r8/internal/yc4; @ 12 c2
Event: 29.334 Thread 0x000001e7623d6e60 DEOPT PACKING pc=0x000001e71715121c sp=0x000000ba7cff5fd0
Event: 29.334 Thread 0x000001e7623d6e60 DEOPT UNPACKING pc=0x000001e7169946a2 sp=0x000000ba7cff5f58 mode 2
Event: 29.334 Thread 0x000001e7623d6e60 Uncommon trap: trap_request=0xffffffde fr.pc=0x000001e71715121c relative=0x0000000000000b9c
Event: 29.334 Thread 0x000001e7623d6e60 Uncommon trap: reason=class_check action=maybe_recompile pc=0x000001e71715121c method=com.android.tools.r8.graph.qa.a(Ljava/util/function/Predicate;Ljava/util/function/Consumer;Lcom/android/tools/r8/graph/i3;)Lcom/android/tools/r8/internal/yc4; @ 12 c2
Event: 29.334 Thread 0x000001e7623d6e60 DEOPT PACKING pc=0x000001e71715121c sp=0x000000ba7cff5fd0
Event: 29.334 Thread 0x000001e7623d6e60 DEOPT UNPACKING pc=0x000001e7169946a2 sp=0x000000ba7cff5f58 mode 2

Classes loaded (20 events):
Event: 25.818 Loading class java/util/TreeMap$AscendingSubMap
Event: 25.819 Loading class java/util/TreeMap$NavigableSubMap
Event: 25.819 Loading class java/util/TreeMap$NavigableSubMap done
Event: 25.820 Loading class java/util/TreeMap$AscendingSubMap done
Event: 25.820 Loading class java/util/TreeMap$NavigableSubMap$SubMapKeyIterator
Event: 25.820 Loading class java/util/TreeMap$NavigableSubMap$SubMapIterator
Event: 25.820 Loading class java/util/TreeMap$NavigableSubMap$SubMapIterator done
Event: 25.820 Loading class java/util/TreeMap$NavigableSubMap$SubMapKeyIterator done
Event: 28.577 Loading class java/util/IdentityHashMap$EntrySet
Event: 28.578 Loading class java/util/IdentityHashMap$EntrySet done
Event: 28.578 Loading class java/util/IdentityHashMap$EntrySpliterator
Event: 28.579 Loading class java/util/IdentityHashMap$IdentityHashMapSpliterator
Event: 28.579 Loading class java/util/IdentityHashMap$IdentityHashMapSpliterator done
Event: 28.580 Loading class java/util/IdentityHashMap$EntrySpliterator done
Event: 28.589 Loading class java/util/stream/SortedOps$RefSortingSink
Event: 28.591 Loading class java/util/stream/SortedOps$RefSortingSink done
Event: 28.653 Loading class java/util/SortedSet$1
Event: 28.653 Loading class java/util/SortedSet$1 done
Event: 28.721 Loading class java/util/IdentityHashMap$ValueIterator
Event: 28.721 Loading class java/util/IdentityHashMap$ValueIterator done

Classes unloaded (20 events):
Event: 26.102 Thread 0x000001e728d9bdd0 Unloading class 0x000001e72af4add0 'jdk/internal/jimage/ImageHeader'
Event: 26.102 Thread 0x000001e728d9bdd0 Unloading class 0x000001e72af4aba8 'jdk/internal/jimage/BasicImageReader$2'
Event: 26.102 Thread 0x000001e728d9bdd0 Unloading class 0x000001e72af4a980 'jdk/internal/jimage/BasicImageReader$1'
Event: 26.102 Thread 0x000001e728d9bdd0 Unloading class 0x000001e72af4a720 'jdk/internal/jimage/ImageReader$Resource'
Event: 26.102 Thread 0x000001e728d9bdd0 Unloading class 0x000001e72af4a4c0 'jdk/internal/jimage/ImageReader$LinkNode'
Event: 26.102 Thread 0x000001e728d9bdd0 Unloading class 0x000001e72af4a260 'jdk/internal/jimage/ImageReader$Directory'
Event: 26.102 Thread 0x000001e728d9bdd0 Unloading class 0x000001e72af4a000 'jdk/internal/jimage/ImageReader$Node'
Event: 26.102 Thread 0x000001e728d9bdd0 Unloading class 0x000001e72af49de0 'jdk/internal/jimage/ImageStrings'
Event: 26.102 Thread 0x000001e728d9bdd0 Unloading class 0x000001e72af49b28 'jdk/internal/jimage/ImageReader$SharedImageReader'
Event: 26.102 Thread 0x000001e728d9bdd0 Unloading class 0x000001e72af49870 'jdk/internal/jimage/BasicImageReader'
Event: 26.102 Thread 0x000001e728d9bdd0 Unloading class 0x000001e72af49658 'jdk/internal/jimage/ImageReader'
Event: 26.102 Thread 0x000001e728d9bdd0 Unloading class 0x000001e72af49438 'jdk/internal/jrtfs/SystemImage$2'
Event: 26.102 Thread 0x000001e728d9bdd0 Unloading class 0x000001e72af49228 'jdk/internal/jrtfs/SystemImage$$Lambda+0x000001e72af49228'
Event: 26.102 Thread 0x000001e728d9bdd0 Unloading class 0x000001e72af49000 'jdk/internal/jrtfs/ExplodedImage'
Event: 26.102 Thread 0x000001e728d9bdd0 Unloading class 0x000001e72af48db0 'jdk/internal/jrtfs/SystemImage$1'
Event: 26.102 Thread 0x000001e728d9bdd0 Unloading class 0x000001e72af48ba0 'jdk/internal/jrtfs/SystemImage'
Event: 26.102 Thread 0x000001e728d9bdd0 Unloading class 0x000001e72af48948 'jdk/internal/jrtfs/JrtFileStore'
Event: 26.102 Thread 0x000001e728d9bdd0 Unloading class 0x000001e72af485d8 'jdk/internal/jrtfs/JrtPath'
Event: 26.102 Thread 0x000001e728d9bdd0 Unloading class 0x000001e72af482e8 'jdk/internal/jrtfs/JrtFileSystem'
Event: 26.102 Thread 0x000001e728d9bdd0 Unloading class 0x000001e72af48000 'jdk/internal/jrtfs/JrtFileSystemProvider'

Classes redefined (0 events):
No events

Internal exceptions (20 events):
Event: 28.239 Thread 0x000001e765711970 Exception <a 'java/lang/IncompatibleClassChangeError'{0x000000069787b628}: Found class java.lang.Object, but interface was expected> (0x000000069787b628) 
thrown [s\src\hotspot\share\interpreter\linkResolver.cpp, line 840]
Event: 28.239 Thread 0x000001e762bb7b50 Exception <a 'java/lang/IncompatibleClassChangeError'{0x000000069760f330}: Found class java.lang.Object, but interface was expected> (0x000000069760f330) 
thrown [s\src\hotspot\share\interpreter\linkResolver.cpp, line 840]
Event: 28.239 Thread 0x000001e7657140d0 Exception <a 'java/lang/IncompatibleClassChangeError'{0x0000000698f634f0}: Found class java.lang.Object, but interface was expected> (0x0000000698f634f0) 
thrown [s\src\hotspot\share\interpreter\linkResolver.cpp, line 840]
Event: 28.239 Thread 0x000001e7657133b0 Exception <a 'java/lang/IncompatibleClassChangeError'{0x0000000697a53000}: Found class java.lang.Object, but interface was expected> (0x0000000697a53000) 
thrown [s\src\hotspot\share\interpreter\linkResolver.cpp, line 840]
Event: 28.239 Thread 0x000001e765712690 Exception <a 'java/lang/IncompatibleClassChangeError'{0x00000006970cfda8}: Found class java.lang.Object, but interface was expected> (0x00000006970cfda8) 
thrown [s\src\hotspot\share\interpreter\linkResolver.cpp, line 840]
Event: 28.239 Thread 0x000001e762bb74c0 Exception <a 'java/lang/IncompatibleClassChangeError'{0x00000006988bc5b8}: Found class java.lang.Object, but interface was expected> (0x00000006988bc5b8) 
thrown [s\src\hotspot\share\interpreter\linkResolver.cpp, line 840]
Event: 28.239 Thread 0x000001e76570d7d0 Exception <a 'java/lang/IncompatibleClassChangeError'{0x00000006983b54e0}: Found class java.lang.Object, but interface was expected> (0x00000006983b54e0) 
thrown [s\src\hotspot\share\interpreter\linkResolver.cpp, line 840]
Event: 28.239 Thread 0x000001e7623d6e60 Exception <a 'java/lang/IncompatibleClassChangeError'{0x00000006976e99f8}: Found class java.lang.Object, but interface was expected> (0x00000006976e99f8) 
thrown [s\src\hotspot\share\interpreter\linkResolver.cpp, line 840]
Event: 28.430 Thread 0x000001e765713a40 Exception <a 'java/lang/NoSuchMethodError'{0x000000069ccae778}: 'void java.lang.invoke.DirectMethodHandle$Holder.invokeSpecial(java.lang.Object, java.lang.Object, int, java.lang.Object)'> (0x000000069ccae778) 
thrown [s\src\hotspot\share\interpreter\linkResolver.cpp, line 773]
Event: 28.430 Thread 0x000001e765712d20 Exception <a 'java/lang/NoSuchMethodError'{0x00000007fecfc498}: 'void java.lang.invoke.DirectMethodHandle$Holder.invokeSpecial(java.lang.Object, java.lang.Object, int, java.lang.Object)'> (0x00000007fecfc498) 
thrown [s\src\hotspot\share\interpreter\linkResolver.cpp, line 773]
Event: 28.430 Thread 0x000001e7623d6e60 Exception <a 'java/lang/NoSuchMethodError'{0x00000007fede92c8}: 'void java.lang.invoke.DirectMethodHandle$Holder.invokeSpecial(java.lang.Object, java.lang.Object, int, java.lang.Object)'> (0x00000007fede92c8) 
thrown [s\src\hotspot\share\interpreter\linkResolver.cpp, line 773]
Event: 28.431 Thread 0x000001e765712690 Exception <a 'java/lang/NoSuchMethodError'{0x00000007fedf4f18}: 'void java.lang.invoke.DirectMethodHandle$Holder.invokeSpecial(java.lang.Object, java.lang.Object, int, java.lang.Object)'> (0x00000007fedf4f18) 
thrown [s\src\hotspot\share\interpreter\linkResolver.cpp, line 773]
Event: 28.606 Thread 0x000001e762bb74c0 Exception <a 'java/lang/NoSuchMethodError'{0x000000069c4f3980}: 'java.lang.Object java.lang.invoke.DirectMethodHandle$Holder.invokeStaticInit(java.lang.Object, java.lang.Object, java.lang.Object, java.lang.Object)'> (0x000000069c4f3980) 
thrown [s\src\hotspot\share\interpreter\linkResolver.cpp, line 773]
Event: 28.677 Thread 0x000001e762bb7b50 Exception <a 'java/lang/NoSuchMethodError'{0x000000069c05fb48}: 'java.lang.Object java.lang.invoke.DirectMethodHandle$Holder.invokeInterface(java.lang.Object, java.lang.Object, int)'> (0x000000069c05fb48) 
thrown [s\src\hotspot\share\interpreter\linkResolver.cpp, line 773]
Event: 28.747 Thread 0x000001e765711970 Exception <a 'java/lang/NoSuchMethodError'{0x000000069bc06278}: 'void java.lang.invoke.DirectMethodHandle$Holder.invokeVirtual(java.lang.Object, java.lang.Object, int)'> (0x000000069bc06278) 
thrown [s\src\hotspot\share\interpreter\linkResolver.cpp, line 773]
Event: 28.748 Thread 0x000001e76570d7d0 Exception <a 'java/lang/NoSuchMethodError'{0x000000069c347738}: 'void java.lang.invoke.DirectMethodHandle$Holder.invokeVirtual(java.lang.Object, java.lang.Object, int)'> (0x000000069c347738) 
thrown [s\src\hotspot\share\interpreter\linkResolver.cpp, line 773]
Event: 28.828 Thread 0x000001e7623d6e60 Exception <a 'java/lang/NoSuchMethodError'{0x000000069be15000}: 'int java.lang.invoke.DirectMethodHandle$Holder.invokeSpecial(java.lang.Object, java.lang.Object, java.lang.Object, int, java.lang.Object)'> (0x000000069be15000) 
thrown [s\src\hotspot\share\interpreter\linkResolver.cpp, line 773]
Event: 28.852 Thread 0x000001e762bb74c0 Exception <a 'java/lang/NoSuchMethodError'{0x000000069bf73f78}: 'int java.lang.invoke.DirectMethodHandle$Holder.invokeInterface(java.lang.Object, java.lang.Object, int)'> (0x000000069bf73f78) 
thrown [s\src\hotspot\share\interpreter\linkResolver.cpp, line 773]
Event: 28.857 Thread 0x000001e762bb74c0 Exception <a 'java/lang/NoSuchMethodError'{0x000000069bf8a9c0}: 'void java.lang.invoke.DirectMethodHandle$Holder.invokeStatic(java.lang.Object, int)'> (0x000000069bf8a9c0) 
thrown [s\src\hotspot\share\interpreter\linkResolver.cpp, line 773]
Event: 29.322 Thread 0x000001e765713a40 Exception <a 'java/lang/IncompatibleClassChangeError'{0x0000000697b36680}: Found class java.lang.Object, but interface was expected> (0x0000000697b36680) 
thrown [s\src\hotspot\share\interpreter\linkResolver.cpp, line 840]

ZGC Phase Switch (0 events):
No events

VM Operations (20 events):
Event: 29.018 Executing VM operation: ICBufferFull done
Event: 29.018 Executing VM operation: ICBufferFull
Event: 29.018 Executing VM operation: ICBufferFull done
Event: 29.018 Executing VM operation: ICBufferFull
Event: 29.018 Executing VM operation: ICBufferFull done
Event: 29.018 Executing VM operation: ICBufferFull
Event: 29.018 Executing VM operation: ICBufferFull done
Event: 29.018 Executing VM operation: ICBufferFull
Event: 29.018 Executing VM operation: ICBufferFull done
Event: 29.019 Executing VM operation: ICBufferFull
Event: 29.019 Executing VM operation: ICBufferFull done
Event: 29.162 Executing VM operation: ICBufferFull
Event: 29.162 Executing VM operation: ICBufferFull done
Event: 29.162 Executing VM operation: ICBufferFull
Event: 29.162 Executing VM operation: ICBufferFull done
Event: 29.239 Executing VM operation: HandshakeAllThreads (Deoptimize)
Event: 29.254 Executing VM operation: HandshakeAllThreads (Deoptimize) done
Event: 29.315 Executing VM operation: ICBufferFull
Event: 29.316 Executing VM operation: ICBufferFull done
Event: 29.361 Executing VM operation: G1CollectForAllocation (G1 Evacuation Pause)

Memory protections (0 events):
No events

Nmethod flushes (20 events):
Event: 28.032 Thread 0x000001e728d9bdd0 flushing  nmethod 0x000001e71093ca10
Event: 28.032 Thread 0x000001e728d9bdd0 flushing  nmethod 0x000001e710952890
Event: 28.032 Thread 0x000001e728d9bdd0 flushing  nmethod 0x000001e710954490
Event: 28.032 Thread 0x000001e728d9bdd0 flushing  nmethod 0x000001e710955490
Event: 28.032 Thread 0x000001e728d9bdd0 flushing  nmethod 0x000001e710990610
Event: 28.032 Thread 0x000001e728d9bdd0 flushing  nmethod 0x000001e710990e10
Event: 28.032 Thread 0x000001e728d9bdd0 flushing  nmethod 0x000001e710996b10
Event: 28.032 Thread 0x000001e728d9bdd0 flushing  nmethod 0x000001e710996e90
Event: 28.032 Thread 0x000001e728d9bdd0 flushing  nmethod 0x000001e710999390
Event: 28.032 Thread 0x000001e728d9bdd0 flushing  nmethod 0x000001e7109b2710
Event: 28.032 Thread 0x000001e728d9bdd0 flushing  nmethod 0x000001e7109c9990
Event: 28.032 Thread 0x000001e728d9bdd0 flushing  nmethod 0x000001e7109d5d90
Event: 28.032 Thread 0x000001e728d9bdd0 flushing  nmethod 0x000001e7109e0410
Event: 28.032 Thread 0x000001e728d9bdd0 flushing  nmethod 0x000001e7109ea890
Event: 28.032 Thread 0x000001e728d9bdd0 flushing  nmethod 0x000001e7109fd710
Event: 28.032 Thread 0x000001e728d9bdd0 flushing  nmethod 0x000001e710a12910
Event: 28.032 Thread 0x000001e728d9bdd0 flushing  nmethod 0x000001e710a14b10
Event: 28.032 Thread 0x000001e728d9bdd0 flushing  nmethod 0x000001e710b2f310
Event: 28.032 Thread 0x000001e728d9bdd0 flushing  nmethod 0x000001e710b30b90
Event: 28.032 Thread 0x000001e728d9bdd0 flushing  nmethod 0x000001e710b41390

Events (20 events):
Event: 15.439 Thread 0x000001e7623d6e60 Thread added: 0x000001e7623d8210
Event: 15.439 Thread 0x000001e7623d6e60 Thread added: 0x000001e7623d8f30
Event: 15.439 Thread 0x000001e7623d6e60 Thread added: 0x000001e7623d88a0
Event: 15.439 Thread 0x000001e7623d6e60 Thread added: 0x000001e7623d95c0
Event: 15.457 Thread 0x000001e7623d74f0 Thread added: 0x000001e7623d9c50
Event: 15.467 Thread 0x000001e76a399950 Thread exited: 0x000001e76a399950
Event: 15.972 Thread 0x000001e728dfa980 Thread added: 0x000001e76a397740
Event: 17.804 Thread 0x000001e7623d4700 Thread added: 0x000001e7623db690
Event: 18.026 Thread 0x000001e76a397740 Thread exited: 0x000001e76a397740
Event: 18.027 Thread 0x000001e76a39a6f0 Thread exited: 0x000001e76a39a6f0
Event: 18.566 Thread 0x000001e728df71c0 Thread added: 0x000001e76a397740
Event: 18.614 Thread 0x000001e728dfa980 Thread added: 0x000001e76f7c42d0
Event: 22.463 Thread 0x000001e7623d4700 Thread added: 0x000001e764f47f90
Event: 22.621 Thread 0x000001e76f7c42d0 Thread exited: 0x000001e76f7c42d0
Event: 22.664 Thread 0x000001e728df71c0 Thread added: 0x000001e76f7c6bb0
Event: 23.382 Thread 0x000001e76f7c6bb0 Thread exited: 0x000001e76f7c6bb0
Event: 23.382 Thread 0x000001e76a397740 Thread exited: 0x000001e76a397740
Event: 23.398 Thread 0x000001e728dfa980 Thread added: 0x000001e76f7c5740
Event: 23.406 Thread 0x000001e728df71c0 Thread added: 0x000001e76f7c6bb0
Event: 23.671 Thread 0x000001e7623d4700 Thread added: 0x000001e764f4a060


Dynamic libraries:
0x00007ff7e09d0000 - 0x00007ff7e09de000 	C:\Users\Manohar Badri\.gradle\jdks\eclipse_adoptium-21-amd64-windows.2\bin\java.exe
0x00007ffb445c0000 - 0x00007ffb44826000 	C:\WINDOWS\SYSTEM32\ntdll.dll
0x00007ffb43090000 - 0x00007ffb43159000 	C:\WINDOWS\System32\KERNEL32.DLL
0x00007ffb41880000 - 0x00007ffb41c7a000 	C:\WINDOWS\System32\KERNELBASE.dll
0x00007ffb42060000 - 0x00007ffb421ac000 	C:\WINDOWS\System32\ucrtbase.dll
0x00007ffb1e120000 - 0x00007ffb1e138000 	C:\Users\Manohar Badri\.gradle\jdks\eclipse_adoptium-21-amd64-windows.2\bin\jli.dll
0x00007ffb1f790000 - 0x00007ffb1f7ae000 	C:\Users\Manohar Badri\.gradle\jdks\eclipse_adoptium-21-amd64-windows.2\bin\VCRUNTIME140.dll
0x00007ffb42560000 - 0x00007ffb42727000 	C:\WINDOWS\System32\USER32.dll
0x00007ffb41850000 - 0x00007ffb41877000 	C:\WINDOWS\System32\win32u.dll
0x00007ffb1ec10000 - 0x00007ffb1eea2000 	C:\WINDOWS\WinSxS\amd64_microsoft.windows.common-controls_6595b64144ccf1df_6.0.26100.8521_none_3e08b75ce33403b3\COMCTL32.dll
0x00007ffb44110000 - 0x00007ffb441b9000 	C:\WINDOWS\System32\msvcrt.dll
0x00007ffb43230000 - 0x00007ffb4325b000 	C:\WINDOWS\System32\GDI32.dll
0x00007ffb41d10000 - 0x00007ffb41e3b000 	C:\WINDOWS\System32\gdi32full.dll
0x00007ffb41e40000 - 0x00007ffb41ee3000 	C:\WINDOWS\System32\msvcp_win.dll
0x00007ffb42fe0000 - 0x00007ffb43012000 	C:\WINDOWS\System32\IMM32.DLL
0x00007ffb1f780000 - 0x00007ffb1f78c000 	C:\Users\Manohar Badri\.gradle\jdks\eclipse_adoptium-21-amd64-windows.2\bin\vcruntime140_1.dll
0x00007ffb1bcd0000 - 0x00007ffb1bd5d000 	C:\Users\Manohar Badri\.gradle\jdks\eclipse_adoptium-21-amd64-windows.2\bin\msvcp140.dll
0x00007ffafad20000 - 0x00007ffafbab0000 	C:\Users\Manohar Badri\.gradle\jdks\eclipse_adoptium-21-amd64-windows.2\bin\server\jvm.dll
0x00007ffb424a0000 - 0x00007ffb42556000 	C:\WINDOWS\System32\ADVAPI32.dll
0x00007ffb423f0000 - 0x00007ffb4249a000 	C:\WINDOWS\System32\sechost.dll
0x00007ffb43260000 - 0x00007ffb43378000 	C:\WINDOWS\System32\RPCRT4.dll
0x00007ffb42330000 - 0x00007ffb423b0000 	C:\WINDOWS\System32\WS2_32.dll
0x00007ffb416b0000 - 0x00007ffb4170e000 	C:\WINDOWS\SYSTEM32\POWRPROF.dll
0x00007ffb2a0c0000 - 0x00007ffb2a0cb000 	C:\WINDOWS\SYSTEM32\VERSION.dll
0x00007ffb36db0000 - 0x00007ffb36de6000 	C:\WINDOWS\SYSTEM32\WINMM.dll
0x00007ffb41690000 - 0x00007ffb416a4000 	C:\WINDOWS\SYSTEM32\UMPDC.dll
0x00007ffb40540000 - 0x00007ffb4055b000 	C:\WINDOWS\SYSTEM32\kernel.appcore.dll
0x00007ffb1e110000 - 0x00007ffb1e11a000 	C:\Users\Manohar Badri\.gradle\jdks\eclipse_adoptium-21-amd64-windows.2\bin\jimage.dll
0x00007ffb3eec0000 - 0x00007ffb3f102000 	C:\WINDOWS\SYSTEM32\DBGHELP.DLL
0x00007ffb42bf0000 - 0x00007ffb42f73000 	C:\WINDOWS\System32\combase.dll
0x00007ffb441c0000 - 0x00007ffb44299000 	C:\WINDOWS\System32\OLEAUT32.dll
0x00007ffb19270000 - 0x00007ffb192ab000 	C:\WINDOWS\SYSTEM32\dbgcore.DLL
0x00007ffb41ef0000 - 0x00007ffb41f98000 	C:\WINDOWS\System32\bcryptPrimitives.dll
0x00007ffb1e100000 - 0x00007ffb1e10f000 	C:\Users\Manohar Badri\.gradle\jdks\eclipse_adoptium-21-amd64-windows.2\bin\instrument.dll
0x00007ffb1da70000 - 0x00007ffb1da8f000 	C:\Users\Manohar Badri\.gradle\jdks\eclipse_adoptium-21-amd64-windows.2\bin\java.dll
0x00007ffb43810000 - 0x00007ffb43f94000 	C:\WINDOWS\System32\SHELL32.dll
0x00007ffb3f3e0000 - 0x00007ffb3fc60000 	C:\WINDOWS\SYSTEM32\windows.storage.dll
0x00007ffb44330000 - 0x00007ffb44426000 	C:\WINDOWS\System32\SHCORE.dll
0x00007ffb43020000 - 0x00007ffb43087000 	C:\WINDOWS\System32\shlwapi.dll
0x00007ffb41770000 - 0x00007ffb41799000 	C:\WINDOWS\SYSTEM32\profapi.dll
0x00007ffb1bbf0000 - 0x00007ffb1bcc7000 	C:\Users\Manohar Badri\.gradle\jdks\eclipse_adoptium-21-amd64-windows.2\bin\jsvml.dll
0x00007ffb1c920000 - 0x00007ffb1c938000 	C:\Users\Manohar Badri\.gradle\jdks\eclipse_adoptium-21-amd64-windows.2\bin\zip.dll
0x00007ffb1dfc0000 - 0x00007ffb1dfd0000 	C:\Users\Manohar Badri\.gradle\jdks\eclipse_adoptium-21-amd64-windows.2\bin\net.dll
0x00007ffb38760000 - 0x00007ffb38889000 	C:\WINDOWS\SYSTEM32\WINHTTP.dll
0x00007ffb40b50000 - 0x00007ffb40bbc000 	C:\WINDOWS\system32\mswsock.dll
0x00007ffb1c6b0000 - 0x00007ffb1c6c6000 	C:\Users\Manohar Badri\.gradle\jdks\eclipse_adoptium-21-amd64-windows.2\bin\nio.dll
0x00007ffb1da60000 - 0x00007ffb1da70000 	C:\Users\Manohar Badri\.gradle\jdks\eclipse_adoptium-21-amd64-windows.2\bin\verify.dll
0x00007ffb20110000 - 0x00007ffb20137000 	C:\Users\Manohar Badri\.gradle\native\660c5614fbf4a5f2a75b1949f50a0caf5cd603558e7d8a26e50b933a0cfb79d1\windows-amd64\native-platform.dll
0x00007ffb1bb70000 - 0x00007ffb1bbe7000 	C:\Users\Manohar Badri\.gradle\native\0.2.8\x86_64-windows-gnu\gradle-fileevents.dll
0x00007ffb1c910000 - 0x00007ffb1c91a000 	C:\Users\Manohar Badri\.gradle\jdks\eclipse_adoptium-21-amd64-windows.2\bin\management.dll
0x00007ffb1c280000 - 0x00007ffb1c28b000 	C:\Users\Manohar Badri\.gradle\jdks\eclipse_adoptium-21-amd64-windows.2\bin\management_ext.dll
0x00007ffb43380000 - 0x00007ffb43388000 	C:\WINDOWS\System32\PSAPI.DLL
0x00007ffb3ffa0000 - 0x00007ffb3ffd3000 	C:\WINDOWS\SYSTEM32\IPHLPAPI.DLL
0x00007ffb42750000 - 0x00007ffb4275a000 	C:\WINDOWS\System32\NSI.dll
0x00007ffb1c270000 - 0x00007ffb1c279000 	C:\Users\Manohar Badri\.gradle\jdks\eclipse_adoptium-21-amd64-windows.2\bin\extnet.dll
0x00007ffb40e30000 - 0x00007ffb40e4b000 	C:\WINDOWS\SYSTEM32\CRYPTSP.dll
0x00007ffb40560000 - 0x00007ffb40599000 	C:\WINDOWS\system32\rsaenh.dll
0x00007ffb40c00000 - 0x00007ffb40c33000 	C:\WINDOWS\SYSTEM32\USERENV.dll
0x00007ffb41740000 - 0x00007ffb4176a000 	C:\WINDOWS\SYSTEM32\bcrypt.dll
0x00007ffb40e50000 - 0x00007ffb40e5c000 	C:\WINDOWS\SYSTEM32\CRYPTBASE.dll
0x00007ffb1c170000 - 0x00007ffb1c17e000 	C:\Users\Manohar Badri\.gradle\jdks\eclipse_adoptium-21-amd64-windows.2\bin\sunmscapi.dll
0x00007ffb421b0000 - 0x00007ffb42328000 	C:\WINDOWS\System32\CRYPT32.dll
0x00007ffb41050000 - 0x00007ffb41080000 	C:\WINDOWS\SYSTEM32\ncrypt.dll
0x00007ffb41000000 - 0x00007ffb4103f000 	C:\WINDOWS\SYSTEM32\NTASN1.dll
0x00007ffb0cb20000 - 0x00007ffb0cb28000 	C:\WINDOWS\system32\wshunix.dll

dbghelp: loaded successfully - version: 4.0.5 - missing functions: none
symbol engine: initialized successfully - sym options: 0x614 - pdb path: .;C:\Users\Manohar Badri\.gradle\jdks\eclipse_adoptium-21-amd64-windows.2\bin;C:\WINDOWS\SYSTEM32;C:\WINDOWS\WinSxS\amd64_microsoft.windows.common-controls_6595b64144ccf1df_6.0.26100.8521_none_3e08b75ce33403b3;C:\Users\Manohar Badri\.gradle\jdks\eclipse_adoptium-21-amd64-windows.2\bin\server;C:\Users\Manohar Badri\.gradle\native\660c5614fbf4a5f2a75b1949f50a0caf5cd603558e7d8a26e50b933a0cfb79d1\windows-amd64;C:\Users\Manohar Badri\.gradle\native\0.2.8\x86_64-windows-gnu

VM Arguments:
jvm_args: --add-opens=java.base/java.lang=ALL-UNNAMED --add-opens=java.base/java.lang.invoke=ALL-UNNAMED --add-opens=java.base/java.util=ALL-UNNAMED --add-opens=java.prefs/java.util.prefs=ALL-UNNAMED --add-exports=jdk.compiler/com.sun.tools.javac.api=ALL-UNNAMED --add-exports=jdk.compiler/com.sun.tools.javac.util=ALL-UNNAMED --add-opens=java.base/java.util=ALL-UNNAMED --add-opens=java.prefs/java.util.prefs=ALL-UNNAMED --add-opens=java.base/java.nio.charset=ALL-UNNAMED --add-opens=java.base/java.net=ALL-UNNAMED --add-opens=java.base/java.util.concurrent=ALL-UNNAMED --add-opens=java.base/java.util.concurrent.atomic=ALL-UNNAMED --add-opens=java.xml/javax.xml.namespace=ALL-UNNAMED --add-opens=java.base/java.time=ALL-UNNAMED -XX:MaxMetaspaceSize=1024m -Xmx6144m -Dfile.encoding=UTF-8 -Duser.country=US -Duser.language=en -Duser.variant -javaagent:C:\Users\Manohar Badri\.gradle\wrapper\dists\gradle-9.4.1-bin\arn2x92ynaizyzdaamcbpbhtj\gradle-9.4.1\lib\agents\gradle-instrumentation-agent-9.4.1.jar 
java_command: org.gradle.launcher.daemon.bootstrap.GradleDaemon 9.4.1
java_class_path (initial): C:\Users\Manohar Badri\.gradle\wrapper\dists\gradle-9.4.1-bin\arn2x92ynaizyzdaamcbpbhtj\gradle-9.4.1\lib\gradle-daemon-main-9.4.1.jar
Launcher Type: SUN_STANDARD

[Global flags]
     intx CICompilerCount                          = 4                                         {product} {ergonomic}
   size_t CompressedClassSpaceSize                 = 872415232                                 {product} {ergonomic}
     uint ConcGCThreads                            = 3                                         {product} {ergonomic}
     uint G1ConcRefinementThreads                  = 10                                        {product} {ergonomic}
   size_t G1HeapRegionSize                         = 4194304                                   {product} {ergonomic}
    uintx GCDrainStackTargetSize                   = 64                                        {product} {ergonomic}
   size_t InitialHeapSize                          = 264241152                                 {product} {ergonomic}
   size_t MarkStackSize                            = 4194304                                   {product} {ergonomic}
   size_t MaxHeapSize                              = 6442450944                                {product} {command line}
   size_t MaxMetaspaceSize                         = 1073741824                                {product} {command line}
   size_t MaxNewSize                               = 3862953984                                {product} {ergonomic}
   size_t MinHeapDeltaBytes                        = 4194304                                   {product} {ergonomic}
   size_t MinHeapSize                              = 8388608                                   {product} {ergonomic}
    uintx NonNMethodCodeHeapSize                   = 5839372                                {pd product} {ergonomic}
    uintx NonProfiledCodeHeapSize                  = 122909434                              {pd product} {ergonomic}
    uintx ProfiledCodeHeapSize                     = 122909434                              {pd product} {ergonomic}
    uintx ReservedCodeCacheSize                    = 251658240                              {pd product} {ergonomic}
     bool SegmentedCodeCache                       = true                                      {product} {ergonomic}
   size_t SoftMaxHeapSize                          = 6442450944                             {manageable} {ergonomic}
     bool UseCompressedOops                        = true                           {product lp64_product} {ergonomic}
     bool UseG1GC                                  = true                                      {product} {ergonomic}
     bool UseLargePagesIndividualAllocation        = false                                  {pd product} {ergonomic}

Logging:
Log output configuration:
 #0: stdout all=warning uptime,level,tags foldmultilines=false
 #1: stderr all=off uptime,level,tags foldmultilines=false

Environment Variables:
JAVA_HOME=C:\Program Files\Java\jdk-17
PATH=C:\Program Files (x86)\VMware\VMware Workstation\bin\;C:\Program Files\Common Files\Oracle\Java\javapath;C:\Program Files\Java\jdk-17\bin;C:\Program Files (x86)\Common Files\Oracle\Java\java8path;C:\Program Files (x86)\Common Files\Oracle\Java\javapath;C:\WINDOWS\system32;C:\WINDOWS;C:\WINDOWS\System32\Wbem;C:\WINDOWS\System32\WindowsPowerShell\v1.0\;C:\WINDOWS\System32\OpenSSH\;C:\Program Files\Git\cmd;C:\Program Files\dotnet\;C:\Program Files\MySQL\MySQL Server 8.0\bin;C:\Program Files\MySQL\MySQL Shell 8.0\bin\;C:\Users\Manohar Badri\AppData\Local\Programs\Python\Python39\Scripts\;C:\Users\Manohar Badri\AppData\Local\Programs\Python\Python39\;C:\Users\Manohar Badri\AppData\Local\Programs\Python\Launcher\;C:\Users\Manohar Badri\AppData\Local\Programs\Python\Python312\Scripts\;C:\Users\Manohar Badri\AppData\Local\Programs\Python\Python312\;C:\Users\Manohar Badri\AppData\Local\Microsoft\WindowsApps;C:\Users\Manohar Badri\AppData\Local\Programs\Microsoft VS Code\bin;C:\Program Files\CodeBlocks\MinGW\bin;C:\Program Files (x86)\GnuWin32\bin;C:\Users\Manohar Badri\AppData\Local\Programs\Antigravity\bin
USERNAME=Manohar Badri
OS=Windows_NT
PROCESSOR_IDENTIFIER=Intel64 Family 6 Model 186 Stepping 3, GenuineIntel
TMP=C:\Users\MANOHA~1\AppData\Local\Temp
TEMP=C:\Users\MANOHA~1\AppData\Local\Temp




Periodic native trim disabled

---------------  S Y S T E M  ---------------

OS:
 Windows 11 , 64 bit Build 26100 (10.0.26100.8521)
OS uptime: 0 days 1:10 hours
Hyper-V role detected

CPU: total 12 (initial active 12) (6 cores per cpu, 2 threads per core) family 6 model 186 stepping 3 microcode 0x6134, cx8, cmov, fxsr, ht, mmx, 3dnowpref, sse, sse2, sse3, ssse3, sse4.1, sse4.2, popcnt, lzcnt, tsc, tscinvbit, avx, avx2, aes, erms, clmul, bmi1, bmi2, adx, sha, fma, vzeroupper, clflush, clflushopt, clwb, hv, serialize, rdtscp, rdpid, fsrm, f16c, cet_ibt, cet_ss
Processor Information for the first 12 processors :
  Max Mhz: 1300, Current Mhz: 1300, Mhz Limit: 1300

Memory: 4k page, system-wide physical 16027M (3104M free)
TotalPageFile size 16027M (AvailPageFile size 305M)
current process WorkingSet (physical memory assigned to process): 1005M, peak: 1013M
current process commit charge ("private bytes"): 1103M, peak: 1500M

vm_info: OpenJDK 64-Bit Server VM (21.0.7+6-LTS) for windows-amd64 JRE (21.0.7+6-LTS), built on 2025-04-15T00:00:00Z by "admin" with MS VC++ 17.7 (VS2022)

END.
