#
# There is insufficient memory for the Java Runtime Environment to continue.
# Native memory allocation (malloc) failed to allocate 1785184 bytes. Error detail: Chunk::new
# Possible reasons:
#   The system is out of physical RAM or swap space
#   This process is running with CompressedOops enabled, and the Java Heap may be blocking the growth of the native heap
# Possible solutions:
#   Reduce memory load on the system
#   Increase physical memory or swap space
#   Check if swap backing store is full
#   Decrease Java heap size (-Xmx/-Xms)
#   Decrease number of Java threads
#   Decrease Java thread stack sizes (-Xss)
#   Set larger code cache with -XX:ReservedCodeCacheSize=
#   JVM is running with Zero Based Compressed Oops mode in which the Java heap is
#     placed in the first 32GB address space. The Java Heap base address is the
#     maximum limit for the native heap growth. Please use -XX:HeapBaseMinAddress
#     to set the Java Heap base and to place the Java Heap above 32GB virtual address.
# This output file may be truncated or incomplete.
#
#  Out of Memory Error (arena.cpp:168), pid=16008, tid=16368
#
# JRE version: OpenJDK Runtime Environment Temurin-21.0.7+6 (21.0.7+6) (build 21.0.7+6-LTS)
# Java VM: OpenJDK 64-Bit Server VM Temurin-21.0.7+6 (21.0.7+6-LTS, mixed mode, sharing, tiered, compressed oops, compressed class ptrs, g1 gc, windows-amd64)
# No core dump will be written. Minidumps are not enabled by default on client versions of Windows
#

---------------  S U M M A R Y ------------

Command Line: --add-opens=java.base/java.lang=ALL-UNNAMED --add-opens=java.base/java.lang.invoke=ALL-UNNAMED --add-opens=java.base/java.util=ALL-UNNAMED --add-opens=java.prefs/java.util.prefs=ALL-UNNAMED --add-exports=jdk.compiler/com.sun.tools.javac.api=ALL-UNNAMED --add-exports=jdk.compiler/com.sun.tools.javac.util=ALL-UNNAMED --add-opens=java.base/java.util=ALL-UNNAMED --add-opens=java.prefs/java.util.prefs=ALL-UNNAMED --add-opens=java.base/java.nio.charset=ALL-UNNAMED --add-opens=java.base/java.net=ALL-UNNAMED --add-opens=java.base/java.util.concurrent=ALL-UNNAMED --add-opens=java.base/java.util.concurrent.atomic=ALL-UNNAMED --add-opens=java.xml/javax.xml.namespace=ALL-UNNAMED --add-opens=java.base/java.time=ALL-UNNAMED -XX:MaxMetaspaceSize=512m -Xmx4096m -Dfile.encoding=UTF-8 -Duser.country=US -Duser.language=en -Duser.variant -javaagent:C:\Users\Manohar Badri\.gradle\wrapper\dists\gradle-9.4.1-bin\arn2x92ynaizyzdaamcbpbhtj\gradle-9.4.1\lib\agents\gradle-instrumentation-agent-9.4.1.jar org.gradle.launcher.daemon.bootstrap.GradleDaemon 9.4.1

Host: 13th Gen Intel(R) Core(TM) i5-1335U, 12 cores, 15G,  Windows 11 , 64 bit Build 26100 (10.0.26100.8521)
Time: Fri May 29 18:54:40 2026 India Standard Time elapsed time: 107.110096 seconds (0d 0h 1m 47s)

---------------  T H R E A D  ---------------

Current thread (0x000001b64bc48bc0):  JavaThread "C2 CompilerThread1" daemon [_thread_in_native, id=16368, stack(0x0000005499b00000,0x0000005499c00000) (1024K)]


Current CompileTask:
C2:107110 17530   !   4       sun.reflect.annotation.AnnotationParser::parseAnnotations (37 bytes)

Stack: [0x0000005499b00000,0x0000005499c00000]
Native frames: (J=compiled Java code, j=interpreted, Vv=VM code, C=native code)
V  [jvm.dll+0x6ce119]
V  [jvm.dll+0x8a84a1]
V  [jvm.dll+0x8aa9ce]
V  [jvm.dll+0x8ab0b3]
V  [jvm.dll+0x27f8a6]
V  [jvm.dll+0xc507d]
V  [jvm.dll+0xc55b3]
V  [jvm.dll+0x3b692c]
V  [jvm.dll+0x382aa5]
V  [jvm.dll+0x381f0a]
V  [jvm.dll+0x247af0]
V  [jvm.dll+0x2470cf]
V  [jvm.dll+0x1c760e]
V  [jvm.dll+0x25695a]
V  [jvm.dll+0x254efa]
V  [jvm.dll+0x3f03f6]
V  [jvm.dll+0x851f6b]
V  [jvm.dll+0x6cc7dd]
C  [ucrtbase.dll+0x2cd30]
C  [KERNEL32.DLL+0x2e957]
C  [ntdll.dll+0x87c1c]


---------------  P R O C E S S  ---------------

Threads class SMR info:
_java_thread_list=0x000001b64d5b8f20, length=51, elements={
0x000001b6674ceaf0, 0x000001b606e14800, 0x000001b606e16f70, 0x000001b606e175d0,
0x000001b606e17c30, 0x000001b606e1a2a0, 0x000001b606e1b110, 0x000001b606e1cbe0,
0x000001b606e1f6b0, 0x000001b6260b6300, 0x000001b62624fb00, 0x000001b627a94080,
0x000001b627797db0, 0x000001b628811a80, 0x000001b62860dfe0, 0x000001b6286100b0,
0x000001b628610dd0, 0x000001b629033e20, 0x000001b629033100, 0x000001b6290323e0,
0x000001b64c0f37c0, 0x000001b6279f4180, 0x000001b6279f4810, 0x000001b6279f5bc0,
0x000001b6279f6f70, 0x000001b6279f6250, 0x000001b6279f7600, 0x000001b6279f5530,
0x000001b6279f68e0, 0x000001b6279f4ea0, 0x000001b6279f9040, 0x000001b6279fa3f0,
0x000001b6279f7c90, 0x000001b6279f96d0, 0x000001b6279f8320, 0x000001b64d168530,
0x000001b64d1698e0, 0x000001b64d169f70, 0x000001b64d166af0, 0x000001b64d167180,
0x000001b64d16a600, 0x000001b64d16ac90, 0x000001b64d16b320, 0x000001b64d167ea0,
0x000001b64d16b9b0, 0x000001b64bc48bc0, 0x000001b64d16da80, 0x000001b64d16c6d0,
0x000001b64d16cd60, 0x000001b64d16d3f0, 0x000001b64bc4a700
}

Java Threads: ( => current thread )
  0x000001b6674ceaf0 JavaThread "main"                              [_thread_blocked, id=20256, stack(0x0000005495f00000,0x0000005496000000) (1024K)]
  0x000001b606e14800 JavaThread "Reference Handler"          daemon [_thread_blocked, id=16248, stack(0x0000005496700000,0x0000005496800000) (1024K)]
  0x000001b606e16f70 JavaThread "Finalizer"                  daemon [_thread_blocked, id=10944, stack(0x0000005496800000,0x0000005496900000) (1024K)]
  0x000001b606e175d0 JavaThread "Signal Dispatcher"          daemon [_thread_blocked, id=8380, stack(0x0000005496900000,0x0000005496a00000) (1024K)]
  0x000001b606e17c30 JavaThread "Attach Listener"            daemon [_thread_blocked, id=5268, stack(0x0000005496a00000,0x0000005496b00000) (1024K)]
  0x000001b606e1a2a0 JavaThread "Service Thread"             daemon [_thread_blocked, id=3044, stack(0x0000005496b00000,0x0000005496c00000) (1024K)]
  0x000001b606e1b110 JavaThread "Monitor Deflation Thread"   daemon [_thread_blocked, id=10640, stack(0x0000005496c00000,0x0000005496d00000) (1024K)]
  0x000001b606e1cbe0 JavaThread "C2 CompilerThread0"         daemon [_thread_in_vm, id=21448, stack(0x0000005496d00000,0x0000005496e00000) (1024K)]
  0x000001b606e1f6b0 JavaThread "C1 CompilerThread0"         daemon [_thread_blocked, id=19540, stack(0x0000005496e00000,0x0000005496f00000) (1024K)]
  0x000001b6260b6300 JavaThread "Common-Cleaner"             daemon [_thread_blocked, id=20520, stack(0x0000005496f00000,0x0000005497000000) (1024K)]
  0x000001b62624fb00 JavaThread "Notification Thread"        daemon [_thread_blocked, id=16124, stack(0x0000005497000000,0x0000005497100000) (1024K)]
  0x000001b627a94080 JavaThread "Daemon health stats"               [_thread_blocked, id=19288, stack(0x0000005497800000,0x0000005497900000) (1024K)]
  0x000001b627797db0 JavaThread "Incoming local TCP Connector on port 58255"        [_thread_in_native, id=17868, stack(0x0000005497900000,0x0000005497a00000) (1024K)]
  0x000001b628811a80 JavaThread "Daemon periodic checks"            [_thread_blocked, id=10444, stack(0x0000005497a00000,0x0000005497b00000) (1024K)]
  0x000001b62860dfe0 JavaThread "Cache worker for journal cache (C:\Users\Manohar Badri\.gradle\caches\journal-1)"        [_thread_blocked, id=15560, stack(0x0000005498200000,0x0000005498300000) (1024K)]
  0x000001b6286100b0 JavaThread "File lock request listener"        [_thread_in_native, id=1000, stack(0x0000005498300000,0x0000005498400000) (1024K)]
  0x000001b628610dd0 JavaThread "Cache worker for file hash cache (C:\Users\Manohar Badri\.gradle\caches\9.4.1\fileHashes)"        [_thread_blocked, id=11244, stack(0x0000005498400000,0x0000005498500000) (1024K)]
  0x000001b629033e20 JavaThread "File watcher server"        daemon [_thread_in_native, id=13588, stack(0x0000005498d00000,0x0000005498e00000) (1024K)]
  0x000001b629033100 JavaThread "File watcher consumer"      daemon [_thread_blocked, id=10912, stack(0x0000005498e00000,0x0000005498f00000) (1024K)]
  0x000001b6290323e0 JavaThread "Cache worker for file content cache (C:\Users\Manohar Badri\.gradle\caches\9.4.1\fileContent)"        [_thread_blocked, id=14176, stack(0x0000005498f00000,0x0000005499000000) (1024K)]
  0x000001b64c0f37c0 JavaThread "Memory manager"                    [_thread_blocked, id=7296, stack(0x0000005497200000,0x0000005497300000) (1024K)]
  0x000001b6279f4180 JavaThread "Daemon Thread 2"                   [_thread_blocked, id=6108, stack(0x0000005495c00000,0x0000005495d00000) (1024K)]
  0x000001b6279f4810 JavaThread "Handler for socket connection from /127.0.0.1:58255 to /127.0.0.1:59047"        [_thread_in_native, id=8108, stack(0x0000005495d00000,0x0000005495e00000) (1024K)]
  0x000001b6279f5bc0 JavaThread "Cancel handler"                    [_thread_blocked, id=17888, stack(0x0000005495e00000,0x0000005495f00000) (1024K)]
  0x000001b6279f6f70 JavaThread "Daemon worker Thread 2"            [_thread_in_Java, id=7896, stack(0x0000005497100000,0x0000005497200000) (1024K)]
  0x000001b6279f6250 JavaThread "Asynchronous log dispatcher for DefaultDaemonConnection: socket connection from /127.0.0.1:58255 to /127.0.0.1:59047"        [_thread_blocked, id=6668, stack(0x0000005497b00000,0x0000005497c00000) (1024K)]
  0x000001b6279f7600 JavaThread "Stdin handler"                     [_thread_blocked, id=19824, stack(0x0000005497c00000,0x0000005497d00000) (1024K)]
  0x000001b6279f5530 JavaThread "Daemon client event forwarder"        [_thread_blocked, id=15304, stack(0x0000005497d00000,0x0000005497e00000) (1024K)]
  0x000001b6279f68e0 JavaThread "Cache worker for file hash cache (C:\Users\Manohar Badri\AndroidStudioProjects\AgriNova\.gradle\9.4.1\fileHashes)"        [_thread_blocked, id=16304, stack(0x0000005497e00000,0x0000005497f00000) (1024K)]
  0x000001b6279f4ea0 JavaThread "Cache worker for Build Output Cleanup Cache (C:\Users\Manohar Badri\AndroidStudioProjects\AgriNova\.gradle\buildOutputCleanup)"        [_thread_blocked, id=11476, stack(0x0000005497f00000,0x0000005498000000) (1024K)]
  0x000001b6279f9040 JavaThread "jar transforms"                    [_thread_blocked, id=17772, stack(0x0000005498000000,0x0000005498100000) (1024K)]
  0x000001b6279fa3f0 JavaThread "jar transforms Thread 2"           [_thread_blocked, id=20760, stack(0x0000005498100000,0x0000005498200000) (1024K)]
  0x000001b6279f7c90 JavaThread "jar transforms Thread 3"           [_thread_blocked, id=2208, stack(0x0000005498b00000,0x0000005498c00000) (1024K)]
  0x000001b6279f96d0 JavaThread "jar transforms Thread 4"           [_thread_blocked, id=2528, stack(0x0000005498c00000,0x0000005498d00000) (1024K)]
  0x000001b6279f8320 JavaThread "jar transforms Thread 5"           [_thread_blocked, id=6480, stack(0x0000005499000000,0x0000005499100000) (1024K)]
  0x000001b64d168530 JavaThread "jar transforms Thread 6"           [_thread_blocked, id=17708, stack(0x0000005499100000,0x0000005499200000) (1024K)]
  0x000001b64d1698e0 JavaThread "jar transforms Thread 7"           [_thread_blocked, id=16680, stack(0x0000005499200000,0x0000005499300000) (1024K)]
  0x000001b64d169f70 JavaThread "jar transforms Thread 8"           [_thread_blocked, id=15584, stack(0x0000005499300000,0x0000005499400000) (1024K)]
  0x000001b64d166af0 JavaThread "jar transforms Thread 9"           [_thread_blocked, id=15328, stack(0x0000005499400000,0x0000005499500000) (1024K)]
  0x000001b64d167180 JavaThread "jar transforms Thread 10"          [_thread_blocked, id=3888, stack(0x0000005499500000,0x0000005499600000) (1024K)]
  0x000001b64d16a600 JavaThread "jar transforms Thread 11"          [_thread_blocked, id=3712, stack(0x0000005499600000,0x0000005499700000) (1024K)]
  0x000001b64d16ac90 JavaThread "jar transforms Thread 12"          [_thread_blocked, id=21244, stack(0x0000005499700000,0x0000005499800000) (1024K)]
  0x000001b64d16b320 JavaThread "Cache worker for checksums cache (C:\Users\Manohar Badri\AndroidStudioProjects\AgriNova\.gradle\9.4.1\checksums)"        [_thread_blocked, id=15800, stack(0x0000005499800000,0x0000005499900000) (1024K)]
  0x000001b64d167ea0 JavaThread "Cache worker for cache directory md-supplier (C:\Users\Manohar Badri\.gradle\caches\9.4.1\md-supplier)"        [_thread_blocked, id=17788, stack(0x0000005499900000,0x0000005499a00000) (1024K)]
  0x000001b64d16b9b0 JavaThread "Cache worker for cache directory md-rule (C:\Users\Manohar Badri\.gradle\caches\9.4.1\md-rule)"        [_thread_blocked, id=20312, stack(0x0000005499a00000,0x0000005499b00000) (1024K)]
=>0x000001b64bc48bc0 JavaThread "C2 CompilerThread1"         daemon [_thread_in_native, id=16368, stack(0x0000005499b00000,0x0000005499c00000) (1024K)]
  0x000001b64d16da80 JavaThread "Build operations"                  [_thread_blocked, id=7880, stack(0x0000005499c00000,0x0000005499d00000) (1024K)]
  0x000001b64d16c6d0 JavaThread "Build operations Thread 2"         [_thread_blocked, id=5876, stack(0x0000005499d00000,0x0000005499e00000) (1024K)]
  0x000001b64d16cd60 JavaThread "Build operations Thread 3"         [_thread_blocked, id=18988, stack(0x0000005499e00000,0x0000005499f00000) (1024K)]
  0x000001b64d16d3f0 JavaThread "Build operations Thread 4"         [_thread_blocked, id=8956, stack(0x0000005499f00000,0x000000549a000000) (1024K)]
  0x000001b64bc4a700 JavaThread "C2 CompilerThread2"         daemon [_thread_in_native, id=20236, stack(0x000000549a000000,0x000000549a100000) (1024K)]
Total: 51

Other Threads:
  0x000001b606df4640 VMThread "VM Thread"                           [id=14792, stack(0x0000005496600000,0x0000005496700000) (1024K)]
  0x000001b606de2950 WatcherThread "VM Periodic Task Thread"        [id=18960, stack(0x0000005496500000,0x0000005496600000) (1024K)]
  0x000001b667538de0 WorkerThread "GC Thread#0"                     [id=18452, stack(0x0000005496000000,0x0000005496100000) (1024K)]
  0x000001b626a08680 WorkerThread "GC Thread#1"                     [id=11940, stack(0x0000005497300000,0x0000005497400000) (1024K)]
  0x000001b626a08a20 WorkerThread "GC Thread#2"                     [id=2628, stack(0x0000005497400000,0x0000005497500000) (1024K)]
  0x000001b626a08dc0 WorkerThread "GC Thread#3"                     [id=6048, stack(0x0000005497500000,0x0000005497600000) (1024K)]
  0x000001b626a09160 WorkerThread "GC Thread#4"                     [id=6428, stack(0x0000005497600000,0x0000005497700000) (1024K)]
  0x000001b626f05750 WorkerThread "GC Thread#5"                     [id=14576, stack(0x0000005497700000,0x0000005497800000) (1024K)]
  0x000001b6273d10c0 WorkerThread "GC Thread#6"                     [id=12956, stack(0x0000005498500000,0x0000005498600000) (1024K)]
  0x000001b6273d1460 WorkerThread "GC Thread#7"                     [id=3332, stack(0x0000005498600000,0x0000005498700000) (1024K)]
  0x000001b6273d0240 WorkerThread "GC Thread#8"                     [id=19488, stack(0x0000005498700000,0x0000005498800000) (1024K)]
  0x000001b6273d05e0 WorkerThread "GC Thread#9"                     [id=6472, stack(0x0000005498800000,0x0000005498900000) (1024K)]
  0x000001b667549d50 ConcurrentGCThread "G1 Main Marker"            [id=12604, stack(0x0000005496100000,0x0000005496200000) (1024K)]
  0x000001b66754a760 WorkerThread "G1 Conc#0"                       [id=14072, stack(0x0000005496200000,0x0000005496300000) (1024K)]
  0x000001b6273cfea0 WorkerThread "G1 Conc#1"                       [id=19988, stack(0x0000005498900000,0x0000005498a00000) (1024K)]
  0x000001b62ae564c0 WorkerThread "G1 Conc#2"                       [id=2776, stack(0x0000005498a00000,0x0000005498b00000) (1024K)]
  0x000001b606cb4ab0 ConcurrentGCThread "G1 Refine#0"               [id=21408, stack(0x0000005496300000,0x0000005496400000) (1024K)]
  0x000001b606cb6ff0 ConcurrentGCThread "G1 Service"                [id=6380, stack(0x0000005496400000,0x0000005496500000) (1024K)]
Total: 18

Threads with active compile tasks:
C2 CompilerThread0  107155 17615       4       org.codehaus.groovy.runtime.metaclass.MetaMethodIndex::getOrPutMethods (181 bytes)
C1 CompilerThread0  107155 17618       3       org.codehaus.groovy.reflection.ClassInfo$1::computeValue (6 bytes)
C2 CompilerThread1  107155 17530   !   4       sun.reflect.annotation.AnnotationParser::parseAnnotations (37 bytes)
C2 CompilerThread2  107155 17599       4       org.gradle.internal.hash.Hashing$DefaultHasher::hash (10 bytes)
Total: 4

VM state: not at safepoint (normal execution)

VM Mutex/Monitor currently owned by a thread: None

Heap address: 0x0000000700000000, size: 4096 MB, Compressed Oops mode: Zero based, Oop shift amount: 3

CDS archive(s) mapped at: [0x000001b607000000-0x000001b607c80000-0x000001b607c80000), size 13107200, SharedBaseAddress: 0x000001b607000000, ArchiveRelocationMode: 1.
Compressed class space mapped at: 0x000001b608000000-0x000001b622000000, reserved size: 436207616
Narrow klass base: 0x000001b607000000, Narrow klass shift: 0, Narrow klass range: 0x100000000

GC Precious Log:
 CardTable entry size: 512
 Card Set container configuration: InlinePtr #cards 4 size 8 Array Of Cards #cards 16 size 48 Howl #buckets 8 coarsen threshold 3686 Howl Bitmap #cards 512 size 80 coarsen threshold 460 Card regions per heap region 1 cards per card region 4096
 CPUs: 12 total, 12 available
 Memory: 16027M
 Large Page Support: Disabled
 NUMA Support: Disabled
 Compressed Oops: Enabled (Zero based)
 Heap Region Size: 2M
 Heap Min Capacity: 8M
 Heap Initial Capacity: 252M
 Heap Max Capacity: 4G
 Pre-touch: Disabled
 Parallel Workers: 10
 Concurrent Workers: 3
 Concurrent Refinement Workers: 10
 Periodic GC: Disabled

Heap:
 garbage-first heap   total 288768K, used 169484K [0x0000000700000000, 0x0000000800000000)
  region size 2048K, 22 young (45056K), 6 survivors (12288K)
 Metaspace       used 158566K, committed 161216K, reserved 622592K
  class space    used 20506K, committed 21824K, reserved 425984K

Heap Regions: E=young(eden), S=young(survivor), O=old, HS=humongous(starts), HC=humongous(continues), CS=collection set, F=free, TAMS=top-at-mark-start, PB=parsable bottom
|   0|0x0000000700000000, 0x0000000700200000, 0x0000000700200000|100%|HS|  |TAMS 0x0000000700000000| PB 0x0000000700000000| Complete 
|   1|0x0000000700200000, 0x0000000700400000, 0x0000000700400000|100%|HC|  |TAMS 0x0000000700200000| PB 0x0000000700200000| Complete 
|   2|0x0000000700400000, 0x0000000700600000, 0x0000000700600000|100%| O|  |TAMS 0x0000000700400000| PB 0x0000000700400000| Untracked 
|   3|0x0000000700600000, 0x0000000700800000, 0x0000000700800000|100%| O|  |TAMS 0x0000000700600000| PB 0x0000000700600000| Untracked 
|   4|0x0000000700800000, 0x0000000700a00000, 0x0000000700a00000|100%| O|  |TAMS 0x0000000700800000| PB 0x0000000700800000| Untracked 
|   5|0x0000000700a00000, 0x0000000700c00000, 0x0000000700c00000|100%| O|  |TAMS 0x0000000700a00000| PB 0x0000000700a00000| Untracked 
|   6|0x0000000700c00000, 0x0000000700e00000, 0x0000000700e00000|100%| O|  |TAMS 0x0000000700c00000| PB 0x0000000700c00000| Untracked 
|   7|0x0000000700e00000, 0x0000000701000000, 0x0000000701000000|100%| O|  |TAMS 0x0000000700e00000| PB 0x0000000700e00000| Untracked 
|   8|0x0000000701000000, 0x0000000701200000, 0x0000000701200000|100%| O|  |TAMS 0x0000000701000000| PB 0x0000000701000000| Untracked 
|   9|0x0000000701200000, 0x0000000701400000, 0x0000000701400000|100%| O|  |TAMS 0x0000000701200000| PB 0x0000000701200000| Untracked 
|  10|0x0000000701400000, 0x0000000701600000, 0x0000000701600000|100%| O|  |TAMS 0x0000000701400000| PB 0x0000000701400000| Untracked 
|  11|0x0000000701600000, 0x0000000701800000, 0x0000000701800000|100%| O|  |TAMS 0x0000000701600000| PB 0x0000000701600000| Untracked 
|  12|0x0000000701800000, 0x0000000701a00000, 0x0000000701a00000|100%| O|  |TAMS 0x0000000701800000| PB 0x0000000701800000| Untracked 
|  13|0x0000000701a00000, 0x0000000701c00000, 0x0000000701c00000|100%| O|  |TAMS 0x0000000701a00000| PB 0x0000000701a00000| Untracked 
|  14|0x0000000701c00000, 0x0000000701e00000, 0x0000000701e00000|100%| O|  |TAMS 0x0000000701c00000| PB 0x0000000701c00000| Untracked 
|  15|0x0000000701e00000, 0x0000000702000000, 0x0000000702000000|100%| O|  |TAMS 0x0000000701e00000| PB 0x0000000701e00000| Untracked 
|  16|0x0000000702000000, 0x0000000702200000, 0x0000000702200000|100%| O|  |TAMS 0x0000000702000000| PB 0x0000000702000000| Untracked 
|  17|0x0000000702200000, 0x0000000702400000, 0x0000000702400000|100%| O|  |TAMS 0x0000000702200000| PB 0x0000000702200000| Untracked 
|  18|0x0000000702400000, 0x0000000702600000, 0x0000000702600000|100%| O|  |TAMS 0x0000000702400000| PB 0x0000000702400000| Untracked 
|  19|0x0000000702600000, 0x0000000702800000, 0x0000000702800000|100%| O|  |TAMS 0x0000000702600000| PB 0x0000000702600000| Untracked 
|  20|0x0000000702800000, 0x0000000702a00000, 0x0000000702a00000|100%| O|  |TAMS 0x0000000702800000| PB 0x0000000702800000| Untracked 
|  21|0x0000000702a00000, 0x0000000702c00000, 0x0000000702c00000|100%| O|  |TAMS 0x0000000702a00000| PB 0x0000000702a00000| Untracked 
|  22|0x0000000702c00000, 0x0000000702e00000, 0x0000000702e00000|100%| O|  |TAMS 0x0000000702c00000| PB 0x0000000702c00000| Untracked 
|  23|0x0000000702e00000, 0x0000000703000000, 0x0000000703000000|100%|HS|  |TAMS 0x0000000702e00000| PB 0x0000000702e00000| Complete 
|  24|0x0000000703000000, 0x0000000703200000, 0x0000000703200000|100%| O|  |TAMS 0x0000000703000000| PB 0x0000000703000000| Untracked 
|  25|0x0000000703200000, 0x0000000703400000, 0x0000000703400000|100%| O|  |TAMS 0x0000000703200000| PB 0x0000000703200000| Untracked 
|  26|0x0000000703400000, 0x0000000703600000, 0x0000000703600000|100%| O|  |TAMS 0x0000000703400000| PB 0x0000000703400000| Untracked 
|  27|0x0000000703600000, 0x0000000703800000, 0x0000000703800000|100%| O|  |TAMS 0x0000000703600000| PB 0x0000000703600000| Untracked 
|  28|0x0000000703800000, 0x0000000703a00000, 0x0000000703a00000|100%| O|  |TAMS 0x0000000703800000| PB 0x0000000703800000| Untracked 
|  29|0x0000000703a00000, 0x0000000703c00000, 0x0000000703c00000|100%|HS|  |TAMS 0x0000000703a00000| PB 0x0000000703a00000| Complete 
|  30|0x0000000703c00000, 0x0000000703e00000, 0x0000000703e00000|100%| O|  |TAMS 0x0000000703c00000| PB 0x0000000703c00000| Untracked 
|  31|0x0000000703e00000, 0x0000000703e00000, 0x0000000704000000|  0%| F|  |TAMS 0x0000000703e00000| PB 0x0000000703e00000| Untracked 
|  32|0x0000000704000000, 0x0000000704200000, 0x0000000704200000|100%| O|  |TAMS 0x0000000704000000| PB 0x0000000704000000| Untracked 
|  33|0x0000000704200000, 0x0000000704400000, 0x0000000704400000|100%|HS|  |TAMS 0x0000000704200000| PB 0x0000000704200000| Complete 
|  34|0x0000000704400000, 0x0000000704600000, 0x0000000704600000|100%|HC|  |TAMS 0x0000000704400000| PB 0x0000000704400000| Complete 
|  35|0x0000000704600000, 0x0000000704800000, 0x0000000704800000|100%|HC|  |TAMS 0x0000000704600000| PB 0x0000000704600000| Complete 
|  36|0x0000000704800000, 0x0000000704800000, 0x0000000704a00000|  0%| F|  |TAMS 0x0000000704800000| PB 0x0000000704800000| Untracked 
|  37|0x0000000704a00000, 0x0000000704c00000, 0x0000000704c00000|100%| O|  |TAMS 0x0000000704a00000| PB 0x0000000704a00000| Untracked 
|  38|0x0000000704c00000, 0x0000000704e00000, 0x0000000704e00000|100%| O|  |TAMS 0x0000000704c00000| PB 0x0000000704c00000| Untracked 
|  39|0x0000000704e00000, 0x0000000705000000, 0x0000000705000000|100%| O|  |TAMS 0x0000000704e00000| PB 0x0000000704e00000| Untracked 
|  40|0x0000000705000000, 0x0000000705000000, 0x0000000705200000|  0%| F|  |TAMS 0x0000000705000000| PB 0x0000000705000000| Untracked 
|  41|0x0000000705200000, 0x0000000705400000, 0x0000000705400000|100%| O|  |TAMS 0x0000000705200000| PB 0x0000000705200000| Untracked 
|  42|0x0000000705400000, 0x0000000705600000, 0x0000000705600000|100%| O|  |TAMS 0x0000000705400000| PB 0x0000000705400000| Untracked 
|  43|0x0000000705600000, 0x0000000705800000, 0x0000000705800000|100%| O|  |TAMS 0x0000000705600000| PB 0x0000000705600000| Untracked 
|  44|0x0000000705800000, 0x0000000705a00000, 0x0000000705a00000|100%| O|  |TAMS 0x0000000705800000| PB 0x0000000705800000| Untracked 
|  45|0x0000000705a00000, 0x0000000705c00000, 0x0000000705c00000|100%| O|  |TAMS 0x0000000705a00000| PB 0x0000000705a00000| Untracked 
|  46|0x0000000705c00000, 0x0000000705e00000, 0x0000000705e00000|100%| O|  |TAMS 0x0000000705c00000| PB 0x0000000705c00000| Untracked 
|  47|0x0000000705e00000, 0x0000000706000000, 0x0000000706000000|100%| O|  |TAMS 0x0000000705e00000| PB 0x0000000705e00000| Untracked 
|  48|0x0000000706000000, 0x00000007060f7498, 0x0000000706200000| 48%| O|  |TAMS 0x0000000706000000| PB 0x0000000706000000| Untracked 
|  49|0x0000000706200000, 0x0000000706400000, 0x0000000706400000|100%|HS|  |TAMS 0x0000000706200000| PB 0x0000000706200000| Complete 
|  50|0x0000000706400000, 0x0000000706600000, 0x0000000706600000|100%|HS|  |TAMS 0x0000000706400000| PB 0x0000000706400000| Complete 
|  51|0x0000000706600000, 0x0000000706800000, 0x0000000706800000|100%|HC|  |TAMS 0x0000000706600000| PB 0x0000000706600000| Complete 
|  52|0x0000000706800000, 0x0000000706a00000, 0x0000000706a00000|100%|HC|  |TAMS 0x0000000706800000| PB 0x0000000706800000| Complete 
|  53|0x0000000706a00000, 0x0000000706a00000, 0x0000000706c00000|  0%| F|  |TAMS 0x0000000706a00000| PB 0x0000000706a00000| Untracked 
|  54|0x0000000706c00000, 0x0000000706e00000, 0x0000000706e00000|100%| O|  |TAMS 0x0000000706c00000| PB 0x0000000706c00000| Untracked 
|  55|0x0000000706e00000, 0x0000000707000000, 0x0000000707000000|100%| O|  |TAMS 0x0000000706e00000| PB 0x0000000706e00000| Untracked 
|  56|0x0000000707000000, 0x0000000707000000, 0x0000000707200000|  0%| F|  |TAMS 0x0000000707000000| PB 0x0000000707000000| Untracked 
|  57|0x0000000707200000, 0x000000070728bda0, 0x0000000707400000| 27%| S|CS|TAMS 0x0000000707200000| PB 0x0000000707200000| Complete 
|  58|0x0000000707400000, 0x0000000707600000, 0x0000000707600000|100%| O|  |TAMS 0x0000000707400000| PB 0x0000000707400000| Untracked 
|  59|0x0000000707600000, 0x0000000707800000, 0x0000000707800000|100%| O|  |TAMS 0x0000000707600000| PB 0x0000000707600000| Untracked 
|  60|0x0000000707800000, 0x0000000707a00000, 0x0000000707a00000|100%| O|  |TAMS 0x0000000707800000| PB 0x0000000707800000| Untracked 
|  61|0x0000000707a00000, 0x0000000707c00000, 0x0000000707c00000|100%|HS|  |TAMS 0x0000000707a00000| PB 0x0000000707a00000| Complete 
|  62|0x0000000707c00000, 0x0000000707c00000, 0x0000000707e00000|  0%| F|  |TAMS 0x0000000707c00000| PB 0x0000000707c00000| Untracked 
|  63|0x0000000707e00000, 0x0000000708000000, 0x0000000708000000|100%| S|CS|TAMS 0x0000000707e00000| PB 0x0000000707e00000| Complete 
|  64|0x0000000708000000, 0x0000000708200000, 0x0000000708200000|100%| O|  |TAMS 0x0000000708000000| PB 0x0000000708000000| Untracked 
|  65|0x0000000708200000, 0x0000000708400000, 0x0000000708400000|100%| O|  |TAMS 0x0000000708200000| PB 0x0000000708200000| Untracked 
|  66|0x0000000708400000, 0x0000000708600000, 0x0000000708600000|100%| O|  |TAMS 0x0000000708400000| PB 0x0000000708400000| Untracked 
|  67|0x0000000708600000, 0x0000000708800000, 0x0000000708800000|100%| S|CS|TAMS 0x0000000708600000| PB 0x0000000708600000| Complete 
|  68|0x0000000708800000, 0x0000000708a00000, 0x0000000708a00000|100%| S|CS|TAMS 0x0000000708800000| PB 0x0000000708800000| Complete 
|  69|0x0000000708a00000, 0x0000000708a00000, 0x0000000708c00000|  0%| F|  |TAMS 0x0000000708a00000| PB 0x0000000708a00000| Untracked 
|  70|0x0000000708c00000, 0x0000000708e00000, 0x0000000708e00000|100%| O|  |TAMS 0x0000000708c00000| PB 0x0000000708c00000| Untracked 
|  71|0x0000000708e00000, 0x0000000709000000, 0x0000000709000000|100%| O|  |TAMS 0x0000000708e00000| PB 0x0000000708e00000| Untracked 
|  72|0x0000000709000000, 0x0000000709200000, 0x0000000709200000|100%| O|  |TAMS 0x0000000709000000| PB 0x0000000709000000| Untracked 
|  73|0x0000000709200000, 0x0000000709200000, 0x0000000709400000|  0%| F|  |TAMS 0x0000000709200000| PB 0x0000000709200000| Untracked 
|  74|0x0000000709400000, 0x0000000709600000, 0x0000000709600000|100%| S|CS|TAMS 0x0000000709400000| PB 0x0000000709400000| Complete 
|  75|0x0000000709600000, 0x0000000709800000, 0x0000000709800000|100%| S|CS|TAMS 0x0000000709600000| PB 0x0000000709600000| Complete 
|  76|0x0000000709800000, 0x0000000709800000, 0x0000000709a00000|  0%| F|  |TAMS 0x0000000709800000| PB 0x0000000709800000| Untracked 
|  77|0x0000000709a00000, 0x0000000709a00000, 0x0000000709c00000|  0%| F|  |TAMS 0x0000000709a00000| PB 0x0000000709a00000| Untracked 
|  78|0x0000000709c00000, 0x0000000709c00000, 0x0000000709e00000|  0%| F|  |TAMS 0x0000000709c00000| PB 0x0000000709c00000| Untracked 
|  79|0x0000000709e00000, 0x0000000709e00000, 0x000000070a000000|  0%| F|  |TAMS 0x0000000709e00000| PB 0x0000000709e00000| Untracked 
|  80|0x000000070a000000, 0x000000070a000000, 0x000000070a200000|  0%| F|  |TAMS 0x000000070a000000| PB 0x000000070a000000| Untracked 
|  81|0x000000070a200000, 0x000000070a400000, 0x000000070a400000|100%| O|  |TAMS 0x000000070a200000| PB 0x000000070a200000| Untracked 
|  82|0x000000070a400000, 0x000000070a400000, 0x000000070a600000|  0%| F|  |TAMS 0x000000070a400000| PB 0x000000070a400000| Untracked 
|  83|0x000000070a600000, 0x000000070a600000, 0x000000070a800000|  0%| F|  |TAMS 0x000000070a600000| PB 0x000000070a600000| Untracked 
|  84|0x000000070a800000, 0x000000070a800000, 0x000000070aa00000|  0%| F|  |TAMS 0x000000070a800000| PB 0x000000070a800000| Untracked 
|  85|0x000000070aa00000, 0x000000070aa00000, 0x000000070ac00000|  0%| F|  |TAMS 0x000000070aa00000| PB 0x000000070aa00000| Untracked 
|  86|0x000000070ac00000, 0x000000070ac00000, 0x000000070ae00000|  0%| F|  |TAMS 0x000000070ac00000| PB 0x000000070ac00000| Untracked 
|  87|0x000000070ae00000, 0x000000070ae00000, 0x000000070b000000|  0%| F|  |TAMS 0x000000070ae00000| PB 0x000000070ae00000| Untracked 
|  88|0x000000070b000000, 0x000000070b000000, 0x000000070b200000|  0%| F|  |TAMS 0x000000070b000000| PB 0x000000070b000000| Untracked 
|  89|0x000000070b200000, 0x000000070b200000, 0x000000070b400000|  0%| F|  |TAMS 0x000000070b200000| PB 0x000000070b200000| Untracked 
|  90|0x000000070b400000, 0x000000070b400000, 0x000000070b600000|  0%| F|  |TAMS 0x000000070b400000| PB 0x000000070b400000| Untracked 
|  91|0x000000070b600000, 0x000000070b600000, 0x000000070b800000|  0%| F|  |TAMS 0x000000070b600000| PB 0x000000070b600000| Untracked 
|  92|0x000000070b800000, 0x000000070b800000, 0x000000070ba00000|  0%| F|  |TAMS 0x000000070b800000| PB 0x000000070b800000| Untracked 
|  93|0x000000070ba00000, 0x000000070ba00000, 0x000000070bc00000|  0%| F|  |TAMS 0x000000070ba00000| PB 0x000000070ba00000| Untracked 
|  94|0x000000070bc00000, 0x000000070bc00000, 0x000000070be00000|  0%| F|  |TAMS 0x000000070bc00000| PB 0x000000070bc00000| Untracked 
|  95|0x000000070be00000, 0x000000070be00000, 0x000000070c000000|  0%| F|  |TAMS 0x000000070be00000| PB 0x000000070be00000| Untracked 
|  96|0x000000070c000000, 0x000000070c000000, 0x000000070c200000|  0%| F|  |TAMS 0x000000070c000000| PB 0x000000070c000000| Untracked 
|  97|0x000000070c200000, 0x000000070c200000, 0x000000070c400000|  0%| F|  |TAMS 0x000000070c200000| PB 0x000000070c200000| Untracked 
|  98|0x000000070c400000, 0x000000070c400000, 0x000000070c600000|  0%| F|  |TAMS 0x000000070c400000| PB 0x000000070c400000| Untracked 
|  99|0x000000070c600000, 0x000000070c600000, 0x000000070c800000|  0%| F|  |TAMS 0x000000070c600000| PB 0x000000070c600000| Untracked 
| 100|0x000000070c800000, 0x000000070c800000, 0x000000070ca00000|  0%| F|  |TAMS 0x000000070c800000| PB 0x000000070c800000| Untracked 
| 101|0x000000070ca00000, 0x000000070ca00000, 0x000000070cc00000|  0%| F|  |TAMS 0x000000070ca00000| PB 0x000000070ca00000| Untracked 
| 102|0x000000070cc00000, 0x000000070cc00000, 0x000000070ce00000|  0%| F|  |TAMS 0x000000070cc00000| PB 0x000000070cc00000| Untracked 
| 103|0x000000070ce00000, 0x000000070ce00000, 0x000000070d000000|  0%| F|  |TAMS 0x000000070ce00000| PB 0x000000070ce00000| Untracked 
| 104|0x000000070d000000, 0x000000070d000000, 0x000000070d200000|  0%| F|  |TAMS 0x000000070d000000| PB 0x000000070d000000| Untracked 
| 105|0x000000070d200000, 0x000000070d200000, 0x000000070d400000|  0%| F|  |TAMS 0x000000070d200000| PB 0x000000070d200000| Untracked 
| 106|0x000000070d400000, 0x000000070d400000, 0x000000070d600000|  0%| F|  |TAMS 0x000000070d400000| PB 0x000000070d400000| Untracked 
| 107|0x000000070d600000, 0x000000070d600000, 0x000000070d800000|  0%| F|  |TAMS 0x000000070d600000| PB 0x000000070d600000| Untracked 
| 108|0x000000070d800000, 0x000000070d800000, 0x000000070da00000|  0%| F|  |TAMS 0x000000070d800000| PB 0x000000070d800000| Untracked 
| 109|0x000000070da00000, 0x000000070da00000, 0x000000070dc00000|  0%| F|  |TAMS 0x000000070da00000| PB 0x000000070da00000| Untracked 
| 110|0x000000070dc00000, 0x000000070dc00000, 0x000000070de00000|  0%| F|  |TAMS 0x000000070dc00000| PB 0x000000070dc00000| Untracked 
| 111|0x000000070de00000, 0x000000070de00000, 0x000000070e000000|  0%| F|  |TAMS 0x000000070de00000| PB 0x000000070de00000| Untracked 
| 112|0x000000070e000000, 0x000000070e000000, 0x000000070e200000|  0%| F|  |TAMS 0x000000070e000000| PB 0x000000070e000000| Untracked 
| 113|0x000000070e200000, 0x000000070e200000, 0x000000070e400000|  0%| F|  |TAMS 0x000000070e200000| PB 0x000000070e200000| Untracked 
| 114|0x000000070e400000, 0x000000070e400000, 0x000000070e600000|  0%| F|  |TAMS 0x000000070e400000| PB 0x000000070e400000| Untracked 
| 115|0x000000070e600000, 0x000000070e600000, 0x000000070e800000|  0%| F|  |TAMS 0x000000070e600000| PB 0x000000070e600000| Untracked 
| 116|0x000000070e800000, 0x000000070e800000, 0x000000070ea00000|  0%| F|  |TAMS 0x000000070e800000| PB 0x000000070e800000| Untracked 
| 117|0x000000070ea00000, 0x000000070ea00000, 0x000000070ec00000|  0%| F|  |TAMS 0x000000070ea00000| PB 0x000000070ea00000| Untracked 
| 118|0x000000070ec00000, 0x000000070ec00000, 0x000000070ee00000|  0%| F|  |TAMS 0x000000070ec00000| PB 0x000000070ec00000| Untracked 
| 119|0x000000070ee00000, 0x000000070ee00000, 0x000000070f000000|  0%| F|  |TAMS 0x000000070ee00000| PB 0x000000070ee00000| Untracked 
| 120|0x000000070f000000, 0x000000070f000000, 0x000000070f200000|  0%| F|  |TAMS 0x000000070f000000| PB 0x000000070f000000| Untracked 
| 121|0x000000070f200000, 0x000000070f200000, 0x000000070f400000|  0%| F|  |TAMS 0x000000070f200000| PB 0x000000070f200000| Untracked 
| 122|0x000000070f400000, 0x000000070f400000, 0x000000070f600000|  0%| F|  |TAMS 0x000000070f400000| PB 0x000000070f400000| Untracked 
| 123|0x000000070f600000, 0x000000070f600000, 0x000000070f800000|  0%| F|  |TAMS 0x000000070f600000| PB 0x000000070f600000| Untracked 
| 124|0x000000070f800000, 0x000000070f920048, 0x000000070fa00000| 56%| E|  |TAMS 0x000000070f800000| PB 0x000000070f800000| Complete 
| 125|0x000000070fa00000, 0x000000070fc00000, 0x000000070fc00000|100%| E|CS|TAMS 0x000000070fa00000| PB 0x000000070fa00000| Complete 
| 126|0x000000070fc00000, 0x000000070fe00000, 0x000000070fe00000|100%| E|CS|TAMS 0x000000070fc00000| PB 0x000000070fc00000| Complete 
| 127|0x000000070fe00000, 0x0000000710000000, 0x0000000710000000|100%| E|CS|TAMS 0x000000070fe00000| PB 0x000000070fe00000| Complete 
| 128|0x0000000710000000, 0x0000000710200000, 0x0000000710200000|100%| E|CS|TAMS 0x0000000710000000| PB 0x0000000710000000| Complete 
| 129|0x0000000710200000, 0x0000000710400000, 0x0000000710400000|100%| E|CS|TAMS 0x0000000710200000| PB 0x0000000710200000| Complete 
| 130|0x0000000710400000, 0x0000000710600000, 0x0000000710600000|100%| E|  |TAMS 0x0000000710400000| PB 0x0000000710400000| Complete 
| 131|0x0000000710600000, 0x0000000710800000, 0x0000000710800000|100%| E|CS|TAMS 0x0000000710600000| PB 0x0000000710600000| Complete 
|2039|0x00000007fee00000, 0x00000007ff000000, 0x00000007ff000000|100%| E|CS|TAMS 0x00000007fee00000| PB 0x00000007fee00000| Complete 
|2040|0x00000007ff000000, 0x00000007ff200000, 0x00000007ff200000|100%| E|CS|TAMS 0x00000007ff000000| PB 0x00000007ff000000| Complete 
|2041|0x00000007ff200000, 0x00000007ff400000, 0x00000007ff400000|100%| E|CS|TAMS 0x00000007ff200000| PB 0x00000007ff200000| Complete 
|2042|0x00000007ff400000, 0x00000007ff600000, 0x00000007ff600000|100%| E|CS|TAMS 0x00000007ff400000| PB 0x00000007ff400000| Complete 
|2043|0x00000007ff600000, 0x00000007ff800000, 0x00000007ff800000|100%| E|CS|TAMS 0x00000007ff600000| PB 0x00000007ff600000| Complete 
|2044|0x00000007ff800000, 0x00000007ffa00000, 0x00000007ffa00000|100%| E|CS|TAMS 0x00000007ff800000| PB 0x00000007ff800000| Complete 
|2045|0x00000007ffa00000, 0x00000007ffc00000, 0x00000007ffc00000|100%| O|  |TAMS 0x00000007ffa00000| PB 0x00000007ffa00000| Untracked 
|2046|0x00000007ffc00000, 0x00000007ffe00000, 0x00000007ffe00000|100%| E|CS|TAMS 0x00000007ffc00000| PB 0x00000007ffc00000| Complete 
|2047|0x00000007ffe00000, 0x0000000800000000, 0x0000000800000000|100%| E|CS|TAMS 0x00000007ffe00000| PB 0x00000007ffe00000| Complete 

Card table byte_map: [0x000001b600000000,0x000001b600800000] _byte_map_base: 0x000001b5fc800000

Marking Bits: (CMBitMap*) 0x000001b6675393f0
 Bits: [0x000001b600800000, 0x000001b604800000)

Polling page: 0x000001b6654f0000

Metaspace:

Usage:
  Non-class:    134.82 MB used.
      Class:     20.03 MB used.
       Both:    154.85 MB used.

Virtual space:
  Non-class space:      192.00 MB reserved,     136.12 MB ( 71%) committed,  3 nodes.
      Class space:      416.00 MB reserved,      21.31 MB (  5%) committed,  1 nodes.
             Both:      608.00 MB reserved,     157.44 MB ( 26%) committed. 

Chunk freelists:
   Non-Class:  7.75 MB
       Class:  10.70 MB
        Both:  18.45 MB

MaxMetaspaceSize: 512.00 MB
CompressedClassSpaceSize: 416.00 MB
Initial GC threshold: 21.00 MB
Current GC threshold: 243.44 MB
CDS: on
 - commit_granule_bytes: 65536.
 - commit_granule_words: 8192.
 - virtual_space_node_default_size: 8388608.
 - enlarge_chunks_in_place: 1.
 - use_allocation_guard: 0.


Internal statistics:

num_allocs_failed_limit: 9.
num_arena_births: 4718.
num_arena_deaths: 0.
num_vsnodes_births: 4.
num_vsnodes_deaths: 0.
num_space_committed: 2517.
num_space_uncommitted: 0.
num_chunks_returned_to_freelist: 9.
num_chunks_taken_from_freelist: 11332.
num_chunk_merges: 3.
num_chunk_splits: 7945.
num_chunks_enlarged: 5616.
num_inconsistent_stats: 0.

CodeHeap 'non-profiled nmethods': size=120000Kb used=9964Kb max_used=9964Kb free=110036Kb
 bounds [0x000001b677690000, 0x000001b678050000, 0x000001b67ebc0000]
CodeHeap 'profiled nmethods': size=120000Kb used=32565Kb max_used=32565Kb free=87434Kb
 bounds [0x000001b66fbc0000, 0x000001b671b90000, 0x000001b6770f0000]
CodeHeap 'non-nmethods': size=5760Kb used=2525Kb max_used=2555Kb free=3234Kb
 bounds [0x000001b6770f0000, 0x000001b677380000, 0x000001b677690000]
 total_blobs=16741 nmethods=15589 adapters=1055
 compilation: enabled
              stopped_count=0, restarted_count=0
 full_count=0

Compilation events (20 events):
Event: 106.889 Thread 0x000001b606e1f6b0 17595       3       org.gradle.internal.collections.ImmutableFilteredList::<init> (15 bytes)
Event: 106.889 Thread 0x000001b606e1f6b0 nmethod 17595 0x000001b671b85410 code [0x000001b671b855c0, 0x000001b671b858b0]
Event: 106.889 Thread 0x000001b606e1f6b0 17597       1       org.gradle.internal.logging.events.ProgressCompleteEvent::getTimestamp (5 bytes)
Event: 106.889 Thread 0x000001b606e1f6b0 nmethod 17597 0x000001b678042810 code [0x000001b6780429a0, 0x000001b678042a68]
Event: 106.889 Thread 0x000001b606e1f6b0 17598       1       org.gradle.internal.logging.events.ProgressCompleteEvent::getStatus (5 bytes)
Event: 106.889 Thread 0x000001b606e1f6b0 nmethod 17598 0x000001b678042b10 code [0x000001b678042ca0, 0x000001b678042d70]
Event: 106.898 Thread 0x000001b606e1f6b0 17600       3       org.gradle.cache.internal.filelock.LockFileAccess::markDirty (21 bytes)
Event: 106.899 Thread 0x000001b606e1f6b0 nmethod 17600 0x000001b671b85a10 code [0x000001b671b85be0, 0x000001b671b85e20]
Event: 106.909 Thread 0x000001b606e1f6b0 17601       3       org.gradle.api.internal.file.collections.UnpackingVisitor$SingleFileResolvingFileCollection::getIntrinsicFiles (37 bytes)
Event: 106.910 Thread 0x000001b606e1f6b0 nmethod 17601 0x000001b671b85f90 code [0x000001b671b86200, 0x000001b671b86de0]
Event: 106.911 Thread 0x000001b606e1f6b0 17603       3       org.gradle.internal.logging.slf4j.BuildOperationAwareLogger::debug (18 bytes)
Event: 106.911 Thread 0x000001b606e1f6b0 nmethod 17603 0x000001b671b87190 code [0x000001b671b87360, 0x000001b671b876a0]
Event: 106.912 Thread 0x000001b606e1f6b0 17602       3       org.gradle.api.internal.file.collections.UnpackingVisitor$SingleFileResolvingFileCollection::<init> (18 bytes)
Event: 106.913 Thread 0x000001b606e1f6b0 nmethod 17602 0x000001b671b87810 code [0x000001b671b879e0, 0x000001b671b87d90]
Event: 106.917 Thread 0x000001b606e1f6b0 17604   !   3       org.gradle.internal.serialize.kryo.KryoBackedDecoder::readSmallInt (16 bytes)
Event: 106.918 Thread 0x000001b606e1f6b0 nmethod 17604 0x000001b671b87f10 code [0x000001b671b88120, 0x000001b671b886b0]
Event: 106.935 Thread 0x000001b606e1f6b0 17605   !   3       org.gradle.internal.serialize.kryo.KryoBackedDecoder::readBytes (23 bytes)
Event: 106.936 Thread 0x000001b606e1f6b0 nmethod 17605 0x000001b671b88910 code [0x000001b671b88b20, 0x000001b671b89038]
Event: 106.940 Thread 0x000001b606e1f6b0 17606       2       org.gradle.tooling.internal.provider.runner.ClientBuildEventGenerator$Disabled::accept (20 bytes)
Event: 106.941 Thread 0x000001b606e1f6b0 nmethod 17606 0x000001b671b89290 code [0x000001b671b89440, 0x000001b671b895c0]

GC Heap History (20 events):
Event: 14.696 GC heap before
{Heap before GC invocations=37 (full 0):
 garbage-first heap   total 235520K, used 209218K [0x0000000700000000, 0x0000000800000000)
  region size 2048K, 33 young (67584K), 5 survivors (10240K)
 Metaspace       used 131429K, committed 133696K, reserved 557056K
  class space    used 17004K, committed 18112K, reserved 425984K
}
Event: 14.702 GC heap after
{Heap after GC invocations=38 (full 0):
 garbage-first heap   total 235520K, used 154395K [0x0000000700000000, 0x0000000800000000)
  region size 2048K, 4 young (8192K), 4 survivors (8192K)
 Metaspace       used 131429K, committed 133696K, reserved 557056K
  class space    used 17004K, committed 18112K, reserved 425984K
}
Event: 15.319 GC heap before
{Heap before GC invocations=39 (full 0):
 garbage-first heap   total 235520K, used 195355K [0x0000000700000000, 0x0000000800000000)
  region size 2048K, 32 young (65536K), 4 survivors (8192K)
 Metaspace       used 132623K, committed 134848K, reserved 557056K
  class space    used 17153K, committed 18240K, reserved 425984K
}
Event: 15.331 GC heap after
{Heap after GC invocations=40 (full 0):
 garbage-first heap   total 235520K, used 152524K [0x0000000700000000, 0x0000000800000000)
  region size 2048K, 4 young (8192K), 4 survivors (8192K)
 Metaspace       used 132623K, committed 134848K, reserved 557056K
  class space    used 17153K, committed 18240K, reserved 425984K
}
Event: 15.408 GC heap before
{Heap before GC invocations=40 (full 0):
 garbage-first heap   total 235520K, used 205772K [0x0000000700000000, 0x0000000800000000)
  region size 2048K, 30 young (61440K), 4 survivors (8192K)
 Metaspace       used 132651K, committed 134848K, reserved 557056K
  class space    used 17153K, committed 18240K, reserved 425984K
}
Event: 15.419 GC heap after
{Heap after GC invocations=41 (full 0):
 garbage-first heap   total 288768K, used 152768K [0x0000000700000000, 0x0000000800000000)
  region size 2048K, 4 young (8192K), 4 survivors (8192K)
 Metaspace       used 132651K, committed 134848K, reserved 557056K
  class space    used 17153K, committed 18240K, reserved 425984K
}
Event: 15.999 GC heap before
{Heap before GC invocations=41 (full 0):
 garbage-first heap   total 288768K, used 234688K [0x0000000700000000, 0x0000000800000000)
  region size 2048K, 45 young (92160K), 4 survivors (8192K)
 Metaspace       used 133127K, committed 135360K, reserved 557056K
  class space    used 17177K, committed 18304K, reserved 425984K
}
Event: 16.015 GC heap after
{Heap after GC invocations=42 (full 0):
 garbage-first heap   total 288768K, used 167372K [0x0000000700000000, 0x0000000800000000)
  region size 2048K, 6 young (12288K), 6 survivors (12288K)
 Metaspace       used 133127K, committed 135360K, reserved 557056K
  class space    used 17177K, committed 18304K, reserved 425984K
}
Event: 17.385 GC heap before
{Heap before GC invocations=42 (full 0):
 garbage-first heap   total 288768K, used 237004K [0x0000000700000000, 0x0000000800000000)
  region size 2048K, 40 young (81920K), 6 survivors (12288K)
 Metaspace       used 137621K, committed 139840K, reserved 557056K
  class space    used 17522K, committed 18624K, reserved 425984K
}
Event: 17.396 GC heap after
{Heap after GC invocations=43 (full 0):
 garbage-first heap   total 288768K, used 180769K [0x0000000700000000, 0x0000000800000000)
  region size 2048K, 5 young (10240K), 5 survivors (10240K)
 Metaspace       used 137621K, committed 139840K, reserved 557056K
  class space    used 17522K, committed 18624K, reserved 425984K
}
Event: 18.119 GC heap before
{Heap before GC invocations=43 (full 0):
 garbage-first heap   total 288768K, used 244257K [0x0000000700000000, 0x0000000800000000)
  region size 2048K, 36 young (73728K), 5 survivors (10240K)
 Metaspace       used 142252K, committed 144640K, reserved 557056K
  class space    used 18224K, committed 19392K, reserved 425984K
}
Event: 18.128 GC heap after
{Heap after GC invocations=44 (full 0):
 garbage-first heap   total 288768K, used 183999K [0x0000000700000000, 0x0000000800000000)
  region size 2048K, 2 young (4096K), 2 survivors (4096K)
 Metaspace       used 142252K, committed 144640K, reserved 557056K
  class space    used 18224K, committed 19392K, reserved 425984K
}
Event: 18.938 GC heap before
{Heap before GC invocations=44 (full 0):
 garbage-first heap   total 288768K, used 249535K [0x0000000700000000, 0x0000000800000000)
  region size 2048K, 34 young (69632K), 2 survivors (4096K)
 Metaspace       used 146942K, committed 149440K, reserved 557056K
  class space    used 18976K, committed 20224K, reserved 425984K
}
Event: 18.943 GC heap after
{Heap after GC invocations=45 (full 0):
 garbage-first heap   total 288768K, used 186634K [0x0000000700000000, 0x0000000800000000)
  region size 2048K, 3 young (6144K), 3 survivors (6144K)
 Metaspace       used 146942K, committed 149440K, reserved 557056K
  class space    used 18976K, committed 20224K, reserved 425984K
}
Event: 19.868 GC heap before
{Heap before GC invocations=46 (full 0):
 garbage-first heap   total 288768K, used 225546K [0x0000000700000000, 0x0000000800000000)
  region size 2048K, 37 young (75776K), 3 survivors (6144K)
 Metaspace       used 152244K, committed 154752K, reserved 622592K
  class space    used 19710K, committed 20992K, reserved 425984K
}
Event: 19.876 GC heap after
{Heap after GC invocations=47 (full 0):
 garbage-first heap   total 288768K, used 163490K [0x0000000700000000, 0x0000000800000000)
  region size 2048K, 5 young (10240K), 5 survivors (10240K)
 Metaspace       used 152244K, committed 154752K, reserved 622592K
  class space    used 19710K, committed 20992K, reserved 425984K
}
Event: 20.725 GC heap before
{Heap before GC invocations=47 (full 0):
 garbage-first heap   total 288768K, used 251554K [0x0000000700000000, 0x0000000800000000)
  region size 2048K, 49 young (100352K), 5 survivors (10240K)
 Metaspace       used 152465K, committed 154944K, reserved 622592K
  class space    used 19729K, committed 20992K, reserved 425984K
}
Event: 20.734 GC heap after
{Heap after GC invocations=48 (full 0):
 garbage-first heap   total 288768K, used 138046K [0x0000000700000000, 0x0000000800000000)
  region size 2048K, 6 young (12288K), 6 survivors (12288K)
 Metaspace       used 152465K, committed 154944K, reserved 622592K
  class space    used 19729K, committed 20992K, reserved 425984K
}
Event: 105.969 GC heap before
{Heap before GC invocations=48 (full 0):
 garbage-first heap   total 288768K, used 254782K [0x0000000700000000, 0x0000000800000000)
  region size 2048K, 60 young (122880K), 6 survivors (12288K)
 Metaspace       used 156570K, committed 159168K, reserved 622592K
  class space    used 20187K, committed 21504K, reserved 425984K
}
Event: 106.000 GC heap after
{Heap after GC invocations=49 (full 0):
 garbage-first heap   total 288768K, used 132620K [0x0000000700000000, 0x0000000800000000)
  region size 2048K, 6 young (12288K), 6 survivors (12288K)
 Metaspace       used 156570K, committed 159168K, reserved 622592K
  class space    used 20187K, committed 21504K, reserved 425984K
}

Dll operation events (15 events):
Event: 0.007 Loaded shared library C:\Users\Manohar Badri\.gradle\jdks\eclipse_adoptium-21-amd64-windows.2\bin\java.dll
Event: 0.036 Loaded shared library C:\Users\Manohar Badri\.gradle\jdks\eclipse_adoptium-21-amd64-windows.2\bin\jsvml.dll
Event: 0.062 Loaded shared library C:\Users\Manohar Badri\.gradle\jdks\eclipse_adoptium-21-amd64-windows.2\bin\zip.dll
Event: 0.064 Loaded shared library C:\Users\Manohar Badri\.gradle\jdks\eclipse_adoptium-21-amd64-windows.2\bin\instrument.dll
Event: 0.067 Loaded shared library C:\Users\Manohar Badri\.gradle\jdks\eclipse_adoptium-21-amd64-windows.2\bin\net.dll
Event: 0.068 Loaded shared library C:\Users\Manohar Badri\.gradle\jdks\eclipse_adoptium-21-amd64-windows.2\bin\nio.dll
Event: 0.070 Loaded shared library C:\Users\Manohar Badri\.gradle\jdks\eclipse_adoptium-21-amd64-windows.2\bin\zip.dll
Event: 0.160 Loaded shared library C:\Users\Manohar Badri\.gradle\jdks\eclipse_adoptium-21-amd64-windows.2\bin\jimage.dll
Event: 0.304 Loaded shared library C:\Users\Manohar Badri\.gradle\jdks\eclipse_adoptium-21-amd64-windows.2\bin\verify.dll
Event: 0.327 Loaded shared library C:\Users\Manohar Badri\.gradle\native\660c5614fbf4a5f2a75b1949f50a0caf5cd603558e7d8a26e50b933a0cfb79d1\windows-amd64\native-platform.dll
Event: 0.339 Loaded shared library C:\Users\Manohar Badri\.gradle\native\0.2.8\x86_64-windows-gnu\gradle-fileevents.dll
Event: 1.005 Loaded shared library C:\Users\Manohar Badri\.gradle\jdks\eclipse_adoptium-21-amd64-windows.2\bin\management.dll
Event: 1.007 Loaded shared library C:\Users\Manohar Badri\.gradle\jdks\eclipse_adoptium-21-amd64-windows.2\bin\management_ext.dll
Event: 1.101 Loaded shared library C:\Users\Manohar Badri\.gradle\jdks\eclipse_adoptium-21-amd64-windows.2\bin\extnet.dll
Event: 1.254 Loaded shared library C:\Users\Manohar Badri\.gradle\jdks\eclipse_adoptium-21-amd64-windows.2\bin\sunmscapi.dll

Deoptimization events (20 events):
Event: 106.722 Thread 0x000001b64d167180 Uncommon trap: trap_request=0xffffff45 fr.pc=0x000001b677bca748 relative=0x0000000000000828
Event: 106.722 Thread 0x000001b64d167180 Uncommon trap: reason=unstable_if action=reinterpret pc=0x000001b677bca748 method=org.objectweb.asm.MethodWriter.visitInsn(I)V @ 100 c2
Event: 106.722 Thread 0x000001b64d167180 DEOPT PACKING pc=0x000001b677bca748 sp=0x00000054995fde80
Event: 106.722 Thread 0x000001b64d167180 DEOPT UNPACKING pc=0x000001b6771446a2 sp=0x00000054995fde60 mode 2
Event: 106.722 Thread 0x000001b64d167180 Uncommon trap: trap_request=0xffffff45 fr.pc=0x000001b677c46510 relative=0x0000000000000390
Event: 106.722 Thread 0x000001b64d167180 Uncommon trap: reason=unstable_if action=reinterpret pc=0x000001b677c46510 method=org.objectweb.asm.MethodWriter.visitFieldInsn(ILjava/lang/String;Ljava/lang/String;Ljava/lang/String;)V @ 91 c2
Event: 106.722 Thread 0x000001b64d167180 DEOPT PACKING pc=0x000001b677c46510 sp=0x00000054995fde70
Event: 106.722 Thread 0x000001b64d167180 DEOPT UNPACKING pc=0x000001b6771446a2 sp=0x00000054995fde28 mode 2
Event: 106.870 Thread 0x000001b6279f6f70 Uncommon trap: trap_request=0xffffffde fr.pc=0x000001b6778f7b0c relative=0x00000000000000cc
Event: 106.870 Thread 0x000001b6279f6f70 Uncommon trap: reason=class_check action=maybe_recompile pc=0x000001b6778f7b0c method=java.lang.invoke.MethodHandle.setVarargs(Ljava/lang/invoke/MemberName;)Ljava/lang/invoke/MethodHandle; @ 11 c2
Event: 106.870 Thread 0x000001b6279f6f70 DEOPT PACKING pc=0x000001b6778f7b0c sp=0x00000054971f5060
Event: 106.870 Thread 0x000001b6279f6f70 DEOPT UNPACKING pc=0x000001b6771446a2 sp=0x00000054971f4fe0 mode 2
Event: 106.973 Thread 0x000001b6279f6f70 Uncommon trap: trap_request=0xffffffde fr.pc=0x000001b677f3ff5c relative=0x000000000000405c
Event: 106.973 Thread 0x000001b6279f6f70 Uncommon trap: reason=class_check action=maybe_recompile pc=0x000001b677f3ff5c method=org.gradle.internal.fingerprint.classpath.impl.ClasspathFingerprintingStrategy$ClasspathFingerprintingVisitor.hashContent(Lorg/gradle/internal/snapshot/RegularFileSnapsh
Event: 106.973 Thread 0x000001b6279f6f70 DEOPT PACKING pc=0x000001b677f3ff5c sp=0x00000054971f8c00
Event: 106.973 Thread 0x000001b6279f6f70 DEOPT UNPACKING pc=0x000001b6771446a2 sp=0x00000054971f8a90 mode 2
Event: 106.973 Thread 0x000001b6279f6f70 Uncommon trap: trap_request=0xffffffde fr.pc=0x000001b677f3ff5c relative=0x000000000000405c
Event: 106.973 Thread 0x000001b6279f6f70 Uncommon trap: reason=class_check action=maybe_recompile pc=0x000001b677f3ff5c method=org.gradle.internal.fingerprint.classpath.impl.ClasspathFingerprintingStrategy$ClasspathFingerprintingVisitor.hashContent(Lorg/gradle/internal/snapshot/RegularFileSnapsh
Event: 106.973 Thread 0x000001b6279f6f70 DEOPT PACKING pc=0x000001b677f3ff5c sp=0x00000054971f8c00
Event: 106.973 Thread 0x000001b6279f6f70 DEOPT UNPACKING pc=0x000001b6771446a2 sp=0x00000054971f8a90 mode 2

Classes loaded (20 events):
Event: 106.666 Loading class java/lang/BooleanBeanInfo
Event: 106.666 Loading class java/lang/BooleanBeanInfo done
Event: 106.666 Loading class java/lang/BooleanBeanInfo
Event: 106.666 Loading class java/lang/BooleanBeanInfo done
Event: 106.666 Loading class java/lang/BooleanCustomizer
Event: 106.666 Loading class java/lang/BooleanCustomizer done
Event: 106.666 Loading class java/lang/BooleanCustomizer
Event: 106.666 Loading class java/lang/BooleanCustomizer done
Event: 106.666 Loading class jdk/internal/ValueBased
Event: 106.666 Loading class jdk/internal/ValueBased done
Event: 106.678 Loading class sun/reflect/generics/reflectiveObjects/GenericArrayTypeImpl
Event: 106.678 Loading class sun/reflect/generics/reflectiveObjects/GenericArrayTypeImpl done
Event: 106.680 Loading class com/sun/beans/finder/MethodFinder
Event: 106.681 Loading class com/sun/beans/finder/AbstractFinder
Event: 106.681 Loading class com/sun/beans/finder/AbstractFinder done
Event: 106.681 Loading class com/sun/beans/finder/MethodFinder done
Event: 106.681 Loading class com/sun/beans/finder/MethodFinder$1
Event: 106.681 Loading class com/sun/beans/finder/MethodFinder$1 done
Event: 106.681 Loading class com/sun/beans/finder/FinderUtils
Event: 106.681 Loading class com/sun/beans/finder/FinderUtils done

Classes unloaded (0 events):
No events

Classes redefined (0 events):
No events

Internal exceptions (20 events):
Event: 106.680 Thread 0x000001b6279f6f70 Exception <a 'java/lang/ClassNotFoundException'{0x0000000710367108}: groovy/lang/Closure$1Customizer> (0x0000000710367108) 
thrown [s\src\hotspot\share\classfile\systemDictionary.cpp, line 312]
Event: 106.717 Thread 0x000001b64d167180 Exception <a 'sun/nio/fs/WindowsException'{0x0000000710051500}> (0x0000000710051500) 
thrown [s\src\hotspot\share\prims\jni.cpp, line 520]
Event: 106.718 Thread 0x000001b64d167180 Exception <a 'sun/nio/fs/WindowsException'{0x0000000710051e78}> (0x0000000710051e78) 
thrown [s\src\hotspot\share\prims\jni.cpp, line 520]
Event: 106.723 Thread 0x000001b64d167180 Exception <a 'sun/nio/fs/WindowsException'{0x0000000710070828}> (0x0000000710070828) 
thrown [s\src\hotspot\share\prims\jni.cpp, line 520]
Event: 106.726 Thread 0x000001b64d167180 Exception <a 'sun/nio/fs/WindowsException'{0x000000071007eac0}> (0x000000071007eac0) 
thrown [s\src\hotspot\share\prims\jni.cpp, line 520]
Event: 106.730 Thread 0x000001b64d167180 Exception <a 'sun/nio/fs/WindowsException'{0x0000000710087e40}> (0x0000000710087e40) 
thrown [s\src\hotspot\share\prims\jni.cpp, line 520]
Event: 106.745 Thread 0x000001b6279f6f70 Exception <a 'java/lang/ClassNotFoundException'{0x00000007100c76e0}: sync_studio_tooling40809_1r3s2joovqene5eiflubl5dktBeanInfo> (0x00000007100c76e0) 
thrown [s\src\hotspot\share\classfile\systemDictionary.cpp, line 312]
Event: 106.745 Thread 0x000001b6279f6f70 Exception <a 'java/lang/ClassNotFoundException'{0x00000007100d10e8}: sync_studio_tooling40809_1r3s2joovqene5eiflubl5dktCustomizer> (0x00000007100d10e8) 
thrown [s\src\hotspot\share\classfile\systemDictionary.cpp, line 312]
Event: 106.754 Thread 0x000001b6279f6f70 Exception <a 'java/lang/ClassNotFoundException'{0x0000000710127478}: org/gradle/internal/metaobject/ConfigureDelegateBeanInfo> (0x0000000710127478) 
thrown [s\src\hotspot\share\classfile\systemDictionary.cpp, line 312]
Event: 106.754 Thread 0x000001b6279f6f70 Exception <a 'java/lang/ClassNotFoundException'{0x000000071013e1b0}: org/gradle/internal/metaobject/ConfigureDelegateCustomizer> (0x000000071013e1b0) 
thrown [s\src\hotspot\share\classfile\systemDictionary.cpp, line 312]
Event: 106.773 Thread 0x000001b6279f6f70 Exception <a 'java/lang/ClassNotFoundException'{0x00000007101e05a0}: org/gradle/api/internal/initialization/DefaultScriptHandler_DecoratedBeanInfo> (0x00000007101e05a0) 
thrown [s\src\hotspot\share\classfile\systemDictionary.cpp, line 312]
Event: 106.774 Thread 0x000001b6279f6f70 Exception <a 'java/lang/ClassNotFoundException'{0x00000007101f84e8}: org/gradle/api/internal/initialization/DefaultScriptHandlerBeanInfo> (0x00000007101f84e8) 
thrown [s\src\hotspot\share\classfile\systemDictionary.cpp, line 312]
Event: 106.775 Thread 0x000001b6279f6f70 Exception <a 'java/lang/ClassNotFoundException'{0x000000070fe10638}: org/gradle/api/internal/initialization/DefaultScriptHandlerCustomizer> (0x000000070fe10638) 
thrown [s\src\hotspot\share\classfile\systemDictionary.cpp, line 312]
Event: 106.776 Thread 0x000001b6279f6f70 Exception <a 'java/lang/ClassNotFoundException'{0x000000070fe3a198}: org/gradle/api/internal/initialization/DefaultScriptHandler_DecoratedCustomizer> (0x000000070fe3a198) 
thrown [s\src\hotspot\share\classfile\systemDictionary.cpp, line 312]
Event: 106.845 Thread 0x000001b6279f6f70 Exception <a 'java/lang/ClassNotFoundException'{0x000000070fff4cf8}: org/gradle/api/internal/artifacts/dsl/dependencies/DefaultDependencyHandler_DecoratedBeanInfo> (0x000000070fff4cf8) 
thrown [s\src\hotspot\share\classfile\systemDictionary.cpp, line 312]
Event: 106.846 Thread 0x000001b6279f6f70 Exception <a 'java/lang/ClassNotFoundException'{0x000000070fc15318}: org/gradle/api/internal/artifacts/dsl/dependencies/DefaultDependencyHandlerBeanInfo> (0x000000070fc15318) 
thrown [s\src\hotspot\share\classfile\systemDictionary.cpp, line 312]
Event: 106.847 Thread 0x000001b6279f6f70 Exception <a 'java/lang/ClassNotFoundException'{0x000000070fc358e8}: org/gradle/api/internal/artifacts/dsl/dependencies/DefaultDependencyHandlerCustomizer> (0x000000070fc358e8) 
thrown [s\src\hotspot\share\classfile\systemDictionary.cpp, line 312]
Event: 106.856 Thread 0x000001b6279f6f70 Exception <a 'java/lang/ClassNotFoundException'{0x000000070fc8b038}: org/gradle/api/internal/artifacts/dsl/dependencies/DefaultDependencyHandler_DecoratedCustomizer> (0x000000070fc8b038) 
thrown [s\src\hotspot\share\classfile\systemDictionary.cpp, line 312]
Event: 106.864 Thread 0x000001b6279f6f70 Exception <a 'java/lang/ClassNotFoundException'{0x000000070fcc2f80}: sync_studio_tooling40809_1r3s2joovqene5eiflubl5dkt$_run_closure1BeanInfo> (0x000000070fcc2f80) 
thrown [s\src\hotspot\share\classfile\systemDictionary.cpp, line 312]
Event: 106.864 Thread 0x000001b6279f6f70 Exception <a 'java/lang/ClassNotFoundException'{0x000000070fccb1b0}: sync_studio_tooling40809_1r3s2joovqene5eiflubl5dkt$_run_closure1Customizer> (0x000000070fccb1b0) 
thrown [s\src\hotspot\share\classfile\systemDictionary.cpp, line 312]

ZGC Phase Switch (0 events):
No events

VM Operations (20 events):
Event: 105.606 Executing VM operation: Cleanup
Event: 105.607 Executing VM operation: Cleanup done
Event: 105.969 Executing VM operation: G1CollectForAllocation (G1 Evacuation Pause)
Event: 106.000 Executing VM operation: G1CollectForAllocation (G1 Evacuation Pause) done
Event: 106.498 Executing VM operation: HandshakeAllThreads (Deoptimize)
Event: 106.498 Executing VM operation: HandshakeAllThreads (Deoptimize) done
Event: 106.563 Executing VM operation: HandshakeAllThreads (Deoptimize)
Event: 106.563 Executing VM operation: HandshakeAllThreads (Deoptimize) done
Event: 106.568 Executing VM operation: HandshakeAllThreads (Deoptimize)
Event: 106.568 Executing VM operation: HandshakeAllThreads (Deoptimize) done
Event: 106.570 Executing VM operation: HandshakeAllThreads (Deoptimize)
Event: 106.570 Executing VM operation: HandshakeAllThreads (Deoptimize) done
Event: 106.710 Executing VM operation: HandshakeAllThreads (Deoptimize)
Event: 106.710 Executing VM operation: HandshakeAllThreads (Deoptimize) done
Event: 106.714 Executing VM operation: HandshakeAllThreads (Deoptimize)
Event: 106.714 Executing VM operation: HandshakeAllThreads (Deoptimize) done
Event: 106.729 Executing VM operation: ICBufferFull
Event: 106.729 Executing VM operation: ICBufferFull done
Event: 106.893 Executing VM operation: HandshakeAllThreads (Deoptimize)
Event: 106.893 Executing VM operation: HandshakeAllThreads (Deoptimize) done

Memory protections (0 events):
No events

Nmethod flushes (20 events):
Event: 18.987 Thread 0x000001b606df4640 flushing  nmethod 0x000001b67054de90
Event: 18.987 Thread 0x000001b606df4640 flushing  nmethod 0x000001b67054e990
Event: 18.987 Thread 0x000001b606df4640 flushing  nmethod 0x000001b6705ef090
Event: 18.987 Thread 0x000001b606df4640 flushing  nmethod 0x000001b670627b10
Event: 18.987 Thread 0x000001b606df4640 flushing  nmethod 0x000001b67062ad10
Event: 18.987 Thread 0x000001b606df4640 flushing  nmethod 0x000001b6706a8290
Event: 18.987 Thread 0x000001b606df4640 flushing  nmethod 0x000001b66fbf2390
Event: 18.987 Thread 0x000001b606df4640 flushing  nmethod 0x000001b66fc12790
Event: 18.987 Thread 0x000001b606df4640 flushing  nmethod 0x000001b6702eda10
Event: 18.987 Thread 0x000001b606df4640 flushing  nmethod 0x000001b6702ede90
Event: 18.987 Thread 0x000001b606df4640 flushing  nmethod 0x000001b670d5e190
Event: 18.987 Thread 0x000001b606df4640 flushing  nmethod 0x000001b670d5fe10
Event: 18.987 Thread 0x000001b606df4640 flushing  nmethod 0x000001b670d60390
Event: 18.987 Thread 0x000001b606df4640 flushing  nmethod 0x000001b670d60790
Event: 18.987 Thread 0x000001b606df4640 flushing  nmethod 0x000001b670d62e10
Event: 18.987 Thread 0x000001b606df4640 flushing osr nmethod 0x000001b670d64e90
Event: 18.987 Thread 0x000001b606df4640 flushing  nmethod 0x000001b670d65c10
Event: 18.987 Thread 0x000001b606df4640 flushing  nmethod 0x000001b670d67090
Event: 18.987 Thread 0x000001b606df4640 flushing  nmethod 0x000001b670d67610
Event: 18.987 Thread 0x000001b606df4640 flushing  nmethod 0x000001b670d6a490

Events (20 events):
Event: 105.615 Thread 0x000001b6279f6f70 Thread added: 0x000001b6279f9040
Event: 105.615 Thread 0x000001b6279f6f70 Thread added: 0x000001b6279fa3f0
Event: 105.616 Thread 0x000001b6279f6f70 Thread added: 0x000001b6279f7c90
Event: 105.616 Thread 0x000001b6279f6f70 Thread added: 0x000001b6279f96d0
Event: 105.616 Thread 0x000001b6279f6f70 Thread added: 0x000001b6279f8320
Event: 105.616 Thread 0x000001b6279f6f70 Thread added: 0x000001b64d168530
Event: 105.616 Thread 0x000001b6279f6f70 Thread added: 0x000001b64d1698e0
Event: 105.616 Thread 0x000001b6279f6f70 Thread added: 0x000001b64d169f70
Event: 105.617 Thread 0x000001b6279f6f70 Thread added: 0x000001b64d166af0
Event: 105.617 Thread 0x000001b6279f6f70 Thread added: 0x000001b64d167180
Event: 105.618 Thread 0x000001b6279f6f70 Thread added: 0x000001b64d16a600
Event: 105.618 Thread 0x000001b6279f6f70 Thread added: 0x000001b64d16ac90
Event: 106.393 Thread 0x000001b6279f6f70 Thread added: 0x000001b64d16b320
Event: 106.408 Thread 0x000001b6279f6f70 Thread added: 0x000001b64d167ea0
Event: 106.416 Thread 0x000001b6279f6f70 Thread added: 0x000001b64d16b9b0
Event: 106.603 Thread 0x000001b606e1f6b0 Thread added: 0x000001b64bc48bc0
Event: 106.897 Thread 0x000001b6279f6f70 Thread added: 0x000001b64d16da80
Event: 106.898 Thread 0x000001b6279f6f70 Thread added: 0x000001b64d16c6d0
Event: 106.911 Thread 0x000001b6279f6f70 Thread added: 0x000001b64d16cd60
Event: 106.913 Thread 0x000001b6279f6f70 Thread added: 0x000001b64d16d3f0


Dynamic libraries:
0x00007ff78f4b0000 - 0x00007ff78f4be000 	C:\Users\Manohar Badri\.gradle\jdks\eclipse_adoptium-21-amd64-windows.2\bin\java.exe
0x00007ffe4bc20000 - 0x00007ffe4be86000 	C:\WINDOWS\SYSTEM32\ntdll.dll
0x00007ffe49d00000 - 0x00007ffe49dc9000 	C:\WINDOWS\System32\KERNEL32.DLL
0x00007ffe48f60000 - 0x00007ffe4935a000 	C:\WINDOWS\System32\KERNELBASE.dll
0x00007ffe49780000 - 0x00007ffe498cc000 	C:\WINDOWS\System32\ucrtbase.dll
0x00007ffe1b280000 - 0x00007ffe1b29e000 	C:\Users\Manohar Badri\.gradle\jdks\eclipse_adoptium-21-amd64-windows.2\bin\VCRUNTIME140.dll
0x00007ffe1afc0000 - 0x00007ffe1afd8000 	C:\Users\Manohar Badri\.gradle\jdks\eclipse_adoptium-21-amd64-windows.2\bin\jli.dll
0x00007ffe4b4c0000 - 0x00007ffe4b687000 	C:\WINDOWS\System32\USER32.dll
0x00007ffe495d0000 - 0x00007ffe495f7000 	C:\WINDOWS\System32\win32u.dll
0x00007ffe25190000 - 0x00007ffe25422000 	C:\WINDOWS\WinSxS\amd64_microsoft.windows.common-controls_6595b64144ccf1df_6.0.26100.8521_none_3e08b75ce33403b3\COMCTL32.dll
0x00007ffe49b60000 - 0x00007ffe49b8b000 	C:\WINDOWS\System32\GDI32.dll
0x00007ffe4a360000 - 0x00007ffe4a409000 	C:\WINDOWS\System32\msvcrt.dll
0x00007ffe493f0000 - 0x00007ffe4951b000 	C:\WINDOWS\System32\gdi32full.dll
0x00007ffe48eb0000 - 0x00007ffe48f53000 	C:\WINDOWS\System32\msvcp_win.dll
0x00007ffe4b480000 - 0x00007ffe4b4b2000 	C:\WINDOWS\System32\IMM32.DLL
0x00007ffe25790000 - 0x00007ffe2579c000 	C:\Users\Manohar Badri\.gradle\jdks\eclipse_adoptium-21-amd64-windows.2\bin\vcruntime140_1.dll
0x00007ffe0f910000 - 0x00007ffe0f99d000 	C:\Users\Manohar Badri\.gradle\jdks\eclipse_adoptium-21-amd64-windows.2\bin\msvcp140.dll
0x00007ffd9d190000 - 0x00007ffd9df20000 	C:\Users\Manohar Badri\.gradle\jdks\eclipse_adoptium-21-amd64-windows.2\bin\server\jvm.dll
0x00007ffe4a410000 - 0x00007ffe4a4c6000 	C:\WINDOWS\System32\ADVAPI32.dll
0x00007ffe4b850000 - 0x00007ffe4b8fa000 	C:\WINDOWS\System32\sechost.dll
0x00007ffe49a30000 - 0x00007ffe49b48000 	C:\WINDOWS\System32\RPCRT4.dll
0x00007ffe4b900000 - 0x00007ffe4b980000 	C:\WINDOWS\System32\WS2_32.dll
0x00007ffe402e0000 - 0x00007ffe40316000 	C:\WINDOWS\SYSTEM32\WINMM.dll
0x00007ffe48d10000 - 0x00007ffe48d6e000 	C:\WINDOWS\SYSTEM32\POWRPROF.dll
0x00007ffe36c60000 - 0x00007ffe36c6b000 	C:\WINDOWS\SYSTEM32\VERSION.dll
0x00007ffe48cf0000 - 0x00007ffe48d04000 	C:\WINDOWS\SYSTEM32\UMPDC.dll
0x00007ffe47c40000 - 0x00007ffe47c5b000 	C:\WINDOWS\SYSTEM32\kernel.appcore.dll
0x00007ffe25020000 - 0x00007ffe2502a000 	C:\Users\Manohar Badri\.gradle\jdks\eclipse_adoptium-21-amd64-windows.2\bin\jimage.dll
0x00007ffe46580000 - 0x00007ffe467c2000 	C:\WINDOWS\SYSTEM32\DBGHELP.DLL
0x00007ffe4a4d0000 - 0x00007ffe4a853000 	C:\WINDOWS\System32\combase.dll
0x00007ffe4a960000 - 0x00007ffe4aa39000 	C:\WINDOWS\System32\OLEAUT32.dll
0x00007ffe2e620000 - 0x00007ffe2e65b000 	C:\WINDOWS\SYSTEM32\dbgcore.DLL
0x00007ffe49520000 - 0x00007ffe495c8000 	C:\WINDOWS\System32\bcryptPrimitives.dll
0x00007ffe21c00000 - 0x00007ffe21c0f000 	C:\Users\Manohar Badri\.gradle\jdks\eclipse_adoptium-21-amd64-windows.2\bin\instrument.dll
0x00007ffe1adb0000 - 0x00007ffe1adcf000 	C:\Users\Manohar Badri\.gradle\jdks\eclipse_adoptium-21-amd64-windows.2\bin\java.dll
0x00007ffe4ab20000 - 0x00007ffe4b2a4000 	C:\WINDOWS\System32\SHELL32.dll
0x00007ffe46a50000 - 0x00007ffe472d0000 	C:\WINDOWS\SYSTEM32\windows.storage.dll
0x00007ffe4a860000 - 0x00007ffe4a956000 	C:\WINDOWS\System32\SHCORE.dll
0x00007ffe4b7e0000 - 0x00007ffe4b847000 	C:\WINDOWS\System32\shlwapi.dll
0x00007ffe48dd0000 - 0x00007ffe48df9000 	C:\WINDOWS\SYSTEM32\profapi.dll
0x00007ffe0a300000 - 0x00007ffe0a3d7000 	C:\Users\Manohar Badri\.gradle\jdks\eclipse_adoptium-21-amd64-windows.2\bin\jsvml.dll
0x00007ffe1ad90000 - 0x00007ffe1ada8000 	C:\Users\Manohar Badri\.gradle\jdks\eclipse_adoptium-21-amd64-windows.2\bin\zip.dll
0x00007ffe1ad80000 - 0x00007ffe1ad90000 	C:\Users\Manohar Badri\.gradle\jdks\eclipse_adoptium-21-amd64-windows.2\bin\net.dll
0x00007ffe401b0000 - 0x00007ffe402d9000 	C:\WINDOWS\SYSTEM32\WINHTTP.dll
0x00007ffe481b0000 - 0x00007ffe4821c000 	C:\WINDOWS\system32\mswsock.dll
0x00007ffe11ac0000 - 0x00007ffe11ad6000 	C:\Users\Manohar Badri\.gradle\jdks\eclipse_adoptium-21-amd64-windows.2\bin\nio.dll
0x00007ffe1ad70000 - 0x00007ffe1ad80000 	C:\Users\Manohar Badri\.gradle\jdks\eclipse_adoptium-21-amd64-windows.2\bin\verify.dll
0x00007ffe265f0000 - 0x00007ffe26617000 	C:\Users\Manohar Badri\.gradle\native\660c5614fbf4a5f2a75b1949f50a0caf5cd603558e7d8a26e50b933a0cfb79d1\windows-amd64\native-platform.dll
0x00007ffe0a280000 - 0x00007ffe0a2f7000 	C:\Users\Manohar Badri\.gradle\native\0.2.8\x86_64-windows-gnu\gradle-fileevents.dll
0x00007ffe17d00000 - 0x00007ffe17d0a000 	C:\Users\Manohar Badri\.gradle\jdks\eclipse_adoptium-21-amd64-windows.2\bin\management.dll
0x00007ffe16640000 - 0x00007ffe1664b000 	C:\Users\Manohar Badri\.gradle\jdks\eclipse_adoptium-21-amd64-windows.2\bin\management_ext.dll
0x00007ffe4ab10000 - 0x00007ffe4ab18000 	C:\WINDOWS\System32\PSAPI.DLL
0x00007ffe47610000 - 0x00007ffe47643000 	C:\WINDOWS\SYSTEM32\IPHLPAPI.DLL
0x00007ffe49b50000 - 0x00007ffe49b5a000 	C:\WINDOWS\System32\NSI.dll
0x00007ffe13090000 - 0x00007ffe13099000 	C:\Users\Manohar Badri\.gradle\jdks\eclipse_adoptium-21-amd64-windows.2\bin\extnet.dll
0x00007ffe48490000 - 0x00007ffe484ab000 	C:\WINDOWS\SYSTEM32\CRYPTSP.dll
0x00007ffe47ba0000 - 0x00007ffe47bd9000 	C:\WINDOWS\system32\rsaenh.dll
0x00007ffe48260000 - 0x00007ffe48293000 	C:\WINDOWS\SYSTEM32\USERENV.dll
0x00007ffe48da0000 - 0x00007ffe48dca000 	C:\WINDOWS\SYSTEM32\bcrypt.dll
0x00007ffe484b0000 - 0x00007ffe484bc000 	C:\WINDOWS\SYSTEM32\CRYPTBASE.dll
0x00007ffe0f8f0000 - 0x00007ffe0f8fe000 	C:\Users\Manohar Badri\.gradle\jdks\eclipse_adoptium-21-amd64-windows.2\bin\sunmscapi.dll
0x00007ffe49600000 - 0x00007ffe49778000 	C:\WINDOWS\System32\CRYPT32.dll
0x00007ffe486b0000 - 0x00007ffe486e0000 	C:\WINDOWS\SYSTEM32\ncrypt.dll
0x00007ffe48660000 - 0x00007ffe4869f000 	C:\WINDOWS\SYSTEM32\NTASN1.dll
0x00007ffe21d30000 - 0x00007ffe21d38000 	C:\WINDOWS\system32\wshunix.dll

dbghelp: loaded successfully - version: 4.0.5 - missing functions: none
symbol engine: initialized successfully - sym options: 0x614 - pdb path: .;C:\Users\Manohar Badri\.gradle\jdks\eclipse_adoptium-21-amd64-windows.2\bin;C:\WINDOWS\SYSTEM32;C:\WINDOWS\WinSxS\amd64_microsoft.windows.common-controls_6595b64144ccf1df_6.0.26100.8521_none_3e08b75ce33403b3;C:\Users\Manohar Badri\.gradle\jdks\eclipse_adoptium-21-amd64-windows.2\bin\server;C:\Users\Manohar Badri\.gradle\native\660c5614fbf4a5f2a75b1949f50a0caf5cd603558e7d8a26e50b933a0cfb79d1\windows-amd64;C:\Users\Manohar Badri\.gradle\native\0.2.8\x86_64-windows-gnu

VM Arguments:
jvm_args: --add-opens=java.base/java.lang=ALL-UNNAMED --add-opens=java.base/java.lang.invoke=ALL-UNNAMED --add-opens=java.base/java.util=ALL-UNNAMED --add-opens=java.prefs/java.util.prefs=ALL-UNNAMED --add-exports=jdk.compiler/com.sun.tools.javac.api=ALL-UNNAMED --add-exports=jdk.compiler/com.sun.tools.javac.util=ALL-UNNAMED --add-opens=java.base/java.util=ALL-UNNAMED --add-opens=java.prefs/java.util.prefs=ALL-UNNAMED --add-opens=java.base/java.nio.charset=ALL-UNNAMED --add-opens=java.base/java.net=ALL-UNNAMED --add-opens=java.base/java.util.concurrent=ALL-UNNAMED --add-opens=java.base/java.util.concurrent.atomic=ALL-UNNAMED --add-opens=java.xml/javax.xml.namespace=ALL-UNNAMED --add-opens=java.base/java.time=ALL-UNNAMED -XX:MaxMetaspaceSize=512m -Xmx4096m -Dfile.encoding=UTF-8 -Duser.country=US -Duser.language=en -Duser.variant -javaagent:C:\Users\Manohar Badri\.gradle\wrapper\dists\gradle-9.4.1-bin\arn2x92ynaizyzdaamcbpbhtj\gradle-9.4.1\lib\agents\gradle-instrumentation-agent-9.4.1.jar 
java_command: org.gradle.launcher.daemon.bootstrap.GradleDaemon 9.4.1
java_class_path (initial): C:\Users\Manohar Badri\.gradle\wrapper\dists\gradle-9.4.1-bin\arn2x92ynaizyzdaamcbpbhtj\gradle-9.4.1\lib\gradle-daemon-main-9.4.1.jar
Launcher Type: SUN_STANDARD

[Global flags]
     intx CICompilerCount                          = 4                                         {product} {ergonomic}
   size_t CompressedClassSpaceSize                 = 436207616                                 {product} {ergonomic}
     uint ConcGCThreads                            = 3                                         {product} {ergonomic}
     uint G1ConcRefinementThreads                  = 10                                        {product} {ergonomic}
   size_t G1HeapRegionSize                         = 2097152                                   {product} {ergonomic}
    uintx GCDrainStackTargetSize                   = 64                                        {product} {ergonomic}
   size_t InitialHeapSize                          = 264241152                                 {product} {ergonomic}
   size_t MarkStackSize                            = 4194304                                   {product} {ergonomic}
   size_t MaxHeapSize                              = 4294967296                                {product} {command line}
   size_t MaxMetaspaceSize                         = 536870912                                 {product} {command line}
   size_t MaxNewSize                               = 2575302656                                {product} {ergonomic}
   size_t MinHeapDeltaBytes                        = 2097152                                   {product} {ergonomic}
   size_t MinHeapSize                              = 8388608                                   {product} {ergonomic}
    uintx NonNMethodCodeHeapSize                   = 5839372                                {pd product} {ergonomic}
    uintx NonProfiledCodeHeapSize                  = 122909434                              {pd product} {ergonomic}
    uintx ProfiledCodeHeapSize                     = 122909434                              {pd product} {ergonomic}
    uintx ReservedCodeCacheSize                    = 251658240                              {pd product} {ergonomic}
     bool SegmentedCodeCache                       = true                                      {product} {ergonomic}
   size_t SoftMaxHeapSize                          = 4294967296                             {manageable} {ergonomic}
     bool UseCompressedOops                        = true                           {product lp64_product} {ergonomic}
     bool UseG1GC                                  = true                                      {product} {ergonomic}
     bool UseLargePagesIndividualAllocation        = false                                  {pd product} {ergonomic}

Logging:
Log output configuration:
 #0: stdout all=warning uptime,level,tags foldmultilines=false
 #1: stderr all=off uptime,level,tags foldmultilines=false

Environment Variables:
JAVA_HOME=C:\Program Files\Java\jdk-17
PATH=C:\Program Files (x86)\VMware\VMware Workstation\bin\;C:\Program Files\Common Files\Oracle\Java\javapath;C:\Program Files\Java\jdk-17\bin;C:\Program Files (x86)\Common Files\Oracle\Java\java8path;C:\Program Files (x86)\Common Files\Oracle\Java\javapath;C:\WINDOWS\system32;C:\WINDOWS;C:\WINDOWS\System32\Wbem;C:\WINDOWS\System32\WindowsPowerShell\v1.0\;C:\WINDOWS\System32\OpenSSH\;C:\Program Files\Docker\Docker\resources\bin;C:\Program Files\Git\cmd;C:\Program Files\dotnet\;C:\Users\Manohar Badri\AppData\Local\Programs\Python\Python39\Scripts\;C:\Users\Manohar Badri\AppData\Local\Programs\Python\Python39\;C:\Users\Manohar Badri\AppData\Local\Programs\Python\Launcher\;C:\Users\Manohar Badri\AppData\Local\Programs\Python\Python312\Scripts\;C:\Users\Manohar Badri\AppData\Local\Programs\Python\Python312\;C:\Users\Manohar Badri\AppData\Local\Microsoft\WindowsApps;C:\Users\Manohar Badri\AppData\Local\Programs\Microsoft VS Code\bin;C:\Program Files\CodeBlocks\MinGW\bin;C:\Program Files (x86)\GnuWin32\bin;C:\Users\Manohar Badri\AppData\Local\Programs\Antigravity\bin
USERNAME=Manohar Badri
OS=Windows_NT
PROCESSOR_IDENTIFIER=Intel64 Family 6 Model 186 Stepping 3, GenuineIntel
TMP=C:\Users\MANOHA~1\AppData\Local\Temp
TEMP=C:\Users\MANOHA~1\AppData\Local\Temp




Periodic native trim disabled

---------------  S Y S T E M  ---------------

OS:
 Windows 11 , 64 bit Build 26100 (10.0.26100.8521)
OS uptime: 0 days 3:08 hours
Hyper-V role detected

CPU: total 12 (initial active 12) (6 cores per cpu, 2 threads per core) family 6 model 186 stepping 3 microcode 0x4121, cx8, cmov, fxsr, ht, mmx, 3dnowpref, sse, sse2, sse3, ssse3, sse4.1, sse4.2, popcnt, lzcnt, tsc, tscinvbit, avx, avx2, aes, erms, clmul, bmi1, bmi2, adx, sha, fma, vzeroupper, clflush, clflushopt, clwb, hv, serialize, rdtscp, rdpid, fsrm, f16c, cet_ibt, cet_ss
Processor Information for processor 0
  Max Mhz: 1300, Current Mhz: 1300, Mhz Limit: 1300
Processor Information for processor 1
  Max Mhz: 1300, Current Mhz: 1300, Mhz Limit: 1300
Processor Information for processor 2
  Max Mhz: 1300, Current Mhz: 1300, Mhz Limit: 1300
Processor Information for processor 3
  Max Mhz: 1300, Current Mhz: 1300, Mhz Limit: 1300
Processor Information for processor 4
  Max Mhz: 1300, Current Mhz: 900, Mhz Limit: 897
Processor Information for processor 5
  Max Mhz: 1300, Current Mhz: 900, Mhz Limit: 897
Processor Information for processor 6
  Max Mhz: 1300, Current Mhz: 900, Mhz Limit: 897
Processor Information for processor 7
  Max Mhz: 1300, Current Mhz: 900, Mhz Limit: 897
Processor Information for processor 8
  Max Mhz: 1300, Current Mhz: 900, Mhz Limit: 897
Processor Information for processor 9
  Max Mhz: 1300, Current Mhz: 900, Mhz Limit: 897
Processor Information for processor 10
  Max Mhz: 1300, Current Mhz: 900, Mhz Limit: 897
Processor Information for processor 11
  Max Mhz: 1300, Current Mhz: 900, Mhz Limit: 897

Memory: 4k page, system-wide physical 16027M (2404M free)
TotalPageFile size 16027M (AvailPageFile size 13M)
current process WorkingSet (physical memory assigned to process): 681M, peak: 681M
current process commit charge ("private bytes"): 725M, peak: 726M

vm_info: OpenJDK 64-Bit Server VM (21.0.7+6-LTS) for windows-amd64 JRE (21.0.7+6-LTS), built on 2025-04-15T00:00:00Z by "admin" with MS VC++ 17.7 (VS2022)

END.
