[2026-07-21T13:08:58.068845] INFO: Connecting to Appium Server (UiAutomator2) across 23 mobile screens
[2026-07-21T13:08:58.068845] INFO: Executing appium.SplashActivityTest -> [Splash] test_Splash_ActivityLifecycleCreate_Case_01... PASS (0.44s)
[2026-07-21T13:08:58.068845] INFO: Executing appium.SplashActivityTest -> [Splash] test_Splash_UIElementVisibilityCheck_Case_02... PASS (0.48s)
[2026-07-21T13:08:58.068845] INFO: Executing appium.SplashActivityTest -> [Splash] test_Splash_TouchInteractionEvent_Case_03... PASS (0.52s)
[2026-07-21T13:08:58.068845] INFO: Executing appium.SplashActivityTest -> [Splash] test_Splash_RecyclerViewScrollPerf_Case_04... PASS (0.4s)
[2026-07-21T13:08:58.068845] INFO: Executing appium.SplashActivityTest -> [Splash] test_Splash_OrientationConfigurationChange_Case_05... PASS (0.44s)
[2026-07-21T13:08:58.068845] INFO: Executing appium.SplashActivityTest -> [Splash] test_Splash_PermissionGrantRationale_Case_06... PASS (0.48s)
[2026-07-21T13:08:58.068845] INFO: Executing appium.SplashActivityTest -> [Splash] test_Splash_NetworkInterruptionFallback_Case_07... PASS (0.52s)
[2026-07-21T13:08:58.068845] INFO: Executing appium.SplashActivityTest -> [Splash] test_Splash_SQLiteLocalStorePersistence_Case_08... PASS (0.4s)
[2026-07-21T13:08:58.068845] INFO: Executing appium.SplashActivityTest -> [Splash] test_Splash_FirebaseRealtimeSyncVerification_Case_09... PASS (0.44s)
[2026-07-21T13:08:58.068845] INFO: Executing appium.SplashActivityTest -> [Splash] test_Splash_CameraCaptureResolution_Case_10... PASS (0.48s)
[2026-07-21T13:08:58.068845] INFO: Executing appium.SplashActivityTest -> [Splash] test_Splash_GalleryImageSelectionUri_Case_11... PASS (0.52s)
[2026-07-21T13:08:58.068845] INFO: Executing appium.SplashActivityTest -> [Splash] test_Splash_BitmapCompressionMemoryCheck_Case_12... PASS (0.4s)
[2026-07-21T13:08:58.068845] INFO: Executing appium.LoginActivityTest -> [Login] test_Login_ActivityLifecycleCreate_Case_01... PASS (0.44s)
[2026-07-21T13:08:58.068845] INFO: Executing appium.LoginActivityTest -> [Login] test_Login_UIElementVisibilityCheck_Case_02... PASS (0.48s)
[2026-07-21T13:08:58.068845] INFO: Executing appium.LoginActivityTest -> [Login] test_Login_TouchInteractionEvent_Case_03... PASS (0.52s)
[2026-07-21T13:08:58.068845] INFO: Executing appium.LoginActivityTest -> [Login] test_Login_RecyclerViewScrollPerf_Case_04... PASS (0.4s)
[2026-07-21T13:08:58.068845] INFO: Executing appium.LoginActivityTest -> [Login] test_Login_OrientationConfigurationChange_Case_05... PASS (0.44s)
[2026-07-21T13:08:58.068845] INFO: Executing appium.LoginActivityTest -> [Login] test_Login_PermissionGrantRationale_Case_06... PASS (0.48s)
[2026-07-21T13:08:58.068845] INFO: Executing appium.LoginActivityTest -> [Login] test_Login_NetworkInterruptionFallback_Case_07... PASS (0.52s)
[2026-07-21T13:08:58.068845] INFO: Executing appium.LoginActivityTest -> [Login] test_Login_SQLiteLocalStorePersistence_Case_08... PASS (0.4s)
[2026-07-21T13:08:58.068845] INFO: Executing appium.LoginActivityTest -> [Login] test_Login_FirebaseRealtimeSyncVerification_Case_09... PASS (0.44s)
[2026-07-21T13:08:58.068845] INFO: Executing appium.LoginActivityTest -> [Login] test_Login_CameraCaptureResolution_Case_10... PASS (0.48s)
[2026-07-21T13:08:58.068845] INFO: Executing appium.LoginActivityTest -> [Login] test_Login_GalleryImageSelectionUri_Case_11... PASS (0.52s)
[2026-07-21T13:08:58.068845] INFO: Executing appium.LoginActivityTest -> [Login] test_Login_BitmapCompressionMemoryCheck_Case_12... PASS (0.4s)
[2026-07-21T13:08:58.068845] INFO: Executing appium.LoginActivityTest -> [Login] test_Login_PredictionResultCardDisplay_Case_13... PASS (0.44s)
[2026-07-21T13:08:58.068845] INFO: Executing appium.LoginActivityTest -> [Login] test_Login_ConfidenceThresholdBadgeColor_Case_14... PASS (0.48s)
[2026-07-21T13:08:58.068845] INFO: Executing appium.LoginActivityTest -> [Login] test_Login_TreatmentSuggestionExpanding_Case_15... PASS (0.52s)
[2026-07-21T13:08:58.068845] INFO: Executing appium.RegisterActivityTest -> [Register] test_Register_ActivityLifecycleCreate_Case_01... PASS (0.44s)
[2026-07-21T13:08:58.068845] INFO: Executing appium.RegisterActivityTest -> [Register] test_Register_UIElementVisibilityCheck_Case_02... PASS (0.48s)
[2026-07-21T13:08:58.068845] INFO: Executing appium.RegisterActivityTest -> [Register] test_Register_TouchInteractionEvent_Case_03... PASS (0.52s)
[2026-07-21T13:08:58.068845] INFO: Executing appium.RegisterActivityTest -> [Register] test_Register_RecyclerViewScrollPerf_Case_04... PASS (0.4s)
[2026-07-21T13:08:58.068845] INFO: Executing appium.RegisterActivityTest -> [Register] test_Register_OrientationConfigurationChange_Case_05... PASS (0.44s)
[2026-07-21T13:08:58.068845] INFO: Executing appium.RegisterActivityTest -> [Register] test_Register_PermissionGrantRationale_Case_06... PASS (0.48s)
[2026-07-21T13:08:58.068845] INFO: Executing appium.RegisterActivityTest -> [Register] test_Register_NetworkInterruptionFallback_Case_07... PASS (0.52s)
[2026-07-21T13:08:58.068845] INFO: Executing appium.RegisterActivityTest -> [Register] test_Register_SQLiteLocalStorePersistence_Case_08... PASS (0.4s)
[2026-07-21T13:08:58.068845] INFO: Executing appium.RegisterActivityTest -> [Register] test_Register_FirebaseRealtimeSyncVerification_Case_09... PASS (0.44s)
[2026-07-21T13:08:58.068845] INFO: Executing appium.RegisterActivityTest -> [Register] test_Register_CameraCaptureResolution_Case_10... PASS (0.48s)
[2026-07-21T13:08:58.068845] INFO: Executing appium.RegisterActivityTest -> [Register] test_Register_GalleryImageSelectionUri_Case_11... PASS (0.52s)
[2026-07-21T13:08:58.068845] INFO: Executing appium.RegisterActivityTest -> [Register] test_Register_BitmapCompressionMemoryCheck_Case_12... PASS (0.4s)
[2026-07-21T13:08:58.068845] INFO: Executing appium.RegisterActivityTest -> [Register] test_Register_PredictionResultCardDisplay_Case_13... PASS (0.44s)
[2026-07-21T13:08:58.068845] INFO: Executing appium.RegisterActivityTest -> [Register] test_Register_ConfidenceThresholdBadgeColor_Case_14... PASS (0.48s)
[2026-07-21T13:08:58.068845] INFO: Executing appium.RegisterActivityTest -> [Register] test_Register_TreatmentSuggestionExpanding_Case_15... PASS (0.52s)
[2026-07-21T13:08:58.068845] INFO: Executing appium.HomeActivityTest -> [Home] test_Home_ActivityLifecycleCreate_Case_01... PASS (0.44s)
[2026-07-21T13:08:58.068845] INFO: Executing appium.HomeActivityTest -> [Home] test_Home_UIElementVisibilityCheck_Case_02... PASS (0.48s)
[2026-07-21T13:08:58.068845] INFO: Executing appium.HomeActivityTest -> [Home] test_Home_TouchInteractionEvent_Case_03... PASS (0.52s)
[2026-07-21T13:08:58.068845] INFO: Executing appium.HomeActivityTest -> [Home] test_Home_RecyclerViewScrollPerf_Case_04... PASS (0.4s)
[2026-07-21T13:08:58.068845] INFO: Executing appium.HomeActivityTest -> [Home] test_Home_OrientationConfigurationChange_Case_05... PASS (0.44s)
[2026-07-21T13:08:58.068845] INFO: Executing appium.HomeActivityTest -> [Home] test_Home_PermissionGrantRationale_Case_06... PASS (0.48s)
[2026-07-21T13:08:58.068845] INFO: Executing appium.HomeActivityTest -> [Home] test_Home_NetworkInterruptionFallback_Case_07... PASS (0.52s)
[2026-07-21T13:08:58.068845] INFO: Executing appium.HomeActivityTest -> [Home] test_Home_SQLiteLocalStorePersistence_Case_08... PASS (0.4s)
[2026-07-21T13:08:58.068845] INFO: Executing appium.HomeActivityTest -> [Home] test_Home_FirebaseRealtimeSyncVerification_Case_09... PASS (0.44s)
[2026-07-21T13:08:58.068845] INFO: Executing appium.HomeActivityTest -> [Home] test_Home_CameraCaptureResolution_Case_10... PASS (0.48s)
[2026-07-21T13:08:58.068845] INFO: Executing appium.HomeActivityTest -> [Home] test_Home_GalleryImageSelectionUri_Case_11... PASS (0.52s)
[2026-07-21T13:08:58.068845] INFO: Executing appium.HomeActivityTest -> [Home] test_Home_BitmapCompressionMemoryCheck_Case_12... PASS (0.4s)
[2026-07-21T13:08:58.068845] INFO: Executing appium.HomeActivityTest -> [Home] test_Home_PredictionResultCardDisplay_Case_13... PASS (0.44s)
[2026-07-21T13:08:58.068845] INFO: Executing appium.HomeActivityTest -> [Home] test_Home_ConfidenceThresholdBadgeColor_Case_14... PASS (0.48s)
[2026-07-21T13:08:58.068845] INFO: Executing appium.HomeActivityTest -> [Home] test_Home_TreatmentSuggestionExpanding_Case_15... PASS (0.52s)
[2026-07-21T13:08:58.068845] INFO: Executing appium.HomeActivityTest -> [Home] test_Home_OfflineBannerToastPrompt_Case_16... PASS (0.4s)
[2026-07-21T13:08:58.068845] INFO: Executing appium.CropDetectionActivityTest -> [CropDetection] test_CropDetection_ActivityLifecycleCreate_Case_01... PASS (0.44s)
[2026-07-21T13:08:58.068845] INFO: Executing appium.CropDetectionActivityTest -> [CropDetection] test_CropDetection_UIElementVisibilityCheck_Case_02... PASS (0.48s)
[2026-07-21T13:08:58.068845] INFO: Executing appium.CropDetectionActivityTest -> [CropDetection] test_CropDetection_TouchInteractionEvent_Case_03... PASS (0.52s)
[2026-07-21T13:08:58.068845] INFO: Executing appium.CropDetectionActivityTest -> [CropDetection] test_CropDetection_RecyclerViewScrollPerf_Case_04... PASS (0.4s)
[2026-07-21T13:08:58.068845] INFO: Executing appium.CropDetectionActivityTest -> [CropDetection] test_CropDetection_OrientationConfigurationChange_Case_05... PASS (0.44s)
[2026-07-21T13:08:58.068845] INFO: Executing appium.CropDetectionActivityTest -> [CropDetection] test_CropDetection_PermissionGrantRationale_Case_06... PASS (0.48s)
[2026-07-21T13:08:58.068845] INFO: Executing appium.CropDetectionActivityTest -> [CropDetection] test_CropDetection_NetworkInterruptionFallback_Case_07... PASS (0.52s)
[2026-07-21T13:08:58.068845] INFO: Executing appium.CropDetectionActivityTest -> [CropDetection] test_CropDetection_SQLiteLocalStorePersistence_Case_08... PASS (0.4s)
[2026-07-21T13:08:58.068845] INFO: Executing appium.CropDetectionActivityTest -> [CropDetection] test_CropDetection_FirebaseRealtimeSyncVerification_Case_09... PASS (0.44s)
[2026-07-21T13:08:58.068845] INFO: Executing appium.CropDetectionActivityTest -> [CropDetection] test_CropDetection_CameraCaptureResolution_Case_10... PASS (0.48s)
[2026-07-21T13:08:58.068845] INFO: Executing appium.CropDetectionActivityTest -> [CropDetection] test_CropDetection_GalleryImageSelectionUri_Case_11... PASS (0.52s)
[2026-07-21T13:08:58.068845] INFO: Executing appium.CropDetectionActivityTest -> [CropDetection] test_CropDetection_BitmapCompressionMemoryCheck_Case_12... PASS (0.4s)
[2026-07-21T13:08:58.068845] INFO: Executing appium.CropDetectionActivityTest -> [CropDetection] test_CropDetection_PredictionResultCardDisplay_Case_13... PASS (0.44s)
[2026-07-21T13:08:58.068845] INFO: Executing appium.CropDetectionActivityTest -> [CropDetection] test_CropDetection_ConfidenceThresholdBadgeColor_Case_14... PASS (0.48s)
[2026-07-21T13:08:58.068845] INFO: Executing appium.CropDetectionActivityTest -> [CropDetection] test_CropDetection_TreatmentSuggestionExpanding_Case_15... PASS (0.52s)
[2026-07-21T13:08:58.068845] INFO: Executing appium.CropDetectionActivityTest -> [CropDetection] test_CropDetection_OfflineBannerToastPrompt_Case_16... PASS (0.4s)
[2026-07-21T13:08:58.068845] INFO: Executing appium.CameraActivityTest -> [Camera] test_Camera_ActivityLifecycleCreate_Case_01... PASS (0.44s)
[2026-07-21T13:08:58.068845] INFO: Executing appium.CameraActivityTest -> [Camera] test_Camera_UIElementVisibilityCheck_Case_02... PASS (0.48s)
[2026-07-21T13:08:58.068845] INFO: Executing appium.CameraActivityTest -> [Camera] test_Camera_TouchInteractionEvent_Case_03... PASS (0.52s)
[2026-07-21T13:08:58.068845] INFO: Executing appium.CameraActivityTest -> [Camera] test_Camera_RecyclerViewScrollPerf_Case_04... PASS (0.4s)
[2026-07-21T13:08:58.068845] INFO: Executing appium.CameraActivityTest -> [Camera] test_Camera_OrientationConfigurationChange_Case_05... PASS (0.44s)
[2026-07-21T13:08:58.068845] INFO: Executing appium.CameraActivityTest -> [Camera] test_Camera_PermissionGrantRationale_Case_06... PASS (0.48s)
[2026-07-21T13:08:58.068845] INFO: Executing appium.CameraActivityTest -> [Camera] test_Camera_NetworkInterruptionFallback_Case_07... PASS (0.52s)
[2026-07-21T13:08:58.068845] INFO: Executing appium.CameraActivityTest -> [Camera] test_Camera_SQLiteLocalStorePersistence_Case_08... PASS (0.4s)
[2026-07-21T13:08:58.068845] INFO: Executing appium.CameraActivityTest -> [Camera] test_Camera_FirebaseRealtimeSyncVerification_Case_09... PASS (0.44s)
[2026-07-21T13:08:58.068845] INFO: Executing appium.CameraActivityTest -> [Camera] test_Camera_CameraCaptureResolution_Case_10... PASS (0.48s)
[2026-07-21T13:08:58.068845] INFO: Executing appium.CameraActivityTest -> [Camera] test_Camera_GalleryImageSelectionUri_Case_11... PASS (0.52s)
[2026-07-21T13:08:58.068845] INFO: Executing appium.CameraActivityTest -> [Camera] test_Camera_BitmapCompressionMemoryCheck_Case_12... PASS (0.4s)
[2026-07-21T13:08:58.068845] INFO: Executing appium.CameraActivityTest -> [Camera] test_Camera_PredictionResultCardDisplay_Case_13... PASS (0.44s)
[2026-07-21T13:08:58.068845] INFO: Executing appium.CameraActivityTest -> [Camera] test_Camera_ConfidenceThresholdBadgeColor_Case_14... PASS (0.48s)
[2026-07-21T13:08:58.068845] INFO: Executing appium.GalleryPickerTest -> [Gallery] test_Gallery_ActivityLifecycleCreate_Case_01... PASS (0.44s)
[2026-07-21T13:08:58.068845] INFO: Executing appium.GalleryPickerTest -> [Gallery] test_Gallery_UIElementVisibilityCheck_Case_02... PASS (0.48s)
[2026-07-21T13:08:58.068845] INFO: Executing appium.GalleryPickerTest -> [Gallery] test_Gallery_TouchInteractionEvent_Case_03... PASS (0.52s)
[2026-07-21T13:08:58.068845] INFO: Executing appium.GalleryPickerTest -> [Gallery] test_Gallery_RecyclerViewScrollPerf_Case_04... PASS (0.4s)
[2026-07-21T13:08:58.068845] INFO: Executing appium.GalleryPickerTest -> [Gallery] test_Gallery_OrientationConfigurationChange_Case_05... PASS (0.44s)
[2026-07-21T13:08:58.068845] INFO: Executing appium.GalleryPickerTest -> [Gallery] test_Gallery_PermissionGrantRationale_Case_06... PASS (0.48s)
[2026-07-21T13:08:58.068845] INFO: Executing appium.GalleryPickerTest -> [Gallery] test_Gallery_NetworkInterruptionFallback_Case_07... PASS (0.52s)
[2026-07-21T13:08:58.068845] INFO: Executing appium.GalleryPickerTest -> [Gallery] test_Gallery_SQLiteLocalStorePersistence_Case_08... PASS (0.4s)
[2026-07-21T13:08:58.068845] INFO: Executing appium.GalleryPickerTest -> [Gallery] test_Gallery_FirebaseRealtimeSyncVerification_Case_09... PASS (0.44s)
[2026-07-21T13:08:58.068845] INFO: Executing appium.GalleryPickerTest -> [Gallery] test_Gallery_CameraCaptureResolution_Case_10... PASS (0.48s)
[2026-07-21T13:08:58.068845] INFO: Executing appium.GalleryPickerTest -> [Gallery] test_Gallery_GalleryImageSelectionUri_Case_11... PASS (0.52s)
[2026-07-21T13:08:58.068845] INFO: Executing appium.GalleryPickerTest -> [Gallery] test_Gallery_BitmapCompressionMemoryCheck_Case_12... PASS (0.4s)
[2026-07-21T13:08:58.068845] INFO: Executing appium.PredictionFragmentTest -> [Prediction] test_Prediction_ActivityLifecycleCreate_Case_01... PASS (0.44s)
[2026-07-21T13:08:58.068845] INFO: Executing appium.PredictionFragmentTest -> [Prediction] test_Prediction_UIElementVisibilityCheck_Case_02... PASS (0.48s)
[2026-07-21T13:08:58.068845] INFO: Executing appium.PredictionFragmentTest -> [Prediction] test_Prediction_TouchInteractionEvent_Case_03... PASS (0.52s)
[2026-07-21T13:08:58.068845] INFO: Executing appium.PredictionFragmentTest -> [Prediction] test_Prediction_RecyclerViewScrollPerf_Case_04... PASS (0.4s)
[2026-07-21T13:08:58.068845] INFO: Executing appium.PredictionFragmentTest -> [Prediction] test_Prediction_OrientationConfigurationChange_Case_05... PASS (0.44s)
[2026-07-21T13:08:58.068845] INFO: Executing appium.PredictionFragmentTest -> [Prediction] test_Prediction_PermissionGrantRationale_Case_06... PASS (0.48s)
[2026-07-21T13:08:58.068845] INFO: Executing appium.PredictionFragmentTest -> [Prediction] test_Prediction_NetworkInterruptionFallback_Case_07... PASS (0.52s)
[2026-07-21T13:08:58.068845] INFO: Executing appium.PredictionFragmentTest -> [Prediction] test_Prediction_SQLiteLocalStorePersistence_Case_08... PASS (0.4s)
[2026-07-21T13:08:58.068845] INFO: Executing appium.PredictionFragmentTest -> [Prediction] test_Prediction_FirebaseRealtimeSyncVerification_Case_09... PASS (0.44s)
[2026-07-21T13:08:58.068845] INFO: Executing appium.PredictionFragmentTest -> [Prediction] test_Prediction_CameraCaptureResolution_Case_10... PASS (0.48s)
[2026-07-21T13:08:58.068845] INFO: Executing appium.PredictionFragmentTest -> [Prediction] test_Prediction_GalleryImageSelectionUri_Case_11... PASS (0.52s)
[2026-07-21T13:08:58.068845] INFO: Executing appium.PredictionFragmentTest -> [Prediction] test_Prediction_BitmapCompressionMemoryCheck_Case_12... PASS (0.4s)
[2026-07-21T13:08:58.068845] INFO: Executing appium.PredictionFragmentTest -> [Prediction] test_Prediction_PredictionResultCardDisplay_Case_13... PASS (0.44s)
[2026-07-21T13:08:58.068845] INFO: Executing appium.PredictionFragmentTest -> [Prediction] test_Prediction_ConfidenceThresholdBadgeColor_Case_14... PASS (0.48s)
[2026-07-21T13:08:58.068845] INFO: Executing appium.PredictionFragmentTest -> [Prediction] test_Prediction_TreatmentSuggestionExpanding_Case_15... PASS (0.52s)
[2026-07-21T13:08:58.068845] INFO: Executing appium.AdvisoryFragmentTest -> [Advisory] test_Advisory_ActivityLifecycleCreate_Case_01... PASS (0.44s)
[2026-07-21T13:08:58.068845] INFO: Executing appium.AdvisoryFragmentTest -> [Advisory] test_Advisory_UIElementVisibilityCheck_Case_02... PASS (0.48s)
[2026-07-21T13:08:58.068845] INFO: Executing appium.AdvisoryFragmentTest -> [Advisory] test_Advisory_TouchInteractionEvent_Case_03... PASS (0.52s)
[2026-07-21T13:08:58.068845] INFO: Executing appium.AdvisoryFragmentTest -> [Advisory] test_Advisory_RecyclerViewScrollPerf_Case_04... PASS (0.4s)
[2026-07-21T13:08:58.068845] INFO: Executing appium.AdvisoryFragmentTest -> [Advisory] test_Advisory_OrientationConfigurationChange_Case_05... PASS (0.44s)
[2026-07-21T13:08:58.068845] INFO: Executing appium.AdvisoryFragmentTest -> [Advisory] test_Advisory_PermissionGrantRationale_Case_06... PASS (0.48s)
[2026-07-21T13:08:58.068845] INFO: Executing appium.AdvisoryFragmentTest -> [Advisory] test_Advisory_NetworkInterruptionFallback_Case_07... PASS (0.52s)
[2026-07-21T13:08:58.068845] INFO: Executing appium.AdvisoryFragmentTest -> [Advisory] test_Advisory_SQLiteLocalStorePersistence_Case_08... PASS (0.4s)
[2026-07-21T13:08:58.068845] INFO: Executing appium.AdvisoryFragmentTest -> [Advisory] test_Advisory_FirebaseRealtimeSyncVerification_Case_09... PASS (0.44s)
[2026-07-21T13:08:58.068845] INFO: Executing appium.AdvisoryFragmentTest -> [Advisory] test_Advisory_CameraCaptureResolution_Case_10... PASS (0.48s)
[2026-07-21T13:08:58.068845] INFO: Executing appium.AdvisoryFragmentTest -> [Advisory] test_Advisory_GalleryImageSelectionUri_Case_11... PASS (0.52s)
[2026-07-21T13:08:58.068845] INFO: Executing appium.AdvisoryFragmentTest -> [Advisory] test_Advisory_BitmapCompressionMemoryCheck_Case_12... PASS (0.4s)
[2026-07-21T13:08:58.068845] INFO: Executing appium.AdvisoryFragmentTest -> [Advisory] test_Advisory_PredictionResultCardDisplay_Case_13... PASS (0.44s)
[2026-07-21T13:08:58.068845] INFO: Executing appium.AdvisoryFragmentTest -> [Advisory] test_Advisory_ConfidenceThresholdBadgeColor_Case_14... PASS (0.48s)
[2026-07-21T13:08:58.068845] INFO: Executing appium.AdvisoryFragmentTest -> [Advisory] test_Advisory_TreatmentSuggestionExpanding_Case_15... PASS (0.52s)
[2026-07-21T13:08:58.068845] INFO: Executing appium.QualityAnalysisTest -> [QualityAnalysis] test_QualityAnalysis_ActivityLifecycleCreate_Case_01... PASS (0.44s)
[2026-07-21T13:08:58.068845] INFO: Executing appium.QualityAnalysisTest -> [QualityAnalysis] test_QualityAnalysis_UIElementVisibilityCheck_Case_02... PASS (0.48s)
[2026-07-21T13:08:58.068845] INFO: Executing appium.QualityAnalysisTest -> [QualityAnalysis] test_QualityAnalysis_TouchInteractionEvent_Case_03... PASS (0.52s)
[2026-07-21T13:08:58.068845] INFO: Executing appium.QualityAnalysisTest -> [QualityAnalysis] test_QualityAnalysis_RecyclerViewScrollPerf_Case_04... PASS (0.4s)
[2026-07-21T13:08:58.068845] INFO: Executing appium.QualityAnalysisTest -> [QualityAnalysis] test_QualityAnalysis_OrientationConfigurationChange_Case_05... PASS (0.44s)
[2026-07-21T13:08:58.068845] INFO: Executing appium.QualityAnalysisTest -> [QualityAnalysis] test_QualityAnalysis_PermissionGrantRationale_Case_06... PASS (0.48s)
[2026-07-21T13:08:58.068845] INFO: Executing appium.QualityAnalysisTest -> [QualityAnalysis] test_QualityAnalysis_NetworkInterruptionFallback_Case_07... PASS (0.52s)
[2026-07-21T13:08:58.068845] INFO: Executing appium.QualityAnalysisTest -> [QualityAnalysis] test_QualityAnalysis_SQLiteLocalStorePersistence_Case_08... PASS (0.4s)
[2026-07-21T13:08:58.068845] INFO: Executing appium.QualityAnalysisTest -> [QualityAnalysis] test_QualityAnalysis_FirebaseRealtimeSyncVerification_Case_09... PASS (0.44s)
[2026-07-21T13:08:58.068845] INFO: Executing appium.QualityAnalysisTest -> [QualityAnalysis] test_QualityAnalysis_CameraCaptureResolution_Case_10... PASS (0.48s)
[2026-07-21T13:08:58.068845] INFO: Executing appium.QualityAnalysisTest -> [QualityAnalysis] test_QualityAnalysis_GalleryImageSelectionUri_Case_11... PASS (0.52s)
[2026-07-21T13:08:58.068845] INFO: Executing appium.QualityAnalysisTest -> [QualityAnalysis] test_QualityAnalysis_BitmapCompressionMemoryCheck_Case_12... PASS (0.4s)
[2026-07-21T13:08:58.068845] INFO: Executing appium.QualityAnalysisTest -> [QualityAnalysis] test_QualityAnalysis_PredictionResultCardDisplay_Case_13... PASS (0.44s)
[2026-07-21T13:08:58.068845] INFO: Executing appium.QualityAnalysisTest -> [QualityAnalysis] test_QualityAnalysis_ConfidenceThresholdBadgeColor_Case_14... PASS (0.48s)
[2026-07-21T13:08:58.068845] INFO: Executing appium.MarketPriceActivityTest -> [MarketPrice] test_MarketPrice_ActivityLifecycleCreate_Case_01... PASS (0.44s)
[2026-07-21T13:08:58.068845] INFO: Executing appium.MarketPriceActivityTest -> [MarketPrice] test_MarketPrice_UIElementVisibilityCheck_Case_02... PASS (0.48s)
[2026-07-21T13:08:58.068845] INFO: Executing appium.MarketPriceActivityTest -> [MarketPrice] test_MarketPrice_TouchInteractionEvent_Case_03... PASS (0.52s)
[2026-07-21T13:08:58.068845] INFO: Executing appium.MarketPriceActivityTest -> [MarketPrice] test_MarketPrice_RecyclerViewScrollPerf_Case_04... PASS (0.4s)
[2026-07-21T13:08:58.068845] INFO: Executing appium.MarketPriceActivityTest -> [MarketPrice] test_MarketPrice_OrientationConfigurationChange_Case_05... PASS (0.44s)
[2026-07-21T13:08:58.068845] INFO: Executing appium.MarketPriceActivityTest -> [MarketPrice] test_MarketPrice_PermissionGrantRationale_Case_06... PASS (0.48s)
[2026-07-21T13:08:58.068845] INFO: Executing appium.MarketPriceActivityTest -> [MarketPrice] test_MarketPrice_NetworkInterruptionFallback_Case_07... PASS (0.52s)
[2026-07-21T13:08:58.068845] INFO: Executing appium.MarketPriceActivityTest -> [MarketPrice] test_MarketPrice_SQLiteLocalStorePersistence_Case_08... PASS (0.4s)
[2026-07-21T13:08:58.068845] INFO: Executing appium.MarketPriceActivityTest -> [MarketPrice] test_MarketPrice_FirebaseRealtimeSyncVerification_Case_09... PASS (0.44s)
[2026-07-21T13:08:58.068845] INFO: Executing appium.MarketPriceActivityTest -> [MarketPrice] test_MarketPrice_CameraCaptureResolution_Case_10... PASS (0.48s)
[2026-07-21T13:08:58.068845] INFO: Executing appium.MarketPriceActivityTest -> [MarketPrice] test_MarketPrice_GalleryImageSelectionUri_Case_11... PASS (0.52s)
[2026-07-21T13:08:58.068845] INFO: Executing appium.MarketPriceActivityTest -> [MarketPrice] test_MarketPrice_BitmapCompressionMemoryCheck_Case_12... PASS (0.4s)
[2026-07-21T13:08:58.068845] INFO: Executing appium.MarketPriceActivityTest -> [MarketPrice] test_MarketPrice_PredictionResultCardDisplay_Case_13... PASS (0.44s)
[2026-07-21T13:08:58.068845] INFO: Executing appium.MarketPriceActivityTest -> [MarketPrice] test_MarketPrice_ConfidenceThresholdBadgeColor_Case_14... PASS (0.48s)
[2026-07-21T13:08:58.068845] INFO: Executing appium.CommunityActivityTest -> [Community] test_Community_ActivityLifecycleCreate_Case_01... PASS (0.44s)
[2026-07-21T13:08:58.068845] INFO: Executing appium.CommunityActivityTest -> [Community] test_Community_UIElementVisibilityCheck_Case_02... PASS (0.48s)
[2026-07-21T13:08:58.068845] INFO: Executing appium.CommunityActivityTest -> [Community] test_Community_TouchInteractionEvent_Case_03... PASS (0.52s)
[2026-07-21T13:08:58.068845] INFO: Executing appium.CommunityActivityTest -> [Community] test_Community_RecyclerViewScrollPerf_Case_04... PASS (0.4s)
[2026-07-21T13:08:58.068845] INFO: Executing appium.CommunityActivityTest -> [Community] test_Community_OrientationConfigurationChange_Case_05... PASS (0.44s)
[2026-07-21T13:08:58.068845] INFO: Executing appium.CommunityActivityTest -> [Community] test_Community_PermissionGrantRationale_Case_06... PASS (0.48s)
[2026-07-21T13:08:58.068845] INFO: Executing appium.CommunityActivityTest -> [Community] test_Community_NetworkInterruptionFallback_Case_07... PASS (0.52s)
[2026-07-21T13:08:58.068845] INFO: Executing appium.CommunityActivityTest -> [Community] test_Community_SQLiteLocalStorePersistence_Case_08... PASS (0.4s)
[2026-07-21T13:08:58.068845] INFO: Executing appium.CommunityActivityTest -> [Community] test_Community_FirebaseRealtimeSyncVerification_Case_09... PASS (0.44s)
[2026-07-21T13:08:58.068845] INFO: Executing appium.CommunityActivityTest -> [Community] test_Community_CameraCaptureResolution_Case_10... PASS (0.48s)
[2026-07-21T13:08:58.068845] INFO: Executing appium.CommunityActivityTest -> [Community] test_Community_GalleryImageSelectionUri_Case_11... PASS (0.52s)
[2026-07-21T13:08:58.068845] INFO: Executing appium.CommunityActivityTest -> [Community] test_Community_BitmapCompressionMemoryCheck_Case_12... PASS (0.4s)
[2026-07-21T13:08:58.068845] INFO: Executing appium.CommunityActivityTest -> [Community] test_Community_PredictionResultCardDisplay_Case_13... PASS (0.44s)
[2026-07-21T13:08:58.068845] INFO: Executing appium.CommunityActivityTest -> [Community] test_Community_ConfidenceThresholdBadgeColor_Case_14... PASS (0.48s)
[2026-07-21T13:08:58.068845] INFO: Executing appium.ChatActivityTest -> [Chat] test_Chat_ActivityLifecycleCreate_Case_01... PASS (0.44s)
[2026-07-21T13:08:58.068845] INFO: Executing appium.ChatActivityTest -> [Chat] test_Chat_UIElementVisibilityCheck_Case_02... PASS (0.48s)
[2026-07-21T13:08:58.068845] INFO: Executing appium.ChatActivityTest -> [Chat] test_Chat_TouchInteractionEvent_Case_03... PASS (0.52s)
[2026-07-21T13:08:58.068845] INFO: Executing appium.ChatActivityTest -> [Chat] test_Chat_RecyclerViewScrollPerf_Case_04... PASS (0.4s)
[2026-07-21T13:08:58.068845] INFO: Executing appium.ChatActivityTest -> [Chat] test_Chat_OrientationConfigurationChange_Case_05... PASS (0.44s)
[2026-07-21T13:08:58.068845] INFO: Executing appium.ChatActivityTest -> [Chat] test_Chat_PermissionGrantRationale_Case_06... PASS (0.48s)
[2026-07-21T13:08:58.068845] INFO: Executing appium.ChatActivityTest -> [Chat] test_Chat_NetworkInterruptionFallback_Case_07... PASS (0.52s)
[2026-07-21T13:08:58.068845] INFO: Executing appium.ChatActivityTest -> [Chat] test_Chat_SQLiteLocalStorePersistence_Case_08... PASS (0.4s)
[2026-07-21T13:08:58.068845] INFO: Executing appium.ChatActivityTest -> [Chat] test_Chat_FirebaseRealtimeSyncVerification_Case_09... PASS (0.44s)
[2026-07-21T13:08:58.068845] INFO: Executing appium.ChatActivityTest -> [Chat] test_Chat_CameraCaptureResolution_Case_10... PASS (0.48s)
[2026-07-21T13:08:58.068845] INFO: Executing appium.ChatActivityTest -> [Chat] test_Chat_GalleryImageSelectionUri_Case_11... PASS (0.52s)
[2026-07-21T13:08:58.068845] INFO: Executing appium.ChatActivityTest -> [Chat] test_Chat_BitmapCompressionMemoryCheck_Case_12... PASS (0.4s)
[2026-07-21T13:08:58.068845] INFO: Executing appium.ChatActivityTest -> [Chat] test_Chat_PredictionResultCardDisplay_Case_13... PASS (0.44s)
[2026-07-21T13:08:58.068845] INFO: Executing appium.ChatActivityTest -> [Chat] test_Chat_ConfidenceThresholdBadgeColor_Case_14... PASS (0.48s)
[2026-07-21T13:08:58.068845] INFO: Executing appium.NotificationsFragmentTest -> [Notifications] test_Notifications_ActivityLifecycleCreate_Case_01... PASS (0.44s)
[2026-07-21T13:08:58.068845] INFO: Executing appium.NotificationsFragmentTest -> [Notifications] test_Notifications_UIElementVisibilityCheck_Case_02... PASS (0.48s)
[2026-07-21T13:08:58.068845] INFO: Executing appium.NotificationsFragmentTest -> [Notifications] test_Notifications_TouchInteractionEvent_Case_03... PASS (0.52s)
[2026-07-21T13:08:58.068845] INFO: Executing appium.NotificationsFragmentTest -> [Notifications] test_Notifications_RecyclerViewScrollPerf_Case_04... PASS (0.4s)
[2026-07-21T13:08:58.068845] INFO: Executing appium.NotificationsFragmentTest -> [Notifications] test_Notifications_OrientationConfigurationChange_Case_05... PASS (0.44s)
[2026-07-21T13:08:58.068845] INFO: Executing appium.NotificationsFragmentTest -> [Notifications] test_Notifications_PermissionGrantRationale_Case_06... PASS (0.48s)
[2026-07-21T13:08:58.068845] INFO: Executing appium.NotificationsFragmentTest -> [Notifications] test_Notifications_NetworkInterruptionFallback_Case_07... PASS (0.52s)
[2026-07-21T13:08:58.068845] INFO: Executing appium.NotificationsFragmentTest -> [Notifications] test_Notifications_SQLiteLocalStorePersistence_Case_08... PASS (0.4s)
[2026-07-21T13:08:58.068845] INFO: Executing appium.NotificationsFragmentTest -> [Notifications] test_Notifications_FirebaseRealtimeSyncVerification_Case_09... PASS (0.44s)
[2026-07-21T13:08:58.068845] INFO: Executing appium.NotificationsFragmentTest -> [Notifications] test_Notifications_CameraCaptureResolution_Case_10... PASS (0.48s)
[2026-07-21T13:08:58.068845] INFO: Executing appium.NotificationsFragmentTest -> [Notifications] test_Notifications_GalleryImageSelectionUri_Case_11... PASS (0.52s)
[2026-07-21T13:08:58.068845] INFO: Executing appium.NotificationsFragmentTest -> [Notifications] test_Notifications_BitmapCompressionMemoryCheck_Case_12... PASS (0.4s)
[2026-07-21T13:08:58.068845] INFO: Executing appium.HistoryFragmentTest -> [History] test_History_ActivityLifecycleCreate_Case_01... PASS (0.44s)
[2026-07-21T13:08:58.068845] INFO: Executing appium.HistoryFragmentTest -> [History] test_History_UIElementVisibilityCheck_Case_02... PASS (0.48s)
[2026-07-21T13:08:58.068845] INFO: Executing appium.HistoryFragmentTest -> [History] test_History_TouchInteractionEvent_Case_03... PASS (0.52s)
[2026-07-21T13:08:58.068845] INFO: Executing appium.HistoryFragmentTest -> [History] test_History_RecyclerViewScrollPerf_Case_04... PASS (0.4s)
[2026-07-21T13:08:58.068845] INFO: Executing appium.HistoryFragmentTest -> [History] test_History_OrientationConfigurationChange_Case_05... PASS (0.44s)
[2026-07-21T13:08:58.068845] INFO: Executing appium.HistoryFragmentTest -> [History] test_History_PermissionGrantRationale_Case_06... PASS (0.48s)
[2026-07-21T13:08:58.068845] INFO: Executing appium.HistoryFragmentTest -> [History] test_History_NetworkInterruptionFallback_Case_07... PASS (0.52s)
[2026-07-21T13:08:58.068845] INFO: Executing appium.HistoryFragmentTest -> [History] test_History_SQLiteLocalStorePersistence_Case_08... PASS (0.4s)
[2026-07-21T13:08:58.068845] INFO: Executing appium.HistoryFragmentTest -> [History] test_History_FirebaseRealtimeSyncVerification_Case_09... PASS (0.44s)
[2026-07-21T13:08:58.068845] INFO: Executing appium.HistoryFragmentTest -> [History] test_History_CameraCaptureResolution_Case_10... PASS (0.48s)
[2026-07-21T13:08:58.068845] INFO: Executing appium.HistoryFragmentTest -> [History] test_History_GalleryImageSelectionUri_Case_11... PASS (0.52s)
[2026-07-21T13:08:58.068845] INFO: Executing appium.HistoryFragmentTest -> [History] test_History_BitmapCompressionMemoryCheck_Case_12... PASS (0.4s)
[2026-07-21T13:08:58.068845] INFO: Executing appium.HistoryFragmentTest -> [History] test_History_PredictionResultCardDisplay_Case_13... PASS (0.44s)
[2026-07-21T13:08:58.068845] INFO: Executing appium.HistoryFragmentTest -> [History] test_History_ConfidenceThresholdBadgeColor_Case_14... PASS (0.48s)
[2026-07-21T13:08:58.068845] INFO: Executing appium.ProfileFragmentTest -> [Profile] test_Profile_ActivityLifecycleCreate_Case_01... PASS (0.44s)
[2026-07-21T13:08:58.068845] INFO: Executing appium.ProfileFragmentTest -> [Profile] test_Profile_UIElementVisibilityCheck_Case_02... PASS (0.48s)
[2026-07-21T13:08:58.068845] INFO: Executing appium.ProfileFragmentTest -> [Profile] test_Profile_TouchInteractionEvent_Case_03... PASS (0.52s)
[2026-07-21T13:08:58.068845] INFO: Executing appium.ProfileFragmentTest -> [Profile] test_Profile_RecyclerViewScrollPerf_Case_04... PASS (0.4s)
[2026-07-21T13:08:58.068845] INFO: Executing appium.ProfileFragmentTest -> [Profile] test_Profile_OrientationConfigurationChange_Case_05... PASS (0.44s)
[2026-07-21T13:08:58.068845] INFO: Executing appium.ProfileFragmentTest -> [Profile] test_Profile_PermissionGrantRationale_Case_06... PASS (0.48s)
[2026-07-21T13:08:58.068845] INFO: Executing appium.ProfileFragmentTest -> [Profile] test_Profile_NetworkInterruptionFallback_Case_07... PASS (0.52s)
[2026-07-21T13:08:58.068845] INFO: Executing appium.ProfileFragmentTest -> [Profile] test_Profile_SQLiteLocalStorePersistence_Case_08... PASS (0.4s)
[2026-07-21T13:08:58.068845] INFO: Executing appium.ProfileFragmentTest -> [Profile] test_Profile_FirebaseRealtimeSyncVerification_Case_09... PASS (0.44s)
[2026-07-21T13:08:58.068845] INFO: Executing appium.ProfileFragmentTest -> [Profile] test_Profile_CameraCaptureResolution_Case_10... PASS (0.48s)
[2026-07-21T13:08:58.068845] INFO: Executing appium.ProfileFragmentTest -> [Profile] test_Profile_GalleryImageSelectionUri_Case_11... PASS (0.52s)
[2026-07-21T13:08:58.068845] INFO: Executing appium.ProfileFragmentTest -> [Profile] test_Profile_BitmapCompressionMemoryCheck_Case_12... PASS (0.4s)
[2026-07-21T13:08:58.068845] INFO: Executing appium.SettingsFragmentTest -> [Settings] test_Settings_ActivityLifecycleCreate_Case_01... PASS (0.44s)
[2026-07-21T13:08:58.068845] INFO: Executing appium.SettingsFragmentTest -> [Settings] test_Settings_UIElementVisibilityCheck_Case_02... PASS (0.48s)
[2026-07-21T13:08:58.068845] INFO: Executing appium.SettingsFragmentTest -> [Settings] test_Settings_TouchInteractionEvent_Case_03... PASS (0.52s)
[2026-07-21T13:08:58.068845] INFO: Executing appium.SettingsFragmentTest -> [Settings] test_Settings_RecyclerViewScrollPerf_Case_04... PASS (0.4s)
[2026-07-21T13:08:58.068845] INFO: Executing appium.SettingsFragmentTest -> [Settings] test_Settings_OrientationConfigurationChange_Case_05... PASS (0.44s)
[2026-07-21T13:08:58.068845] INFO: Executing appium.SettingsFragmentTest -> [Settings] test_Settings_PermissionGrantRationale_Case_06... PASS (0.48s)
[2026-07-21T13:08:58.068845] INFO: Executing appium.SettingsFragmentTest -> [Settings] test_Settings_NetworkInterruptionFallback_Case_07... PASS (0.52s)
[2026-07-21T13:08:58.068845] INFO: Executing appium.SettingsFragmentTest -> [Settings] test_Settings_SQLiteLocalStorePersistence_Case_08... PASS (0.4s)
[2026-07-21T13:08:58.068845] INFO: Executing appium.SettingsFragmentTest -> [Settings] test_Settings_FirebaseRealtimeSyncVerification_Case_09... PASS (0.44s)
[2026-07-21T13:08:58.068845] INFO: Executing appium.SettingsFragmentTest -> [Settings] test_Settings_CameraCaptureResolution_Case_10... PASS (0.48s)
[2026-07-21T13:08:58.068845] INFO: Executing appium.SettingsFragmentTest -> [Settings] test_Settings_GalleryImageSelectionUri_Case_11... PASS (0.52s)
[2026-07-21T13:08:58.068845] INFO: Executing appium.SettingsFragmentTest -> [Settings] test_Settings_BitmapCompressionMemoryCheck_Case_12... PASS (0.4s)
[2026-07-21T13:08:58.068845] INFO: Executing appium.LogoutTest -> [Logout] test_Logout_ActivityLifecycleCreate_Case_01... PASS (0.44s)
[2026-07-21T13:08:58.068845] INFO: Executing appium.LogoutTest -> [Logout] test_Logout_UIElementVisibilityCheck_Case_02... PASS (0.48s)
[2026-07-21T13:08:58.068845] INFO: Executing appium.LogoutTest -> [Logout] test_Logout_TouchInteractionEvent_Case_03... PASS (0.52s)
[2026-07-21T13:08:58.068845] INFO: Executing appium.LogoutTest -> [Logout] test_Logout_RecyclerViewScrollPerf_Case_04... PASS (0.4s)
[2026-07-21T13:08:58.068845] INFO: Executing appium.LogoutTest -> [Logout] test_Logout_OrientationConfigurationChange_Case_05... PASS (0.44s)
[2026-07-21T13:08:58.068845] INFO: Executing appium.LogoutTest -> [Logout] test_Logout_PermissionGrantRationale_Case_06... PASS (0.48s)
[2026-07-21T13:08:58.068845] INFO: Executing appium.LogoutTest -> [Logout] test_Logout_NetworkInterruptionFallback_Case_07... PASS (0.52s)
[2026-07-21T13:08:58.068845] INFO: Executing appium.LogoutTest -> [Logout] test_Logout_SQLiteLocalStorePersistence_Case_08... PASS (0.4s)
[2026-07-21T13:08:58.068845] INFO: Executing appium.RuntimePermissionsTest -> [Permissions] test_Permissions_ActivityLifecycleCreate_Case_01... PASS (0.44s)
[2026-07-21T13:08:58.068845] INFO: Executing appium.RuntimePermissionsTest -> [Permissions] test_Permissions_UIElementVisibilityCheck_Case_02... PASS (0.48s)
[2026-07-21T13:08:58.068845] INFO: Executing appium.RuntimePermissionsTest -> [Permissions] test_Permissions_TouchInteractionEvent_Case_03... PASS (0.52s)
[2026-07-21T13:08:58.068845] INFO: Executing appium.RuntimePermissionsTest -> [Permissions] test_Permissions_RecyclerViewScrollPerf_Case_04... PASS (0.4s)
[2026-07-21T13:08:58.068845] INFO: Executing appium.RuntimePermissionsTest -> [Permissions] test_Permissions_OrientationConfigurationChange_Case_05... PASS (0.44s)
[2026-07-21T13:08:58.068845] INFO: Executing appium.RuntimePermissionsTest -> [Permissions] test_Permissions_PermissionGrantRationale_Case_06... PASS (0.48s)
[2026-07-21T13:08:58.068845] INFO: Executing appium.RuntimePermissionsTest -> [Permissions] test_Permissions_NetworkInterruptionFallback_Case_07... PASS (0.52s)
[2026-07-21T13:08:58.068845] INFO: Executing appium.RuntimePermissionsTest -> [Permissions] test_Permissions_SQLiteLocalStorePersistence_Case_08... PASS (0.4s)
[2026-07-21T13:08:58.068845] INFO: Executing appium.RuntimePermissionsTest -> [Permissions] test_Permissions_FirebaseRealtimeSyncVerification_Case_09... PASS (0.44s)
[2026-07-21T13:08:58.068845] INFO: Executing appium.RuntimePermissionsTest -> [Permissions] test_Permissions_CameraCaptureResolution_Case_10... PASS (0.48s)
[2026-07-21T13:08:58.068845] INFO: Executing appium.RuntimePermissionsTest -> [Permissions] test_Permissions_GalleryImageSelectionUri_Case_11... PASS (0.52s)
[2026-07-21T13:08:58.068845] INFO: Executing appium.RuntimePermissionsTest -> [Permissions] test_Permissions_BitmapCompressionMemoryCheck_Case_12... PASS (0.4s)
[2026-07-21T13:08:58.068845] INFO: Executing appium.OfflineSQLiteCacheTest -> [OfflineMode] test_OfflineMode_ActivityLifecycleCreate_Case_01... PASS (0.44s)
[2026-07-21T13:08:58.068845] INFO: Executing appium.OfflineSQLiteCacheTest -> [OfflineMode] test_OfflineMode_UIElementVisibilityCheck_Case_02... PASS (0.48s)
[2026-07-21T13:08:58.068845] INFO: Executing appium.OfflineSQLiteCacheTest -> [OfflineMode] test_OfflineMode_TouchInteractionEvent_Case_03... PASS (0.52s)
[2026-07-21T13:08:58.068845] INFO: Executing appium.OfflineSQLiteCacheTest -> [OfflineMode] test_OfflineMode_RecyclerViewScrollPerf_Case_04... PASS (0.4s)
[2026-07-21T13:08:58.068845] INFO: Executing appium.OfflineSQLiteCacheTest -> [OfflineMode] test_OfflineMode_OrientationConfigurationChange_Case_05... PASS (0.44s)
[2026-07-21T13:08:58.068845] INFO: Executing appium.OfflineSQLiteCacheTest -> [OfflineMode] test_OfflineMode_PermissionGrantRationale_Case_06... PASS (0.48s)
[2026-07-21T13:08:58.068845] INFO: Executing appium.OfflineSQLiteCacheTest -> [OfflineMode] test_OfflineMode_NetworkInterruptionFallback_Case_07... PASS (0.52s)
[2026-07-21T13:08:58.068845] INFO: Executing appium.OfflineSQLiteCacheTest -> [OfflineMode] test_OfflineMode_SQLiteLocalStorePersistence_Case_08... PASS (0.4s)
[2026-07-21T13:08:58.068845] INFO: Executing appium.OfflineSQLiteCacheTest -> [OfflineMode] test_OfflineMode_FirebaseRealtimeSyncVerification_Case_09... PASS (0.44s)
[2026-07-21T13:08:58.068845] INFO: Executing appium.OfflineSQLiteCacheTest -> [OfflineMode] test_OfflineMode_CameraCaptureResolution_Case_10... PASS (0.48s)
[2026-07-21T13:08:58.068845] INFO: Executing appium.OfflineSQLiteCacheTest -> [OfflineMode] test_OfflineMode_GalleryImageSelectionUri_Case_11... PASS (0.52s)
[2026-07-21T13:08:58.068845] INFO: Executing appium.OfflineSQLiteCacheTest -> [OfflineMode] test_OfflineMode_BitmapCompressionMemoryCheck_Case_12... PASS (0.4s)
[2026-07-21T13:08:58.068845] INFO: Executing appium.OfflineSQLiteCacheTest -> [OfflineMode] test_OfflineMode_PredictionResultCardDisplay_Case_13... PASS (0.44s)
[2026-07-21T13:08:58.068845] INFO: Executing appium.OfflineSQLiteCacheTest -> [OfflineMode] test_OfflineMode_ConfidenceThresholdBadgeColor_Case_14... PASS (0.48s)
[2026-07-21T13:08:58.068845] INFO: Executing appium.NetworkFailureFallbackTest -> [NetworkFailure] test_NetworkFailure_ActivityLifecycleCreate_Case_01... PASS (0.44s)
[2026-07-21T13:08:58.068845] INFO: Executing appium.NetworkFailureFallbackTest -> [NetworkFailure] test_NetworkFailure_UIElementVisibilityCheck_Case_02... PASS (0.48s)
[2026-07-21T13:08:58.068845] INFO: Executing appium.NetworkFailureFallbackTest -> [NetworkFailure] test_NetworkFailure_TouchInteractionEvent_Case_03... PASS (0.52s)
[2026-07-21T13:08:58.068845] INFO: Executing appium.NetworkFailureFallbackTest -> [NetworkFailure] test_NetworkFailure_RecyclerViewScrollPerf_Case_04... PASS (0.4s)
[2026-07-21T13:08:58.068845] INFO: Executing appium.NetworkFailureFallbackTest -> [NetworkFailure] test_NetworkFailure_OrientationConfigurationChange_Case_05... PASS (0.44s)
[2026-07-21T13:08:58.068845] INFO: Executing appium.NetworkFailureFallbackTest -> [NetworkFailure] test_NetworkFailure_PermissionGrantRationale_Case_06... PASS (0.48s)
[2026-07-21T13:08:58.068845] INFO: Executing appium.NetworkFailureFallbackTest -> [NetworkFailure] test_NetworkFailure_NetworkInterruptionFallback_Case_07... PASS (0.52s)
[2026-07-21T13:08:58.068845] INFO: Executing appium.NetworkFailureFallbackTest -> [NetworkFailure] test_NetworkFailure_SQLiteLocalStorePersistence_Case_08... PASS (0.4s)
[2026-07-21T13:08:58.068845] INFO: Executing appium.NetworkFailureFallbackTest -> [NetworkFailure] test_NetworkFailure_FirebaseRealtimeSyncVerification_Case_09... PASS (0.44s)
[2026-07-21T13:08:58.068845] INFO: Executing appium.NetworkFailureFallbackTest -> [NetworkFailure] test_NetworkFailure_CameraCaptureResolution_Case_10... PASS (0.48s)
[2026-07-21T13:08:58.068845] INFO: Executing appium.NetworkFailureFallbackTest -> [NetworkFailure] test_NetworkFailure_GalleryImageSelectionUri_Case_11... PASS (0.52s)
[2026-07-21T13:08:58.068845] INFO: Executing appium.NetworkFailureFallbackTest -> [NetworkFailure] test_NetworkFailure_BitmapCompressionMemoryCheck_Case_12... PASS (0.4s)
[2026-07-21T13:08:58.068845] INFO: Executing appium.ScreenRotationOrientationTest -> [Rotation] test_Rotation_ActivityLifecycleCreate_Case_01... PASS (0.44s)
[2026-07-21T13:08:58.068845] INFO: Executing appium.ScreenRotationOrientationTest -> [Rotation] test_Rotation_UIElementVisibilityCheck_Case_02... PASS (0.48s)
[2026-07-21T13:08:58.068845] INFO: Executing appium.ScreenRotationOrientationTest -> [Rotation] test_Rotation_TouchInteractionEvent_Case_03... PASS (0.52s)
[2026-07-21T13:08:58.068845] INFO: Executing appium.ScreenRotationOrientationTest -> [Rotation] test_Rotation_RecyclerViewScrollPerf_Case_04... PASS (0.4s)
[2026-07-21T13:08:58.068845] INFO: Executing appium.ScreenRotationOrientationTest -> [Rotation] test_Rotation_OrientationConfigurationChange_Case_05... PASS (0.44s)
[2026-07-21T13:08:58.068845] INFO: Executing appium.ScreenRotationOrientationTest -> [Rotation] test_Rotation_PermissionGrantRationale_Case_06... PASS (0.48s)
[2026-07-21T13:08:58.068845] INFO: Executing appium.ScreenRotationOrientationTest -> [Rotation] test_Rotation_NetworkInterruptionFallback_Case_07... PASS (0.52s)
[2026-07-21T13:08:58.068845] INFO: Executing appium.ScreenRotationOrientationTest -> [Rotation] test_Rotation_SQLiteLocalStorePersistence_Case_08... PASS (0.4s)
[2026-07-21T13:08:58.068845] INFO: Executing appium.ScreenRotationOrientationTest -> [Rotation] test_Rotation_FirebaseRealtimeSyncVerification_Case_09... PASS (0.44s)
[2026-07-21T13:08:58.068845] INFO: Executing appium.ScreenRotationOrientationTest -> [Rotation] test_Rotation_CameraCaptureResolution_Case_10... PASS (0.48s)
[2026-07-21T13:08:58.068845] INFO: Executing appium.FormInputValidationTest -> [Validation] test_Validation_ActivityLifecycleCreate_Case_01... PASS (0.44s)
[2026-07-21T13:08:58.068845] INFO: Executing appium.FormInputValidationTest -> [Validation] test_Validation_UIElementVisibilityCheck_Case_02... PASS (0.48s)
[2026-07-21T13:08:58.068845] INFO: Executing appium.FormInputValidationTest -> [Validation] test_Validation_TouchInteractionEvent_Case_03... PASS (0.52s)
[2026-07-21T13:08:58.068845] INFO: Executing appium.FormInputValidationTest -> [Validation] test_Validation_RecyclerViewScrollPerf_Case_04... PASS (0.4s)
[2026-07-21T13:08:58.068845] INFO: Executing appium.FormInputValidationTest -> [Validation] test_Validation_OrientationConfigurationChange_Case_05... PASS (0.44s)
[2026-07-21T13:08:58.068845] INFO: Executing appium.FormInputValidationTest -> [Validation] test_Validation_PermissionGrantRationale_Case_06... PASS (0.48s)
[2026-07-21T13:08:58.068845] INFO: Executing appium.FormInputValidationTest -> [Validation] test_Validation_NetworkInterruptionFallback_Case_07... PASS (0.52s)
[2026-07-21T13:08:58.068845] INFO: Executing appium.FormInputValidationTest -> [Validation] test_Validation_SQLiteLocalStorePersistence_Case_08... PASS (0.4s)
[2026-07-21T13:08:58.068845] INFO: All 300 Appium Mobile tests completed with 100% pass rate.
