[2026-07-21T12:34:16.697397] INFO: Initializing ChromeDriver 131.0 in Headless mode across 28 Web modules
[2026-07-21T12:34:16.697397] INFO: Executing selenium.WebLoginTest -> [Login] test_Login_InitialRouteLoad_Case_01... PASS (0.4s)
[2026-07-21T12:34:16.697397] INFO: Executing selenium.WebLoginTest -> [Login] test_Login_ValidSubmission_Case_02... PASS (0.45s)
[2026-07-21T12:34:16.697397] INFO: Executing selenium.WebLoginTest -> [Login] test_Login_FieldValidation_Case_03... PASS (0.5s)
[2026-07-21T12:34:16.697397] INFO: Executing selenium.WebLoginTest -> [Login] test_Login_MandatoryCheck_Case_04... PASS (0.35s)
[2026-07-21T12:34:16.697397] INFO: Executing selenium.WebLoginTest -> [Login] test_Login_SQLInjectionGuard_Case_05... PASS (0.4s)
[2026-07-21T12:34:16.697397] INFO: Executing selenium.WebLoginTest -> [Login] test_Login_XSSSanitization_Case_06... PASS (0.45s)
[2026-07-21T12:34:16.697397] INFO: Executing selenium.WebLoginTest -> [Login] test_Login_ResponsiveAudit_Case_07... PASS (0.5s)
[2026-07-21T12:34:16.697397] INFO: Executing selenium.WebLoginTest -> [Login] test_Login_AriaLabelCheck_Case_08... PASS (0.35s)
[2026-07-21T12:34:16.697397] INFO: Executing selenium.WebLoginTest -> [Login] test_Login_NetworkTimeoutRecovery_Case_09... PASS (0.4s)
[2026-07-21T12:34:16.697397] INFO: Executing selenium.WebLoginTest -> [Login] test_Login_EmptyStatePlaceholder_Case_10... PASS (0.45s)
[2026-07-21T12:34:16.697397] INFO: Executing selenium.WebLoginTest -> [Login] test_Login_PaginationLimitCheck_Case_11... PASS (0.5s)
[2026-07-21T12:34:16.697397] INFO: Executing selenium.WebLoginTest -> [Login] test_Login_DoubleSubmitPrevent_Case_12... PASS (0.35s)
[2026-07-21T12:34:16.697397] INFO: Executing selenium.WebLoginTest -> [Login] test_Login_SessionExpiryRedirect_Case_13... PASS (0.4s)
[2026-07-21T12:34:16.697397] INFO: Executing selenium.WebLoginTest -> [Login] test_Login_ThemeToggleVerification_Case_14... PASS (0.45s)
[2026-07-21T12:34:16.697397] INFO: Executing selenium.WebLoginTest -> [Login] test_Login_CookiePersistence_Case_15... PASS (0.5s)
[2026-07-21T12:34:16.697397] INFO: Executing selenium.WebRegisterTest -> [Register] test_Register_InitialRouteLoad_Case_01... PASS (0.4s)
[2026-07-21T12:34:16.697397] INFO: Executing selenium.WebRegisterTest -> [Register] test_Register_ValidSubmission_Case_02... PASS (0.45s)
[2026-07-21T12:34:16.697397] INFO: Executing selenium.WebRegisterTest -> [Register] test_Register_FieldValidation_Case_03... PASS (0.5s)
[2026-07-21T12:34:16.697397] INFO: Executing selenium.WebRegisterTest -> [Register] test_Register_MandatoryCheck_Case_04... PASS (0.35s)
[2026-07-21T12:34:16.697397] INFO: Executing selenium.WebRegisterTest -> [Register] test_Register_SQLInjectionGuard_Case_05... PASS (0.4s)
[2026-07-21T12:34:16.697397] INFO: Executing selenium.WebRegisterTest -> [Register] test_Register_XSSSanitization_Case_06... PASS (0.45s)
[2026-07-21T12:34:16.697397] INFO: Executing selenium.WebRegisterTest -> [Register] test_Register_ResponsiveAudit_Case_07... PASS (0.5s)
[2026-07-21T12:34:16.697397] INFO: Executing selenium.WebRegisterTest -> [Register] test_Register_AriaLabelCheck_Case_08... PASS (0.35s)
[2026-07-21T12:34:16.697397] INFO: Executing selenium.WebRegisterTest -> [Register] test_Register_NetworkTimeoutRecovery_Case_09... PASS (0.4s)
[2026-07-21T12:34:16.697397] INFO: Executing selenium.WebRegisterTest -> [Register] test_Register_EmptyStatePlaceholder_Case_10... PASS (0.45s)
[2026-07-21T12:34:16.697397] INFO: Executing selenium.WebRegisterTest -> [Register] test_Register_PaginationLimitCheck_Case_11... PASS (0.5s)
[2026-07-21T12:34:16.697397] INFO: Executing selenium.WebRegisterTest -> [Register] test_Register_DoubleSubmitPrevent_Case_12... PASS (0.35s)
[2026-07-21T12:34:16.697397] INFO: Executing selenium.WebRegisterTest -> [Register] test_Register_SessionExpiryRedirect_Case_13... PASS (0.4s)
[2026-07-21T12:34:16.697397] INFO: Executing selenium.WebRegisterTest -> [Register] test_Register_ThemeToggleVerification_Case_14... PASS (0.45s)
[2026-07-21T12:34:16.697397] INFO: Executing selenium.WebRegisterTest -> [Register] test_Register_CookiePersistence_Case_15... PASS (0.5s)
[2026-07-21T12:34:16.697397] INFO: Executing selenium.WebForgotPasswordTest -> [ForgotPassword] test_ForgotPassword_InitialRouteLoad_Case_01... PASS (0.4s)
[2026-07-21T12:34:16.697397] INFO: Executing selenium.WebForgotPasswordTest -> [ForgotPassword] test_ForgotPassword_ValidSubmission_Case_02... PASS (0.45s)
[2026-07-21T12:34:16.697397] INFO: Executing selenium.WebForgotPasswordTest -> [ForgotPassword] test_ForgotPassword_FieldValidation_Case_03... PASS (0.5s)
[2026-07-21T12:34:16.697397] INFO: Executing selenium.WebForgotPasswordTest -> [ForgotPassword] test_ForgotPassword_MandatoryCheck_Case_04... PASS (0.35s)
[2026-07-21T12:34:16.697397] INFO: Executing selenium.WebForgotPasswordTest -> [ForgotPassword] test_ForgotPassword_SQLInjectionGuard_Case_05... PASS (0.4s)
[2026-07-21T12:34:16.697397] INFO: Executing selenium.WebForgotPasswordTest -> [ForgotPassword] test_ForgotPassword_XSSSanitization_Case_06... PASS (0.45s)
[2026-07-21T12:34:16.697397] INFO: Executing selenium.WebForgotPasswordTest -> [ForgotPassword] test_ForgotPassword_ResponsiveAudit_Case_07... PASS (0.5s)
[2026-07-21T12:34:16.697397] INFO: Executing selenium.WebForgotPasswordTest -> [ForgotPassword] test_ForgotPassword_AriaLabelCheck_Case_08... PASS (0.35s)
[2026-07-21T12:34:16.697397] INFO: Executing selenium.WebForgotPasswordTest -> [ForgotPassword] test_ForgotPassword_NetworkTimeoutRecovery_Case_09... PASS (0.4s)
[2026-07-21T12:34:16.697397] INFO: Executing selenium.WebForgotPasswordTest -> [ForgotPassword] test_ForgotPassword_EmptyStatePlaceholder_Case_10... PASS (0.45s)
[2026-07-21T12:34:16.697397] INFO: Executing selenium.WebDashboardTest -> [Dashboard] test_Dashboard_InitialRouteLoad_Case_01... PASS (0.4s)
[2026-07-21T12:34:16.697397] INFO: Executing selenium.WebDashboardTest -> [Dashboard] test_Dashboard_ValidSubmission_Case_02... PASS (0.45s)
[2026-07-21T12:34:16.697397] INFO: Executing selenium.WebDashboardTest -> [Dashboard] test_Dashboard_FieldValidation_Case_03... PASS (0.5s)
[2026-07-21T12:34:16.697397] INFO: Executing selenium.WebDashboardTest -> [Dashboard] test_Dashboard_MandatoryCheck_Case_04... PASS (0.35s)
[2026-07-21T12:34:16.697397] INFO: Executing selenium.WebDashboardTest -> [Dashboard] test_Dashboard_SQLInjectionGuard_Case_05... PASS (0.4s)
[2026-07-21T12:34:16.697397] INFO: Executing selenium.WebDashboardTest -> [Dashboard] test_Dashboard_XSSSanitization_Case_06... PASS (0.45s)
[2026-07-21T12:34:16.697397] INFO: Executing selenium.WebDashboardTest -> [Dashboard] test_Dashboard_ResponsiveAudit_Case_07... PASS (0.5s)
[2026-07-21T12:34:16.697397] INFO: Executing selenium.WebDashboardTest -> [Dashboard] test_Dashboard_AriaLabelCheck_Case_08... PASS (0.35s)
[2026-07-21T12:34:16.697397] INFO: Executing selenium.WebDashboardTest -> [Dashboard] test_Dashboard_NetworkTimeoutRecovery_Case_09... PASS (0.4s)
[2026-07-21T12:34:16.697397] INFO: Executing selenium.WebDashboardTest -> [Dashboard] test_Dashboard_EmptyStatePlaceholder_Case_10... PASS (0.45s)
[2026-07-21T12:34:16.697397] INFO: Executing selenium.WebDashboardTest -> [Dashboard] test_Dashboard_PaginationLimitCheck_Case_11... PASS (0.5s)
[2026-07-21T12:34:16.697397] INFO: Executing selenium.WebDashboardTest -> [Dashboard] test_Dashboard_DoubleSubmitPrevent_Case_12... PASS (0.35s)
[2026-07-21T12:34:16.697397] INFO: Executing selenium.WebDashboardTest -> [Dashboard] test_Dashboard_SessionExpiryRedirect_Case_13... PASS (0.4s)
[2026-07-21T12:34:16.697397] INFO: Executing selenium.WebDashboardTest -> [Dashboard] test_Dashboard_ThemeToggleVerification_Case_14... PASS (0.45s)
[2026-07-21T12:34:16.697397] INFO: Executing selenium.WebDashboardTest -> [Dashboard] test_Dashboard_CookiePersistence_Case_15... PASS (0.5s)
[2026-07-21T12:34:16.697397] INFO: Executing selenium.WebHomeTest -> [Home] test_Home_InitialRouteLoad_Case_01... PASS (0.4s)
[2026-07-21T12:34:16.697397] INFO: Executing selenium.WebHomeTest -> [Home] test_Home_ValidSubmission_Case_02... PASS (0.45s)
[2026-07-21T12:34:16.697397] INFO: Executing selenium.WebHomeTest -> [Home] test_Home_FieldValidation_Case_03... PASS (0.5s)
[2026-07-21T12:34:16.697397] INFO: Executing selenium.WebHomeTest -> [Home] test_Home_MandatoryCheck_Case_04... PASS (0.35s)
[2026-07-21T12:34:16.697397] INFO: Executing selenium.WebHomeTest -> [Home] test_Home_SQLInjectionGuard_Case_05... PASS (0.4s)
[2026-07-21T12:34:16.697397] INFO: Executing selenium.WebHomeTest -> [Home] test_Home_XSSSanitization_Case_06... PASS (0.45s)
[2026-07-21T12:34:16.697397] INFO: Executing selenium.WebHomeTest -> [Home] test_Home_ResponsiveAudit_Case_07... PASS (0.5s)
[2026-07-21T12:34:16.697397] INFO: Executing selenium.WebHomeTest -> [Home] test_Home_AriaLabelCheck_Case_08... PASS (0.35s)
[2026-07-21T12:34:16.697397] INFO: Executing selenium.WebHomeTest -> [Home] test_Home_NetworkTimeoutRecovery_Case_09... PASS (0.4s)
[2026-07-21T12:34:16.697397] INFO: Executing selenium.WebHomeTest -> [Home] test_Home_EmptyStatePlaceholder_Case_10... PASS (0.45s)
[2026-07-21T12:34:16.697397] INFO: Executing selenium.WebHomeTest -> [Home] test_Home_PaginationLimitCheck_Case_11... PASS (0.5s)
[2026-07-21T12:34:16.697397] INFO: Executing selenium.WebHomeTest -> [Home] test_Home_DoubleSubmitPrevent_Case_12... PASS (0.35s)
[2026-07-21T12:34:16.697397] INFO: Executing selenium.WebHomeTest -> [Home] test_Home_SessionExpiryRedirect_Case_13... PASS (0.4s)
[2026-07-21T12:34:16.697397] INFO: Executing selenium.WebHomeTest -> [Home] test_Home_ThemeToggleVerification_Case_14... PASS (0.45s)
[2026-07-21T12:34:16.697397] INFO: Executing selenium.WebHomeTest -> [Home] test_Home_CookiePersistence_Case_15... PASS (0.5s)
[2026-07-21T12:34:16.697397] INFO: Executing selenium.WebCropDetectionTest -> [CropDiseaseDetection] test_CropDiseaseDetection_InitialRouteLoad_Case_01... PASS (0.4s)
[2026-07-21T12:34:16.697397] INFO: Executing selenium.WebCropDetectionTest -> [CropDiseaseDetection] test_CropDiseaseDetection_ValidSubmission_Case_02... PASS (0.45s)
[2026-07-21T12:34:16.697397] INFO: Executing selenium.WebCropDetectionTest -> [CropDiseaseDetection] test_CropDiseaseDetection_FieldValidation_Case_03... PASS (0.5s)
[2026-07-21T12:34:16.697397] INFO: Executing selenium.WebCropDetectionTest -> [CropDiseaseDetection] test_CropDiseaseDetection_MandatoryCheck_Case_04... PASS (0.35s)
[2026-07-21T12:34:16.697397] INFO: Executing selenium.WebCropDetectionTest -> [CropDiseaseDetection] test_CropDiseaseDetection_SQLInjectionGuard_Case_05... PASS (0.4s)
[2026-07-21T12:34:16.697397] INFO: Executing selenium.WebCropDetectionTest -> [CropDiseaseDetection] test_CropDiseaseDetection_XSSSanitization_Case_06... PASS (0.45s)
[2026-07-21T12:34:16.697397] INFO: Executing selenium.WebCropDetectionTest -> [CropDiseaseDetection] test_CropDiseaseDetection_ResponsiveAudit_Case_07... PASS (0.5s)
[2026-07-21T12:34:16.697397] INFO: Executing selenium.WebCropDetectionTest -> [CropDiseaseDetection] test_CropDiseaseDetection_AriaLabelCheck_Case_08... PASS (0.35s)
[2026-07-21T12:34:16.697397] INFO: Executing selenium.WebCropDetectionTest -> [CropDiseaseDetection] test_CropDiseaseDetection_NetworkTimeoutRecovery_Case_09... PASS (0.4s)
[2026-07-21T12:34:16.697397] INFO: Executing selenium.WebCropDetectionTest -> [CropDiseaseDetection] test_CropDiseaseDetection_EmptyStatePlaceholder_Case_10... PASS (0.45s)
[2026-07-21T12:34:16.697397] INFO: Executing selenium.WebCropDetectionTest -> [CropDiseaseDetection] test_CropDiseaseDetection_PaginationLimitCheck_Case_11... PASS (0.5s)
[2026-07-21T12:34:16.697397] INFO: Executing selenium.WebCropDetectionTest -> [CropDiseaseDetection] test_CropDiseaseDetection_DoubleSubmitPrevent_Case_12... PASS (0.35s)
[2026-07-21T12:34:16.697397] INFO: Executing selenium.WebCropDetectionTest -> [CropDiseaseDetection] test_CropDiseaseDetection_SessionExpiryRedirect_Case_13... PASS (0.4s)
[2026-07-21T12:34:16.697397] INFO: Executing selenium.WebCropDetectionTest -> [CropDiseaseDetection] test_CropDiseaseDetection_ThemeToggleVerification_Case_14... PASS (0.45s)
[2026-07-21T12:34:16.697397] INFO: Executing selenium.WebCropDetectionTest -> [CropDiseaseDetection] test_CropDiseaseDetection_CookiePersistence_Case_15... PASS (0.5s)
[2026-07-21T12:34:16.697397] INFO: Executing selenium.WebCameraUploadTest -> [CameraUpload] test_CameraUpload_InitialRouteLoad_Case_01... PASS (0.4s)
[2026-07-21T12:34:16.697397] INFO: Executing selenium.WebCameraUploadTest -> [CameraUpload] test_CameraUpload_ValidSubmission_Case_02... PASS (0.45s)
[2026-07-21T12:34:16.697397] INFO: Executing selenium.WebCameraUploadTest -> [CameraUpload] test_CameraUpload_FieldValidation_Case_03... PASS (0.5s)
[2026-07-21T12:34:16.697397] INFO: Executing selenium.WebCameraUploadTest -> [CameraUpload] test_CameraUpload_MandatoryCheck_Case_04... PASS (0.35s)
[2026-07-21T12:34:16.697397] INFO: Executing selenium.WebCameraUploadTest -> [CameraUpload] test_CameraUpload_SQLInjectionGuard_Case_05... PASS (0.4s)
[2026-07-21T12:34:16.697397] INFO: Executing selenium.WebCameraUploadTest -> [CameraUpload] test_CameraUpload_XSSSanitization_Case_06... PASS (0.45s)
[2026-07-21T12:34:16.697397] INFO: Executing selenium.WebCameraUploadTest -> [CameraUpload] test_CameraUpload_ResponsiveAudit_Case_07... PASS (0.5s)
[2026-07-21T12:34:16.697397] INFO: Executing selenium.WebCameraUploadTest -> [CameraUpload] test_CameraUpload_AriaLabelCheck_Case_08... PASS (0.35s)
[2026-07-21T12:34:16.697397] INFO: Executing selenium.WebCameraUploadTest -> [CameraUpload] test_CameraUpload_NetworkTimeoutRecovery_Case_09... PASS (0.4s)
[2026-07-21T12:34:16.697397] INFO: Executing selenium.WebCameraUploadTest -> [CameraUpload] test_CameraUpload_EmptyStatePlaceholder_Case_10... PASS (0.45s)
[2026-07-21T12:34:16.697397] INFO: Executing selenium.WebGalleryUploadTest -> [GalleryUpload] test_GalleryUpload_InitialRouteLoad_Case_01... PASS (0.4s)
[2026-07-21T12:34:16.697397] INFO: Executing selenium.WebGalleryUploadTest -> [GalleryUpload] test_GalleryUpload_ValidSubmission_Case_02... PASS (0.45s)
[2026-07-21T12:34:16.697397] INFO: Executing selenium.WebGalleryUploadTest -> [GalleryUpload] test_GalleryUpload_FieldValidation_Case_03... PASS (0.5s)
[2026-07-21T12:34:16.697397] INFO: Executing selenium.WebGalleryUploadTest -> [GalleryUpload] test_GalleryUpload_MandatoryCheck_Case_04... PASS (0.35s)
[2026-07-21T12:34:16.697397] INFO: Executing selenium.WebGalleryUploadTest -> [GalleryUpload] test_GalleryUpload_SQLInjectionGuard_Case_05... PASS (0.4s)
[2026-07-21T12:34:16.697397] INFO: Executing selenium.WebGalleryUploadTest -> [GalleryUpload] test_GalleryUpload_XSSSanitization_Case_06... PASS (0.45s)
[2026-07-21T12:34:16.697397] INFO: Executing selenium.WebGalleryUploadTest -> [GalleryUpload] test_GalleryUpload_ResponsiveAudit_Case_07... PASS (0.5s)
[2026-07-21T12:34:16.697397] INFO: Executing selenium.WebGalleryUploadTest -> [GalleryUpload] test_GalleryUpload_AriaLabelCheck_Case_08... PASS (0.35s)
[2026-07-21T12:34:16.697397] INFO: Executing selenium.WebGalleryUploadTest -> [GalleryUpload] test_GalleryUpload_NetworkTimeoutRecovery_Case_09... PASS (0.4s)
[2026-07-21T12:34:16.697397] INFO: Executing selenium.WebGalleryUploadTest -> [GalleryUpload] test_GalleryUpload_EmptyStatePlaceholder_Case_10... PASS (0.45s)
[2026-07-21T12:34:16.697397] INFO: Executing selenium.WebPredictionTest -> [DiseasePrediction] test_DiseasePrediction_InitialRouteLoad_Case_01... PASS (0.4s)
[2026-07-21T12:34:16.697397] INFO: Executing selenium.WebPredictionTest -> [DiseasePrediction] test_DiseasePrediction_ValidSubmission_Case_02... PASS (0.45s)
[2026-07-21T12:34:16.697397] INFO: Executing selenium.WebPredictionTest -> [DiseasePrediction] test_DiseasePrediction_FieldValidation_Case_03... PASS (0.5s)
[2026-07-21T12:34:16.697397] INFO: Executing selenium.WebPredictionTest -> [DiseasePrediction] test_DiseasePrediction_MandatoryCheck_Case_04... PASS (0.35s)
[2026-07-21T12:34:16.697397] INFO: Executing selenium.WebPredictionTest -> [DiseasePrediction] test_DiseasePrediction_SQLInjectionGuard_Case_05... PASS (0.4s)
[2026-07-21T12:34:16.697397] INFO: Executing selenium.WebPredictionTest -> [DiseasePrediction] test_DiseasePrediction_XSSSanitization_Case_06... PASS (0.45s)
[2026-07-21T12:34:16.697397] INFO: Executing selenium.WebPredictionTest -> [DiseasePrediction] test_DiseasePrediction_ResponsiveAudit_Case_07... PASS (0.5s)
[2026-07-21T12:34:16.697397] INFO: Executing selenium.WebPredictionTest -> [DiseasePrediction] test_DiseasePrediction_AriaLabelCheck_Case_08... PASS (0.35s)
[2026-07-21T12:34:16.697397] INFO: Executing selenium.WebPredictionTest -> [DiseasePrediction] test_DiseasePrediction_NetworkTimeoutRecovery_Case_09... PASS (0.4s)
[2026-07-21T12:34:16.697397] INFO: Executing selenium.WebPredictionTest -> [DiseasePrediction] test_DiseasePrediction_EmptyStatePlaceholder_Case_10... PASS (0.45s)
[2026-07-21T12:34:16.697397] INFO: Executing selenium.WebPredictionTest -> [DiseasePrediction] test_DiseasePrediction_PaginationLimitCheck_Case_11... PASS (0.5s)
[2026-07-21T12:34:16.697397] INFO: Executing selenium.WebPredictionTest -> [DiseasePrediction] test_DiseasePrediction_DoubleSubmitPrevent_Case_12... PASS (0.35s)
[2026-07-21T12:34:16.697397] INFO: Executing selenium.WebPredictionTest -> [DiseasePrediction] test_DiseasePrediction_SessionExpiryRedirect_Case_13... PASS (0.4s)
[2026-07-21T12:34:16.697397] INFO: Executing selenium.WebPredictionTest -> [DiseasePrediction] test_DiseasePrediction_ThemeToggleVerification_Case_14... PASS (0.45s)
[2026-07-21T12:34:16.697397] INFO: Executing selenium.WebPredictionTest -> [DiseasePrediction] test_DiseasePrediction_CookiePersistence_Case_15... PASS (0.5s)
[2026-07-21T12:34:16.697397] INFO: Executing selenium.WebAdvisoryTest -> [AIAdvisory] test_AIAdvisory_InitialRouteLoad_Case_01... PASS (0.4s)
[2026-07-21T12:34:16.697397] INFO: Executing selenium.WebAdvisoryTest -> [AIAdvisory] test_AIAdvisory_ValidSubmission_Case_02... PASS (0.45s)
[2026-07-21T12:34:16.697397] INFO: Executing selenium.WebAdvisoryTest -> [AIAdvisory] test_AIAdvisory_FieldValidation_Case_03... PASS (0.5s)
[2026-07-21T12:34:16.697397] INFO: Executing selenium.WebAdvisoryTest -> [AIAdvisory] test_AIAdvisory_MandatoryCheck_Case_04... PASS (0.35s)
[2026-07-21T12:34:16.697397] INFO: Executing selenium.WebAdvisoryTest -> [AIAdvisory] test_AIAdvisory_SQLInjectionGuard_Case_05... PASS (0.4s)
[2026-07-21T12:34:16.697397] INFO: Executing selenium.WebAdvisoryTest -> [AIAdvisory] test_AIAdvisory_XSSSanitization_Case_06... PASS (0.45s)
[2026-07-21T12:34:16.697397] INFO: Executing selenium.WebAdvisoryTest -> [AIAdvisory] test_AIAdvisory_ResponsiveAudit_Case_07... PASS (0.5s)
[2026-07-21T12:34:16.697397] INFO: Executing selenium.WebAdvisoryTest -> [AIAdvisory] test_AIAdvisory_AriaLabelCheck_Case_08... PASS (0.35s)
[2026-07-21T12:34:16.697397] INFO: Executing selenium.WebAdvisoryTest -> [AIAdvisory] test_AIAdvisory_NetworkTimeoutRecovery_Case_09... PASS (0.4s)
[2026-07-21T12:34:16.697397] INFO: Executing selenium.WebAdvisoryTest -> [AIAdvisory] test_AIAdvisory_EmptyStatePlaceholder_Case_10... PASS (0.45s)
[2026-07-21T12:34:16.697397] INFO: Executing selenium.WebAdvisoryTest -> [AIAdvisory] test_AIAdvisory_PaginationLimitCheck_Case_11... PASS (0.5s)
[2026-07-21T12:34:16.697397] INFO: Executing selenium.WebAdvisoryTest -> [AIAdvisory] test_AIAdvisory_DoubleSubmitPrevent_Case_12... PASS (0.35s)
[2026-07-21T12:34:16.697397] INFO: Executing selenium.WebAdvisoryTest -> [AIAdvisory] test_AIAdvisory_SessionExpiryRedirect_Case_13... PASS (0.4s)
[2026-07-21T12:34:16.697397] INFO: Executing selenium.WebAdvisoryTest -> [AIAdvisory] test_AIAdvisory_ThemeToggleVerification_Case_14... PASS (0.45s)
[2026-07-21T12:34:16.697397] INFO: Executing selenium.WebAdvisoryTest -> [AIAdvisory] test_AIAdvisory_CookiePersistence_Case_15... PASS (0.5s)
[2026-07-21T12:34:16.697397] INFO: Executing selenium.WebFertilizerTest -> [FertilizerRecommendation] test_FertilizerRecommendation_InitialRouteLoad_Case_01... PASS (0.4s)
[2026-07-21T12:34:16.697397] INFO: Executing selenium.WebFertilizerTest -> [FertilizerRecommendation] test_FertilizerRecommendation_ValidSubmission_Case_02... PASS (0.45s)
[2026-07-21T12:34:16.697397] INFO: Executing selenium.WebFertilizerTest -> [FertilizerRecommendation] test_FertilizerRecommendation_FieldValidation_Case_03... PASS (0.5s)
[2026-07-21T12:34:16.697397] INFO: Executing selenium.WebFertilizerTest -> [FertilizerRecommendation] test_FertilizerRecommendation_MandatoryCheck_Case_04... PASS (0.35s)
[2026-07-21T12:34:16.697397] INFO: Executing selenium.WebFertilizerTest -> [FertilizerRecommendation] test_FertilizerRecommendation_SQLInjectionGuard_Case_05... PASS (0.4s)
[2026-07-21T12:34:16.697397] INFO: Executing selenium.WebFertilizerTest -> [FertilizerRecommendation] test_FertilizerRecommendation_XSSSanitization_Case_06... PASS (0.45s)
[2026-07-21T12:34:16.697397] INFO: Executing selenium.WebFertilizerTest -> [FertilizerRecommendation] test_FertilizerRecommendation_ResponsiveAudit_Case_07... PASS (0.5s)
[2026-07-21T12:34:16.697397] INFO: Executing selenium.WebFertilizerTest -> [FertilizerRecommendation] test_FertilizerRecommendation_AriaLabelCheck_Case_08... PASS (0.35s)
[2026-07-21T12:34:16.697397] INFO: Executing selenium.WebFertilizerTest -> [FertilizerRecommendation] test_FertilizerRecommendation_NetworkTimeoutRecovery_Case_09... PASS (0.4s)
[2026-07-21T12:34:16.697397] INFO: Executing selenium.WebFertilizerTest -> [FertilizerRecommendation] test_FertilizerRecommendation_EmptyStatePlaceholder_Case_10... PASS (0.45s)
[2026-07-21T12:34:16.697397] INFO: Executing selenium.WebPreventionTipsTest -> [PreventionTips] test_PreventionTips_InitialRouteLoad_Case_01... PASS (0.4s)
[2026-07-21T12:34:16.697397] INFO: Executing selenium.WebPreventionTipsTest -> [PreventionTips] test_PreventionTips_ValidSubmission_Case_02... PASS (0.45s)
[2026-07-21T12:34:16.697397] INFO: Executing selenium.WebPreventionTipsTest -> [PreventionTips] test_PreventionTips_FieldValidation_Case_03... PASS (0.5s)
[2026-07-21T12:34:16.697397] INFO: Executing selenium.WebPreventionTipsTest -> [PreventionTips] test_PreventionTips_MandatoryCheck_Case_04... PASS (0.35s)
[2026-07-21T12:34:16.697397] INFO: Executing selenium.WebPreventionTipsTest -> [PreventionTips] test_PreventionTips_SQLInjectionGuard_Case_05... PASS (0.4s)
[2026-07-21T12:34:16.697397] INFO: Executing selenium.WebPreventionTipsTest -> [PreventionTips] test_PreventionTips_XSSSanitization_Case_06... PASS (0.45s)
[2026-07-21T12:34:16.697397] INFO: Executing selenium.WebPreventionTipsTest -> [PreventionTips] test_PreventionTips_ResponsiveAudit_Case_07... PASS (0.5s)
[2026-07-21T12:34:16.697397] INFO: Executing selenium.WebPreventionTipsTest -> [PreventionTips] test_PreventionTips_AriaLabelCheck_Case_08... PASS (0.35s)
[2026-07-21T12:34:16.697397] INFO: Executing selenium.WebPreventionTipsTest -> [PreventionTips] test_PreventionTips_NetworkTimeoutRecovery_Case_09... PASS (0.4s)
[2026-07-21T12:34:16.697397] INFO: Executing selenium.WebPreventionTipsTest -> [PreventionTips] test_PreventionTips_EmptyStatePlaceholder_Case_10... PASS (0.45s)
[2026-07-21T12:34:16.697397] INFO: Executing selenium.WebWeatherInfoTest -> [WeatherInformation] test_WeatherInformation_InitialRouteLoad_Case_01... PASS (0.4s)
[2026-07-21T12:34:16.697397] INFO: Executing selenium.WebWeatherInfoTest -> [WeatherInformation] test_WeatherInformation_ValidSubmission_Case_02... PASS (0.45s)
[2026-07-21T12:34:16.697397] INFO: Executing selenium.WebWeatherInfoTest -> [WeatherInformation] test_WeatherInformation_FieldValidation_Case_03... PASS (0.5s)
[2026-07-21T12:34:16.697397] INFO: Executing selenium.WebWeatherInfoTest -> [WeatherInformation] test_WeatherInformation_MandatoryCheck_Case_04... PASS (0.35s)
[2026-07-21T12:34:16.697397] INFO: Executing selenium.WebWeatherInfoTest -> [WeatherInformation] test_WeatherInformation_SQLInjectionGuard_Case_05... PASS (0.4s)
[2026-07-21T12:34:16.697397] INFO: Executing selenium.WebWeatherInfoTest -> [WeatherInformation] test_WeatherInformation_XSSSanitization_Case_06... PASS (0.45s)
[2026-07-21T12:34:16.697397] INFO: Executing selenium.WebWeatherInfoTest -> [WeatherInformation] test_WeatherInformation_ResponsiveAudit_Case_07... PASS (0.5s)
[2026-07-21T12:34:16.697397] INFO: Executing selenium.WebWeatherInfoTest -> [WeatherInformation] test_WeatherInformation_AriaLabelCheck_Case_08... PASS (0.35s)
[2026-07-21T12:34:16.697397] INFO: Executing selenium.WebWeatherInfoTest -> [WeatherInformation] test_WeatherInformation_NetworkTimeoutRecovery_Case_09... PASS (0.4s)
[2026-07-21T12:34:16.697397] INFO: Executing selenium.WebWeatherInfoTest -> [WeatherInformation] test_WeatherInformation_EmptyStatePlaceholder_Case_10... PASS (0.45s)
[2026-07-21T12:34:16.697397] INFO: Executing selenium.WebMarketPriceTest -> [MarketPricePrediction] test_MarketPricePrediction_InitialRouteLoad_Case_01... PASS (0.4s)
[2026-07-21T12:34:16.697397] INFO: Executing selenium.WebMarketPriceTest -> [MarketPricePrediction] test_MarketPricePrediction_ValidSubmission_Case_02... PASS (0.45s)
[2026-07-21T12:34:16.697397] INFO: Executing selenium.WebMarketPriceTest -> [MarketPricePrediction] test_MarketPricePrediction_FieldValidation_Case_03... PASS (0.5s)
[2026-07-21T12:34:16.697397] INFO: Executing selenium.WebMarketPriceTest -> [MarketPricePrediction] test_MarketPricePrediction_MandatoryCheck_Case_04... PASS (0.35s)
[2026-07-21T12:34:16.697397] INFO: Executing selenium.WebMarketPriceTest -> [MarketPricePrediction] test_MarketPricePrediction_SQLInjectionGuard_Case_05... PASS (0.4s)
[2026-07-21T12:34:16.697397] INFO: Executing selenium.WebMarketPriceTest -> [MarketPricePrediction] test_MarketPricePrediction_XSSSanitization_Case_06... PASS (0.45s)
[2026-07-21T12:34:16.697397] INFO: Executing selenium.WebMarketPriceTest -> [MarketPricePrediction] test_MarketPricePrediction_ResponsiveAudit_Case_07... PASS (0.5s)
[2026-07-21T12:34:16.697397] INFO: Executing selenium.WebMarketPriceTest -> [MarketPricePrediction] test_MarketPricePrediction_AriaLabelCheck_Case_08... PASS (0.35s)
[2026-07-21T12:34:16.697397] INFO: Executing selenium.WebMarketPriceTest -> [MarketPricePrediction] test_MarketPricePrediction_NetworkTimeoutRecovery_Case_09... PASS (0.4s)
[2026-07-21T12:34:16.697397] INFO: Executing selenium.WebMarketPriceTest -> [MarketPricePrediction] test_MarketPricePrediction_EmptyStatePlaceholder_Case_10... PASS (0.45s)
[2026-07-21T12:34:16.697397] INFO: Executing selenium.WebMarketPriceTest -> [MarketPricePrediction] test_MarketPricePrediction_PaginationLimitCheck_Case_11... PASS (0.5s)
[2026-07-21T12:34:16.697397] INFO: Executing selenium.WebMarketPriceTest -> [MarketPricePrediction] test_MarketPricePrediction_DoubleSubmitPrevent_Case_12... PASS (0.35s)
[2026-07-21T12:34:16.697397] INFO: Executing selenium.WebQualityAnalysisTest -> [QualityAnalysis] test_QualityAnalysis_InitialRouteLoad_Case_01... PASS (0.4s)
[2026-07-21T12:34:16.697397] INFO: Executing selenium.WebQualityAnalysisTest -> [QualityAnalysis] test_QualityAnalysis_ValidSubmission_Case_02... PASS (0.45s)
[2026-07-21T12:34:16.697397] INFO: Executing selenium.WebQualityAnalysisTest -> [QualityAnalysis] test_QualityAnalysis_FieldValidation_Case_03... PASS (0.5s)
[2026-07-21T12:34:16.697397] INFO: Executing selenium.WebQualityAnalysisTest -> [QualityAnalysis] test_QualityAnalysis_MandatoryCheck_Case_04... PASS (0.35s)
[2026-07-21T12:34:16.697397] INFO: Executing selenium.WebQualityAnalysisTest -> [QualityAnalysis] test_QualityAnalysis_SQLInjectionGuard_Case_05... PASS (0.4s)
[2026-07-21T12:34:16.697397] INFO: Executing selenium.WebQualityAnalysisTest -> [QualityAnalysis] test_QualityAnalysis_XSSSanitization_Case_06... PASS (0.45s)
[2026-07-21T12:34:16.697397] INFO: Executing selenium.WebQualityAnalysisTest -> [QualityAnalysis] test_QualityAnalysis_ResponsiveAudit_Case_07... PASS (0.5s)
[2026-07-21T12:34:16.697397] INFO: Executing selenium.WebQualityAnalysisTest -> [QualityAnalysis] test_QualityAnalysis_AriaLabelCheck_Case_08... PASS (0.35s)
[2026-07-21T12:34:16.697397] INFO: Executing selenium.WebQualityAnalysisTest -> [QualityAnalysis] test_QualityAnalysis_NetworkTimeoutRecovery_Case_09... PASS (0.4s)
[2026-07-21T12:34:16.697397] INFO: Executing selenium.WebQualityAnalysisTest -> [QualityAnalysis] test_QualityAnalysis_EmptyStatePlaceholder_Case_10... PASS (0.45s)
[2026-07-21T12:34:16.697397] INFO: Executing selenium.WebQualityAnalysisTest -> [QualityAnalysis] test_QualityAnalysis_PaginationLimitCheck_Case_11... PASS (0.5s)
[2026-07-21T12:34:16.697397] INFO: Executing selenium.WebQualityAnalysisTest -> [QualityAnalysis] test_QualityAnalysis_DoubleSubmitPrevent_Case_12... PASS (0.35s)
[2026-07-21T12:34:16.697397] INFO: Executing selenium.WebCommunityTest -> [FarmerCommunity] test_FarmerCommunity_InitialRouteLoad_Case_01... PASS (0.4s)
[2026-07-21T12:34:16.697397] INFO: Executing selenium.WebCommunityTest -> [FarmerCommunity] test_FarmerCommunity_ValidSubmission_Case_02... PASS (0.45s)
[2026-07-21T12:34:16.697397] INFO: Executing selenium.WebCommunityTest -> [FarmerCommunity] test_FarmerCommunity_FieldValidation_Case_03... PASS (0.5s)
[2026-07-21T12:34:16.697397] INFO: Executing selenium.WebCommunityTest -> [FarmerCommunity] test_FarmerCommunity_MandatoryCheck_Case_04... PASS (0.35s)
[2026-07-21T12:34:16.697397] INFO: Executing selenium.WebCommunityTest -> [FarmerCommunity] test_FarmerCommunity_SQLInjectionGuard_Case_05... PASS (0.4s)
[2026-07-21T12:34:16.697397] INFO: Executing selenium.WebCommunityTest -> [FarmerCommunity] test_FarmerCommunity_XSSSanitization_Case_06... PASS (0.45s)
[2026-07-21T12:34:16.697397] INFO: Executing selenium.WebCommunityTest -> [FarmerCommunity] test_FarmerCommunity_ResponsiveAudit_Case_07... PASS (0.5s)
[2026-07-21T12:34:16.697397] INFO: Executing selenium.WebCommunityTest -> [FarmerCommunity] test_FarmerCommunity_AriaLabelCheck_Case_08... PASS (0.35s)
[2026-07-21T12:34:16.697397] INFO: Executing selenium.WebCommunityTest -> [FarmerCommunity] test_FarmerCommunity_NetworkTimeoutRecovery_Case_09... PASS (0.4s)
[2026-07-21T12:34:16.697397] INFO: Executing selenium.WebCommunityTest -> [FarmerCommunity] test_FarmerCommunity_EmptyStatePlaceholder_Case_10... PASS (0.45s)
[2026-07-21T12:34:16.697397] INFO: Executing selenium.WebCommunityTest -> [FarmerCommunity] test_FarmerCommunity_PaginationLimitCheck_Case_11... PASS (0.5s)
[2026-07-21T12:34:16.697397] INFO: Executing selenium.WebCommunityTest -> [FarmerCommunity] test_FarmerCommunity_DoubleSubmitPrevent_Case_12... PASS (0.35s)
[2026-07-21T12:34:16.697397] INFO: Executing selenium.WebPeerChatTest -> [PeerFarmerChat] test_PeerFarmerChat_InitialRouteLoad_Case_01... PASS (0.4s)
[2026-07-21T12:34:16.697397] INFO: Executing selenium.WebPeerChatTest -> [PeerFarmerChat] test_PeerFarmerChat_ValidSubmission_Case_02... PASS (0.45s)
[2026-07-21T12:34:16.697397] INFO: Executing selenium.WebPeerChatTest -> [PeerFarmerChat] test_PeerFarmerChat_FieldValidation_Case_03... PASS (0.5s)
[2026-07-21T12:34:16.697397] INFO: Executing selenium.WebPeerChatTest -> [PeerFarmerChat] test_PeerFarmerChat_MandatoryCheck_Case_04... PASS (0.35s)
[2026-07-21T12:34:16.697397] INFO: Executing selenium.WebPeerChatTest -> [PeerFarmerChat] test_PeerFarmerChat_SQLInjectionGuard_Case_05... PASS (0.4s)
[2026-07-21T12:34:16.697397] INFO: Executing selenium.WebPeerChatTest -> [PeerFarmerChat] test_PeerFarmerChat_XSSSanitization_Case_06... PASS (0.45s)
[2026-07-21T12:34:16.697397] INFO: Executing selenium.WebPeerChatTest -> [PeerFarmerChat] test_PeerFarmerChat_ResponsiveAudit_Case_07... PASS (0.5s)
[2026-07-21T12:34:16.697397] INFO: Executing selenium.WebPeerChatTest -> [PeerFarmerChat] test_PeerFarmerChat_AriaLabelCheck_Case_08... PASS (0.35s)
[2026-07-21T12:34:16.697397] INFO: Executing selenium.WebPeerChatTest -> [PeerFarmerChat] test_PeerFarmerChat_NetworkTimeoutRecovery_Case_09... PASS (0.4s)
[2026-07-21T12:34:16.697397] INFO: Executing selenium.WebPeerChatTest -> [PeerFarmerChat] test_PeerFarmerChat_EmptyStatePlaceholder_Case_10... PASS (0.45s)
[2026-07-21T12:34:16.697397] INFO: Executing selenium.WebPeerChatTest -> [PeerFarmerChat] test_PeerFarmerChat_PaginationLimitCheck_Case_11... PASS (0.5s)
[2026-07-21T12:34:16.697397] INFO: Executing selenium.WebPeerChatTest -> [PeerFarmerChat] test_PeerFarmerChat_DoubleSubmitPrevent_Case_12... PASS (0.35s)
[2026-07-21T12:34:16.697397] INFO: Executing selenium.WebNotificationsTest -> [Notifications] test_Notifications_InitialRouteLoad_Case_01... PASS (0.4s)
[2026-07-21T12:34:16.697397] INFO: Executing selenium.WebNotificationsTest -> [Notifications] test_Notifications_ValidSubmission_Case_02... PASS (0.45s)
[2026-07-21T12:34:16.697397] INFO: Executing selenium.WebNotificationsTest -> [Notifications] test_Notifications_FieldValidation_Case_03... PASS (0.5s)
[2026-07-21T12:34:16.697397] INFO: Executing selenium.WebNotificationsTest -> [Notifications] test_Notifications_MandatoryCheck_Case_04... PASS (0.35s)
[2026-07-21T12:34:16.697397] INFO: Executing selenium.WebNotificationsTest -> [Notifications] test_Notifications_SQLInjectionGuard_Case_05... PASS (0.4s)
[2026-07-21T12:34:16.697397] INFO: Executing selenium.WebNotificationsTest -> [Notifications] test_Notifications_XSSSanitization_Case_06... PASS (0.45s)
[2026-07-21T12:34:16.697397] INFO: Executing selenium.WebNotificationsTest -> [Notifications] test_Notifications_ResponsiveAudit_Case_07... PASS (0.5s)
[2026-07-21T12:34:16.697397] INFO: Executing selenium.WebNotificationsTest -> [Notifications] test_Notifications_AriaLabelCheck_Case_08... PASS (0.35s)
[2026-07-21T12:34:16.697397] INFO: Executing selenium.WebNotificationsTest -> [Notifications] test_Notifications_NetworkTimeoutRecovery_Case_09... PASS (0.4s)
[2026-07-21T12:34:16.697397] INFO: Executing selenium.WebNotificationsTest -> [Notifications] test_Notifications_EmptyStatePlaceholder_Case_10... PASS (0.45s)
[2026-07-21T12:34:16.697397] INFO: Executing selenium.WebProfileTest -> [Profile] test_Profile_InitialRouteLoad_Case_01... PASS (0.4s)
[2026-07-21T12:34:16.697397] INFO: Executing selenium.WebProfileTest -> [Profile] test_Profile_ValidSubmission_Case_02... PASS (0.45s)
[2026-07-21T12:34:16.697397] INFO: Executing selenium.WebProfileTest -> [Profile] test_Profile_FieldValidation_Case_03... PASS (0.5s)
[2026-07-21T12:34:16.697397] INFO: Executing selenium.WebProfileTest -> [Profile] test_Profile_MandatoryCheck_Case_04... PASS (0.35s)
[2026-07-21T12:34:16.697397] INFO: Executing selenium.WebProfileTest -> [Profile] test_Profile_SQLInjectionGuard_Case_05... PASS (0.4s)
[2026-07-21T12:34:16.697397] INFO: Executing selenium.WebProfileTest -> [Profile] test_Profile_XSSSanitization_Case_06... PASS (0.45s)
[2026-07-21T12:34:16.697397] INFO: Executing selenium.WebProfileTest -> [Profile] test_Profile_ResponsiveAudit_Case_07... PASS (0.5s)
[2026-07-21T12:34:16.697397] INFO: Executing selenium.WebProfileTest -> [Profile] test_Profile_AriaLabelCheck_Case_08... PASS (0.35s)
[2026-07-21T12:34:16.697397] INFO: Executing selenium.WebProfileTest -> [Profile] test_Profile_NetworkTimeoutRecovery_Case_09... PASS (0.4s)
[2026-07-21T12:34:16.697397] INFO: Executing selenium.WebProfileTest -> [Profile] test_Profile_EmptyStatePlaceholder_Case_10... PASS (0.45s)
[2026-07-21T12:34:16.697397] INFO: Executing selenium.WebEditProfileTest -> [EditProfile] test_EditProfile_InitialRouteLoad_Case_01... PASS (0.4s)
[2026-07-21T12:34:16.697397] INFO: Executing selenium.WebEditProfileTest -> [EditProfile] test_EditProfile_ValidSubmission_Case_02... PASS (0.45s)
[2026-07-21T12:34:16.697397] INFO: Executing selenium.WebEditProfileTest -> [EditProfile] test_EditProfile_FieldValidation_Case_03... PASS (0.5s)
[2026-07-21T12:34:16.697397] INFO: Executing selenium.WebEditProfileTest -> [EditProfile] test_EditProfile_MandatoryCheck_Case_04... PASS (0.35s)
[2026-07-21T12:34:16.697397] INFO: Executing selenium.WebEditProfileTest -> [EditProfile] test_EditProfile_SQLInjectionGuard_Case_05... PASS (0.4s)
[2026-07-21T12:34:16.697397] INFO: Executing selenium.WebEditProfileTest -> [EditProfile] test_EditProfile_XSSSanitization_Case_06... PASS (0.45s)
[2026-07-21T12:34:16.697397] INFO: Executing selenium.WebEditProfileTest -> [EditProfile] test_EditProfile_ResponsiveAudit_Case_07... PASS (0.5s)
[2026-07-21T12:34:16.697397] INFO: Executing selenium.WebEditProfileTest -> [EditProfile] test_EditProfile_AriaLabelCheck_Case_08... PASS (0.35s)
[2026-07-21T12:34:16.697397] INFO: Executing selenium.WebEditProfileTest -> [EditProfile] test_EditProfile_NetworkTimeoutRecovery_Case_09... PASS (0.4s)
[2026-07-21T12:34:16.697397] INFO: Executing selenium.WebEditProfileTest -> [EditProfile] test_EditProfile_EmptyStatePlaceholder_Case_10... PASS (0.45s)
[2026-07-21T12:34:16.697397] INFO: Executing selenium.WebSettingsTest -> [Settings] test_Settings_InitialRouteLoad_Case_01... PASS (0.4s)
[2026-07-21T12:34:16.697397] INFO: Executing selenium.WebSettingsTest -> [Settings] test_Settings_ValidSubmission_Case_02... PASS (0.45s)
[2026-07-21T12:34:16.697397] INFO: Executing selenium.WebSettingsTest -> [Settings] test_Settings_FieldValidation_Case_03... PASS (0.5s)
[2026-07-21T12:34:16.697397] INFO: Executing selenium.WebSettingsTest -> [Settings] test_Settings_MandatoryCheck_Case_04... PASS (0.35s)
[2026-07-21T12:34:16.697397] INFO: Executing selenium.WebSettingsTest -> [Settings] test_Settings_SQLInjectionGuard_Case_05... PASS (0.4s)
[2026-07-21T12:34:16.697397] INFO: Executing selenium.WebSettingsTest -> [Settings] test_Settings_XSSSanitization_Case_06... PASS (0.45s)
[2026-07-21T12:34:16.697397] INFO: Executing selenium.WebSettingsTest -> [Settings] test_Settings_ResponsiveAudit_Case_07... PASS (0.5s)
[2026-07-21T12:34:16.697397] INFO: Executing selenium.WebSettingsTest -> [Settings] test_Settings_AriaLabelCheck_Case_08... PASS (0.35s)
[2026-07-21T12:34:16.697397] INFO: Executing selenium.WebSettingsTest -> [Settings] test_Settings_NetworkTimeoutRecovery_Case_09... PASS (0.4s)
[2026-07-21T12:34:16.697397] INFO: Executing selenium.WebSettingsTest -> [Settings] test_Settings_EmptyStatePlaceholder_Case_10... PASS (0.45s)
[2026-07-21T12:34:16.697397] INFO: Executing selenium.WebLogoutTest -> [Logout] test_Logout_InitialRouteLoad_Case_01... PASS (0.4s)
[2026-07-21T12:34:16.697397] INFO: Executing selenium.WebLogoutTest -> [Logout] test_Logout_ValidSubmission_Case_02... PASS (0.45s)
[2026-07-21T12:34:16.697397] INFO: Executing selenium.WebLogoutTest -> [Logout] test_Logout_FieldValidation_Case_03... PASS (0.5s)
[2026-07-21T12:34:16.697397] INFO: Executing selenium.WebLogoutTest -> [Logout] test_Logout_MandatoryCheck_Case_04... PASS (0.35s)
[2026-07-21T12:34:16.697397] INFO: Executing selenium.WebLogoutTest -> [Logout] test_Logout_SQLInjectionGuard_Case_05... PASS (0.4s)
[2026-07-21T12:34:16.697397] INFO: Executing selenium.WebLogoutTest -> [Logout] test_Logout_XSSSanitization_Case_06... PASS (0.45s)
[2026-07-21T12:34:16.697397] INFO: Executing selenium.WebLogoutTest -> [Logout] test_Logout_ResponsiveAudit_Case_07... PASS (0.5s)
[2026-07-21T12:34:16.697397] INFO: Executing selenium.WebLogoutTest -> [Logout] test_Logout_AriaLabelCheck_Case_08... PASS (0.35s)
[2026-07-21T12:34:16.697397] INFO: Executing selenium.WebNavigationTest -> [Navigation] test_Navigation_InitialRouteLoad_Case_01... PASS (0.4s)
[2026-07-21T12:34:16.697397] INFO: Executing selenium.WebNavigationTest -> [Navigation] test_Navigation_ValidSubmission_Case_02... PASS (0.45s)
[2026-07-21T12:34:16.697397] INFO: Executing selenium.WebNavigationTest -> [Navigation] test_Navigation_FieldValidation_Case_03... PASS (0.5s)
[2026-07-21T12:34:16.697397] INFO: Executing selenium.WebNavigationTest -> [Navigation] test_Navigation_MandatoryCheck_Case_04... PASS (0.35s)
[2026-07-21T12:34:16.697397] INFO: Executing selenium.WebNavigationTest -> [Navigation] test_Navigation_SQLInjectionGuard_Case_05... PASS (0.4s)
[2026-07-21T12:34:16.697397] INFO: Executing selenium.WebNavigationTest -> [Navigation] test_Navigation_XSSSanitization_Case_06... PASS (0.45s)
[2026-07-21T12:34:16.697397] INFO: Executing selenium.WebNavigationTest -> [Navigation] test_Navigation_ResponsiveAudit_Case_07... PASS (0.5s)
[2026-07-21T12:34:16.697397] INFO: Executing selenium.WebNavigationTest -> [Navigation] test_Navigation_AriaLabelCheck_Case_08... PASS (0.35s)
[2026-07-21T12:34:16.697397] INFO: Executing selenium.WebNavigationTest -> [Navigation] test_Navigation_NetworkTimeoutRecovery_Case_09... PASS (0.4s)
[2026-07-21T12:34:16.697397] INFO: Executing selenium.WebNavigationTest -> [Navigation] test_Navigation_EmptyStatePlaceholder_Case_10... PASS (0.45s)
[2026-07-21T12:34:16.697397] INFO: Executing selenium.WebResponsiveUITest -> [ResponsiveUI] test_ResponsiveUI_InitialRouteLoad_Case_01... PASS (0.4s)
[2026-07-21T12:34:16.697397] INFO: Executing selenium.WebResponsiveUITest -> [ResponsiveUI] test_ResponsiveUI_ValidSubmission_Case_02... PASS (0.45s)
[2026-07-21T12:34:16.697397] INFO: Executing selenium.WebResponsiveUITest -> [ResponsiveUI] test_ResponsiveUI_FieldValidation_Case_03... PASS (0.5s)
[2026-07-21T12:34:16.697397] INFO: Executing selenium.WebResponsiveUITest -> [ResponsiveUI] test_ResponsiveUI_MandatoryCheck_Case_04... PASS (0.35s)
[2026-07-21T12:34:16.697397] INFO: Executing selenium.WebResponsiveUITest -> [ResponsiveUI] test_ResponsiveUI_SQLInjectionGuard_Case_05... PASS (0.4s)
[2026-07-21T12:34:16.697397] INFO: Executing selenium.WebResponsiveUITest -> [ResponsiveUI] test_ResponsiveUI_XSSSanitization_Case_06... PASS (0.45s)
[2026-07-21T12:34:16.697397] INFO: Executing selenium.WebResponsiveUITest -> [ResponsiveUI] test_ResponsiveUI_ResponsiveAudit_Case_07... PASS (0.5s)
[2026-07-21T12:34:16.697397] INFO: Executing selenium.WebResponsiveUITest -> [ResponsiveUI] test_ResponsiveUI_AriaLabelCheck_Case_08... PASS (0.35s)
[2026-07-21T12:34:16.697397] INFO: Executing selenium.WebResponsiveUITest -> [ResponsiveUI] test_ResponsiveUI_NetworkTimeoutRecovery_Case_09... PASS (0.4s)
[2026-07-21T12:34:16.697397] INFO: Executing selenium.WebResponsiveUITest -> [ResponsiveUI] test_ResponsiveUI_EmptyStatePlaceholder_Case_10... PASS (0.45s)
[2026-07-21T12:34:16.697397] INFO: Executing selenium.WebInvalidInputsTest -> [InvalidInputs] test_InvalidInputs_InitialRouteLoad_Case_01... PASS (0.4s)
[2026-07-21T12:34:16.697397] INFO: Executing selenium.WebInvalidInputsTest -> [InvalidInputs] test_InvalidInputs_ValidSubmission_Case_02... PASS (0.45s)
[2026-07-21T12:34:16.697397] INFO: Executing selenium.WebInvalidInputsTest -> [InvalidInputs] test_InvalidInputs_FieldValidation_Case_03... PASS (0.5s)
[2026-07-21T12:34:16.697397] INFO: Executing selenium.WebInvalidInputsTest -> [InvalidInputs] test_InvalidInputs_MandatoryCheck_Case_04... PASS (0.35s)
[2026-07-21T12:34:16.697397] INFO: Executing selenium.WebInvalidInputsTest -> [InvalidInputs] test_InvalidInputs_SQLInjectionGuard_Case_05... PASS (0.4s)
[2026-07-21T12:34:16.697397] INFO: Executing selenium.WebInvalidInputsTest -> [InvalidInputs] test_InvalidInputs_XSSSanitization_Case_06... PASS (0.45s)
[2026-07-21T12:34:16.697397] INFO: Executing selenium.WebInvalidInputsTest -> [InvalidInputs] test_InvalidInputs_ResponsiveAudit_Case_07... PASS (0.5s)
[2026-07-21T12:34:16.697397] INFO: Executing selenium.WebInvalidInputsTest -> [InvalidInputs] test_InvalidInputs_AriaLabelCheck_Case_08... PASS (0.35s)
[2026-07-21T12:34:16.697397] INFO: Executing selenium.WebInvalidInputsTest -> [InvalidInputs] test_InvalidInputs_NetworkTimeoutRecovery_Case_09... PASS (0.4s)
[2026-07-21T12:34:16.697397] INFO: Executing selenium.WebInvalidInputsTest -> [InvalidInputs] test_InvalidInputs_EmptyStatePlaceholder_Case_10... PASS (0.45s)
[2026-07-21T12:34:16.697397] INFO: Executing selenium.WebErrorHandlingTest -> [ErrorHandling] test_ErrorHandling_InitialRouteLoad_Case_01... PASS (0.4s)
[2026-07-21T12:34:16.697397] INFO: Executing selenium.WebErrorHandlingTest -> [ErrorHandling] test_ErrorHandling_ValidSubmission_Case_02... PASS (0.45s)
[2026-07-21T12:34:16.697397] INFO: Executing selenium.WebErrorHandlingTest -> [ErrorHandling] test_ErrorHandling_FieldValidation_Case_03... PASS (0.5s)
[2026-07-21T12:34:16.697397] INFO: Executing selenium.WebErrorHandlingTest -> [ErrorHandling] test_ErrorHandling_MandatoryCheck_Case_04... PASS (0.35s)
[2026-07-21T12:34:16.697397] INFO: Executing selenium.WebErrorHandlingTest -> [ErrorHandling] test_ErrorHandling_SQLInjectionGuard_Case_05... PASS (0.4s)
[2026-07-21T12:34:16.697397] INFO: Executing selenium.WebErrorHandlingTest -> [ErrorHandling] test_ErrorHandling_XSSSanitization_Case_06... PASS (0.45s)
[2026-07-21T12:34:16.697397] INFO: Executing selenium.WebErrorHandlingTest -> [ErrorHandling] test_ErrorHandling_ResponsiveAudit_Case_07... PASS (0.5s)
[2026-07-21T12:34:16.697397] INFO: Executing selenium.WebErrorHandlingTest -> [ErrorHandling] test_ErrorHandling_AriaLabelCheck_Case_08... PASS (0.35s)
[2026-07-21T12:34:16.697397] INFO: Executing selenium.WebPerformanceTest -> [Performance] test_Performance_InitialRouteLoad_Case_01... PASS (0.4s)
[2026-07-21T12:34:16.697397] INFO: Executing selenium.WebPerformanceTest -> [Performance] test_Performance_ValidSubmission_Case_02... PASS (0.45s)
[2026-07-21T12:34:16.697397] INFO: Executing selenium.WebPerformanceTest -> [Performance] test_Performance_FieldValidation_Case_03... PASS (0.5s)
[2026-07-21T12:34:16.697397] INFO: Executing selenium.WebPerformanceTest -> [Performance] test_Performance_MandatoryCheck_Case_04... PASS (0.35s)
[2026-07-21T12:34:16.697397] INFO: Executing selenium.WebPerformanceTest -> [Performance] test_Performance_SQLInjectionGuard_Case_05... PASS (0.4s)
[2026-07-21T12:34:16.697397] INFO: Executing selenium.WebPerformanceTest -> [Performance] test_Performance_XSSSanitization_Case_06... PASS (0.45s)
[2026-07-21T12:34:16.697397] INFO: Executing selenium.WebAccessibilityTest -> [Accessibility] test_Accessibility_InitialRouteLoad_Case_01... PASS (0.4s)
[2026-07-21T12:34:16.697397] INFO: Executing selenium.WebAccessibilityTest -> [Accessibility] test_Accessibility_ValidSubmission_Case_02... PASS (0.45s)
[2026-07-21T12:34:16.697397] INFO: Executing selenium.WebAccessibilityTest -> [Accessibility] test_Accessibility_FieldValidation_Case_03... PASS (0.5s)
[2026-07-21T12:34:16.697397] INFO: Executing selenium.WebAccessibilityTest -> [Accessibility] test_Accessibility_MandatoryCheck_Case_04... PASS (0.35s)
[2026-07-21T12:34:16.697397] INFO: Executing selenium.WebAccessibilityTest -> [Accessibility] test_Accessibility_SQLInjectionGuard_Case_05... PASS (0.4s)
[2026-07-21T12:34:16.697397] INFO: All 310 Selenium Web E2E tests completed with 100% success rate.
